FILES IN DATASET: 1 
LOADING SNAPSHOT BirdNET_Soundscape_Model.pkl ... DONE! 
BUILDING BirdNET MODEL... DONE! 
IMPORTING MODEL PARAMS... DONE! 
COMPILING THEANO TEST FUNCTION FUNCTION... INFO (theano.gof.compilelock): Waiting for existing lock by process '1762569' (I am process '2532754')
INFO (theano.gof.compilelock): To manually release the lock, delete /home/vl1019/.theano/compiledir_Linux-4.18-el8_4.x86_64-x86_64-with-redhat-8.4-Ootpa-x86_64-3.7.13-64/lock_dir
INFO (theano.gof.compilelock): Waiting for existing lock by process '2577653' (I am process '2532754')
INFO (theano.gof.compilelock): To manually release the lock, delete /home/vl1019/.theano/compiledir_Linux-4.18-el8_4.x86_64-x86_64-with-redhat-8.4-Ootpa-x86_64-3.7.13-64/lock_dir
DONE! 
LOADING eBIRD GRID DATA... DONE! 13800 GRID CELLS 
SID: 1 PROCESSING: 20220505_000100.WAV SPECIES: 93 DETECTIONS: 16 TIME: 649 
FILES IN DATASET: 1 
LOADING SNAPSHOT BirdNET_Soundscape_Model.pkl ... DONE! 
BUILDING BirdNET MODEL... DONE! 
IMPORTING MODEL PARAMS... DONE! 
COMPILING THEANO TEST FUNCTION FUNCTION... DONE! 
LOADING eBIRD GRID DATA... DONE! 13800 GRID CELLS 
SID: 1 PROCESSING: 20220505_020001.WAV SPECIES: 93 /opt/slurm/data/slurmd/job20200287/slurm_script: line 18: 2534121 Killed                  python analyze.py --i /scratch/vl1019/LARN_SONS_2022/AUDIOMOTH_ESPACES_BOISES/33/2022-05-05/20220505_020001.WAV --o /scratch/vl1019/LARN_SONS_2022/BirdNET/AUDIOMOTH_ESPACES_BOISES/33 --lat 47.34 --lon -2.20 --week 16 --min_conf 0.1
FILES IN DATASET: 1 
LOADING SNAPSHOT BirdNET_Soundscape_Model.pkl ... DONE! 
BUILDING BirdNET MODEL... DONE! 
IMPORTING MODEL PARAMS... DONE! 
COMPILING THEANO TEST FUNCTION FUNCTION... DONE! 
LOADING eBIRD GRID DATA... DONE! 13800 GRID CELLS 
SID: 1 PROCESSING: 20220506_000100.WAV SPECIES: 93 DETECTIONS: 9 TIME: 665 
FILES IN DATASET: 1 
LOADING SNAPSHOT BirdNET_Soundscape_Model.pkl ... DONE! 
BUILDING BirdNET MODEL... DONE! 
IMPORTING MODEL PARAMS... DONE! 
COMPILING THEANO TEST FUNCTION FUNCTION... DONE! 
LOADING eBIRD GRID DATA... DONE! 13800 GRID CELLS 
SID: 1 PROCESSING: 20220506_020001.WAV SPECIES: 93 /opt/slurm/data/slurmd/job20200287/slurm_script: line 20: 2535939 Killed                  python analyze.py --i /scratch/vl1019/LARN_SONS_2022/AUDIOMOTH_ESPACES_BOISES/33/2022-05-06/20220506_020001.WAV --o /scratch/vl1019/LARN_SONS_2022/BirdNET/AUDIOMOTH_ESPACES_BOISES/33 --lat 47.34 --lon -2.20 --week 16 --min_conf 0.1
FILES IN DATASET: 1 
LOADING SNAPSHOT BirdNET_Soundscape_Model.pkl ... DONE! 
BUILDING BirdNET MODEL... DONE! 
IMPORTING MODEL PARAMS... DONE! 
COMPILING THEANO TEST FUNCTION FUNCTION... DONE! 
LOADING eBIRD GRID DATA... DONE! 13800 GRID CELLS 
SID: 1 PROCESSING: 20220507_000100.WAV SPECIES: 93 DETECTIONS: 30 TIME: 666 
FILES IN DATASET: 1 
LOADING SNAPSHOT BirdNET_Soundscape_Model.pkl ... DONE! 
BUILDING BirdNET MODEL... DONE! 
IMPORTING MODEL PARAMS... DONE! 
COMPILING THEANO TEST FUNCTION FUNCTION... DONE! 
LOADING eBIRD GRID DATA... DONE! 13800 GRID CELLS 
SID: 1 PROCESSING: 20220507_020001.WAV SPECIES: 93 /opt/slurm/data/slurmd/job20200287/slurm_script: line 22: 2537753 Killed                  python analyze.py --i /scratch/vl1019/LARN_SONS_2022/AUDIOMOTH_ESPACES_BOISES/33/2022-05-07/20220507_020001.WAV --o /scratch/vl1019/LARN_SONS_2022/BirdNET/AUDIOMOTH_ESPACES_BOISES/33 --lat 47.34 --lon -2.20 --week 16 --min_conf 0.1
FILES IN DATASET: 1 
LOADING SNAPSHOT BirdNET_Soundscape_Model.pkl ... DONE! 
BUILDING BirdNET MODEL... DONE! 
IMPORTING MODEL PARAMS... DONE! 
COMPILING THEANO TEST FUNCTION FUNCTION... DONE! 
LOADING eBIRD GRID DATA... DONE! 13800 GRID CELLS 
SID: 1 PROCESSING: 20220508_000100.WAV SPECIES: 97 DETECTIONS: 57 TIME: 702 
FILES IN DATASET: 1 
LOADING SNAPSHOT BirdNET_Soundscape_Model.pkl ... DONE! 
BUILDING BirdNET MODEL... DONE! 
IMPORTING MODEL PARAMS... DONE! 
COMPILING THEANO TEST FUNCTION FUNCTION... DONE! 
LOADING eBIRD GRID DATA... DONE! 13800 GRID CELLS 
SID: 1 PROCESSING: 20220508_020001.WAV SPECIES: 97 /opt/slurm/data/slurmd/job20200287/slurm_script: line 24: 2539805 Killed                  python analyze.py --i /scratch/vl1019/LARN_SONS_2022/AUDIOMOTH_ESPACES_BOISES/33/2022-05-08/20220508_020001.WAV --o /scratch/vl1019/LARN_SONS_2022/BirdNET/AUDIOMOTH_ESPACES_BOISES/33 --lat 47.34 --lon -2.20 --week 17 --min_conf 0.1
FILES IN DATASET: 1 
LOADING SNAPSHOT BirdNET_Soundscape_Model.pkl ... DONE! 
BUILDING BirdNET MODEL... DONE! 
IMPORTING MODEL PARAMS... DONE! 
COMPILING THEANO TEST FUNCTION FUNCTION... DONE! 
LOADING eBIRD GRID DATA... DONE! 13800 GRID CELLS 
SID: 1 PROCESSING: 20220509_000100.WAV SPECIES: 97 DETECTIONS: 55 TIME: 699 
FILES IN DATASET: 1 
LOADING SNAPSHOT BirdNET_Soundscape_Model.pkl ... DONE! 
BUILDING BirdNET MODEL... DONE! 
IMPORTING MODEL PARAMS... DONE! 
COMPILING THEANO TEST FUNCTION FUNCTION... DONE! 
LOADING eBIRD GRID DATA... DONE! 13800 GRID CELLS 
SID: 1 PROCESSING: 20220509_020001.WAV SPECIES: 97 /opt/slurm/data/slurmd/job20200287/slurm_script: line 26: 2541601 Killed                  python analyze.py --i /scratch/vl1019/LARN_SONS_2022/AUDIOMOTH_ESPACES_BOISES/33/2022-05-09/20220509_020001.WAV --o /scratch/vl1019/LARN_SONS_2022/BirdNET/AUDIOMOTH_ESPACES_BOISES/33 --lat 47.34 --lon -2.20 --week 17 --min_conf 0.1
FILES IN DATASET: 1 
LOADING SNAPSHOT BirdNET_Soundscape_Model.pkl ... DONE! 
BUILDING BirdNET MODEL... DONE! 
IMPORTING MODEL PARAMS... DONE! 
COMPILING THEANO TEST FUNCTION FUNCTION... INFO (theano.gof.compilelock): Waiting for existing lock by process '800771' (I am process '2542235')
INFO (theano.gof.compilelock): To manually release the lock, delete /home/vl1019/.theano/compiledir_Linux-4.18-el8_4.x86_64-x86_64-with-redhat-8.4-Ootpa-x86_64-3.7.13-64/lock_dir
DONE! 
LOADING eBIRD GRID DATA... DONE! 13800 GRID CELLS 
SID: 1 PROCESSING: 20220510_000100.WAV SPECIES: 97 DETECTIONS: 16 TIME: 667 
FILES IN DATASET: 1 
LOADING SNAPSHOT BirdNET_Soundscape_Model.pkl ... DONE! 
BUILDING BirdNET MODEL... DONE! 
IMPORTING MODEL PARAMS... DONE! 
COMPILING THEANO TEST FUNCTION FUNCTION... DONE! 
LOADING eBIRD GRID DATA... DONE! 13800 GRID CELLS 
SID: 1 PROCESSING: 20220510_020001.WAV SPECIES: 97 /opt/slurm/data/slurmd/job20200287/slurm_script: line 28: 2543349 Killed                  python analyze.py --i /scratch/vl1019/LARN_SONS_2022/AUDIOMOTH_ESPACES_BOISES/33/2022-05-10/20220510_020001.WAV --o /scratch/vl1019/LARN_SONS_2022/BirdNET/AUDIOMOTH_ESPACES_BOISES/33 --lat 47.34 --lon -2.20 --week 17 --min_conf 0.1
FILES IN DATASET: 1 
LOADING SNAPSHOT BirdNET_Soundscape_Model.pkl ... DONE! 
BUILDING BirdNET MODEL... DONE! 
IMPORTING MODEL PARAMS... DONE! 
COMPILING THEANO TEST FUNCTION FUNCTION... DONE! 
LOADING eBIRD GRID DATA... DONE! 13800 GRID CELLS 
SID: 1 PROCESSING: 20220511_000100.WAV SPECIES: 97 DETECTIONS: 51 TIME: 680 
FILES IN DATASET: 1 
LOADING SNAPSHOT BirdNET_Soundscape_Model.pkl ... DONE! 
BUILDING BirdNET MODEL... DONE! 
IMPORTING MODEL PARAMS... DONE! 
COMPILING THEANO TEST FUNCTION FUNCTION... DONE! 
LOADING eBIRD GRID DATA... DONE! 13800 GRID CELLS 
SID: 1 PROCESSING: 20220511_020001.WAV SPECIES: 97 /opt/slurm/data/slurmd/job20200287/slurm_script: line 30: 2545118 Killed                  python analyze.py --i /scratch/vl1019/LARN_SONS_2022/AUDIOMOTH_ESPACES_BOISES/33/2022-05-11/20220511_020001.WAV --o /scratch/vl1019/LARN_SONS_2022/BirdNET/AUDIOMOTH_ESPACES_BOISES/33 --lat 47.34 --lon -2.20 --week 17 --min_conf 0.1
FILES IN DATASET: 1 
LOADING SNAPSHOT BirdNET_Soundscape_Model.pkl ... DONE! 
BUILDING BirdNET MODEL... DONE! 
IMPORTING MODEL PARAMS... DONE! 
COMPILING THEANO TEST FUNCTION FUNCTION... DONE! 
LOADING eBIRD GRID DATA... DONE! 13800 GRID CELLS 
SID: 1 PROCESSING: 20220512_000100.WAV SPECIES: 97 DETECTIONS: 22 TIME: 689 
FILES IN DATASET: 1 
LOADING SNAPSHOT BirdNET_Soundscape_Model.pkl ... DONE! 
BUILDING BirdNET MODEL... DONE! 
IMPORTING MODEL PARAMS... DONE! 
COMPILING THEANO TEST FUNCTION FUNCTION... DONE! 
LOADING eBIRD GRID DATA... DONE! 13800 GRID CELLS 
SID: 1 PROCESSING: 20220512_020001.WAV SPECIES: 97 /opt/slurm/data/slurmd/job20200287/slurm_script: line 32: 2546977 Killed                  python analyze.py --i /scratch/vl1019/LARN_SONS_2022/AUDIOMOTH_ESPACES_BOISES/33/2022-05-12/20220512_020001.WAV --o /scratch/vl1019/LARN_SONS_2022/BirdNET/AUDIOMOTH_ESPACES_BOISES/33 --lat 47.34 --lon -2.20 --week 17 --min_conf 0.1
FILES IN DATASET: 1 
LOADING SNAPSHOT BirdNET_Soundscape_Model.pkl ... DONE! 
BUILDING BirdNET MODEL... DONE! 
IMPORTING MODEL PARAMS... DONE! 
COMPILING THEANO TEST FUNCTION FUNCTION... DONE! 
LOADING eBIRD GRID DATA... DONE! 13800 GRID CELLS 
SID: 1 PROCESSING: 20220513_000100.WAV SPECIES: 97 DETECTIONS: 18 TIME: 675 
FILES IN DATASET: 1 
LOADING SNAPSHOT BirdNET_Soundscape_Model.pkl ... DONE! 
BUILDING BirdNET MODEL... DONE! 
IMPORTING MODEL PARAMS... DONE! 
COMPILING THEANO TEST FUNCTION FUNCTION... DONE! 
LOADING eBIRD GRID DATA... DONE! 13800 GRID CELLS 
SID: 1 PROCESSING: 20220513_020001.WAV SPECIES: 97 /opt/slurm/data/slurmd/job20200287/slurm_script: line 34: 2549153 Killed                  python analyze.py --i /scratch/vl1019/LARN_SONS_2022/AUDIOMOTH_ESPACES_BOISES/33/2022-05-13/20220513_020001.WAV --o /scratch/vl1019/LARN_SONS_2022/BirdNET/AUDIOMOTH_ESPACES_BOISES/33 --lat 47.34 --lon -2.20 --week 17 --min_conf 0.1
slurmstepd: error: Detected 9 oom-kill event(s) in StepId=20200287.batch. Some of your processes may have been killed by the cgroup out-of-memory handler.
