FILES IN DATASET: 719 
LOADING SNAPSHOT BirdNET_Soundscape_Model.pkl ... DONE! 
BUILDING BirdNET MODEL... DONE! 
IMPORTING MODEL PARAMS... DONE! 
COMPILING THEANO TEST FUNCTION FUNCTION... DONE! 
LOADING eBIRD GRID DATA... DONE! 13800 GRID CELLS 
SID: 1 PROCESSING: 20220505_002800.WAV SPECIES: 93 DETECTIONS: 2 TIME: 6 
SID: 2 PROCESSING: 20220505_073600.WAV SPECIES: 93 DETECTIONS: 12 TIME: 5 
SID: 3 PROCESSING: 20220505_092400.WAV SPECIES: 93 DETECTIONS: 2 TIME: 5 
SID: 4 PROCESSING: 20220505_031500.WAV SPECIES: 93 DETECTIONS: 0 TIME: 5 
SID: 5 PROCESSING: 20220505_085600.WAV SPECIES: 93 DETECTIONS: 17 TIME: 5 
SID: 6 PROCESSING: 20220505_062900.WAV SPECIES: 93 DETECTIONS: 6 TIME: 5 
SID: 7 PROCESSING: 20220505_031100.WAV SPECIES: 93 DETECTIONS: 0 TIME: 5 
SID: 8 PROCESSING: 20220505_050100.WAV SPECIES: 93 DETECTIONS: 1 TIME: 5 
SID: 9 PROCESSING: 20220505_021300.WAV SPECIES: 93 DETECTIONS: 0 TIME: 5 
SID: 10 PROCESSING: 20220505_062700.WAV SPECIES: 93 DETECTIONS: 0 TIME: 5 
SID: 11 PROCESSING: 20220505_052200.WAV SPECIES: 93 DETECTIONS: 0 TIME: 5 
SID: 12 PROCESSING: 20220505_040400.WAV SPECIES: 93 DETECTIONS: 0 TIME: 5 
SID: 13 PROCESSING: 20220505_034400.WAV SPECIES: 93 DETECTIONS: 0 TIME: 5 
SID: 14 PROCESSING: 20220505_053700.WAV SPECIES: 93 DETECTIONS: 0 TIME: 5 
SID: 15 PROCESSING: 20220505_111000.WAV SPECIES: 93 DETECTIONS: 23 TIME: 5 
SID: 16 PROCESSING: 20220505_084800.WAV SPECIES: 93 DETECTIONS: 7 TIME: 5 
SID: 17 PROCESSING: 20220505_082600.WAV SPECIES: 93 DETECTIONS: 15 TIME: 5 
SID: 18 PROCESSING: 20220505_061400.WAV SPECIES: 93 DETECTIONS: 13 TIME: 5 
SID: 19 PROCESSING: 20220505_091400.WAV SPECIES: 93 DETECTIONS: 17 TIME: 5 
SID: 20 PROCESSING: 20220505_085500.WAV SPECIES: 93 DETECTIONS: 14 TIME: 5 
SID: 21 PROCESSING: 20220505_100000.WAV SPECIES: 93 DETECTIONS: 11 TIME: 5 
SID: 22 PROCESSING: 20220505_064500.WAV SPECIES: 93 DETECTIONS: 21 TIME: 5 
SID: 23 PROCESSING: 20220505_021500.WAV SPECIES: 93 DETECTIONS: 1 TIME: 5 
SID: 24 PROCESSING: 20220505_070300.WAV SPECIES: 93 DETECTIONS: 18 TIME: 5 
SID: 25 PROCESSING: 20220505_034900.WAV SPECIES: 93 DETECTIONS: 0 TIME: 5 
SID: 26 PROCESSING: 20220505_033900.WAV SPECIES: 93 DETECTIONS: 7 TIME: 5 
SID: 27 PROCESSING: 20220505_072300.WAV SPECIES: 93 DETECTIONS: 21 TIME: 5 
SID: 28 PROCESSING: 20220505_082800.WAV SPECIES: 93 DETECTIONS: 0 TIME: 5 
SID: 29 PROCESSING: 20220505_040600.WAV SPECIES: 93 DETECTIONS: 0 TIME: 5 
SID: 30 PROCESSING: 20220505_011700.WAV SPECIES: 93 DETECTIONS: 0 TIME: 5 
SID: 31 PROCESSING: 20220505_045900.WAV SPECIES: 93 DETECTIONS: 0 TIME: 5 
SID: 32 PROCESSING: 20220505_065600.WAV SPECIES: 93 DETECTIONS: 9 TIME: 5 
SID: 33 PROCESSING: 20220505_101000.WAV SPECIES: 93 DETECTIONS: 0 TIME: 5 
SID: 34 PROCESSING: 20220505_062100.WAV SPECIES: 93 DETECTIONS: 1 TIME: 5 
SID: 35 PROCESSING: 20220505_062400.WAV SPECIES: 93 DETECTIONS: 5 TIME: 5 
SID: 36 PROCESSING: 20220505_001600.WAV SPECIES: 93 DETECTIONS: 4 TIME: 5 
SID: 37 PROCESSING: 20220505_082500.WAV SPECIES: 93 DETECTIONS: 19 TIME: 5 
SID: 38 PROCESSING: 20220505_024800.WAV SPECIES: 93 DETECTIONS: 0 TIME: 5 
SID: 39 PROCESSING: 20220505_022500.WAV SPECIES: 93 DETECTIONS: 3 TIME: 5 
SID: 40 PROCESSING: 20220505_002000.WAV SPECIES: 93 DETECTIONS: 5 TIME: 5 
SID: 41 PROCESSING: 20220505_070000.WAV SPECIES: 93 DETECTIONS: 10 TIME: 5 
SID: 42 PROCESSING: 20220505_075500.WAV SPECIES: 93 DETECTIONS: 2 TIME: 5 
SID: 43 PROCESSING: 20220505_054700.WAV SPECIES: 93 DETECTIONS: 0 TIME: 5 
SID: 44 PROCESSING: 20220505_061300.WAV SPECIES: 93 DETECTIONS: 22 TIME: 5 
SID: 45 PROCESSING: 20220505_004800.WAV SPECIES: 93 DETECTIONS: 1 TIME: 5 
SID: 46 PROCESSING: 20220505_023100.WAV SPECIES: 93 DETECTIONS: 1 TIME: 5 
SID: 47 PROCESSING: 20220505_114500.WAV SPECIES: 93 DETECTIONS: 17 TIME: 5 
SID: 48 PROCESSING: 20220505_031600.WAV SPECIES: 93 DETECTIONS: 0 TIME: 5 
SID: 49 PROCESSING: 20220505_022000.WAV SPECIES: 93 DETECTIONS: 1 TIME: 5 
SID: 50 PROCESSING: 20220505_030000.WAV SPECIES: 93 DETECTIONS: 1 TIME: 5 
SID: 51 PROCESSING: 20220505_012000.WAV SPECIES: 93 DETECTIONS: 4 TIME: 5 
SID: 52 PROCESSING: 20220505_112800.WAV SPECIES: 93 DETECTIONS: 5 TIME: 5 
SID: 53 PROCESSING: 20220505_054900.WAV SPECIES: 93 DETECTIONS: 0 TIME: 5 
SID: 54 PROCESSING: 20220505_020100.WAV SPECIES: 93 DETECTIONS: 0 TIME: 5 
SID: 55 PROCESSING: 20220505_095400.WAV SPECIES: 93 DETECTIONS: 3 TIME: 5 
SID: 56 PROCESSING: 20220505_060300.WAV SPECIES: 93 DETECTIONS: 20 TIME: 5 
SID: 57 PROCESSING: 20220505_053900.WAV SPECIES: 93 DETECTIONS: 0 TIME: 5 
SID: 58 PROCESSING: 20220505_093200.WAV SPECIES: 93 DETECTIONS: 7 TIME: 5 
SID: 59 PROCESSING: 20220505_052300.WAV SPECIES: 93 DETECTIONS: 0 TIME: 5 
SID: 60 PROCESSING: 20220505_001100.WAV SPECIES: 93 DETECTIONS: 0 TIME: 5 
SID: 61 PROCESSING: 20220505_114100.WAV SPECIES: 93 DETECTIONS: 8 TIME: 5 
SID: 62 PROCESSING: 20220505_051500.WAV SPECIES: 93 DETECTIONS: 0 TIME: 5 
SID: 63 PROCESSING: 20220505_095900.WAV SPECIES: 93 DETECTIONS: 9 TIME: 5 
SID: 64 PROCESSING: 20220505_041900.WAV SPECIES: 93 DETECTIONS: 0 TIME: 5 
SID: 65 PROCESSING: 20220505_102200.WAV SPECIES: 93 DETECTIONS: 15 TIME: 5 
SID: 66 PROCESSING: 20220505_044500.WAV SPECIES: 93 DETECTIONS: 0 TIME: 5 
SID: 67 PROCESSING: 20220505_085300.WAV SPECIES: 93 DETECTIONS: 9 TIME: 5 
SID: 68 PROCESSING: 20220505_074700.WAV SPECIES: 93 DETECTIONS: 8 TIME: 5 
SID: 69 PROCESSING: 20220505_104300.WAV SPECIES: 93 DETECTIONS: 0 TIME: 5 
SID: 70 PROCESSING: 20220505_061700.WAV SPECIES: 93 DETECTIONS: 5 TIME: 5 
SID: 71 PROCESSING: 20220505_033200.WAV SPECIES: 93 DETECTIONS: 1 TIME: 5 
SID: 72 PROCESSING: 20220505_094200.WAV SPECIES: 93 DETECTIONS: 5 TIME: 5 
SID: 73 PROCESSING: 20220505_001900.WAV SPECIES: 93 DETECTIONS: 0 TIME: 5 
SID: 74 PROCESSING: 20220505_091100.WAV SPECIES: 93 DETECTIONS: 5 TIME: 5 
SID: 75 PROCESSING: 20220505_070800.WAV SPECIES: 93 DETECTIONS: 21 TIME: 5 
SID: 76 PROCESSING: 20220505_023800.WAV SPECIES: 93 DETECTIONS: 0 TIME: 5 
SID: 77 PROCESSING: 20220505_043800.WAV SPECIES: 93 DETECTIONS: 0 TIME: 5 
SID: 78 PROCESSING: 20220505_090500.WAV SPECIES: 93 DETECTIONS: 7 TIME: 5 
SID: 79 PROCESSING: 20220505_012700.WAV SPECIES: 93 DETECTIONS: 1 TIME: 5 
SID: 80 PROCESSING: 20220505_093000.WAV SPECIES: 93 DETECTIONS: 3 TIME: 5 
SID: 81 PROCESSING: 20220505_002300.WAV SPECIES: 93 DETECTIONS: 0 TIME: 5 
SID: 82 PROCESSING: 20220505_023700.WAV SPECIES: 93 DETECTIONS: 3 TIME: 5 
SID: 83 PROCESSING: 20220505_041400.WAV SPECIES: 93 DETECTIONS: 0 TIME: 5 
SID: 84 PROCESSING: 20220505_110400.WAV SPECIES: 93 DETECTIONS: 24 TIME: 5 
SID: 85 PROCESSING: 20220505_050600.WAV SPECIES: 93 DETECTIONS: 0 TIME: 5 
SID: 86 PROCESSING: 20220505_010900.WAV SPECIES: 93 DETECTIONS: 1 TIME: 5 
SID: 87 PROCESSING: 20220505_015200.WAV SPECIES: 93 DETECTIONS: 0 TIME: 5 
SID: 88 PROCESSING: 20220505_090100.WAV SPECIES: 93 DETECTIONS: 13 TIME: 5 
SID: 89 PROCESSING: 20220505_043400.WAV SPECIES: 93 DETECTIONS: 0 TIME: 5 
SID: 90 PROCESSING: 20220505_034100.WAV SPECIES: 93 DETECTIONS: 0 TIME: 5 
SID: 91 PROCESSING: 20220505_002900.WAV SPECIES: 93 DETECTIONS: 3 TIME: 5 
SID: 92 PROCESSING: 20220505_014400.WAV SPECIES: 93 DETECTIONS: 0 TIME: 5 
SID: 93 PROCESSING: 20220505_025100.WAV SPECIES: 93 DETECTIONS: 0 TIME: 5 
SID: 94 PROCESSING: 20220505_005100.WAV SPECIES: 93 DETECTIONS: 0 TIME: 5 
SID: 95 PROCESSING: 20220505_035800.WAV SPECIES: 93 DETECTIONS: 0 TIME: 5 
SID: 96 PROCESSING: 20220505_034300.WAV SPECIES: 93 DETECTIONS: 1 TIME: 5 
SID: 97 PROCESSING: 20220505_010400.WAV SPECIES: 93 DETECTIONS: 0 TIME: 5 
SID: 98 PROCESSING: 20220505_055600.WAV SPECIES: 93 DETECTIONS: 18 TIME: 5 
SID: 99 PROCESSING: 20220505_022100.WAV SPECIES: 93 DETECTIONS: 0 TIME: 5 
SID: 100 PROCESSING: 20220505_032200.WAV SPECIES: 93 DETECTIONS: 0 TIME: 5 
SID: 101 PROCESSING: 20220505_085700.WAV SPECIES: 93 DETECTIONS: 15 TIME: 5 
SID: 102 PROCESSING: 20220505_042600.WAV SPECIES: 93 DETECTIONS: 0 TIME: 5 
SID: 103 PROCESSING: 20220505_012400.WAV SPECIES: 93 DETECTIONS: 0 TIME: 5 
SID: 104 PROCESSING: 20220505_004700.WAV SPECIES: 93 DETECTIONS: 1 TIME: 5 
SID: 105 PROCESSING: 20220505_000600.WAV SPECIES: 93 DETECTIONS: 0 TIME: 5 
SID: 106 PROCESSING: 20220505_023300.WAV SPECIES: 93 DETECTIONS: 0 TIME: 5 
SID: 107 PROCESSING: 20220505_102400.WAV SPECIES: 93 DETECTIONS: 11 TIME: 5 
SID: 108 PROCESSING: 20220505_095100.WAV SPECIES: 93 DETECTIONS: 10 TIME: 5 
SID: 109 PROCESSING: 20220505_053000.WAV SPECIES: 93 DETECTIONS: 0 TIME: 5 
SID: 110 PROCESSING: 20220505_072800.WAV SPECIES: 93 DETECTIONS: 9 TIME: 5 
SID: 111 PROCESSING: 20220505_065300.WAV SPECIES: 93 DETECTIONS: 14 TIME: 5 
SID: 112 PROCESSING: 20220505_090400.WAV SPECIES: 93 DETECTIONS: 8 TIME: 5 
SID: 113 PROCESSING: 20220505_063600.WAV SPECIES: 93 DETECTIONS: 16 TIME: 5 
SID: 114 PROCESSING: 20220505_051800.WAV SPECIES: 93 DETECTIONS: 1 TIME: 5 
SID: 115 PROCESSING: 20220505_075600.WAV SPECIES: 93 DETECTIONS: 12 TIME: 5 
SID: 116 PROCESSING: 20220505_035900.WAV SPECIES: 93 DETECTIONS: 0 TIME: 5 
SID: 117 PROCESSING: 20220505_101400.WAV SPECIES: 93 DETECTIONS: 12 TIME: 5 
SID: 118 PROCESSING: 20220505_063000.WAV SPECIES: 93 DETECTIONS: 11 TIME: 5 
SID: 119 PROCESSING: 20220505_065200.WAV SPECIES: 93 DETECTIONS: 23 TIME: 5 
SID: 120 PROCESSING: 20220505_042400.WAV SPECIES: 93 DETECTIONS: 0 TIME: 5 
SID: 121 PROCESSING: 20220505_070900.WAV SPECIES: 93 DETECTIONS: 17 TIME: 5 
SID: 122 PROCESSING: 20220505_112000.WAV SPECIES: 93 DETECTIONS: 21 TIME: 5 
SID: 123 PROCESSING: 20220505_043900.WAV SPECIES: 93 DETECTIONS: 0 TIME: 5 
SID: 124 PROCESSING: 20220505_051100.WAV SPECIES: 93 DETECTIONS: 0 TIME: 5 
SID: 125 PROCESSING: 20220505_080600.WAV SPECIES: 93 DETECTIONS: 6 TIME: 5 
SID: 126 PROCESSING: 20220505_063100.WAV SPECIES: 93 DETECTIONS: 11 TIME: 5 
SID: 127 PROCESSING: 20220505_082300.WAV SPECIES: 93 DETECTIONS: 10 TIME: 5 
SID: 128 PROCESSING: 20220505_060200.WAV SPECIES: 93 DETECTIONS: 24 TIME: 5 
SID: 129 PROCESSING: 20220505_071500.WAV SPECIES: 93 DETECTIONS: 17 TIME: 5 
SID: 130 PROCESSING: 20220505_042700.WAV SPECIES: 93 DETECTIONS: 0 TIME: 5 
SID: 131 PROCESSING: 20220505_103800.WAV SPECIES: 93 DETECTIONS: 5 TIME: 5 
SID: 132 PROCESSING: 20220505_100900.WAV SPECIES: 93 DETECTIONS: 3 TIME: 5 
SID: 133 PROCESSING: 20220505_082100.WAV SPECIES: 93 DETECTIONS: 8 TIME: 5 
SID: 134 PROCESSING: 20220505_055300.WAV SPECIES: 93 DETECTIONS: 0 TIME: 5 
SID: 135 PROCESSING: 20220505_091600.WAV SPECIES: 93 DETECTIONS: 10 TIME: 5 
SID: 136 PROCESSING: 20220505_050300.WAV SPECIES: 93 DETECTIONS: 0 TIME: 5 
SID: 137 PROCESSING: 20220505_025500.WAV SPECIES: 93 DETECTIONS: 0 TIME: 5 
SID: 138 PROCESSING: 20220505_031400.WAV SPECIES: 93 DETECTIONS: 0 TIME: 5 
SID: 139 PROCESSING: 20220505_085400.WAV SPECIES: 93 DETECTIONS: 7 TIME: 5 
SID: 140 PROCESSING: 20220505_111800.WAV SPECIES: 93 DETECTIONS: 21 TIME: 5 
SID: 141 PROCESSING: 20220505_062000.WAV SPECIES: 93 DETECTIONS: 3 TIME: 5 
SID: 142 PROCESSING: 20220505_035200.WAV SPECIES: 93 DETECTIONS: 0 TIME: 5 
SID: 143 PROCESSING: 20220505_041000.WAV SPECIES: 93 DETECTIONS: 0 TIME: 5 
SID: 144 PROCESSING: 20220505_074500.WAV SPECIES: 93 DETECTIONS: 17 TIME: 5 
SID: 145 PROCESSING: 20220505_090700.WAV SPECIES: 93 DETECTIONS: 6 TIME: 5 
SID: 146 PROCESSING: 20220505_013800.WAV SPECIES: 93 DETECTIONS: 0 TIME: 5 
SID: 147 PROCESSING: 20220505_111700.WAV SPECIES: 93 DETECTIONS: 16 TIME: 5 
SID: 148 PROCESSING: 20220505_100500.WAV SPECIES: 93 DETECTIONS: 10 TIME: 5 
SID: 149 PROCESSING: 20220505_000400.WAV SPECIES: 93 DETECTIONS: 4 TIME: 5 
SID: 150 PROCESSING: 20220505_003000.WAV SPECIES: 93 DETECTIONS: 1 TIME: 5 
SID: 151 PROCESSING: 20220505_094000.WAV SPECIES: 93 DETECTIONS: 0 TIME: 5 
SID: 152 PROCESSING: 20220505_001500.WAV SPECIES: 93 DETECTIONS: 1 TIME: 5 
SID: 153 PROCESSING: 20220505_074600.WAV SPECIES: 93 DETECTIONS: 13 TIME: 5 
SID: 154 PROCESSING: 20220505_114000.WAV SPECIES: 93 DETECTIONS: 12 TIME: 5 
SID: 155 PROCESSING: 20220505_044700.WAV SPECIES: 93 DETECTIONS: 1 TIME: 5 
SID: 156 PROCESSING: 20220505_033000.WAV SPECIES: 93 DETECTIONS: 0 TIME: 5 
SID: 157 PROCESSING: 20220505_033700.WAV SPECIES: 93 DETECTIONS: 0 TIME: 5 
SID: 158 PROCESSING: 20220505_014100.WAV SPECIES: 93 DETECTIONS: 0 TIME: 5 
SID: 159 PROCESSING: 20220505_081800.WAV SPECIES: 93 DETECTIONS: 26 TIME: 5 
SID: 160 PROCESSING: 20220505_053800.WAV SPECIES: 93 DETECTIONS: 0 TIME: 5 
SID: 161 PROCESSING: 20220505_024300.WAV SPECIES: 93 DETECTIONS: 0 TIME: 5 
SID: 162 PROCESSING: 20220505_032300.WAV SPECIES: 93 DETECTIONS: 2 TIME: 5 
SID: 163 PROCESSING: 20220505_060000.WAV SPECIES: 93 DETECTIONS: 1 TIME: 5 
SID: 164 PROCESSING: 20220505_091700.WAV SPECIES: 93 DETECTIONS: 9 TIME: 5 
SID: 165 PROCESSING: 20220505_102500.WAV SPECIES: 93 DETECTIONS: 15 TIME: 5 
SID: 166 PROCESSING: 20220505_105000.WAV SPECIES: 93 DETECTIONS: 4 TIME: 5 
SID: 167 PROCESSING: 20220505_090000.WAV SPECIES: 93 DETECTIONS: 8 TIME: 5 
SID: 168 PROCESSING: 20220505_013200.WAV SPECIES: 93 DETECTIONS: 0 TIME: 5 
SID: 169 PROCESSING: 20220505_093500.WAV SPECIES: 93 DETECTIONS: 10 TIME: 5 
SID: 170 PROCESSING: 20220505_082700.WAV SPECIES: 93 DETECTIONS: 7 TIME: 5 
SID: 171 PROCESSING: 20220505_040500.WAV SPECIES: 93 DETECTIONS: 0 TIME: 5 
SID: 172 PROCESSING: 20220505_012300.WAV SPECIES: 93 DETECTIONS: 0 TIME: 5 
SID: 173 PROCESSING: 20220505_040200.WAV SPECIES: 93 DETECTIONS: 0 TIME: 5 
SID: 174 PROCESSING: 20220505_043200.WAV SPECIES: 93 DETECTIONS: 0 TIME: 5 
SID: 175 PROCESSING: 20220505_075200.WAV SPECIES: 93 DETECTIONS: 22 TIME: 5 
SID: 176 PROCESSING: 20220505_101700.WAV SPECIES: 93 DETECTIONS: 13 TIME: 5 
SID: 177 PROCESSING: 20220505_071200.WAV SPECIES: 93 DETECTIONS: 25 TIME: 5 
SID: 178 PROCESSING: 20220505_073900.WAV SPECIES: 93 DETECTIONS: 7 TIME: 5 
SID: 179 PROCESSING: 20220505_101300.WAV SPECIES: 93 DETECTIONS: 0 TIME: 5 
SID: 180 PROCESSING: 20220505_080000.WAV SPECIES: 93 DETECTIONS: 13 TIME: 5 
SID: 181 PROCESSING: 20220505_095700.WAV SPECIES: 93 DETECTIONS: 0 TIME: 5 
SID: 182 PROCESSING: 20220505_060900.WAV SPECIES: 93 DETECTIONS: 34 TIME: 5 
SID: 183 PROCESSING: 20220505_105600.WAV SPECIES: 93 DETECTIONS: 4 TIME: 5 
SID: 184 PROCESSING: 20220505_103200.WAV SPECIES: 93 DETECTIONS: 1 TIME: 5 
SID: 185 PROCESSING: 20220505_074100.WAV SPECIES: 93 DETECTIONS: 5 TIME: 5 
SID: 186 PROCESSING: 20220505_083300.WAV SPECIES: 93 DETECTIONS: 8 TIME: 5 
SID: 187 PROCESSING: 20220505_033500.WAV SPECIES: 93 DETECTIONS: 0 TIME: 5 
SID: 188 PROCESSING: 20220505_003200.WAV SPECIES: 93 DETECTIONS: 3 TIME: 5 
SID: 189 PROCESSING: 20220505_112500.WAV SPECIES: 93 DETECTIONS: 8 TIME: 5 
SID: 190 PROCESSING: 20220505_103500.WAV SPECIES: 93 DETECTIONS: 3 TIME: 5 
SID: 191 PROCESSING: 20220505_074400.WAV SPECIES: 93 DETECTIONS: 21 TIME: 5 
SID: 192 PROCESSING: 20220505_113800.WAV SPECIES: 93 DETECTIONS: 15 TIME: 5 
SID: 193 PROCESSING: 20220505_013600.WAV SPECIES: 93 DETECTIONS: 0 TIME: 5 
SID: 194 PROCESSING: 20220505_065800.WAV SPECIES: 93 DETECTIONS: 2 TIME: 5 
SID: 195 PROCESSING: 20220505_032400.WAV SPECIES: 93 DETECTIONS: 0 TIME: 5 
SID: 196 PROCESSING: 20220505_043100.WAV SPECIES: 93 DETECTIONS: 0 TIME: 5 
SID: 197 PROCESSING: 20220505_050400.WAV SPECIES: 93 DETECTIONS: 0 TIME: 5 
SID: 198 PROCESSING: 20220505_013900.WAV SPECIES: 93 DETECTIONS: 1 TIME: 5 
SID: 199 PROCESSING: 20220505_021600.WAV SPECIES: 93 DETECTIONS: 1 TIME: 5 
SID: 200 PROCESSING: 20220505_014000.WAV SPECIES: 93 DETECTIONS: 2 TIME: 5 
SID: 201 PROCESSING: 20220505_043600.WAV SPECIES: 93 DETECTIONS: 0 TIME: 5 
SID: 202 PROCESSING: 20220505_081600.WAV SPECIES: 93 DETECTIONS: 30 TIME: 5 
SID: 203 PROCESSING: 20220505_080700.WAV SPECIES: 93 DETECTIONS: 7 TIME: 5 
SID: 204 PROCESSING: 20220505_021900.WAV SPECIES: 93 DETECTIONS: 1 TIME: 5 
SID: 205 PROCESSING: 20220505_025700.WAV SPECIES: 93 DETECTIONS: 1 TIME: 5 
SID: 206 PROCESSING: 20220505_061800.WAV SPECIES: 93 DETECTIONS: 14 TIME: 5 
SID: 207 PROCESSING: 20220505_061200.WAV SPECIES: 93 DETECTIONS: 28 TIME: 5 
SID: 208 PROCESSING: 20220505_111400.WAV SPECIES: 93 DETECTIONS: 30 TIME: 5 
SID: 209 PROCESSING: 20220505_050800.WAV SPECIES: 93 DETECTIONS: 0 TIME: 5 
SID: 210 PROCESSING: 20220505_042100.WAV SPECIES: 93 DETECTIONS: 0 TIME: 5 
SID: 211 PROCESSING: 20220505_003300.WAV SPECIES: 93 DETECTIONS: 0 TIME: 5 
SID: 212 PROCESSING: 20220505_094400.WAV SPECIES: 93 DETECTIONS: 0 TIME: 5 
SID: 213 PROCESSING: 20220505_045500.WAV SPECIES: 93 DETECTIONS: 0 TIME: 5 
SID: 214 PROCESSING: 20220505_022400.WAV SPECIES: 93 DETECTIONS: 2 TIME: 5 
SID: 215 PROCESSING: 20220505_014600.WAV SPECIES: 93 DETECTIONS: 1 TIME: 5 
SID: 216 PROCESSING: 20220505_005200.WAV SPECIES: 93 DETECTIONS: 0 TIME: 5 
SID: 217 PROCESSING: 20220505_005900.WAV SPECIES: 93 DETECTIONS: 0 TIME: 5 
SID: 218 PROCESSING: 20220505_041200.WAV SPECIES: 93 DETECTIONS: 0 TIME: 5 
SID: 219 PROCESSING: 20220505_020000.WAV SPECIES: 93 DETECTIONS: 0 TIME: 5 
SID: 220 PROCESSING: 20220505_110900.WAV SPECIES: 93 DETECTIONS: 17 TIME: 5 
SID: 221 PROCESSING: 20220505_094600.WAV SPECIES: 93 DETECTIONS: 0 TIME: 5 
SID: 222 PROCESSING: 20220505_081500.WAV SPECIES: 93 DETECTIONS: 26 TIME: 5 
SID: 223 PROCESSING: 20220505_112300.WAV SPECIES: 93 DETECTIONS: 12 TIME: 5 
SID: 224 PROCESSING: 20220505_020300.WAV SPECIES: 93 DETECTIONS: 0 TIME: 5 
SID: 225 PROCESSING: 20220505_063800.WAV SPECIES: 93 DETECTIONS: 22 TIME: 5 
SID: 226 PROCESSING: 20220505_110800.WAV SPECIES: 93 DETECTIONS: 26 TIME: 5 
SID: 227 PROCESSING: 20220505_080900.WAV SPECIES: 93 DETECTIONS: 4 TIME: 5 
SID: 228 PROCESSING: 20220505_015400.WAV SPECIES: 93 DETECTIONS: 2 TIME: 5 
SID: 229 PROCESSING: 20220505_095000.WAV SPECIES: 93 DETECTIONS: 2 TIME: 5 
SID: 230 PROCESSING: 20220505_030600.WAV SPECIES: 93 DETECTIONS: 0 TIME: 5 
SID: 231 PROCESSING: 20220505_110300.WAV SPECIES: 93 DETECTIONS: 19 TIME: 5 
SID: 232 PROCESSING: 20220505_010800.WAV SPECIES: 93 DETECTIONS: 1 TIME: 5 
SID: 233 PROCESSING: 20220505_024200.WAV SPECIES: 93 DETECTIONS: 0 TIME: 5 
SID: 234 PROCESSING: 20220505_052500.WAV SPECIES: 93 DETECTIONS: 0 TIME: 5 
SID: 235 PROCESSING: 20220505_055800.WAV SPECIES: 93 DETECTIONS: 3 TIME: 5 
SID: 236 PROCESSING: 20220505_011100.WAV SPECIES: 93 DETECTIONS: 0 TIME: 5 
SID: 237 PROCESSING: 20220505_074200.WAV SPECIES: 93 DETECTIONS: 5 TIME: 5 
SID: 238 PROCESSING: 20220505_070200.WAV SPECIES: 93 DETECTIONS: 15 TIME: 5 
SID: 239 PROCESSING: 20220505_014900.WAV SPECIES: 93 DETECTIONS: 0 TIME: 5 
SID: 240 PROCESSING: 20220505_032100.WAV SPECIES: 93 DETECTIONS: 0 TIME: 5 
SID: 241 PROCESSING: 20220505_073700.WAV SPECIES: 93 DETECTIONS: 6 TIME: 5 
SID: 242 PROCESSING: 20220505_050700.WAV SPECIES: 93 DETECTIONS: 0 TIME: 5 
SID: 243 PROCESSING: 20220505_043300.WAV SPECIES: 93 DETECTIONS: 0 TIME: 5 
SID: 244 PROCESSING: 20220505_023500.WAV SPECIES: 93 DETECTIONS: 0 TIME: 5 
SID: 245 PROCESSING: 20220505_010100.WAV SPECIES: 93 DETECTIONS: 1 TIME: 5 
SID: 246 PROCESSING: 20220505_035100.WAV SPECIES: 93 DETECTIONS: 0 TIME: 5 
SID: 247 PROCESSING: 20220505_092300.WAV SPECIES: 93 DETECTIONS: 3 TIME: 5 
SID: 248 PROCESSING: 20220505_071600.WAV SPECIES: 93 DETECTIONS: 24 TIME: 5 
SID: 249 PROCESSING: 20220505_002700.WAV SPECIES: 93 DETECTIONS: 1 TIME: 5 
SID: 250 PROCESSING: 20220505_042200.WAV SPECIES: 93 DETECTIONS: 0 TIME: 5 
SID: 251 PROCESSING: 20220505_063200.WAV SPECIES: 93 DETECTIONS: 8 TIME: 6 
SID: 252 PROCESSING: 20220505_043700.WAV SPECIES: 93 DETECTIONS: 0 TIME: 5 
SID: 253 PROCESSING: 20220505_055900.WAV SPECIES: 93 DETECTIONS: 2 TIME: 5 
SID: 254 PROCESSING: 20220505_090900.WAV SPECIES: 93 DETECTIONS: 11 TIME: 5 
SID: 255 PROCESSING: 20220505_092800.WAV SPECIES: 93 DETECTIONS: 7 TIME: 5 
SID: 256 PROCESSING: 20220505_044300.WAV SPECIES: 93 DETECTIONS: 0 TIME: 5 
SID: 257 PROCESSING: 20220505_040900.WAV SPECIES: 93 DETECTIONS: 0 TIME: 5 
SID: 258 PROCESSING: 20220505_083800.WAV SPECIES: 93 DETECTIONS: 18 TIME: 5 
SID: 259 PROCESSING: 20220505_075300.WAV SPECIES: 93 DETECTIONS: 16 TIME: 11 
SID: 260 PROCESSING: 20220505_020400.WAV SPECIES: 93 DETECTIONS: 0 TIME: 11 
SID: 261 PROCESSING: 20220505_041300.WAV SPECIES: 93 DETECTIONS: 0 TIME: 11 
SID: 262 PROCESSING: 20220505_022900.WAV SPECIES: 93 DETECTIONS: 0 TIME: 8 
SID: 263 PROCESSING: 20220505_053600.WAV SPECIES: 93 DETECTIONS: 0 TIME: 9 
SID: 264 PROCESSING: 20220505_070400.WAV SPECIES: 93 DETECTIONS: 16 TIME: 5 
SID: 265 PROCESSING: 20220505_013400.WAV SPECIES: 93 DETECTIONS: 2 TIME: 5 
SID: 266 PROCESSING: 20220505_060500.WAV SPECIES: 93 DETECTIONS: 28 TIME: 5 
SID: 267 PROCESSING: 20220505_052900.WAV SPECIES: 93 DETECTIONS: 2 TIME: 5 
SID: 268 PROCESSING: 20220505_064900.WAV SPECIES: 93 DETECTIONS: 29 TIME: 5 
SID: 269 PROCESSING: 20220505_024100.WAV SPECIES: 93 DETECTIONS: 0 TIME: 5 
SID: 270 PROCESSING: 20220505_024700.WAV SPECIES: 93 DETECTIONS: 0 TIME: 5 
SID: 271 PROCESSING: 20220505_071800.WAV SPECIES: 93 DETECTIONS: 8 TIME: 5 
SID: 272 PROCESSING: 20220505_012800.WAV SPECIES: 93 DETECTIONS: 1 TIME: 5 
SID: 273 PROCESSING: 20220505_111900.WAV SPECIES: 93 DETECTIONS: 21 TIME: 5 
SID: 274 PROCESSING: 20220505_012900.WAV SPECIES: 93 DETECTIONS: 1 TIME: 5 
SID: 275 PROCESSING: 20220505_064600.WAV SPECIES: 93 DETECTIONS: 19 TIME: 5 
SID: 276 PROCESSING: 20220505_105300.WAV SPECIES: 93 DETECTIONS: 6 TIME: 5 
SID: 277 PROCESSING: 20220505_113100.WAV SPECIES: 93 DETECTIONS: 5 TIME: 5 
SID: 278 PROCESSING: 20220505_070100.WAV SPECIES: 93 DETECTIONS: 13 TIME: 5 
SID: 279 PROCESSING: 20220505_031800.WAV SPECIES: 93 DETECTIONS: 0 TIME: 5 
SID: 280 PROCESSING: 20220505_075900.WAV SPECIES: 93 DETECTIONS: 15 TIME: 5 
SID: 281 PROCESSING: 20220505_050900.WAV SPECIES: 93 DETECTIONS: 2 TIME: 5 
SID: 282 PROCESSING: 20220505_061000.WAV SPECIES: 93 DETECTIONS: 32 TIME: 5 
SID: 283 PROCESSING: 20220505_104700.WAV SPECIES: 93 DETECTIONS: 20 TIME: 5 
SID: 284 PROCESSING: 20220505_075400.WAV SPECIES: 93 DETECTIONS: 12 TIME: 5 
SID: 285 PROCESSING: 20220505_081300.WAV SPECIES: 93 DETECTIONS: 26 TIME: 5 
SID: 286 PROCESSING: 20220505_083000.WAV SPECIES: 93 DETECTIONS: 14 TIME: 5 
SID: 287 PROCESSING: 20220505_115100.WAV SPECIES: 93 DETECTIONS: 16 TIME: 5 
SID: 288 PROCESSING: 20220505_114600.WAV SPECIES: 93 DETECTIONS: 14 TIME: 5 
SID: 289 PROCESSING: 20220505_063300.WAV SPECIES: 93 DETECTIONS: 24 TIME: 5 
SID: 290 PROCESSING: 20220505_055200.WAV SPECIES: 93 DETECTIONS: 9 TIME: 5 
SID: 291 PROCESSING: 20220505_051000.WAV SPECIES: 93 DETECTIONS: 1 TIME: 5 
SID: 292 PROCESSING: 20220505_072900.WAV SPECIES: 93 DETECTIONS: 1 TIME: 5 
SID: 293 PROCESSING: 20220505_083700.WAV SPECIES: 93 DETECTIONS: 22 TIME: 5 
SID: 294 PROCESSING: 20220505_020900.WAV SPECIES: 93 DETECTIONS: 0 TIME: 5 
SID: 295 PROCESSING: 20220505_083900.WAV SPECIES: 93 DETECTIONS: 10 TIME: 5 
SID: 296 PROCESSING: 20220505_104900.WAV SPECIES: 93 DETECTIONS: 9 TIME: 5 
SID: 297 PROCESSING: 20220505_100300.WAV SPECIES: 93 DETECTIONS: 2 TIME: 5 
SID: 298 PROCESSING: 20220505_100800.WAV SPECIES: 93 DETECTIONS: 7 TIME: 5 
SID: 299 PROCESSING: 20220505_113700.WAV SPECIES: 93 DETECTIONS: 13 TIME: 5 
SID: 300 PROCESSING: 20220505_115600.WAV SPECIES: 93 DETECTIONS: 8 TIME: 5 
SID: 301 PROCESSING: 20220505_093100.WAV SPECIES: 93 DETECTIONS: 1 TIME: 5 
SID: 302 PROCESSING: 20220505_074800.WAV SPECIES: 93 DETECTIONS: 12 TIME: 5 
SID: 303 PROCESSING: 20220505_022200.WAV SPECIES: 93 DETECTIONS: 1 TIME: 5 
SID: 304 PROCESSING: 20220505_053200.WAV SPECIES: 93 DETECTIONS: 0 TIME: 5 
SID: 305 PROCESSING: 20220505_050200.WAV SPECIES: 93 DETECTIONS: 1 TIME: 5 
SID: 306 PROCESSING: 20220505_015100.WAV SPECIES: 93 DETECTIONS: 0 TIME: 5 
SID: 307 PROCESSING: 20220505_061600.WAV SPECIES: 93 DETECTIONS: 16 TIME: 5 
SID: 308 PROCESSING: 20220505_012200.WAV SPECIES: 93 DETECTIONS: 0 TIME: 5 
SID: 309 PROCESSING: 20220505_022300.WAV SPECIES: 93 DETECTIONS: 1 TIME: 5 
SID: 310 PROCESSING: 20220505_061100.WAV SPECIES: 93 DETECTIONS: 27 TIME: 5 
SID: 311 PROCESSING: 20220505_101500.WAV SPECIES: 93 DETECTIONS: 15 TIME: 5 
SID: 312 PROCESSING: 20220505_112400.WAV SPECIES: 93 DETECTIONS: 1 TIME: 5 
SID: 313 PROCESSING: 20220505_013000.WAV SPECIES: 93 DETECTIONS: 0 TIME: 5 
SID: 314 PROCESSING: 20220505_005400.WAV SPECIES: 93 DETECTIONS: 1 TIME: 5 
SID: 315 PROCESSING: 20220505_021000.WAV SPECIES: 93 DETECTIONS: 0 TIME: 5 
SID: 316 PROCESSING: 20220505_024900.WAV SPECIES: 93 DETECTIONS: 0 TIME: 5 
SID: 317 PROCESSING: 20220505_000900.WAV SPECIES: 93 DETECTIONS: 0 TIME: 5 
SID: 318 PROCESSING: 20220505_073500.WAV SPECIES: 93 DETECTIONS: 6 TIME: 5 
SID: 319 PROCESSING: 20220505_030300.WAV SPECIES: 93 DETECTIONS: 0 TIME: 5 
SID: 320 PROCESSING: 20220505_002500.WAV SPECIES: 93 DETECTIONS: 1 TIME: 5 
SID: 321 PROCESSING: 20220505_043000.WAV SPECIES: 93 DETECTIONS: 0 TIME: 5 
SID: 322 PROCESSING: 20220505_035700.WAV SPECIES: 93 DETECTIONS: 0 TIME: 5 
SID: 323 PROCESSING: 20220505_011900.WAV SPECIES: 93 DETECTIONS: 0 TIME: 5 
SID: 324 PROCESSING: 20220505_020600.WAV SPECIES: 93 DETECTIONS: 0 TIME: 5 
SID: 325 PROCESSING: 20220505_072000.WAV SPECIES: 93 DETECTIONS: 7 TIME: 5 
SID: 326 PROCESSING: 20220505_082400.WAV SPECIES: 93 DETECTIONS: 14 TIME: 5 
SID: 327 PROCESSING: 20220505_084100.WAV SPECIES: 93 DETECTIONS: 17 TIME: 5 
SID: 328 PROCESSING: 20220505_023000.WAV SPECIES: 93 DETECTIONS: 1 TIME: 5 
SID: 329 PROCESSING: 20220505_030400.WAV SPECIES: 93 DETECTIONS: 0 TIME: 5 
SID: 330 PROCESSING: 20220505_041100.WAV SPECIES: 93 DETECTIONS: 0 TIME: 5 
SID: 331 PROCESSING: 20220505_040800.WAV SPECIES: 93 DETECTIONS: 0 TIME: 5 
SID: 332 PROCESSING: 20220505_054200.WAV SPECIES: 93 DETECTIONS: 2 TIME: 5 
SID: 333 PROCESSING: 20220505_113000.WAV SPECIES: 93 DETECTIONS: 13 TIME: 5 
SID: 334 PROCESSING: 20220505_001200.WAV SPECIES: 93 DETECTIONS: 2 TIME: 5 
SID: 335 PROCESSING: 20220505_042800.WAV SPECIES: 93 DETECTIONS: 0 TIME: 5 
SID: 336 PROCESSING: 20220505_055100.WAV SPECIES: 93 DETECTIONS: 10 TIME: 5 
SID: 337 PROCESSING: 20220505_115000.WAV SPECIES: 93 DETECTIONS: 17 TIME: 5 
SID: 338 PROCESSING: 20220505_060100.WAV SPECIES: 93 DETECTIONS: 6 TIME: 5 
SID: 339 PROCESSING: 20220505_094900.WAV SPECIES: 93 DETECTIONS: 3 TIME: 5 
SID: 340 PROCESSING: 20220505_021700.WAV SPECIES: 93 DETECTIONS: 0 TIME: 5 
SID: 341 PROCESSING: 20220505_015700.WAV SPECIES: 93 DETECTIONS: 0 TIME: 5 
SID: 342 PROCESSING: 20220505_003900.WAV SPECIES: 93 DETECTIONS: 2 TIME: 5 
SID: 343 PROCESSING: 20220505_115900.WAV SPECIES: 93 DETECTIONS: 24 TIME: 5 
SID: 344 PROCESSING: 20220505_002400.WAV SPECIES: 93 DETECTIONS: 4 TIME: 5 
SID: 345 PROCESSING: 20220505_052100.WAV SPECIES: 93 DETECTIONS: 0 TIME: 5 
SID: 346 PROCESSING: 20220505_005700.WAV SPECIES: 93 DETECTIONS: 0 TIME: 5 
SID: 347 PROCESSING: 20220505_104400.WAV SPECIES: 93 DETECTIONS: 2 TIME: 5 
SID: 348 PROCESSING: 20220505_064000.WAV SPECIES: 93 DETECTIONS: 21 TIME: 5 
SID: 349 PROCESSING: 20220505_084000.WAV SPECIES: 93 DETECTIONS: 8 TIME: 5 
SID: 350 PROCESSING: 20220505_091800.WAV SPECIES: 93 DETECTIONS: 10 TIME: 5 
SID: 351 PROCESSING: 20220505_025800.WAV SPECIES: 93 DETECTIONS: 1 TIME: 5 
SID: 352 PROCESSING: 20220505_012600.WAV SPECIES: 93 DETECTIONS: 0 TIME: 5 
SID: 353 PROCESSING: 20220505_002200.WAV SPECIES: 93 DETECTIONS: 0 TIME: 5 
SID: 354 PROCESSING: 20220505_050000.WAV SPECIES: 93 DETECTIONS: 0 TIME: 5 
SID: 355 PROCESSING: 20220505_074900.WAV SPECIES: 93 DETECTIONS: 17 TIME: 5 
SID: 356 PROCESSING: 20220505_093900.WAV SPECIES: 93 DETECTIONS: 11 TIME: 5 
SID: 357 PROCESSING: 20220505_023600.WAV SPECIES: 93 DETECTIONS: 0 TIME: 5 
SID: 358 PROCESSING: 20220505_011200.WAV SPECIES: 93 DETECTIONS: 1 TIME: 5 
SID: 359 PROCESSING: 20220505_060700.WAV SPECIES: 93 DETECTIONS: 34 TIME: 5 
SID: 360 PROCESSING: 20220505_045300.WAV SPECIES: 93 DETECTIONS: 0 TIME: 5 
SID: 361 PROCESSING: 20220505_103900.WAV SPECIES: 93 DETECTIONS: 0 TIME: 5 
SID: 362 PROCESSING: 20220505_053300.WAV SPECIES: 93 DETECTIONS: 0 TIME: 5 
SID: 363 PROCESSING: 20220505_064800.WAV SPECIES: 93 DETECTIONS: 13 TIME: 5 
SID: 364 PROCESSING: 20220505_091500.WAV SPECIES: 93 DETECTIONS: 11 TIME: 5 
SID: 365 PROCESSING: 20220505_040300.WAV SPECIES: 93 DETECTIONS: 0 TIME: 5 
SID: 366 PROCESSING: 20220505_114900.WAV SPECIES: 93 DETECTIONS: 15 TIME: 5 
SID: 367 PROCESSING: 20220505_023400.WAV SPECIES: 93 DETECTIONS: 0 TIME: 5 
SID: 368 PROCESSING: 20220505_112100.WAV SPECIES: 93 DETECTIONS: 8 TIME: 5 
SID: 369 PROCESSING: 20220505_052000.WAV SPECIES: 93 DETECTIONS: 0 TIME: 5 
SID: 370 PROCESSING: 20220505_010700.WAV SPECIES: 93 DETECTIONS: 1 TIME: 5 
SID: 371 PROCESSING: 20220505_054300.WAV SPECIES: 93 DETECTIONS: 0 TIME: 5 
SID: 372 PROCESSING: 20220505_062300.WAV SPECIES: 93 DETECTIONS: 6 TIME: 5 
SID: 373 PROCESSING: 20220505_113600.WAV SPECIES: 93 DETECTIONS: 12 TIME: 5 
SID: 374 PROCESSING: 20220505_024500.WAV SPECIES: 93 DETECTIONS: 0 TIME: 5 
SID: 375 PROCESSING: 20220505_073800.WAV SPECIES: 93 DETECTIONS: 5 TIME: 5 
SID: 376 PROCESSING: 20220505_010500.WAV SPECIES: 93 DETECTIONS: 0 TIME: 5 
SID: 377 PROCESSING: 20220505_011000.WAV SPECIES: 93 DETECTIONS: 0 TIME: 5 
SID: 378 PROCESSING: 20220505_065900.WAV SPECIES: 93 DETECTIONS: 6 TIME: 5 
SID: 379 PROCESSING: 20220505_115300.WAV SPECIES: 93 DETECTIONS: 13 TIME: 5 
SID: 380 PROCESSING: 20220505_063400.WAV SPECIES: 93 DETECTIONS: 18 TIME: 5 
SID: 381 PROCESSING: 20220505_111100.WAV SPECIES: 93 DETECTIONS: 13 TIME: 5 
SID: 382 PROCESSING: 20220505_015600.WAV SPECIES: 93 DETECTIONS: 0 TIME: 5 
SID: 383 PROCESSING: 20220505_105400.WAV SPECIES: 93 DETECTIONS: 3 TIME: 5 
SID: 384 PROCESSING: 20220505_025400.WAV SPECIES: 93 DETECTIONS: 0 TIME: 5 
SID: 385 PROCESSING: 20220505_062800.WAV SPECIES: 93 DETECTIONS: 2 TIME: 5 
SID: 386 PROCESSING: 20220505_051300.WAV SPECIES: 93 DETECTIONS: 0 TIME: 5 
SID: 387 PROCESSING: 20220505_093600.WAV SPECIES: 93 DETECTIONS: 12 TIME: 5 
SID: 388 PROCESSING: 20220505_001000.WAV SPECIES: 93 DETECTIONS: 0 TIME: 5 
SID: 389 PROCESSING: 20220505_070500.WAV SPECIES: 93 DETECTIONS: 17 TIME: 5 
SID: 390 PROCESSING: 20220505_045100.WAV SPECIES: 93 DETECTIONS: 0 TIME: 5 
SID: 391 PROCESSING: 20220505_041700.WAV SPECIES: 93 DETECTIONS: 0 TIME: 5 
SID: 392 PROCESSING: 20220505_014500.WAV SPECIES: 93 DETECTIONS: 0 TIME: 5 
SID: 393 PROCESSING: 20220505_011400.WAV SPECIES: 93 DETECTIONS: 0 TIME: 5 
SID: 394 PROCESSING: 20220505_020200.WAV SPECIES: 93 DETECTIONS: 0 TIME: 5 
SID: 395 PROCESSING: 20220505_065100.WAV SPECIES: 93 DETECTIONS: 22 TIME: 5 
SID: 396 PROCESSING: 20220505_015500.WAV SPECIES: 93 DETECTIONS: 0 TIME: 5 
SID: 397 PROCESSING: 20220505_110700.WAV SPECIES: 93 DETECTIONS: 24 TIME: 5 
SID: 398 PROCESSING: 20220505_103000.WAV SPECIES: 93 DETECTIONS: 18 TIME: 5 
SID: 399 PROCESSING: 20220505_102100.WAV SPECIES: 93 DETECTIONS: 13 TIME: 5 
SID: 400 PROCESSING: 20220505_033100.WAV SPECIES: 93 DETECTIONS: 1 TIME: 5 
SID: 401 PROCESSING: 20220505_021400.WAV SPECIES: 93 DETECTIONS: 0 TIME: 5 
SID: 402 PROCESSING: 20220505_033300.WAV SPECIES: 93 DETECTIONS: 2 TIME: 5 
SID: 403 PROCESSING: 20220505_053400.WAV SPECIES: 93 DETECTIONS: 0 TIME: 5 
SID: 404 PROCESSING: 20220505_115800.WAV SPECIES: 93 DETECTIONS: 15 TIME: 5 
SID: 405 PROCESSING: 20220505_090200.WAV SPECIES: 93 DETECTIONS: 18 TIME: 5 
SID: 406 PROCESSING: 20220505_104600.WAV SPECIES: 93 DETECTIONS: 7 TIME: 5 
SID: 407 PROCESSING: 20220505_022600.WAV SPECIES: 93 DETECTIONS: 1 TIME: 5 
SID: 408 PROCESSING: 20220505_013100.WAV SPECIES: 93 DETECTIONS: 0 TIME: 5 
SID: 409 PROCESSING: 20220505_103700.WAV SPECIES: 93 DETECTIONS: 5 TIME: 5 
SID: 410 PROCESSING: 20220505_003700.WAV SPECIES: 93 DETECTIONS: 0 TIME: 5 
SID: 411 PROCESSING: 20220505_042900.WAV SPECIES: 93 DETECTIONS: 0 TIME: 5 
SID: 412 PROCESSING: 20220505_030100.WAV SPECIES: 93 DETECTIONS: 1 TIME: 5 
SID: 413 PROCESSING: 20220505_003800.WAV SPECIES: 93 DETECTIONS: 0 TIME: 5 
SID: 414 PROCESSING: 20220505_030700.WAV SPECIES: 93 DETECTIONS: 0 TIME: 5 
SID: 415 PROCESSING: 20220505_035300.WAV SPECIES: 93 DETECTIONS: 0 TIME: 5 
SID: 416 PROCESSING: 20220505_113300.WAV SPECIES: 93 DETECTIONS: 13 TIME: 5 
SID: 417 PROCESSING: 20220505_044800.WAV SPECIES: 93 DETECTIONS: 0 TIME: 5 
SID: 418 PROCESSING: 20220505_025200.WAV SPECIES: 93 DETECTIONS: 0 TIME: 5 
SID: 419 PROCESSING: 20220505_110500.WAV SPECIES: 93 DETECTIONS: 22 TIME: 5 
SID: 420 PROCESSING: 20220505_005600.WAV SPECIES: 93 DETECTIONS: 0 TIME: 5 
SID: 421 PROCESSING: 20220505_032700.WAV SPECIES: 93 DETECTIONS: 2 TIME: 5 
SID: 422 PROCESSING: 20220505_115200.WAV SPECIES: 93 DETECTIONS: 12 TIME: 5 
SID: 423 PROCESSING: 20220505_085800.WAV SPECIES: 93 DETECTIONS: 13 TIME: 5 
SID: 424 PROCESSING: 20220505_080200.WAV SPECIES: 93 DETECTIONS: 8 TIME: 5 
SID: 425 PROCESSING: 20220505_071000.WAV SPECIES: 93 DETECTIONS: 28 TIME: 5 
SID: 426 PROCESSING: 20220505_083200.WAV SPECIES: 93 DETECTIONS: 10 TIME: 5 
SID: 427 PROCESSING: 20220505_063700.WAV SPECIES: 93 DETECTIONS: 15 TIME: 5 
SID: 428 PROCESSING: 20220505_084900.WAV SPECIES: 93 DETECTIONS: 3 TIME: 5 
SID: 429 PROCESSING: 20220505_060600.WAV SPECIES: 93 DETECTIONS: 26 TIME: 5 
SID: 430 PROCESSING: 20220505_004000.WAV SPECIES: 93 DETECTIONS: 0 TIME: 5 
SID: 431 PROCESSING: 20220505_011500.WAV SPECIES: 93 DETECTIONS: 1 TIME: 5 
SID: 432 PROCESSING: 20220505_102700.WAV SPECIES: 93 DETECTIONS: 31 TIME: 5 
SID: 433 PROCESSING: 20220505_034800.WAV SPECIES: 93 DETECTIONS: 0 TIME: 5 
SID: 434 PROCESSING: 20220505_052400.WAV SPECIES: 93 DETECTIONS: 1 TIME: 5 
SID: 435 PROCESSING: 20220505_045700.WAV SPECIES: 93 DETECTIONS: 0 TIME: 5 
SID: 436 PROCESSING: 20220505_030500.WAV SPECIES: 93 DETECTIONS: 0 TIME: 7 
SID: 437 PROCESSING: 20220505_071100.WAV SPECIES: 93 DETECTIONS: 25 TIME: 10 
SID: 438 PROCESSING: 20220505_091200.WAV SPECIES: 93 DETECTIONS: 11 TIME: 10 
SID: 439 PROCESSING: 20220505_092700.WAV SPECIES: 93 DETECTIONS: 4 TIME: 10 
SID: 440 PROCESSING: 20220505_045000.WAV SPECIES: 93 DETECTIONS: 1 TIME: 11 
SID: 441 PROCESSING: 20220505_054500.WAV SPECIES: 93 DETECTIONS: 0 TIME: 10 
SID: 442 PROCESSING: 20220505_103300.WAV SPECIES: 93 DETECTIONS: 7 TIME: 10 
SID: 443 PROCESSING: 20220505_084500.WAV SPECIES: 93 DETECTIONS: 6 TIME: 7 
SID: 444 PROCESSING: 20220505_075000.WAV SPECIES: 93 DETECTIONS: 20 TIME: 5 
SID: 445 PROCESSING: 20220505_112900.WAV SPECIES: 93 DETECTIONS: 10 TIME: 5 
SID: 446 PROCESSING: 20220505_015300.WAV SPECIES: 93 DETECTIONS: 1 TIME: 5 
SID: 447 PROCESSING: 20220505_052700.WAV SPECIES: 93 DETECTIONS: 0 TIME: 5 
SID: 448 PROCESSING: 20220505_092200.WAV SPECIES: 93 DETECTIONS: 0 TIME: 5 
SID: 449 PROCESSING: 20220505_055000.WAV SPECIES: 93 DETECTIONS: 1 TIME: 5 
SID: 450 PROCESSING: 20220505_072600.WAV SPECIES: 93 DETECTIONS: 5 TIME: 5 
SID: 451 PROCESSING: 20220505_110200.WAV SPECIES: 93 DETECTIONS: 23 TIME: 5 
SID: 452 PROCESSING: 20220505_111300.WAV SPECIES: 93 DETECTIONS: 39 TIME: 5 
SID: 453 PROCESSING: 20220505_052800.WAV SPECIES: 93 DETECTIONS: 0 TIME: 5 
SID: 454 PROCESSING: 20220505_075800.WAV SPECIES: 93 DETECTIONS: 22 TIME: 5 
SID: 455 PROCESSING: 20220505_100200.WAV SPECIES: 93 DETECTIONS: 1 TIME: 5 
SID: 456 PROCESSING: 20220505_000200.WAV SPECIES: 93 DETECTIONS: 0 TIME: 5 
SID: 457 PROCESSING: 20220505_095200.WAV SPECIES: 93 DETECTIONS: 10 TIME: 5 
SID: 458 PROCESSING: 20220505_042500.WAV SPECIES: 93 DETECTIONS: 1 TIME: 7 
SID: 459 PROCESSING: 20220505_032800.WAV SPECIES: 93 DETECTIONS: 0 TIME: 7 
SID: 460 PROCESSING: 20220505_003100.WAV SPECIES: 93 DETECTIONS: 4 TIME: 5 
SID: 461 PROCESSING: 20220505_031200.WAV SPECIES: 93 DETECTIONS: 0 TIME: 5 
SID: 462 PROCESSING: 20220505_065000.WAV SPECIES: 93 DETECTIONS: 29 TIME: 5 
SID: 463 PROCESSING: 20220505_083600.WAV SPECIES: 93 DETECTIONS: 16 TIME: 5 
SID: 464 PROCESSING: 20220505_072700.WAV SPECIES: 93 DETECTIONS: 6 TIME: 5 
SID: 465 PROCESSING: 20220505_080100.WAV SPECIES: 93 DETECTIONS: 30 TIME: 5 
SID: 466 PROCESSING: 20220505_024400.WAV SPECIES: 93 DETECTIONS: 0 TIME: 5 
SID: 467 PROCESSING: 20220505_054400.WAV SPECIES: 93 DETECTIONS: 0 TIME: 5 
SID: 468 PROCESSING: 20220505_001400.WAV SPECIES: 93 DETECTIONS: 2 TIME: 5 
SID: 469 PROCESSING: 20220505_023200.WAV SPECIES: 93 DETECTIONS: 1 TIME: 5 
SID: 470 PROCESSING: 20220505_092000.WAV SPECIES: 93 DETECTIONS: 1 TIME: 5 
SID: 471 PROCESSING: 20220505_081400.WAV SPECIES: 93 DETECTIONS: 28 TIME: 11 
SID: 472 PROCESSING: 20220505_070700.WAV SPECIES: 93 DETECTIONS: 25 TIME: 11 
SID: 473 PROCESSING: 20220505_105200.WAV SPECIES: 93 DETECTIONS: 12 TIME: 11 
SID: 474 PROCESSING: 20220505_105900.WAV SPECIES: 93 DETECTIONS: 18 TIME: 11 
SID: 475 PROCESSING: 20220505_073300.WAV SPECIES: 93 DETECTIONS: 15 TIME: 11 
SID: 476 PROCESSING: 20220505_101200.WAV SPECIES: 93 DETECTIONS: 0 TIME: 11 
SID: 477 PROCESSING: 20220505_022700.WAV SPECIES: 93 DETECTIONS: 0 TIME: 11 
SID: 478 PROCESSING: 20220505_060400.WAV SPECIES: 93 DETECTIONS: 26 TIME: 11 
SID: 479 PROCESSING: 20220505_053500.WAV SPECIES: 93 DETECTIONS: 0 TIME: 10 
SID: 480 PROCESSING: 20220505_005500.WAV SPECIES: 93 DETECTIONS: 0 TIME: 10 
SID: 481 PROCESSING: 20220505_054600.WAV SPECIES: 93 DETECTIONS: 0 TIME: 10 
SID: 482 PROCESSING: 20220505_081200.WAV SPECIES: 93 DETECTIONS: 5 TIME: 10 
SID: 483 PROCESSING: 20220505_073400.WAV SPECIES: 93 DETECTIONS: 5 TIME: 10 
SID: 484 PROCESSING: 20220505_094700.WAV SPECIES: 93 DETECTIONS: 15 TIME: 11 
SID: 485 PROCESSING: 20220505_031300.WAV SPECIES: 93 DETECTIONS: 0 TIME: 10 
SID: 486 PROCESSING: 20220505_084600.WAV SPECIES: 93 DETECTIONS: 4 TIME: 7 
SID: 487 PROCESSING: 20220505_054800.WAV SPECIES: 93 DETECTIONS: 0 TIME: 12 
SID: 488 PROCESSING: 20220505_043500.WAV SPECIES: 93 DETECTIONS: 0 TIME: 7 
SID: 489 PROCESSING: 20220505_092100.WAV SPECIES: 93 DETECTIONS: 3 TIME: 9 
SID: 490 PROCESSING: 20220505_085200.WAV SPECIES: 93 DETECTIONS: 5 TIME: 11 
SID: 491 PROCESSING: 20220505_073000.WAV SPECIES: 93 DETECTIONS: 11 TIME: 11 
SID: 492 PROCESSING: 20220505_004900.WAV SPECIES: 93 DETECTIONS: 2 TIME: 11 
SID: 493 PROCESSING: 20220505_044200.WAV SPECIES: 93 DETECTIONS: 0 TIME: 10 
SID: 494 PROCESSING: 20220505_113900.WAV SPECIES: 93 DETECTIONS: 9 TIME: 11 
SID: 495 PROCESSING: 20220505_015800.WAV SPECIES: 93 DETECTIONS: 1 TIME: 11 
SID: 496 PROCESSING: 20220505_025000.WAV SPECIES: 93 DETECTIONS: 0 TIME: 10 
SID: 497 PROCESSING: 20220505_005800.WAV SPECIES: 93 DETECTIONS: 0 TIME: 11 
SID: 498 PROCESSING: 20220505_000800.WAV SPECIES: 93 DETECTIONS: 0 TIME: 11 
SID: 499 PROCESSING: 20220505_065700.WAV SPECIES: 93 DETECTIONS: 14 TIME: 11 
SID: 500 PROCESSING: 20220505_094800.WAV SPECIES: 93 DETECTIONS: 7 TIME: 10 
SID: 501 PROCESSING: 20220505_023900.WAV SPECIES: 93 DETECTIONS: 0 TIME: 11 
SID: 502 PROCESSING: 20220505_080800.WAV SPECIES: 93 DETECTIONS: 4 TIME: 10 
SID: 503 PROCESSING: 20220505_014800.WAV SPECIES: 93 DETECTIONS: 0 TIME: 10 
SID: 504 PROCESSING: 20220505_082200.WAV SPECIES: 93 DETECTIONS: 3 TIME: 11 
SID: 505 PROCESSING: 20220505_004600.WAV SPECIES: 93 DETECTIONS: 3 TIME: 11 
SID: 506 PROCESSING: 20220505_090300.WAV SPECIES: 93 DETECTIONS: 21 TIME: 11 
SID: 507 PROCESSING: 20220505_085900.WAV SPECIES: 93 DETECTIONS: 8 TIME: 11 
SID: 508 PROCESSING: 20220505_074000.WAV SPECIES: 93 DETECTIONS: 18 TIME: 10 
SID: 509 PROCESSING: 20220505_101600.WAV SPECIES: 93 DETECTIONS: 14 TIME: 10 
SID: 510 PROCESSING: 20220505_071300.WAV SPECIES: 93 DETECTIONS: 24 TIME: 12 
SID: 511 PROCESSING: 20220505_031000.WAV SPECIES: 93 DETECTIONS: 0 TIME: 11 
SID: 512 PROCESSING: 20220505_070600.WAV SPECIES: 93 DETECTIONS: 27 TIME: 11 
SID: 513 PROCESSING: 20220505_034200.WAV SPECIES: 93 DETECTIONS: 0 TIME: 11 
SID: 514 PROCESSING: 20220505_013300.WAV SPECIES: 93 DETECTIONS: 0 TIME: 11 
SID: 515 PROCESSING: 20220505_115400.WAV SPECIES: 93 DETECTIONS: 9 TIME: 11 
SID: 516 PROCESSING: 20220505_030200.WAV SPECIES: 93 DETECTIONS: 0 TIME: 10 
SID: 517 PROCESSING: 20220505_104800.WAV SPECIES: 93 DETECTIONS: 12 TIME: 10 
SID: 518 PROCESSING: 20220505_045600.WAV SPECIES: 93 DETECTIONS: 0 TIME: 11 
SID: 519 PROCESSING: 20220505_114300.WAV SPECIES: 93 DETECTIONS: 15 TIME: 11 
SID: 520 PROCESSING: 20220505_112200.WAV SPECIES: 93 DETECTIONS: 11 TIME: 11 
SID: 521 PROCESSING: 20220505_020500.WAV SPECIES: 93 DETECTIONS: 0 TIME: 11 
SID: 522 PROCESSING: 20220505_093700.WAV SPECIES: 93 DETECTIONS: 5 TIME: 11 
SID: 523 PROCESSING: 20220505_034700.WAV SPECIES: 93 DETECTIONS: 0 TIME: 11 
SID: 524 PROCESSING: 20220505_034000.WAV SPECIES: 93 DETECTIONS: 5 TIME: 11 
SID: 525 PROCESSING: 20220505_014700.WAV SPECIES: 93 DETECTIONS: 0 TIME: 11 
SID: 526 PROCESSING: 20220505_092500.WAV SPECIES: 93 DETECTIONS: 10 TIME: 10 
SID: 527 PROCESSING: 20220505_062600.WAV SPECIES: 93 DETECTIONS: 9 TIME: 11 
SID: 528 PROCESSING: 20220505_093800.WAV SPECIES: 93 DETECTIONS: 5 TIME: 10 
SID: 529 PROCESSING: 20220505_105700.WAV SPECIES: 93 DETECTIONS: 11 TIME: 11 
SID: 530 PROCESSING: 20220505_095300.WAV SPECIES: 93 DETECTIONS: 16 TIME: 11 
SID: 531 PROCESSING: 20220505_024000.WAV SPECIES: 93 DETECTIONS: 0 TIME: 11 
SID: 532 PROCESSING: 20220505_044000.WAV SPECIES: 93 DETECTIONS: 0 TIME: 11 
SID: 533 PROCESSING: 20220505_090600.WAV SPECIES: 93 DETECTIONS: 2 TIME: 11 
SID: 534 PROCESSING: 20220505_080400.WAV SPECIES: 93 DETECTIONS: 17 TIME: 11 
SID: 535 PROCESSING: 20220505_084700.WAV SPECIES: 93 DETECTIONS: 7 TIME: 11 
SID: 536 PROCESSING: 20220505_020700.WAV SPECIES: 93 DETECTIONS: 0 TIME: 7 
SID: 537 PROCESSING: 20220505_040100.WAV SPECIES: 93 DETECTIONS: 0 TIME: 11 
SID: 538 PROCESSING: 20220505_075100.WAV SPECIES: 93 DETECTIONS: 18 TIME: 11 
SID: 539 PROCESSING: 20220505_022800.WAV SPECIES: 93 DETECTIONS: 1 TIME: 10 
SID: 540 PROCESSING: 20220505_053100.WAV SPECIES: 93 DETECTIONS: 0 TIME: 11 
SID: 541 PROCESSING: 20220505_093300.WAV SPECIES: 93 DETECTIONS: 2 TIME: 11 
SID: 542 PROCESSING: 20220505_040000.WAV SPECIES: 93 DETECTIONS: 0 TIME: 11 
SID: 543 PROCESSING: 20220505_003500.WAV SPECIES: 93 DETECTIONS: 2 TIME: 10 
SID: 544 PROCESSING: 20220505_072200.WAV SPECIES: 93 DETECTIONS: 4 TIME: 10 
SID: 545 PROCESSING: 20220505_113200.WAV SPECIES: 93 DETECTIONS: 1 TIME: 10 
SID: 546 PROCESSING: 20220505_010600.WAV SPECIES: 93 DETECTIONS: 0 TIME: 11 
SID: 547 PROCESSING: 20220505_110000.WAV SPECIES: 93 DETECTIONS: 15 TIME: 10 
SID: 548 PROCESSING: 20220505_040700.WAV SPECIES: 93 DETECTIONS: 0 TIME: 11 
SID: 549 PROCESSING: 20220505_014300.WAV SPECIES: 93 DETECTIONS: 0 TIME: 10 
SID: 550 PROCESSING: 20220505_035400.WAV SPECIES: 93 DETECTIONS: 0 TIME: 10 
SID: 551 PROCESSING: 20220505_055500.WAV SPECIES: 93 DETECTIONS: 13 TIME: 10 
SID: 552 PROCESSING: 20220505_032600.WAV SPECIES: 93 DETECTIONS: 1 TIME: 10 
SID: 553 PROCESSING: 20220505_021800.WAV SPECIES: 93 DETECTIONS: 2 TIME: 10 
SID: 554 PROCESSING: 20220505_100600.WAV SPECIES: 93 DETECTIONS: 6 TIME: 11 
SID: 555 PROCESSING: 20220505_075700.WAV SPECIES: 93 DETECTIONS: 15 TIME: 11 
SID: 556 PROCESSING: 20220505_112600.WAV SPECIES: 93 DETECTIONS: 2 TIME: 11 
SID: 557 PROCESSING: 20220505_001800.WAV SPECIES: 93 DETECTIONS: 4 TIME: 11 
SID: 558 PROCESSING: 20220505_021100.WAV SPECIES: 93 DETECTIONS: 1 TIME: 11 
SID: 559 PROCESSING: 20220505_110600.WAV SPECIES: 93 DETECTIONS: 18 TIME: 10 
SID: 560 PROCESSING: 20220505_095600.WAV SPECIES: 93 DETECTIONS: 0 TIME: 10 
SID: 561 PROCESSING: 20220505_094300.WAV SPECIES: 93 DETECTIONS: 3 TIME: 11 
SID: 562 PROCESSING: 20220505_004300.WAV SPECIES: 93 DETECTIONS: 3 TIME: 11 
SID: 563 PROCESSING: 20220505_045800.WAV SPECIES: 93 DETECTIONS: 0 TIME: 11 
SID: 564 PROCESSING: 20220505_102900.WAV SPECIES: 93 DETECTIONS: 20 TIME: 11 
SID: 565 PROCESSING: 20220505_094500.WAV SPECIES: 93 DETECTIONS: 0 TIME: 11 
SID: 566 PROCESSING: 20220505_032000.WAV SPECIES: 93 DETECTIONS: 0 TIME: 11 
SID: 567 PROCESSING: 20220505_051600.WAV SPECIES: 93 DETECTIONS: 2 TIME: 11 
SID: 568 PROCESSING: 20220505_084200.WAV SPECIES: 93 DETECTIONS: 18 TIME: 11 
SID: 569 PROCESSING: 20220505_073200.WAV SPECIES: 93 DETECTIONS: 14 TIME: 11 
SID: 570 PROCESSING: 20220505_035600.WAV SPECIES: 93 DETECTIONS: 0 TIME: 11 
SID: 571 PROCESSING: 20220505_051200.WAV SPECIES: 93 DETECTIONS: 0 TIME: 11 
SID: 572 PROCESSING: 20220505_061900.WAV SPECIES: 93 DETECTIONS: 5 TIME: 11 
SID: 573 PROCESSING: 20220505_091900.WAV SPECIES: 93 DETECTIONS: 0 TIME: 11 
SID: 574 PROCESSING: 20220505_025900.WAV SPECIES: 93 DETECTIONS: 0 TIME: 11 
SID: 575 PROCESSING: 20220505_093400.WAV SPECIES: 93 DETECTIONS: 3 TIME: 11 
SID: 576 PROCESSING: 20220505_001700.WAV SPECIES: 93 DETECTIONS: 0 TIME: 11 
SID: 577 PROCESSING: 20220505_051400.WAV SPECIES: 93 DETECTIONS: 0 TIME: 11 
SID: 578 PROCESSING: 20220505_111200.WAV SPECIES: 93 DETECTIONS: 24 TIME: 11 
SID: 579 PROCESSING: 20220505_064400.WAV SPECIES: 93 DETECTIONS: 21 TIME: 12 
SID: 580 PROCESSING: 20220505_002600.WAV SPECIES: 93 DETECTIONS: 2 TIME: 11 
SID: 581 PROCESSING: 20220505_011300.WAV SPECIES: 93 DETECTIONS: 0 TIME: 11 
SID: 582 PROCESSING: 20220505_010000.WAV SPECIES: 93 DETECTIONS: 1 TIME: 11 
SID: 583 PROCESSING: 20220505_030800.WAV SPECIES: 93 DETECTIONS: 0 TIME: 11 
SID: 584 PROCESSING: 20220505_091300.WAV SPECIES: 93 DETECTIONS: 13 TIME: 11 
SID: 585 PROCESSING: 20220505_101100.WAV SPECIES: 93 DETECTIONS: 0 TIME: 11 
SID: 586 PROCESSING: 20220505_063500.WAV SPECIES: 93 DETECTIONS: 13 TIME: 11 
SID: 587 PROCESSING: 20220505_001300.WAV SPECIES: 93 DETECTIONS: 2 TIME: 11 
SID: 588 PROCESSING: 20220505_044600.WAV SPECIES: 93 DETECTIONS: 0 TIME: 11 
SID: 589 PROCESSING: 20220505_072500.WAV SPECIES: 93 DETECTIONS: 5 TIME: 11 
SID: 590 PROCESSING: 20220505_115500.WAV SPECIES: 93 DETECTIONS: 5 TIME: 11 
SID: 591 PROCESSING: 20220505_081100.WAV SPECIES: 93 DETECTIONS: 20 TIME: 11 
SID: 592 PROCESSING: 20220505_064100.WAV SPECIES: 93 DETECTIONS: 17 TIME: 11 
SID: 593 PROCESSING: 20220505_052600.WAV SPECIES: 93 DETECTIONS: 0 TIME: 5 
SID: 594 PROCESSING: 20220505_000500.WAV SPECIES: 93 DETECTIONS: 1 TIME: 5 
SID: 595 PROCESSING: 20220505_055400.WAV SPECIES: 93 DETECTIONS: 16 TIME: 5 
SID: 596 PROCESSING: 20220505_114200.WAV SPECIES: 93 DETECTIONS: 12 TIME: 5 
SID: 597 PROCESSING: 20220505_083400.WAV SPECIES: 93 DETECTIONS: 12 TIME: 11 
SID: 598 PROCESSING: 20220505_101900.WAV SPECIES: 93 DETECTIONS: 23 TIME: 10 
SID: 599 PROCESSING: 20220505_041800.WAV SPECIES: 93 DETECTIONS: 0 TIME: 10 
SID: 600 PROCESSING: 20220505_105500.WAV SPECIES: 93 DETECTIONS: 1 TIME: 11 
SID: 601 PROCESSING: 20220505_085000.WAV SPECIES: 93 DETECTIONS: 10 TIME: 11 
SID: 602 PROCESSING: 20220505_035500.WAV SPECIES: 93 DETECTIONS: 0 TIME: 11 
SID: 603 PROCESSING: 20220505_002100.WAV SPECIES: 93 DETECTIONS: 1 TIME: 11 
SID: 604 PROCESSING: 20220505_115700.WAV SPECIES: 93 DETECTIONS: 6 TIME: 11 
SID: 605 PROCESSING: 20220505_012500.WAV SPECIES: 93 DETECTIONS: 0 TIME: 9 
SID: 606 PROCESSING: 20220505_025300.WAV SPECIES: 93 DETECTIONS: 0 TIME: 5 
SID: 607 PROCESSING: 20220505_090800.WAV SPECIES: 93 DETECTIONS: 12 TIME: 5 
SID: 608 PROCESSING: 20220505_041500.WAV SPECIES: 93 DETECTIONS: 0 TIME: 5 
SID: 609 PROCESSING: 20220505_101800.WAV SPECIES: 93 DETECTIONS: 18 TIME: 5 
SID: 610 PROCESSING: 20220505_081700.WAV SPECIES: 93 DETECTIONS: 29 TIME: 5 
SID: 611 PROCESSING: 20220505_104100.WAV SPECIES: 93 DETECTIONS: 4 TIME: 5 
SID: 612 PROCESSING: 20220505_065500.WAV SPECIES: 93 DETECTIONS: 18 TIME: 5 
SID: 613 PROCESSING: 20220505_114700.WAV SPECIES: 93 DETECTIONS: 10 TIME: 5 
SID: 614 PROCESSING: 20220505_084300.WAV SPECIES: 93 DETECTIONS: 27 TIME: 5 
SID: 615 PROCESSING: 20220505_044100.WAV SPECIES: 93 DETECTIONS: 0 TIME: 5 
SID: 616 PROCESSING: 20220505_054100.WAV SPECIES: 93 DETECTIONS: 1 TIME: 5 
SID: 617 PROCESSING: 20220505_104200.WAV SPECIES: 93 DETECTIONS: 0 TIME: 5 
SID: 618 PROCESSING: 20220505_063900.WAV SPECIES: 93 DETECTIONS: 18 TIME: 5 
SID: 619 PROCESSING: 20220505_004200.WAV SPECIES: 93 DETECTIONS: 0 TIME: 5 
SID: 620 PROCESSING: 20220505_031700.WAV SPECIES: 93 DETECTIONS: 0 TIME: 5 
SID: 621 PROCESSING: 20220505_092900.WAV SPECIES: 93 DETECTIONS: 6 TIME: 5 
SID: 622 PROCESSING: 20220505_025600.WAV SPECIES: 93 DETECTIONS: 2 TIME: 5 
SID: 623 PROCESSING: 20220505_010200.WAV SPECIES: 93 DETECTIONS: 0 TIME: 5 
SID: 624 PROCESSING: 20220505_102600.WAV SPECIES: 93 DETECTIONS: 34 TIME: 5 
SID: 625 PROCESSING: 20220505_033600.WAV SPECIES: 93 DETECTIONS: 0 TIME: 5 
SID: 626 PROCESSING: 20220505_114800.WAV SPECIES: 93 DETECTIONS: 17 TIME: 5 
SID: 627 PROCESSING: 20220505_100700.WAV SPECIES: 93 DETECTIONS: 1 TIME: 5 
SID: 628 PROCESSING: 20220505_000700.WAV SPECIES: 93 DETECTIONS: 0 TIME: 5 
SID: 629 PROCESSING: 20220505_111500.WAV SPECIES: 93 DETECTIONS: 17 TIME: 5 
SID: 630 PROCESSING: 20220505_042300.WAV SPECIES: 93 DETECTIONS: 2 TIME: 5 
SID: 631 PROCESSING: 20220505_015900.WAV SPECIES: 93 DETECTIONS: 0 TIME: 5 
SID: 632 PROCESSING: 20220505_104500.WAV SPECIES: 93 DETECTIONS: 1 TIME: 5 
SID: 633 PROCESSING: 20220505_012100.WAV SPECIES: 93 DETECTIONS: 1 TIME: 5 
SID: 634 PROCESSING: 20220505_004500.WAV SPECIES: 93 DETECTIONS: 3 TIME: 5 
SID: 635 PROCESSING: 20220505_033400.WAV SPECIES: 93 DETECTIONS: 0 TIME: 5 
SID: 636 PROCESSING: 20220505_051700.WAV SPECIES: 93 DETECTIONS: 0 TIME: 5 
SID: 637 PROCESSING: 20220505_083500.WAV SPECIES: 93 DETECTIONS: 17 TIME: 5 
SID: 638 PROCESSING: 20220505_044900.WAV SPECIES: 93 DETECTIONS: 0 TIME: 5 
SID: 639 PROCESSING: 20220505_041600.WAV SPECIES: 93 DETECTIONS: 0 TIME: 5 
SID: 640 PROCESSING: 20220505_014200.WAV SPECIES: 93 DETECTIONS: 0 TIME: 5 
SID: 641 PROCESSING: 20220505_045400.WAV SPECIES: 93 DETECTIONS: 0 TIME: 5 
SID: 642 PROCESSING: 20220505_114400.WAV SPECIES: 93 DETECTIONS: 9 TIME: 5 
SID: 643 PROCESSING: 20220505_010300.WAV SPECIES: 93 DETECTIONS: 2 TIME: 5 
SID: 644 PROCESSING: 20220505_003400.WAV SPECIES: 93 DETECTIONS: 1 TIME: 5 
SID: 645 PROCESSING: 20220505_000100.WAV SPECIES: 93 DETECTIONS: 0 TIME: 5 
SID: 646 PROCESSING: 20220505_083100.WAV SPECIES: 93 DETECTIONS: 9 TIME: 5 
SID: 647 PROCESSING: 20220505_034500.WAV SPECIES: 93 DETECTIONS: 0 TIME: 5 
SID: 648 PROCESSING: 20220505_071900.WAV SPECIES: 93 DETECTIONS: 23 TIME: 5 
SID: 649 PROCESSING: 20220505_030900.WAV SPECIES: 93 DETECTIONS: 1 TIME: 5 
SID: 650 PROCESSING: 20220505_071700.WAV SPECIES: 93 DETECTIONS: 15 TIME: 5 
SID: 651 PROCESSING: 20220505_050500.WAV SPECIES: 93 DETECTIONS: 0 TIME: 5 
SID: 652 PROCESSING: 20220505_034600.WAV SPECIES: 93 DETECTIONS: 0 TIME: 5 
SID: 653 PROCESSING: 20220505_060800.WAV SPECIES: 93 DETECTIONS: 29 TIME: 5 
SID: 654 PROCESSING: 20220505_051900.WAV SPECIES: 93 DETECTIONS: 0 TIME: 5 
SID: 655 PROCESSING: 20220505_111600.WAV SPECIES: 93 DETECTIONS: 19 TIME: 5 
SID: 656 PROCESSING: 20220505_064200.WAV SPECIES: 93 DETECTIONS: 25 TIME: 5 
SID: 657 PROCESSING: 20220505_100400.WAV SPECIES: 93 DETECTIONS: 6 TIME: 5 
SID: 658 PROCESSING: 20220505_020800.WAV SPECIES: 93 DETECTIONS: 0 TIME: 5 
SID: 659 PROCESSING: 20220505_013700.WAV SPECIES: 93 DETECTIONS: 1 TIME: 5 
SID: 660 PROCESSING: 20220505_091000.WAV SPECIES: 93 DETECTIONS: 12 TIME: 5 
SID: 661 PROCESSING: 20220505_084400.WAV SPECIES: 93 DETECTIONS: 17 TIME: 5 
SID: 662 PROCESSING: 20220505_102300.WAV SPECIES: 93 DETECTIONS: 13 TIME: 5 
SID: 663 PROCESSING: 20220505_031900.WAV SPECIES: 93 DETECTIONS: 0 TIME: 5 
SID: 664 PROCESSING: 20220505_071400.WAV SPECIES: 93 DETECTIONS: 23 TIME: 5 
SID: 665 PROCESSING: 20220505_035000.WAV SPECIES: 93 DETECTIONS: 0 TIME: 5 
SID: 666 PROCESSING: 20220505_080500.WAV SPECIES: 93 DETECTIONS: 2 TIME: 5 
SID: 667 PROCESSING: 20220505_074300.WAV SPECIES: 93 DETECTIONS: 9 TIME: 5 
SID: 668 PROCESSING: 20220505_005300.WAV SPECIES: 93 DETECTIONS: 0 TIME: 5 
SID: 669 PROCESSING: 20220505_072400.WAV SPECIES: 93 DETECTIONS: 19 TIME: 5 
SID: 670 PROCESSING: 20220505_000300.WAV SPECIES: 93 DETECTIONS: 0 TIME: 5 
SID: 671 PROCESSING: 20220505_103100.WAV SPECIES: 93 DETECTIONS: 16 TIME: 5 
SID: 672 PROCESSING: 20220505_003600.WAV SPECIES: 93 DETECTIONS: 0 TIME: 5 
SID: 673 PROCESSING: 20220505_082000.WAV SPECIES: 93 DETECTIONS: 15 TIME: 5 
SID: 674 PROCESSING: 20220505_113500.WAV SPECIES: 93 DETECTIONS: 17 TIME: 5 
SID: 675 PROCESSING: 20220505_095500.WAV SPECIES: 93 DETECTIONS: 1 TIME: 5 
SID: 676 PROCESSING: 20220505_045200.WAV SPECIES: 93 DETECTIONS: 0 TIME: 5 
SID: 677 PROCESSING: 20220505_033800.WAV SPECIES: 93 