FILES IN DATASET: 719 
LOADING SNAPSHOT BirdNET_Soundscape_Model.pkl ... DONE! 
BUILDING BirdNET MODEL... DONE! 
IMPORTING MODEL PARAMS... DONE! 
COMPILING THEANO TEST FUNCTION FUNCTION... INFO (theano.gof.compilelock): Waiting for existing lock by process '819510' (I am process '4061835')
INFO (theano.gof.compilelock): To manually release the lock, delete /scratch/vl1019/.theano/compiledir_Linux-4.18-el8_4.x86_64-x86_64-with-redhat-8.4-Ootpa-x86_64-3.7.13-64/lock_dir
INFO (theano.gof.compilelock): Waiting for existing lock by process '447389' (I am process '4061835')
INFO (theano.gof.compilelock): To manually release the lock, delete /scratch/vl1019/.theano/compiledir_Linux-4.18-el8_4.x86_64-x86_64-with-redhat-8.4-Ootpa-x86_64-3.7.13-64/lock_dir
INFO (theano.gof.compilelock): Waiting for existing lock by process '819548' (I am process '4061835')
INFO (theano.gof.compilelock): To manually release the lock, delete /scratch/vl1019/.theano/compiledir_Linux-4.18-el8_4.x86_64-x86_64-with-redhat-8.4-Ootpa-x86_64-3.7.13-64/lock_dir
DONE! 
LOADING eBIRD GRID DATA... DONE! 13800 GRID CELLS 
SID: 1 PROCESSING: 20220510_001100.WAV SPECIES: 97 DETECTIONS: 0 TIME: 6 
SID: 2 PROCESSING: 20220510_113000.WAV SPECIES: 97 DETECTIONS: 6 TIME: 6 
SID: 3 PROCESSING: 20220510_092500.WAV SPECIES: 97 DETECTIONS: 15 TIME: 6 
SID: 4 PROCESSING: 20220510_043400.WAV SPECIES: 97 DETECTIONS: 2 TIME: 6 
SID: 5 PROCESSING: 20220510_114600.WAV SPECIES: 97 DETECTIONS: 17 TIME: 6 
SID: 6 PROCESSING: 20220510_002600.WAV SPECIES: 97 DETECTIONS: 0 TIME: 6 
SID: 7 PROCESSING: 20220510_093000.WAV SPECIES: 97 DETECTIONS: 11 TIME: 6 
SID: 8 PROCESSING: 20220510_031700.WAV SPECIES: 97 DETECTIONS: 14 TIME: 6 
SID: 9 PROCESSING: 20220510_005800.WAV SPECIES: 97 DETECTIONS: 0 TIME: 6 
SID: 10 PROCESSING: 20220510_044500.WAV SPECIES: 97 DETECTIONS: 9 TIME: 6 
SID: 11 PROCESSING: 20220510_041600.WAV SPECIES: 97 DETECTIONS: 12 TIME: 6 
SID: 12 PROCESSING: 20220510_063000.WAV SPECIES: 97 DETECTIONS: 30 TIME: 6 
SID: 13 PROCESSING: 20220510_075800.WAV SPECIES: 97 DETECTIONS: 17 TIME: 6 
SID: 14 PROCESSING: 20220510_032700.WAV SPECIES: 97 DETECTIONS: 5 TIME: 6 
SID: 15 PROCESSING: 20220510_103500.WAV SPECIES: 97 DETECTIONS: 14 TIME: 6 
SID: 16 PROCESSING: 20220510_003300.WAV SPECIES: 97 DETECTIONS: 0 TIME: 6 
SID: 17 PROCESSING: 20220510_000700.WAV SPECIES: 97 DETECTIONS: 0 TIME: 6 
SID: 18 PROCESSING: 20220510_025000.WAV SPECIES: 97 DETECTIONS: 0 TIME: 6 
SID: 19 PROCESSING: 20220510_075700.WAV SPECIES: 97 DETECTIONS: 15 TIME: 6 
SID: 20 PROCESSING: 20220510_071100.WAV SPECIES: 97 DETECTIONS: 14 TIME: 6 
SID: 21 PROCESSING: 20220510_112000.WAV SPECIES: 97 DETECTIONS: 17 TIME: 6 
SID: 22 PROCESSING: 20220510_050400.WAV SPECIES: 97 DETECTIONS: 9 TIME: 6 
SID: 23 PROCESSING: 20220510_023500.WAV SPECIES: 97 DETECTIONS: 6 TIME: 6 
SID: 24 PROCESSING: 20220510_014900.WAV SPECIES: 97 DETECTIONS: 0 TIME: 6 
SID: 25 PROCESSING: 20220510_033000.WAV SPECIES: 97 DETECTIONS: 9 TIME: 6 
SID: 26 PROCESSING: 20220510_110200.WAV SPECIES: 97 DETECTIONS: 15 TIME: 6 
SID: 27 PROCESSING: 20220510_040700.WAV SPECIES: 97 DETECTIONS: 1 TIME: 6 
SID: 28 PROCESSING: 20220510_064000.WAV SPECIES: 97 DETECTIONS: 19 TIME: 6 
SID: 29 PROCESSING: 20220510_083500.WAV SPECIES: 97 DETECTIONS: 13 TIME: 6 
SID: 30 PROCESSING: 20220510_114700.WAV SPECIES: 97 DETECTIONS: 11 TIME: 6 
SID: 31 PROCESSING: 20220510_024000.WAV SPECIES: 97 DETECTIONS: 0 TIME: 6 
SID: 32 PROCESSING: 20220510_072600.WAV SPECIES: 97 DETECTIONS: 0 TIME: 6 
SID: 33 PROCESSING: 20220510_091100.WAV SPECIES: 97 DETECTIONS: 17 TIME: 6 
SID: 34 PROCESSING: 20220510_104600.WAV SPECIES: 97 DETECTIONS: 17 TIME: 6 
SID: 35 PROCESSING: 20220510_014200.WAV SPECIES: 97 DETECTIONS: 0 TIME: 6 
SID: 36 PROCESSING: 20220510_111000.WAV SPECIES: 97 DETECTIONS: 23 TIME: 6 
SID: 37 PROCESSING: 20220510_070800.WAV SPECIES: 97 DETECTIONS: 16 TIME: 6 
SID: 38 PROCESSING: 20220510_054700.WAV SPECIES: 97 DETECTIONS: 0 TIME: 6 
SID: 39 PROCESSING: 20220510_091300.WAV SPECIES: 97 DETECTIONS: 17 TIME: 6 
SID: 40 PROCESSING: 20220510_093200.WAV SPECIES: 97 DETECTIONS: 22 TIME: 6 
SID: 41 PROCESSING: 20220510_055800.WAV SPECIES: 97 DETECTIONS: 35 TIME: 6 
SID: 42 PROCESSING: 20220510_002500.WAV SPECIES: 97 DETECTIONS: 0 TIME: 6 
SID: 43 PROCESSING: 20220510_021000.WAV SPECIES: 97 DETECTIONS: 0 TIME: 6 
SID: 44 PROCESSING: 20220510_001700.WAV SPECIES: 97 DETECTIONS: 1 TIME: 6 
SID: 45 PROCESSING: 20220510_014000.WAV SPECIES: 97 DETECTIONS: 2 TIME: 6 
SID: 46 PROCESSING: 20220510_032600.WAV SPECIES: 97 DETECTIONS: 15 TIME: 6 
SID: 47 PROCESSING: 20220510_010600.WAV SPECIES: 97 DETECTIONS: 0 TIME: 6 
SID: 48 PROCESSING: 20220510_033200.WAV SPECIES: 97 DETECTIONS: 9 TIME: 6 
SID: 49 PROCESSING: 20220510_012100.WAV SPECIES: 97 DETECTIONS: 0 TIME: 6 
SID: 50 PROCESSING: 20220510_033400.WAV SPECIES: 97 DETECTIONS: 5 TIME: 6 
SID: 51 PROCESSING: 20220510_081400.WAV SPECIES: 97 DETECTIONS: 17 TIME: 6 
SID: 52 PROCESSING: 20220510_050300.WAV SPECIES: 97 DETECTIONS: 9 TIME: 6 
SID: 53 PROCESSING: 20220510_062900.WAV SPECIES: 97 DETECTIONS: 20 TIME: 6 
SID: 54 PROCESSING: 20220510_083100.WAV SPECIES: 97 DETECTIONS: 22 TIME: 6 
SID: 55 PROCESSING: 20220510_070300.WAV SPECIES: 97 DETECTIONS: 18 TIME: 6 
SID: 56 PROCESSING: 20220510_110400.WAV SPECIES: 97 DETECTIONS: 17 TIME: 6 
SID: 57 PROCESSING: 20220510_005300.WAV SPECIES: 97 DETECTIONS: 1 TIME: 6 
SID: 58 PROCESSING: 20220510_030700.WAV SPECIES: 97 DETECTIONS: 10 TIME: 6 
SID: 59 PROCESSING: 20220510_072800.WAV SPECIES: 97 DETECTIONS: 10 TIME: 6 
SID: 60 PROCESSING: 20220510_064600.WAV SPECIES: 97 DETECTIONS: 22 TIME: 6 
SID: 61 PROCESSING: 20220510_085500.WAV SPECIES: 97 DETECTIONS: 15 TIME: 6 
SID: 62 PROCESSING: 20220510_020600.WAV SPECIES: 97 DETECTIONS: 0 TIME: 6 
SID: 63 PROCESSING: 20220510_034000.WAV SPECIES: 97 DETECTIONS: 0 TIME: 6 
SID: 64 PROCESSING: 20220510_033800.WAV SPECIES: 97 DETECTIONS: 8 TIME: 6 
SID: 65 PROCESSING: 20220510_052800.WAV SPECIES: 97 DETECTIONS: 0 TIME: 6 
SID: 66 PROCESSING: 20220510_041500.WAV SPECIES: 97 DETECTIONS: 5 TIME: 6 
SID: 67 PROCESSING: 20220510_102700.WAV SPECIES: 97 DETECTIONS: 15 TIME: 6 
SID: 68 PROCESSING: 20220510_043900.WAV SPECIES: 97 DETECTIONS: 8 TIME: 6 
SID: 69 PROCESSING: 20220510_082600.WAV SPECIES: 97 DETECTIONS: 13 TIME: 6 
SID: 70 PROCESSING: 20220510_111600.WAV SPECIES: 97 DETECTIONS: 22 TIME: 6 
SID: 71 PROCESSING: 20220510_095800.WAV SPECIES: 97 DETECTIONS: 8 TIME: 6 
SID: 72 PROCESSING: 20220510_102300.WAV SPECIES: 97 DETECTIONS: 18 TIME: 6 
SID: 73 PROCESSING: 20220510_014600.WAV SPECIES: 97 DETECTIONS: 0 TIME: 6 
SID: 74 PROCESSING: 20220510_100600.WAV SPECIES: 97 DETECTIONS: 18 TIME: 6 
SID: 75 PROCESSING: 20220510_015600.WAV SPECIES: 97 DETECTIONS: 3 TIME: 6 
SID: 76 PROCESSING: 20220510_052300.WAV SPECIES: 97 DETECTIONS: 0 TIME: 6 
SID: 77 PROCESSING: 20220510_101100.WAV SPECIES: 97 DETECTIONS: 13 TIME: 6 
SID: 78 PROCESSING: 20220510_115300.WAV SPECIES: 97 DETECTIONS: 18 TIME: 6 
SID: 79 PROCESSING: 20220510_061800.WAV SPECIES: 97 DETECTIONS: 15 TIME: 6 
SID: 80 PROCESSING: 20220510_114000.WAV SPECIES: 97 DETECTIONS: 16 TIME: 6 
SID: 81 PROCESSING: 20220510_024400.WAV SPECIES: 97 DETECTIONS: 0 TIME: 6 
SID: 82 PROCESSING: 20220510_111800.WAV SPECIES: 97 DETECTIONS: 16 TIME: 6 
SID: 83 PROCESSING: 20220510_071700.WAV SPECIES: 97 DETECTIONS: 2 TIME: 6 
SID: 84 PROCESSING: 20220510_065400.WAV SPECIES: 97 DETECTIONS: 16 TIME: 6 
SID: 85 PROCESSING: 20220510_071400.WAV SPECIES: 97 DETECTIONS: 21 TIME: 6 
SID: 86 PROCESSING: 20220510_022000.WAV SPECIES: 97 DETECTIONS: 2 TIME: 6 
SID: 87 PROCESSING: 20220510_115500.WAV SPECIES: 97 DETECTIONS: 23 TIME: 6 
SID: 88 PROCESSING: 20220510_010900.WAV SPECIES: 97 DETECTIONS: 0 TIME: 6 
SID: 89 PROCESSING: 20220510_013000.WAV SPECIES: 97 DETECTIONS: 2 TIME: 6 
SID: 90 PROCESSING: 20220510_013900.WAV SPECIES: 97 DETECTIONS: 2 TIME: 6 
SID: 91 PROCESSING: 20220510_055700.WAV SPECIES: 97 DETECTIONS: 30 TIME: 6 
SID: 92 PROCESSING: 20220510_073900.WAV SPECIES: 97 DETECTIONS: 11 TIME: 6 
SID: 93 PROCESSING: 20220510_080700.WAV SPECIES: 97 DETECTIONS: 15 TIME: 6 
SID: 94 PROCESSING: 20220510_022700.WAV SPECIES: 97 DETECTIONS: 4 TIME: 6 
SID: 95 PROCESSING: 20220510_032200.WAV SPECIES: 97 DETECTIONS: 14 TIME: 6 
SID: 96 PROCESSING: 20220510_032800.WAV SPECIES: 97 DETECTIONS: 5 TIME: 6 
SID: 97 PROCESSING: 20220510_023800.WAV SPECIES: 97 DETECTIONS: 5 TIME: 6 
SID: 98 PROCESSING: 20220510_065700.WAV SPECIES: 97 DETECTIONS: 19 TIME: 6 
SID: 99 PROCESSING: 20220510_064400.WAV SPECIES: 97 DETECTIONS: 21 TIME: 6 
SID: 100 PROCESSING: 20220510_015400.WAV SPECIES: 97 DETECTIONS: 4 TIME: 6 
SID: 101 PROCESSING: 20220510_082400.WAV SPECIES: 97 DETECTIONS: 9 TIME: 6 
SID: 102 PROCESSING: 20220510_095300.WAV SPECIES: 97 DETECTIONS: 14 TIME: 6 
SID: 103 PROCESSING: 20220510_003400.WAV SPECIES: 97 DETECTIONS: 0 TIME: 6 
SID: 104 PROCESSING: 20220510_063800.WAV SPECIES: 97 DETECTIONS: 12 TIME: 6 
SID: 105 PROCESSING: 20220510_020800.WAV SPECIES: 97 DETECTIONS: 0 TIME: 6 
SID: 106 PROCESSING: 20220510_103000.WAV SPECIES: 97 DETECTIONS: 19 TIME: 6 
SID: 107 PROCESSING: 20220510_072700.WAV SPECIES: 97 DETECTIONS: 1 TIME: 6 
SID: 108 PROCESSING: 20220510_113600.WAV SPECIES: 97 DETECTIONS: 12 TIME: 6 
SID: 109 PROCESSING: 20220510_114500.WAV SPECIES: 97 DETECTIONS: 20 TIME: 6 
SID: 110 PROCESSING: 20220510_084900.WAV SPECIES: 97 DETECTIONS: 11 TIME: 6 
SID: 111 PROCESSING: 20220510_083400.WAV SPECIES: 97 DETECTIONS: 14 TIME: 6 
SID: 112 PROCESSING: 20220510_043200.WAV SPECIES: 97 DETECTIONS: 3 TIME: 6 
SID: 113 PROCESSING: 20220510_103100.WAV SPECIES: 97 DETECTIONS: 18 TIME: 6 
SID: 114 PROCESSING: 20220510_023600.WAV SPECIES: 97 DETECTIONS: 10 TIME: 6 
SID: 115 PROCESSING: 20220510_092200.WAV SPECIES: 97 DETECTIONS: 22 TIME: 6 
SID: 116 PROCESSING: 20220510_055300.WAV SPECIES: 97 DETECTIONS: 5 TIME: 6 
SID: 117 PROCESSING: 20220510_111400.WAV SPECIES: 97 DETECTIONS: 23 TIME: 6 
SID: 118 PROCESSING: 20220510_090800.WAV SPECIES: 97 DETECTIONS: 3 TIME: 6 
SID: 119 PROCESSING: 20220510_115700.WAV SPECIES: 97 DETECTIONS: 7 TIME: 6 
SID: 120 PROCESSING: 20220510_034600.WAV SPECIES: 97 DETECTIONS: 10 TIME: 6 
SID: 121 PROCESSING: 20220510_051400.WAV SPECIES: 97 DETECTIONS: 1 TIME: 6 
SID: 122 PROCESSING: 20220510_001200.WAV SPECIES: 97 DETECTIONS: 0 TIME: 6 
SID: 123 PROCESSING: 20220510_055500.WAV SPECIES: 97 DETECTIONS: 29 TIME: 6 
SID: 124 PROCESSING: 20220510_070200.WAV SPECIES: 97 DETECTIONS: 23 TIME: 5 
SID: 125 PROCESSING: 20220510_025500.WAV SPECIES: 97 DETECTIONS: 15 TIME: 6 
SID: 126 PROCESSING: 20220510_082800.WAV SPECIES: 97 DETECTIONS: 14 TIME: 6 
SID: 127 PROCESSING: 20220510_103800.WAV SPECIES: 97 DETECTIONS: 10 TIME: 6 
SID: 128 PROCESSING: 20220510_024700.WAV SPECIES: 97 DETECTIONS: 0 TIME: 6 
SID: 129 PROCESSING: 20220510_100700.WAV SPECIES: 97 DETECTIONS: 19 TIME: 6 
SID: 130 PROCESSING: 20220510_064200.WAV SPECIES: 97 DETECTIONS: 19 TIME: 6 
SID: 131 PROCESSING: 20220510_054200.WAV SPECIES: 97 DETECTIONS: 0 TIME: 6 
SID: 132 PROCESSING: 20220510_064700.WAV SPECIES: 97 DETECTIONS: 16 TIME: 6 
SID: 133 PROCESSING: 20220510_054800.WAV SPECIES: 97 DETECTIONS: 5 TIME: 6 
SID: 134 PROCESSING: 20220510_022100.WAV SPECIES: 97 DETECTIONS: 3 TIME: 6 
SID: 135 PROCESSING: 20220510_095600.WAV SPECIES: 97 DETECTIONS: 19 TIME: 6 
SID: 136 PROCESSING: 20220510_020900.WAV SPECIES: 97 DETECTIONS: 0 TIME: 6 
SID: 137 PROCESSING: 20220510_100400.WAV SPECIES: 97 DETECTIONS: 18 TIME: 6 
SID: 138 PROCESSING: 20220510_045500.WAV SPECIES: 97 DETECTIONS: 7 TIME: 6 
SID: 139 PROCESSING: 20220510_085200.WAV SPECIES: 97 DETECTIONS: 12 TIME: 6 
SID: 140 PROCESSING: 20220510_102500.WAV SPECIES: 97 DETECTIONS: 11 TIME: 6 
SID: 141 PROCESSING: 20220510_051900.WAV SPECIES: 97 DETECTIONS: 3 TIME: 6 
SID: 142 PROCESSING: 20220510_030400.WAV SPECIES: 97 DETECTIONS: 9 TIME: 5 
SID: 143 PROCESSING: 20220510_061600.WAV SPECIES: 97 DETECTIONS: 3 TIME: 6 
SID: 144 PROCESSING: 20220510_040800.WAV SPECIES: 97 DETECTIONS: 0 TIME: 6 
SID: 145 PROCESSING: 20220510_030800.WAV SPECIES: 97 DETECTIONS: 13 TIME: 6 
SID: 146 PROCESSING: 20220510_115600.WAV SPECIES: 97 DETECTIONS: 10 TIME: 6 
SID: 147 PROCESSING: 20220510_065100.WAV SPECIES: 97 DETECTIONS: 18 TIME: 6 
SID: 148 PROCESSING: 20220510_015000.WAV SPECIES: 97 DETECTIONS: 0 TIME: 6 
SID: 149 PROCESSING: 20220510_052400.WAV SPECIES: 97 DETECTIONS: 0 TIME: 6 
SID: 150 PROCESSING: 20220510_035000.WAV SPECIES: 97 DETECTIONS: 0 TIME: 6 
SID: 151 PROCESSING: 20220510_100800.WAV SPECIES: 97 DETECTIONS: 27 TIME: 6 
SID: 152 PROCESSING: 20220510_013600.WAV SPECIES: 97 DETECTIONS: 0 TIME: 6 
SID: 153 PROCESSING: 20220510_041000.WAV SPECIES: 97 DETECTIONS: 8 TIME: 6 
SID: 154 PROCESSING: 20220510_073200.WAV SPECIES: 97 DETECTIONS: 23 TIME: 6 
SID: 155 PROCESSING: 20220510_053300.WAV SPECIES: 97 DETECTIONS: 0 TIME: 6 
SID: 156 PROCESSING: 20220510_000800.WAV SPECIES: 97 DETECTIONS: 0 TIME: 6 
SID: 157 PROCESSING: 20220510_081200.WAV SPECIES: 97 DETECTIONS: 15 TIME: 6 
SID: 158 PROCESSING: 20220510_090400.WAV SPECIES: 97 DETECTIONS: 1 TIME: 6 
SID: 159 PROCESSING: 20220510_080300.WAV SPECIES: 97 DETECTIONS: 17 TIME: 6 
SID: 160 PROCESSING: 20220510_104200.WAV SPECIES: 97 DETECTIONS: 13 TIME: 6 
SID: 161 PROCESSING: 20220510_020000.WAV SPECIES: 97 DETECTIONS: 0 TIME: 6 
SID: 162 PROCESSING: 20220510_080400.WAV SPECIES: 97 DETECTIONS: 14 TIME: 6 
SID: 163 PROCESSING: 20220510_035100.WAV SPECIES: 97 DETECTIONS: 7 TIME: 6 
SID: 164 PROCESSING: 20220510_042400.WAV SPECIES: 97 DETECTIONS: 0 TIME: 6 
SID: 165 PROCESSING: 20220510_041900.WAV SPECIES: 97 DETECTIONS: 0 TIME: 6 
SID: 166 PROCESSING: 20220510_053400.WAV SPECIES: 97 DETECTIONS: 0 TIME: 6 
SID: 167 PROCESSING: 20220510_011500.WAV SPECIES: 97 DETECTIONS: 0 TIME: 6 
SID: 168 PROCESSING: 20220510_091600.WAV SPECIES: 97 DETECTIONS: 12 TIME: 6 
SID: 169 PROCESSING: 20220510_010200.WAV SPECIES: 97 DETECTIONS: 0 TIME: 6 
SID: 170 PROCESSING: 20220510_073400.WAV SPECIES: 97 DETECTIONS: 17 TIME: 6 
SID: 171 PROCESSING: 20220510_053800.WAV SPECIES: 97 DETECTIONS: 3 TIME: 6 
SID: 172 PROCESSING: 20220510_034100.WAV SPECIES: 97 DETECTIONS: 6 TIME: 6 
SID: 173 PROCESSING: 20220510_002700.WAV SPECIES: 97 DETECTIONS: 0 TIME: 6 
SID: 174 PROCESSING: 20220510_002400.WAV SPECIES: 97 DETECTIONS: 0 TIME: 6 
SID: 175 PROCESSING: 20220510_105900.WAV SPECIES: 97 DETECTIONS: 7 TIME: 6 
SID: 176 PROCESSING: 20220510_015500.WAV SPECIES: 97 DETECTIONS: 8 TIME: 6 
SID: 177 PROCESSING: 20220510_063500.WAV SPECIES: 97 DETECTIONS: 18 TIME: 6 
SID: 178 PROCESSING: 20220510_035300.WAV SPECIES: 97 DETECTIONS: 7 TIME: 6 
SID: 179 PROCESSING: 20220510_091400.WAV SPECIES: 97 DETECTIONS: 20 TIME: 6 
SID: 180 PROCESSING: 20220510_040000.WAV SPECIES: 97 DETECTIONS: 9 TIME: 6 
SID: 181 PROCESSING: 20220510_043100.WAV SPECIES: 97 DETECTIONS: 15 TIME: 6 
SID: 182 PROCESSING: 20220510_011100.WAV SPECIES: 97 DETECTIONS: 0 TIME: 6 
SID: 183 PROCESSING: 20220510_003600.WAV SPECIES: 97 DETECTIONS: 0 TIME: 6 
SID: 184 PROCESSING: 20220510_044300.WAV SPECIES: 97 DETECTIONS: 8 TIME: 6 
SID: 185 PROCESSING: 20220510_050800.WAV SPECIES: 97 DETECTIONS: 1 TIME: 6 
SID: 186 PROCESSING: 20220510_032500.WAV SPECIES: 97 DETECTIONS: 21 TIME: 6 
SID: 187 PROCESSING: 20220510_044700.WAV SPECIES: 97 DETECTIONS: 9 TIME: 6 
SID: 188 PROCESSING: 20220510_065200.WAV SPECIES: 97 DETECTIONS: 14 TIME: 6 
SID: 189 PROCESSING: 20220510_030600.WAV SPECIES: 97 DETECTIONS: 9 TIME: 6 
SID: 190 PROCESSING: 20220510_082900.WAV SPECIES: 97 DETECTIONS: 13 TIME: 6 
SID: 191 PROCESSING: 20220510_032400.WAV SPECIES: 97 DETECTIONS: 2 TIME: 6 
SID: 192 PROCESSING: 20220510_071200.WAV SPECIES: 97 DETECTIONS: 20 TIME: 6 
SID: 193 PROCESSING: 20220510_112300.WAV SPECIES: 97 DETECTIONS: 15 TIME: 6 
SID: 194 PROCESSING: 20220510_072900.WAV SPECIES: 97 DETECTIONS: 16 TIME: 6 
SID: 195 PROCESSING: 20220510_092100.WAV SPECIES: 97 DETECTIONS: 18 TIME: 6 
SID: 196 PROCESSING: 20220510_045400.WAV SPECIES: 97 DETECTIONS: 18 TIME: 6 
SID: 197 PROCESSING: 20220510_053100.WAV SPECIES: 97 DETECTIONS: 0 TIME: 6 
SID: 198 PROCESSING: 20220510_045800.WAV SPECIES: 97 DETECTIONS: 6 TIME: 6 
SID: 199 PROCESSING: 20220510_062500.WAV SPECIES: 97 DETECTIONS: 0 TIME: 6 
SID: 200 PROCESSING: 20220510_064900.WAV SPECIES: 97 DETECTIONS: 18 TIME: 6 
SID: 201 PROCESSING: 20220510_061100.WAV SPECIES: 97 DETECTIONS: 11 TIME: 6 
SID: 202 PROCESSING: 20220510_070500.WAV SPECIES: 97 DETECTIONS: 18 TIME: 6 
SID: 203 PROCESSING: 20220510_012800.WAV SPECIES: 97 DETECTIONS: 0 TIME: 6 
SID: 204 PROCESSING: 20220510_092000.WAV SPECIES: 97 DETECTIONS: 20 TIME: 6 
SID: 205 PROCESSING: 20220510_045200.WAV SPECIES: 97 DETECTIONS: 0 TIME: 6 
SID: 206 PROCESSING: 20220510_025200.WAV SPECIES: 97 DETECTIONS: 0 TIME: 6 
SID: 207 PROCESSING: 20220510_100200.WAV SPECIES: 97 DETECTIONS: 14 TIME: 6 
SID: 208 PROCESSING: 20220510_095200.WAV SPECIES: 97 DETECTIONS: 8 TIME: 6 
SID: 209 PROCESSING: 20220510_090200.WAV SPECIES: 97 DETECTIONS: 1 TIME: 6 
SID: 210 PROCESSING: 20220510_105700.WAV SPECIES: 97 DETECTIONS: 17 TIME: 6 
SID: 211 PROCESSING: 20220510_043000.WAV SPECIES: 97 DETECTIONS: 8 TIME: 6 
SID: 212 PROCESSING: 20220510_104700.WAV SPECIES: 97 DETECTIONS: 19 TIME: 6 
SID: 213 PROCESSING: 20220510_061000.WAV SPECIES: 97 DETECTIONS: 17 TIME: 6 
SID: 214 PROCESSING: 20220510_002300.WAV SPECIES: 97 DETECTIONS: 0 TIME: 6 
SID: 215 PROCESSING: 20220510_080500.WAV SPECIES: 97 DETECTIONS: 14 TIME: 6 
SID: 216 PROCESSING: 20220510_020100.WAV SPECIES: 97 DETECTIONS: 0 TIME: 6 
SID: 217 PROCESSING: 20220510_021600.WAV SPECIES: 97 DETECTIONS: 0 TIME: 6 
SID: 218 PROCESSING: 20220510_004600.WAV SPECIES: 97 DETECTIONS: 0 TIME: 6 
SID: 219 PROCESSING: 20220510_011000.WAV SPECIES: 97 DETECTIONS: 0 TIME: 6 
SID: 220 PROCESSING: 20220510_005700.WAV SPECIES: 97 DETECTIONS: 0 TIME: 6 
SID: 221 PROCESSING: 20220510_070900.WAV SPECIES: 97 DETECTIONS: 17 TIME: 6 
SID: 222 PROCESSING: 20220510_052100.WAV SPECIES: 97 DETECTIONS: 2 TIME: 6 
SID: 223 PROCESSING: 20220510_001900.WAV SPECIES: 97 DETECTIONS: 1 TIME: 6 
SID: 224 PROCESSING: 20220510_092700.WAV SPECIES: 97 DETECTIONS: 16 TIME: 6 
SID: 225 PROCESSING: 20220510_060000.WAV SPECIES: 97 DETECTIONS: 26 TIME: 6 
SID: 226 PROCESSING: 20220510_022800.WAV SPECIES: 97 DETECTIONS: 2 TIME: 6 
SID: 227 PROCESSING: 20220510_095100.WAV SPECIES: 97 DETECTIONS: 17 TIME: 6 
SID: 228 PROCESSING: 20220510_065800.WAV SPECIES: 97 DETECTIONS: 8 TIME: 6 
SID: 229 PROCESSING: 20220510_091800.WAV SPECIES: 97 DETECTIONS: 15 TIME: 6 
SID: 230 PROCESSING: 20220510_011800.WAV SPECIES: 97 DETECTIONS: 0 TIME: 6 
SID: 231 PROCESSING: 20220510_011300.WAV SPECIES: 97 DETECTIONS: 0 TIME: 6 
SID: 232 PROCESSING: 20220510_071900.WAV SPECIES: 97 DETECTIONS: 0 TIME: 6 
SID: 233 PROCESSING: 20220510_035400.WAV SPECIES: 97 DETECTIONS: 5 TIME: 6 
SID: 234 PROCESSING: 20220510_015800.WAV SPECIES: 97 DETECTIONS: 0 TIME: 6 
SID: 235 PROCESSING: 20220510_071300.WAV SPECIES: 97 DETECTIONS: 22 TIME: 6 
SID: 236 PROCESSING: 20220510_112400.WAV SPECIES: 97 DETECTIONS: 14 TIME: 6 
SID: 237 PROCESSING: 20220510_062100.WAV SPECIES: 97 DETECTIONS: 23 TIME: 6 
SID: 238 PROCESSING: 20220510_055600.WAV SPECIES: 97 DETECTIONS: 29 TIME: 6 
SID: 239 PROCESSING: 20220510_085700.WAV SPECIES: 97 DETECTIONS: 4 TIME: 6 
SID: 240 PROCESSING: 20220510_114900.WAV SPECIES: 97 DETECTIONS: 5 TIME: 6 
SID: 241 PROCESSING: 20220510_022400.WAV SPECIES: 97 DETECTIONS: 1 TIME: 6 
SID: 242 PROCESSING: 20220510_104000.WAV SPECIES: 97 DETECTIONS: 20 TIME: 6 
SID: 243 PROCESSING: 20220510_093500.WAV SPECIES: 97 DETECTIONS: 13 TIME: 6 
SID: 244 PROCESSING: 20220510_012600.WAV SPECIES: 97 DETECTIONS: 0 TIME: 6 
SID: 245 PROCESSING: 20220510_012500.WAV SPECIES: 97 DETECTIONS: 0 TIME: 6 
SID: 246 PROCESSING: 20220510_085000.WAV SPECIES: 97 DETECTIONS: 16 TIME: 6 
SID: 247 PROCESSING: 20220510_041400.WAV SPECIES: 97 DETECTIONS: 9 TIME: 6 
SID: 248 PROCESSING: 20220510_110100.WAV SPECIES: 97 DETECTIONS: 16 TIME: 6 
SID: 249 PROCESSING: 20220510_074800.WAV SPECIES: 97 DETECTIONS: 13 TIME: 6 
SID: 250 PROCESSING: 20220510_080000.WAV SPECIES: 97 DETECTIONS: 18 TIME: 6 
SID: 251 PROCESSING: 20220510_090100.WAV SPECIES: 97 DETECTIONS: 2 TIME: 5 
SID: 252 PROCESSING: 20220510_092300.WAV SPECIES: 97 DETECTIONS: 6 TIME: 6 
SID: 253 PROCESSING: 20220510_103400.WAV SPECIES: 97 DETECTIONS: 15 TIME: 6 
SID: 254 PROCESSING: 20220510_060500.WAV SPECIES: 97 DETECTIONS: 19 TIME: 6 
SID: 255 PROCESSING: 20220510_070100.WAV SPECIES: 97 DETECTIONS: 21 TIME: 6 
SID: 256 PROCESSING: 20220510_092600.WAV SPECIES: 97 DETECTIONS: 15 TIME: 6 
SID: 257 PROCESSING: 20220510_025600.WAV SPECIES: 97 DETECTIONS: 17 TIME: 6 
SID: 258 PROCESSING: 20220510_092800.WAV SPECIES: 97 DETECTIONS: 18 TIME: 6 
SID: 259 PROCESSING: 20220510_042100.WAV SPECIES: 97 DETECTIONS: 0 TIME: 6 
SID: 260 PROCESSING: 20220510_022300.WAV SPECIES: 97 DETECTIONS: 0 TIME: 6 
SID: 261 PROCESSING: 20220510_093700.WAV SPECIES: 97 DETECTIONS: 20 TIME: 6 
SID: 262 PROCESSING: 20220510_061900.WAV SPECIES: 97 DETECTIONS: 14 TIME: 6 
SID: 263 PROCESSING: 20220510_003500.WAV SPECIES: 97 DETECTIONS: 0 TIME: 6 
SID: 264 PROCESSING: 20220510_002000.WAV SPECIES: 97 DETECTIONS: 0 TIME: 6 
SID: 265 PROCESSING: 20220510_110000.WAV SPECIES: 97 DETECTIONS: 13 TIME: 6 
SID: 266 PROCESSING: 20220510_050100.WAV SPECIES: 97 DETECTIONS: 10 TIME: 6 
SID: 267 PROCESSING: 20220510_055400.WAV SPECIES: 97 DETECTIONS: 28 TIME: 6 
SID: 268 PROCESSING: 20220510_021700.WAV SPECIES: 97 DETECTIONS: 1 TIME: 6 
SID: 269 PROCESSING: 20220510_042200.WAV SPECIES: 97 DETECTIONS: 1 TIME: 6 
SID: 270 PROCESSING: 20220510_034500.WAV SPECIES: 97 DETECTIONS: 1 TIME: 6 
SID: 271 PROCESSING: 20220510_094100.WAV SPECIES: 97 DETECTIONS: 14 TIME: 6 
SID: 272 PROCESSING: 20220510_011600.WAV SPECIES: 97 DETECTIONS: 0 TIME: 6 
SID: 273 PROCESSING: 20220510_013700.WAV SPECIES: 97 DETECTIONS: 0 TIME: 6 
SID: 274 PROCESSING: 20220510_104100.WAV SPECIES: 97 DETECTIONS: 15 TIME: 6 
SID: 275 PROCESSING: 20220510_102000.WAV SPECIES: 97 DETECTIONS: 18 TIME: 6 
SID: 276 PROCESSING: 20220510_030300.WAV SPECIES: 97 DETECTIONS: 2 TIME: 6 
SID: 277 PROCESSING: 20220510_015300.WAV SPECIES: 97 DETECTIONS: 0 TIME: 6 
SID: 278 PROCESSING: 20220510_083700.WAV SPECIES: 97 DETECTIONS: 18 TIME: 6 
SID: 279 PROCESSING: 20220510_055000.WAV SPECIES: 97 DETECTIONS: 4 TIME: 6 
SID: 280 PROCESSING: 20220510_062000.WAV SPECIES: 97 DETECTIONS: 23 TIME: 6 
SID: 281 PROCESSING: 20220510_114400.WAV SPECIES: 97 DETECTIONS: 20 TIME: 6 
SID: 282 PROCESSING: 20220510_034300.WAV SPECIES: 97 DETECTIONS: 8 TIME: 6 
SID: 283 PROCESSING: 20220510_111500.WAV SPECIES: 97 DETECTIONS: 18 TIME: 6 
SID: 284 PROCESSING: 20220510_084200.WAV SPECIES: 97 DETECTIONS: 18 TIME: 6 
SID: 285 PROCESSING: 20220510_043300.WAV SPECIES: 97 DETECTIONS: 0 TIME: 6 
SID: 286 PROCESSING: 20220510_035500.WAV SPECIES: 97 DETECTIONS: 12 TIME: 6 
SID: 287 PROCESSING: 20220510_010300.WAV SPECIES: 97 DETECTIONS: 0 TIME: 6 
SID: 288 PROCESSING: 20220510_002100.WAV SPECIES: 97 DETECTIONS: 0 TIME: 6 
SID: 289 PROCESSING: 20220510_014700.WAV SPECIES: 97 DETECTIONS: 1 TIME: 6 
SID: 290 PROCESSING: 20220510_062300.WAV SPECIES: 97 DETECTIONS: 7 TIME: 6 
SID: 291 PROCESSING: 20220510_031800.WAV SPECIES: 97 DETECTIONS: 16 TIME: 6 
SID: 292 PROCESSING: 20220510_001000.WAV SPECIES: 97 DETECTIONS: 0 TIME: 6 
SID: 293 PROCESSING: 20220510_094900.WAV SPECIES: 97 DETECTIONS: 12 TIME: 6 
SID: 294 PROCESSING: 20220510_050200.WAV SPECIES: 97 DETECTIONS: 7 TIME: 6 
SID: 295 PROCESSING: 20220510_051100.WAV SPECIES: 97 DETECTIONS: 3 TIME: 6 
SID: 296 PROCESSING: 20220510_044600.WAV SPECIES: 97 DETECTIONS: 8 TIME: 6 
SID: 297 PROCESSING: 20220510_013200.WAV SPECIES: 97 DETECTIONS: 0 TIME: 6 
SID: 298 PROCESSING: 20220510_073300.WAV SPECIES: 97 DETECTIONS: 16 TIME: 6 
SID: 299 PROCESSING: 20220510_040600.WAV SPECIES: 97 DETECTIONS: 6 TIME: 6 
SID: 300 PROCESSING: 20220510_030100.WAV SPECIES: 97 DETECTIONS: 14 TIME: 6 
SID: 301 PROCESSING: 20220510_004500.WAV SPECIES: 97 DETECTIONS: 0 TIME: 6 
SID: 302 PROCESSING: 20220510_012700.WAV SPECIES: 97 DETECTIONS: 0 TIME: 6 
SID: 303 PROCESSING: 20220510_094200.WAV SPECIES: 97 DETECTIONS: 16 TIME: 6 
SID: 304 PROCESSING: 20220510_051600.WAV SPECIES: 97 DETECTIONS: 2 TIME: 6 
SID: 305 PROCESSING: 20220510_043800.WAV SPECIES: 97 DETECTIONS: 8 TIME: 6 
SID: 306 PROCESSING: 20220510_035800.WAV SPECIES: 97 DETECTIONS: 10 TIME: 6 
SID: 307 PROCESSING: 20220510_062700.WAV SPECIES: 97 DETECTIONS: 9 TIME: 6 
SID: 308 PROCESSING: 20220510_034800.WAV SPECIES: 97 DETECTIONS: 7 TIME: 6 
SID: 309 PROCESSING: 20220510_034900.WAV SPECIES: 97 DETECTIONS: 1 TIME: 6 
SID: 310 PROCESSING: 20220510_042900.WAV SPECIES: 97 DETECTIONS: 11 TIME: 6 
SID: 311 PROCESSING: 20220510_011700.WAV SPECIES: 97 DETECTIONS: 0 TIME: 6 
SID: 312 PROCESSING: 20220510_024300.WAV SPECIES: 97 DETECTIONS: 1 TIME: 6 
SID: 313 PROCESSING: 20220510_023900.WAV SPECIES: 97 DETECTIONS: 2 TIME: 6 
SID: 314 PROCESSING: 20220510_063900.WAV SPECIES: 97 DETECTIONS: 17 TIME: 6 
SID: 315 PROCESSING: 20220510_044400.WAV SPECIES: 97 DETECTIONS: 9 TIME: 6 
SID: 316 PROCESSING: 20220510_105400.WAV SPECIES: 97 DETECTIONS: 1 TIME: 6 
SID: 317 PROCESSING: 20220510_113400.WAV SPECIES: 97 DETECTIONS: 8 TIME: 6 
SID: 318 PROCESSING: 20220510_054000.WAV SPECIES: 97 DETECTIONS: 1 TIME: 6 
SID: 319 PROCESSING: 20220510_045300.WAV SPECIES: 97 DETECTIONS: 10 TIME: 6 
SID: 320 PROCESSING: 20220510_074700.WAV SPECIES: 97 DETECTIONS: 14 TIME: 6 
SID: 321 PROCESSING: 20220510_013800.WAV SPECIES: 97 DETECTIONS: 1 TIME: 6 
SID: 322 PROCESSING: 20220510_020300.WAV SPECIES: 97 DETECTIONS: 0 TIME: 6 
SID: 323 PROCESSING: 20220510_075500.WAV SPECIES: 97 DETECTIONS: 14 TIME: 6 
SID: 324 PROCESSING: 20220510_064100.WAV SPECIES: 97 DETECTIONS: 25 TIME: 6 
SID: 325 PROCESSING: 20220510_084600.WAV SPECIES: 97 DETECTIONS: 12 TIME: 6 
SID: 326 PROCESSING: 20220510_071600.WAV SPECIES: 97 DETECTIONS: 11 TIME: 6 
SID: 327 PROCESSING: 20220510_065600.WAV SPECIES: 97 DETECTIONS: 18 TIME: 6 
SID: 328 PROCESSING: 20220510_013500.WAV SPECIES: 97 DETECTIONS: 0 TIME: 6 
SID: 329 PROCESSING: 20220510_112800.WAV SPECIES: 97 DETECTIONS: 14 TIME: 6 
SID: 330 PROCESSING: 20220510_005200.WAV SPECIES: 97 DETECTIONS: 0 TIME: 6 
SID: 331 PROCESSING: 20220510_002800.WAV SPECIES: 97 DETECTIONS: 0 TIME: 6 
SID: 332 PROCESSING: 20220510_023100.WAV SPECIES: 97 DETECTIONS: 2 TIME: 6 
SID: 333 PROCESSING: 20220510_010400.WAV SPECIES: 97 DETECTIONS: 0 TIME: 6 
SID: 334 PROCESSING: 20220510_004000.WAV SPECIES: 97 DETECTIONS: 0 TIME: 6 
SID: 335 PROCESSING: 20220510_103700.WAV SPECIES: 97 DETECTIONS: 8 TIME: 6 
SID: 336 PROCESSING: 20220510_014400.WAV SPECIES: 97 DETECTIONS: 0 TIME: 6 
SID: 337 PROCESSING: 20220510_035600.WAV SPECIES: 97 DETECTIONS: 14 TIME: 6 
SID: 338 PROCESSING: 20220510_034700.WAV SPECIES: 97 DETECTIONS: 2 TIME: 6 
SID: 339 PROCESSING: 20220510_002200.WAV SPECIES: 97 DETECTIONS: 0 TIME: 6 
SID: 340 PROCESSING: 20220510_055900.WAV SPECIES: 97 DETECTIONS: 24 TIME: 6 
SID: 341 PROCESSING: 20220510_033900.WAV SPECIES: 97 DETECTIONS: 2 TIME: 6 
SID: 342 PROCESSING: 20220510_053500.WAV SPECIES: 97 DETECTIONS: 1 TIME: 6 
SID: 343 PROCESSING: 20220510_010800.WAV SPECIES: 97 DETECTIONS: 0 TIME: 6 
SID: 344 PROCESSING: 20220510_042700.WAV SPECIES: 97 DETECTIONS: 8 TIME: 6 
SID: 345 PROCESSING: 20220510_112200.WAV SPECIES: 97 DETECTIONS: 21 TIME: 6 
SID: 346 PROCESSING: 20220510_104400.WAV SPECIES: 97 DETECTIONS: 14 TIME: 6 
SID: 347 PROCESSING: 20220510_113300.WAV SPECIES: 97 DETECTIONS: 7 TIME: 6 
SID: 348 PROCESSING: 20220510_004300.WAV SPECIES: 97 DETECTIONS: 0 TIME: 6 
SID: 349 PROCESSING: 20220510_042500.WAV SPECIES: 97 DETECTIONS: 0 TIME: 6 
SID: 350 PROCESSING: 20220510_081300.WAV SPECIES: 97 DETECTIONS: 17 TIME: 6 
SID: 351 PROCESSING: 20220510_110500.WAV SPECIES: 97 DETECTIONS: 13 TIME: 6 
SID: 352 PROCESSING: 20220510_093800.WAV SPECIES: 97 DETECTIONS: 16 TIME: 6 
SID: 353 PROCESSING: 20220510_072500.WAV SPECIES: 97 DETECTIONS: 2 TIME: 6 
SID: 354 PROCESSING: 20220510_084400.WAV SPECIES: 97 DETECTIONS: 17 TIME: 6 
SID: 355 PROCESSING: 20220510_043600.WAV SPECIES: 97 DETECTIONS: 3 TIME: 6 
SID: 356 PROCESSING: 20220510_060900.WAV SPECIES: 97 DETECTIONS: 13 TIME: 6 
SID: 357 PROCESSING: 20220510_012000.WAV SPECIES: 97 DETECTIONS: 1 TIME: 6 
SID: 358 PROCESSING: 20220510_012300.WAV SPECIES: 97 DETECTIONS: 0 TIME: 6 
SID: 359 PROCESSING: 20220510_065000.WAV SPECIES: 97 DETECTIONS: 20 TIME: 6 
SID: 360 PROCESSING: 20220510_075000.WAV SPECIES: 97 DETECTIONS: 22 TIME: 6 
SID: 361 PROCESSING: 20220510_082700.WAV SPECIES: 97 DETECTIONS: 13 TIME: 6 
SID: 362 PROCESSING: 20220510_001800.WAV SPECIES: 97 DETECTIONS: 0 TIME: 6 
SID: 363 PROCESSING: 20220510_032100.WAV SPECIES: 97 DETECTIONS: 10 TIME: 6 
SID: 364 PROCESSING: 20220510_021400.WAV SPECIES: 97 DETECTIONS: 0 TIME: 6 
SID: 365 PROCESSING: 20220510_020700.WAV SPECIES: 97 DETECTIONS: 0 TIME: 6 
SID: 366 PROCESSING: 20220510_010000.WAV SPECIES: 97 DETECTIONS: 0 TIME: 6 
SID: 367 PROCESSING: 20220510_032000.WAV SPECIES: 97 DETECTIONS: 12 TIME: 6 
SID: 368 PROCESSING: 20220510_045000.WAV SPECIES: 97 DETECTIONS: 15 TIME: 6 
SID: 369 PROCESSING: 20220510_103200.WAV SPECIES: 97 DETECTIONS: 16 TIME: 6 
SID: 370 PROCESSING: 20220510_112600.WAV SPECIES: 97 DETECTIONS: 9 TIME: 6 
SID: 371 PROCESSING: 20220510_071800.WAV SPECIES: 97 DETECTIONS: 2 TIME: 6 
SID: 372 PROCESSING: 20220510_033300.WAV SPECIES: 97 DETECTIONS: 9 TIME: 6 
SID: 373 PROCESSING: 20220510_080200.WAV SPECIES: 97 DETECTIONS: 19 TIME: 6 
SID: 374 PROCESSING: 20220510_012400.WAV SPECIES: 97 DETECTIONS: 0 TIME: 6 
SID: 375 PROCESSING: 20220510_092400.WAV SPECIES: 97 DETECTIONS: 12 TIME: 6 
SID: 376 PROCESSING: 20220510_060200.WAV SPECIES: 97 DETECTIONS: 24 TIME: 6 
SID: 377 PROCESSING: 20220510_085800.WAV SPECIES: 97 DETECTIONS: 2 TIME: 6 
SID: 378 PROCESSING: 20220510_040100.WAV SPECIES: 97 DETECTIONS: 10 TIME: 6 
SID: 379 PROCESSING: 20220510_111900.WAV SPECIES: 97 DETECTIONS: 21 TIME: 6 
SID: 380 PROCESSING: 20220510_024600.WAV SPECIES: 97 DETECTIONS: 0 TIME: 6 
SID: 381 PROCESSING: 20220510_050900.WAV SPECIES: 97 DETECTIONS: 2 TIME: 6 
SID: 382 PROCESSING: 20220510_012200.WAV SPECIES: 97 DETECTIONS: 1 TIME: 6 
SID: 383 PROCESSING: 20220510_004700.WAV SPECIES: 97 DETECTIONS: 0 TIME: 6 
SID: 384 PROCESSING: 20220510_042300.WAV SPECIES: 97 DETECTIONS: 0 TIME: 6 
SID: 385 PROCESSING: 20220510_025900.WAV SPECIES: 97 DETECTIONS: 16 TIME: 6 
SID: 386 PROCESSING: 20220510_005400.WAV SPECIES: 97 DETECTIONS: 0 TIME: 6 
SID: 387 PROCESSING: 20220510_094500.WAV SPECIES: 97 DETECTIONS: 6 TIME: 6 
SID: 388 PROCESSING: 20220510_004400.WAV SPECIES: 97 DETECTIONS: 0 TIME: 6 
SID: 389 PROCESSING: 20220510_100100.WAV SPECIES: 97 DETECTIONS: 4 TIME: 6 
SID: 390 PROCESSING: 20220510_001600.WAV SPECIES: 97 DETECTIONS: 0 TIME: 6 
SID: 391 PROCESSING: 20220510_105100.WAV SPECIES: 97 DETECTIONS: 8 TIME: 6 
SID: 392 PROCESSING: 20220510_045100.WAV SPECIES: 97 DETECTIONS: 14 TIME: 6 
SID: 393 PROCESSING: 20220510_101000.WAV SPECIES: 97 DETECTIONS: 15 TIME: 6 
SID: 394 PROCESSING: 20220510_085100.WAV SPECIES: 97 DETECTIONS: 23 TIME: 6 
SID: 395 PROCESSING: 20220510_044100.WAV SPECIES: 97 DETECTIONS: 7 TIME: 6 
SID: 396 PROCESSING: 20220510_090300.WAV SPECIES: 97 DETECTIONS: 1 TIME: 6 
SID: 397 PROCESSING: 20220510_031100.WAV SPECIES: 97 DETECTIONS: 7 TIME: 6 
SID: 398 PROCESSING: 20220510_002900.WAV SPECIES: 97 DETECTIONS: 0 TIME: 6 
SID: 399 PROCESSING: 20220510_071000.WAV SPECIES: 97 DETECTIONS: 15 TIME: 6 
SID: 400 PROCESSING: 20220510_041200.WAV SPECIES: 97 DETECTIONS: 9 TIME: 6 
SID: 401 PROCESSING: 20220510_033700.WAV SPECIES: 97 DETECTIONS: 6 TIME: 6 
SID: 402 PROCESSING: 20220510_023200.WAV SPECIES: 97 DETECTIONS: 9 TIME: 6 
SID: 403 PROCESSING: 20220510_021200.WAV SPECIES: 97 DETECTIONS: 1 TIME: 5 
SID: 404 PROCESSING: 20220510_050500.WAV SPECIES: 97 DETECTIONS: 6 TIME: 5 
SID: 405 PROCESSING: 20220510_032900.WAV SPECIES: 97 DETECTIONS: 6 TIME: 5 
SID: 406 PROCESSING: 20220510_035700.WAV SPECIES: 97 DETECTIONS: 10 TIME: 5 
SID: 407 PROCESSING: 20220510_005600.WAV SPECIES: 97 DETECTIONS: 1 TIME: 6 
SID: 408 PROCESSING: 20220510_063600.WAV SPECIES: 97 DETECTIONS: 17 TIME: 5 
SID: 409 PROCESSING: 20220510_022900.WAV SPECIES: 97 DETECTIONS: 0 TIME: 5 
SID: 410 PROCESSING: 20220510_064300.WAV SPECIES: 97 DETECTIONS: 19 TIME: 5 
SID: 411 PROCESSING: 20220510_095700.WAV SPECIES: 97 DETECTIONS: 13 TIME: 6 
SID: 412 PROCESSING: 20220510_113100.WAV SPECIES: 97 DETECTIONS: 12 TIME: 6 
SID: 413 PROCESSING: 20220510_004800.WAV SPECIES: 97 DETECTIONS: 0 TIME: 6 
SID: 414 PROCESSING: 20220510_113200.WAV SPECIES: 97 DETECTIONS: 5 TIME: 6 
SID: 415 PROCESSING: 20220510_005000.WAV SPECIES: 97 DETECTIONS: 0 TIME: 6 
SID: 416 PROCESSING: 20220510_022200.WAV SPECIES: 97 DETECTIONS: 1 TIME: 6 
SID: 417 PROCESSING: 20220510_070000.WAV SPECIES: 97 DETECTIONS: 7 TIME: 6 
SID: 418 PROCESSING: 20220510_110700.WAV SPECIES: 97 DETECTIONS: 21 TIME: 6 
SID: 419 PROCESSING: 20220510_091700.WAV SPECIES: 97 DETECTIONS: 18 TIME: 6 
SID: 420 PROCESSING: 20220510_101700.WAV SPECIES: 97 DETECTIONS: 18 TIME: 6 
SID: 421 PROCESSING: 20220510_063200.WAV SPECIES: 97 DETECTIONS: 14 TIME: 6 
SID: 422 PROCESSING: 20220510_084000.WAV SPECIES: 97 DETECTIONS: 14 TIME: 6 
SID: 423 PROCESSING: 20220510_025800.WAV SPECIES: 97 DETECTIONS: 14 TIME: 6 
SID: 424 PROCESSING: 20220510_093400.WAV SPECIES: 97 DETECTIONS: 17 TIME: 6 
SID: 425 PROCESSING: 20220510_070400.WAV SPECIES: 97 DETECTIONS: 23 TIME: 6 
SID: 426 PROCESSING: 20220510_010500.WAV SPECIES: 97 DETECTIONS: 0 TIME: 6 
SID: 427 PROCESSING: 20220510_062800.WAV SPECIES: 97 DETECTIONS: 14 TIME: 6 
SID: 428 PROCESSING: 20220510_072200.WAV SPECIES: 97 DETECTIONS: 1 TIME: 6 
SID: 429 PROCESSING: 20220510_052000.WAV SPECIES: 97 DETECTIONS: 0 TIME: 6 
SID: 430 PROCESSING: 20220510_094700.WAV SPECIES: 97 DETECTIONS: 12 TIME: 6 
SID: 431 PROCESSING: 20220510_024900.WAV SPECIES: 97 DETECTIONS: 0 TIME: 6 
SID: 432 PROCESSING: 20220510_075200.WAV SPECIES: 97 DETECTIONS: 20 TIME: 6 
SID: 433 PROCESSING: 20220510_081700.WAV SPECIES: 97 DETECTIONS: 16 TIME: 6 
SID: 434 PROCESSING: 20220510_033500.WAV SPECIES: 97 DETECTIONS: 8 TIME: 6 
SID: 435 PROCESSING: 20220510_054900.WAV SPECIES: 97 DETECTIONS: 9 TIME: 6 
SID: 436 PROCESSING: 20220510_021300.WAV SPECIES: 97 DETECTIONS: 2 TIME: 6 
SID: 437 PROCESSING: 20220510_094300.WAV SPECIES: 97 DETECTIONS: 9 TIME: 6 
SID: 438 PROCESSING: 20220510_040200.WAV SPECIES: 97 DETECTIONS: 8 TIME: 6 
SID: 439 PROCESSING: 20220510_033100.WAV SPECIES: 97 DETECTIONS: 8 TIME: 6 
SID: 440 PROCESSING: 20220510_035200.WAV SPECIES: 97 DETECTIONS: 5 TIME: 6 
SID: 441 PROCESSING: 20220510_074300.WAV SPECIES: 97 DETECTIONS: 11 TIME: 6 
SID: 442 PROCESSING: 20220510_085400.WAV SPECIES: 97 DETECTIONS: 19 TIME: 6 
SID: 443 PROCESSING: 20220510_102600.WAV SPECIES: 97 DETECTIONS: 13 TIME: 6 
SID: 444 PROCESSING: 20220510_001500.WAV SPECIES: 97 DETECTIONS: 1 TIME: 6 
SID: 445 PROCESSING: 20220510_082200.WAV SPECIES: 97 DETECTIONS: 23 TIME: 6 
SID: 446 PROCESSING: 20220510_050600.WAV SPECIES: 97 DETECTIONS: 2 TIME: 6 
SID: 447 PROCESSING: 20220510_023700.WAV SPECIES: 97 DETECTIONS: 10 TIME: 6 
SID: 448 PROCESSING: 20220510_000600.WAV SPECIES: 97 DETECTIONS: 0 TIME: 6 
SID: 449 PROCESSING: 20220510_003800.WAV SPECIES: 97 DETECTIONS: 1 TIME: 6 
SID: 450 PROCESSING: 20220510_114100.WAV SPECIES: 97 DETECTIONS: 19 TIME: 6 
SID: 451 PROCESSING: 20220510_113700.WAV SPECIES: 97 DETECTIONS: 16 TIME: 6 
SID: 452 PROCESSING: 20220510_041800.WAV SPECIES: 97 DETECTIONS: 1 TIME: 6 
SID: 453 PROCESSING: 20220510_051800.WAV SPECIES: 97 DETECTIONS: 3 TIME: 6 
SID: 454 PROCESSING: 20220510_080800.WAV SPECIES: 97 DETECTIONS: 23 TIME: 6 
SID: 455 PROCESSING: 20220510_015100.WAV SPECIES: 97 DETECTIONS: 0 TIME: 6 
SID: 456 PROCESSING: 20220510_044000.WAV SPECIES: 97 DETECTIONS: 5 TIME: 6 
SID: 457 PROCESSING: 20220510_054100.WAV SPECIES: 97 DETECTIONS: 1 TIME: 6 
SID: 458 PROCESSING: 20220510_055100.WAV SPECIES: 97 DETECTIONS: 12 TIME: 6 
SID: 459 PROCESSING: 20220510_101900.WAV SPECIES: 97 DETECTIONS: 17 TIME: 6 
SID: 460 PROCESSING: 20220510_091500.WAV SPECIES: 97 DETECTIONS: 13 TIME: 6 
SID: 461 PROCESSING: 20220510_074000.WAV SPECIES: 97 DETECTIONS: 19 TIME: 6 
SID: 462 PROCESSING: 20220510_090700.WAV SPECIES: 97 DETECTIONS: 0 TIME: 6 
SID: 463 PROCESSING: 20220510_073000.WAV SPECIES: 97 DETECTIONS: 18 TIME: 6 
SID: 464 PROCESSING: 20220510_113900.WAV SPECIES: 97 DETECTIONS: 11 TIME: 6 
SID: 465 PROCESSING: 20220510_084300.WAV SPECIES: 97 DETECTIONS: 13 TIME: 6 
SID: 466 PROCESSING: 20220510_040300.WAV SPECIES: 97 DETECTIONS: 4 TIME: 6 
SID: 467 PROCESSING: 20220510_044900.WAV SPECIES: 97 DETECTIONS: 11 TIME: 6 
SID: 468 PROCESSING: 20220510_053200.WAV SPECIES: 97 DETECTIONS: 0 TIME: 6 
SID: 469 PROCESSING: 20220510_102200.WAV SPECIES: 97 DETECTIONS: 19 TIME: 6 
SID: 470 PROCESSING: 20220510_013300.WAV SPECIES: 97 DETECTIONS: 1 TIME: 6 
SID: 471 PROCESSING: 20220510_100000.WAV SPECIES: 97 DETECTIONS: 8 TIME: 6 
SID: 472 PROCESSING: 20220510_060300.WAV SPECIES: 97 DETECTIONS: 28 TIME: 6 
SID: 473 PROCESSING: 20220510_114300.WAV SPECIES: 97 DETECTIONS: 19 TIME: 6 
SID: 474 PROCESSING: 20220510_073500.WAV SPECIES: 97 DETECTIONS: 11 TIME: 6 
SID: 475 PROCESSING: 20220510_110300.WAV SPECIES: 97 DETECTIONS: 16 TIME: 6 
SID: 476 PROCESSING: 20220510_102100.WAV SPECIES: 97 DETECTIONS: 13 TIME: 6 
SID: 477 PROCESSING: 20220510_082300.WAV SPECIES: 97 DETECTIONS: 10 TIME: 6 
SID: 478 PROCESSING: 20220510_062200.WAV SPECIES: 97 DETECTIONS: 17 TIME: 6 
SID: 479 PROCESSING: 20220510_103900.WAV SPECIES: 97 DETECTIONS: 15 TIME: 6 
SID: 480 PROCESSING: 20220510_061400.WAV SPECIES: 97 DETECTIONS: 7 TIME: 6 
SID: 481 PROCESSING: 20220510_110900.WAV SPECIES: 97 DETECTIONS: 20 TIME: 6 
SID: 482 PROCESSING: 20220510_075900.WAV SPECIES: 97 DETECTIONS: 18 TIME: 6 
SID: 483 PROCESSING: 20220510_062400.WAV SPECIES: 97 DETECTIONS: 3 TIME: 6 
SID: 484 PROCESSING: 20220510_053600.WAV SPECIES: 97 DETECTIONS: 0 TIME: 6 
SID: 485 PROCESSING: 20220510_091200.WAV SPECIES: 97 DETECTIONS: 14 TIME: 6 
SID: 486 PROCESSING: 20220510_021100.WAV SPECIES: 97 DETECTIONS: 0 TIME: 6 
SID: 487 PROCESSING: 20220510_032300.WAV SPECIES: 97 DETECTIONS: 5 TIME: 6 
SID: 488 PROCESSING: 20220510_001300.WAV SPECIES: 97 DETECTIONS: 0 TIME: 6 
SID: 489 PROCESSING: 20220510_065900.WAV SPECIES: 97 DETECTIONS: 13 TIME: 6 
SID: 490 PROCESSING: 20220510_101400.WAV SPECIES: 97 DETECTIONS: 16 TIME: 6 
SID: 491 PROCESSING: 20220510_110800.WAV SPECIES: 97 DETECTIONS: 17 TIME: 6 
SID: 492 PROCESSING: 20220510_095900.WAV SPECIES: 97 DETECTIONS: 13 TIME: 6 
SID: 493 PROCESSING: 20220510_040400.WAV SPECIES: 97 DETECTIONS: 7 TIME: 6 
SID: 494 PROCESSING: 20220510_024500.WAV SPECIES: 97 DETECTIONS: 0 TIME: 6 
SID: 495 PROCESSING: 20220510_003900.WAV SPECIES: 97 DETECTIONS: 0 TIME: 6 
SID: 496 PROCESSING: 20220510_083900.WAV SPECIES: 97 DETECTIONS: 13 TIME: 6 
SID: 497 PROCESSING: 20220510_000500.WAV SPECIES: 97 DETECTIONS: 1 TIME: 6 
SID: 498 PROCESSING: 20220510_104800.WAV SPECIES: 97 DETECTIONS: 15 TIME: 6 
SID: 499 PROCESSING: 20220510_024200.WAV SPECIES: 97 DETECTIONS: 0 TIME: 6 
SID: 500 PROCESSING: 20220510_053700.WAV SPECIES: 97 DETECTIONS: 4 TIME: 6 
SID: 501 PROCESSING: 20220510_063300.WAV SPECIES: 97 DETECTIONS: 16 TIME: 6 
SID: 502 PROCESSING: 20220510_003700.WAV SPECIES: 97 DETECTIONS: 0 TIME: 6 
SID: 503 PROCESSING: 20220510_051700.WAV SPECIES: 97 DETECTIONS: 4 TIME: 6 
SID: 504 PROCESSING: 20220510_005500.WAV SPECIES: 97 DETECTIONS: 0 TIME: 6 
SID: 505 PROCESSING: 20220510_035900.WAV SPECIES: 97 DETECTIONS: 6 TIME: 6 
SID: 506 PROCESSING: 20220510_064800.WAV SPECIES: 97 DETECTIONS: 17 TIME: 6 
SID: 507 PROCESSING: 20220510_074600.WAV SPECIES: 97 DETECTIONS: 8 TIME: 6 
SID: 508 PROCESSING: 20220510_093900.WAV SPECIES: 97 DETECTIONS: 17 TIME: 6 
SID: 509 PROCESSING: 20220510_010700.WAV SPECIES: 97 DETECTIONS: 0 TIME: 5 
SID: 510 PROCESSING: 20220510_073800.WAV SPECIES: 97 DETECTIONS: 11 TIME: 6 
SID: 511 PROCESSING: 20220510_041300.WAV SPECIES: 97 DETECTIONS: 18 TIME: 6 
SID: 512 PROCESSING: 20220510_074900.WAV SPECIES: 97 DETECTIONS: 18 TIME: 6 
SID: 513 PROCESSING: 20220510_022500.WAV SPECIES: 97 DETECTIONS: 0 TIME: 6 
SID: 514 PROCESSING: 20220510_023300.WAV SPECIES: 97 DETECTIONS: 8 TIME: 6 
SID: 515 PROCESSING: 20220510_060400.WAV SPECIES: 97 DETECTIONS: 21 TIME: 6 
SID: 516 PROCESSING: 20220510_081500.WAV SPECIES: 97 DETECTIONS: 12 TIME: 6 
SID: 517 PROCESSING: 20220510_102900.WAV SPECIES: 97 DETECTIONS: 15 TIME: 6 
SID: 518 PROCESSING: 20220510_105200.WAV SPECIES: 97 DETECTIONS: 12 TIME: 6 
SID: 519 PROCESSING: 20220510_093100.WAV SPECIES: 97 DETECTIONS: 16 TIME: 6 
SID: 520 PROCESSING: 20220510_090600.WAV SPECIES: 97 DETECTIONS: 4 TIME: 6 
SID: 521 PROCESSING: 20220510_004200.WAV SPECIES: 97 DETECTIONS: 0 TIME: 6 
SID: 522 PROCESSING: 20220510_074400.WAV SPECIES: 97 DETECTIONS: 18 TIME: 6 
SID: 523 PROCESSING: 20220510_090500.WAV SPECIES: 97 DETECTIONS: 2 TIME: 6 
SID: 524 PROCESSING: 20220510_100900.WAV SPECIES: 97 DETECTIONS: 20 TIME: 6 
SID: 525 PROCESSING: 20220510_030900.WAV SPECIES: 97 DETECTIONS: 12 TIME: 6 
SID: 526 PROCESSING: 20220510_045900.WAV SPECIES: 97 DETECTIONS: 9 TIME: 6 
SID: 527 PROCESSING: 20220510_021500.WAV SPECIES: 97 DETECTIONS: 0 TIME: 6 
SID: 528 PROCESSING: 20220510_025700.WAV SPECIES: 97 DETECTIONS: 14 TIME: 6 
SID: 529 PROCESSING: 20220510_065300.WAV SPECIES: 97 DETECTIONS: 14 TIME: 6 
SID: 530 PROCESSING: 20220510_102800.WAV SPECIES: 97 DETECTIONS: 16 TIME: 6 
SID: 531 PROCESSING: 20220510_014100.WAV SPECIES: 97 DETECTIONS: 1 TIME: 6 
SID: 532 PROCESSING: 20220510_061500.WAV SPECIES: 97 DETECTIONS: 12 TIME: 6 
SID: 533 PROCESSING: 20220510_042800.WAV SPECIES: 97 DETECTIONS: 1 TIME: 5 
SID: 534 PROCESSING: 20220510_072300.WAV SPECIES: 97 DETECTIONS: 1 TIME: 6 
SID: 535 PROCESSING: 20220510_081900.WAV SPECIES: 97 DETECTIONS: 17 TIME: 6 
SID: 536 PROCESSING: 20220510_052600.WAV SPECIES: 97 DETECTIONS: 0 TIME: 6 
SID: 537 PROCESSING: 20220510_114800.WAV SPECIES: 97 DETECTIONS: 4 TIME: 6 
SID: 538 PROCESSING: 20220510_025400.WAV SPECIES: 97 DETECTIONS: 0 TIME: 6 
SID: 539 PROCESSING: 20220510_080100.WAV SPECIES: 97 DETECTIONS: 19 TIME: 6 
SID: 540 PROCESSING: 20220510_051200.WAV SPECIES: 97 DETECTIONS: 2 TIME: 6 
SID: 541 PROCESSING: 20220510_075400.WAV SPECIES: 97 DETECTIONS: 17 TIME: 6 
SID: 542 PROCESSING: 20220510_112700.WAV SPECIES: 97 DETECTIONS: 10 TIME: 6 
SID: 543 PROCESSING: 20220510_061200.WAV SPECIES: 97 DETECTIONS: 10 TIME: 6 
SID: 544 PROCESSING: 20220510_015200.WAV SPECIES: 97 DETECTIONS: 0 TIME: 6 
SID: 545 PROCESSING: 20220510_073600.WAV SPECIES: 97 DETECTIONS: 17 TIME: 6 
SID: 546 PROCESSING: 20220510_111100.WAV SPECIES: 97 DETECTIONS: 18 TIME: 6 
SID: 547 PROCESSING: 20220510_111200.WAV SPECIES: 97 DETECTIONS: 20 TIME: 6 
SID: 548 PROCESSING: 20220510_095000.WAV SPECIES: 97 DETECTIONS: 14 TIME: 6 
SID: 549 PROCESSING: 20220510_025300.WAV SPECIES: 97 DETECTIONS: 1 TIME: 6 
SID: 550 PROCESSING: 20220510_051300.WAV SPECIES: 97 DETECTIONS: 4 TIME: 6 
SID: 551 PROCESSING: 20220510_011200.WAV SPECIES: 97 DETECTIONS: 0 TIME: 6 
SID: 552 PROCESSING: 20220510_022600.WAV SPECIES: 97 DETECTIONS: 0 TIME: 6 
SID: 553 PROCESSING: 20220510_101500.WAV SPECIES: 97 DETECTIONS: 11 TIME: 6 
SID: 554 PROCESSING: 20220510_085300.WAV SPECIES: 97 DETECTIONS: 15 TIME: 5 
SID: 555 PROCESSING: 20220510_000900.WAV SPECIES: 97 DETECTIONS: 0 TIME: 6 
SID: 556 PROCESSING: 20220510_095400.WAV SPECIES: 97 DETECTIONS: 14 TIME: 5 
SID: 557 PROCESSING: 20220510_112100.WAV SPECIES: 97 DETECTIONS: 13 TIME: 6 
SID: 558 PROCESSING: 20220510_054400.WAV SPECIES: 97 DETECTIONS: 0 TIME: 6 
SID: 559 PROCESSING: 20220510_082100.WAV SPECIES: 97 DETECTIONS: 18 TIME: 6 
SID: 560 PROCESSING: 20220510_054600.WAV SPECIES: 97 DETECTIONS: 3 TIME: 6 
SID: 561 PROCESSING: 20220510_044800.WAV SPECIES: 97 DETECTIONS: 7 TIME: 6 
SID: 562 PROCESSING: 20220510_043500.WAV SPECIES: 97 DETECTIONS: 12 TIME: 6 
SID: 563 PROCESSING: 20220510_034200.WAV SPECIES: 97 DETECTIONS: 12 TIME: 6 
SID: 564 PROCESSING: 20220510_013400.WAV SPECIES: 97 DETECTIONS: 0 TIME: 6 
SID: 565 PROCESSING: 20220510_075600.WAV SPECIES: 97 DETECTIONS: 18 TIME: 6 
SID: 566 PROCESSING: 20220510_030500.WAV SPECIES: 97 DETECTIONS: 6 TIME: 6 
SID: 567 PROCESSING: 20220510_064500.WAV SPECIES: 97 DETECTIONS: 18 TIME: 6 
SID: 568 PROCESSING: 20220510_015900.WAV SPECIES: 97 DETECTIONS: 2 TIME: 6 
SID: 569 PROCESSING: 20220510_095500.WAV SPECIES: 97 DETECTIONS: 13 TIME: 6 
SID: 570 PROCESSING: 20220510_042600.WAV SPECIES: 97 DETECTIONS: 4 TIME: 6 
SID: 571 PROCESSING: 20220510_054300.WAV SPECIES: 97 DETECTIONS: 0 TIME: 6 
SID: 572 PROCESSING: 20220510_073100.WAV SPECIES: 97 DETECTIONS: 17 TIME: 6 
SID: 573 PROCESSING: 20220510_005900.WAV SPECIES: 97 DETECTIONS: 0 TIME: 6 
SID: 574 PROCESSING: 20220510_084500.WAV SPECIES: 97 DETECTIONS: 15 TIME: 6 
SID: 575 PROCESSING: 20220510_001400.WAV SPECIES: 97 DETECTIONS: 2 TIME: 6 
SID: 576 PROCESSING: 20220510_012900.WAV SPECIES: 97 DETECTIONS: 0 TIME: 6 
SID: 577 PROCESSING: 20220510_083800.WAV SPECIES: 97 DETECTIONS: 16 TIME: 6 
SID: 578 PROCESSING: 20220510_011900.WAV SPECIES: 97 DETECTIONS: 0 TIME: 6 
SID: 579 PROCESSING: 20220510_020500.WAV SPECIES: 97 DETECTIONS: 0 TIME: 6 
SID: 580 PROCESSING: 20220510_093300.WAV SPECIES: 97 DETECTIONS: 20 TIME: 6 
SID: 581 PROCESSING: 20220510_051500.WAV SPECIES: 97 DETECTIONS: 4 TIME: 6 
SID: 582 PROCESSING: 20220510_052200.WAV SPECIES: 97 DETECTIONS: 2 TIME: 6 
SID: 583 PROCESSING: 20220510_101200.WAV SPECIES: 97 DETECTIONS: 15 TIME: 6 
SID: 584 PROCESSING: 20220510_023000.WAV SPECIES: 97 DETECTIONS: 0 TIME: 6 
SID: 585 PROCESSING: 20220510_105500.WAV SPECIES: 97 DETECTIONS: 4 TIME: 6 
SID: 586 PROCESSING: 20220510_105300.WAV SPECIES: 97 DETECTIONS: 9 TIME: 6 
SID: 587 PROCESSING: 20220510_053900.WAV SPECIES: 97 DETECTIONS: 1 TIME: 6 
SID: 588 PROCESSING: 20220510_072400.WAV SPECIES: 97 DETECTIONS: 0 TIME: 6 
SID: 589 PROCESSING: 20220510_090000.WAV SPECIES: 97 DETECTIONS: 1 TIME: 6 
SID: 590 PROCESSING: 20220510_071500.WAV SPECIES: 97 DETECTIONS: 20 TIME: 6 
SID: 591 PROCESSING: 20220510_081800.WAV SPECIES: 97 DETECTIONS: 22 TIME: 6 
SID: 592 PROCESSING: 20220510_103600.WAV SPECIES: 97 DETECTIONS: 18 TIME: 6 
SID: 593 PROCESSING: 20220510_044200.WAV SPECIES: 97 DETECTIONS: 3 TIME: 6 
SID: 594 PROCESSING: 20220510_081600.WAV SPECIES: 97 DETECTIONS: 17 TIME: 6 
SID: 595 PROCESSING: 20220510_113800.WAV SPECIES: 97 DETECTIONS: 7 TIME: 6 
SID: 596 PROCESSING: 20220510_085600.WAV SPECIES: 97 DETECTIONS: 17 TIME: 6 
SID: 597 PROCESSING: 20220510_114200.WAV SPECIES: 97 DETECTIONS: 13 TIME: 6 
SID: 598 PROCESSING: 20220510_060800.WAV SPECIES: 97 DETECTIONS: 18 TIME: 6 
SID: 599 PROCESSING: 20220510_074500.WAV SPECIES: 97 DETECTIONS: 11 TIME: 6 
SID: 600 PROCESSING: 20220510_063400.WAV SPECIES: 97 DETECTIONS: 15 TIME: 6 
SID: 601 PROCESSING: 20220510_033600.WAV SPECIES: 97 DETECTIONS: 0 TIME: 6 
SID: 602 PROCESSING: 20220510_031600.WAV SPECIES: 97 DETECTIONS: 9 TIME: 6 
SID: 603 PROCESSING: 20220510_051000.WAV SPECIES: 97 DETECTIONS: 0 TIME: 6 
SID: 604 PROCESSING: 20220510_101800.WAV SPECIES: 97 DETECTIONS: 17 TIME: 6 
SID: 605 PROCESSING: 20220510_060700.WAV SPECIES: 97 DETECTIONS: 24 TIME: 6 
SID: 606 PROCESSING: 20220510_052900.WAV SPECIES: 97 DETECTIONS: 0 TIME: 6 
SID: 607 PROCESSING: 20220510_052700.WAV SPECIES: 97 DETECTIONS: 0 TIME: 6 
SID: 608 PROCESSING: 20220510_031900.WAV SPECIES: 97 DETECTIONS: 8 TIME: 6 
SID: 609 PROCESSING: 20220510_014300.WAV SPECIES: 97 DETECTIONS: 1 TIME: 6 
SID: 610 PROCESSING: 20220510_083600.WAV SPECIES: 97 DETECTIONS: 19 TIME: 6 
SID: 611 PROCESSING: 20220510_003000.WAV SPECIES: 97 DETECTIONS: 0 TIME: 6 
SID: 612 PROCESSING: 20220510_081100.WAV SPECIES: 97 DETECTIONS: 17 TIME: 6 
SID: 613 PROCESSING: 20220510_075300.WAV SPECIES: 97 DETECTIONS: 18 TIME: 6 
SID: 614 PROCESSING: 20220510_045700.WAV SPECIES: 97 DETECTIONS: 11 TIME: 6 
SID: 615 PROCESSING: 20220510_014500.WAV SPECIES: 97 DETECTIONS: 0 TIME: 6 
SID: 616 PROCESSING: 20220510_115800.WAV SPECIES: 97 DETECTIONS: 12 TIME: 6 
SID: 617 PROCESSING: 20220510_045600.WAV SPECIES: 97 DETECTIONS: 7 TIME: 6 
SID: 618 PROCESSING: 20220510_091000.WAV SPECIES: 97 DETECTIONS: 18 TIME: 6 
SID: 619 PROCESSING: 20220510_003100.WAV SPECIES: 97 DETECTIONS: 0 TIME: 6 
SID: 620 PROCESSING: 20220510_031400.WAV SPECIES: 97 DETECTIONS: 12 TIME: 6 
SID: 621 PROCESSING: 20220510_073700.WAV SPECIES: 97 DETECTIONS: 13 TIME: 6 
SID: 622 PROCESSING: 20220510_030200.WAV SPECIES: 97 DETECTIONS: 4 TIME: 6 
SID: 623 PROCESSING: 20220510_031200.WAV SPECIES: 97 DETECTIONS: 7 TIME: 6 
SID: 624 PROCESSING: 20220510_113500.WAV SPECIES: 97 DETECTIONS: 7 TIME: 6 
SID: 625 PROCESSING: 20220510_092900.WAV SPECIES: 97 DETECTIONS: 10 TIME: 6 
SID: 626 PROCESSING: 20220510_063100.WAV SPECIES: 97 DETECTIONS: 17 TIME: 6 
SID: 627 PROCESSING: 20220510_104500.WAV SPECIES: 97 DETECTIONS: 14 TIME: 6 
SID: 628 PROCESSING: 20220510_074200.WAV SPECIES: 97 DETECTIONS: 15 TIME: 6 
SID: 629 PROCESSING: 20220510_040500.WAV SPECIES: 97 DETECTIONS: 12 TIME: 6 
SID: 630 PROCESSING: 20220510_080600.WAV SPECIES: 97 DETECTIONS: 21 TIME: 6 
SID: 631 PROCESSING: 20220510_115200.WAV SPECIES: 97 DETECTIONS: 10 TIME: 6 
SID: 632 PROCESSING: 20220510_112900.WAV SPECIES: 97 DETECTIONS: 9 TIME: 6 
SID: 633 PROCESSING: 20220510_020400.WAV SPECIES: 97 DETECTIONS: 0 TIME: 6 
SID: 634 PROCESSING: 20220510_041100.WAV SPECIES: 97 DETECTIONS: 13 TIME: 5 
SID: 635 PROCESSING: 20220510_105800.WAV SPECIES: 97 DETECTIONS: 12 TIME: 6 
SID: 636 PROCESSING: 20220510_104300.WAV SPECIES: 97 DETECTIONS: 10 TIME: 6 
SID: 637 PROCESSING: 20220510_031300.WAV SPECIES: 97 DETECTIONS: 9 TIME: 5 
SID: 638 PROCESSING: 20220510_031000.WAV SPECIES: 97 DETECTIONS: 11 TIME: 6 
SID: 639 PROCESSING: 20220510_111700.WAV SPECIES: 97 DETECTIONS: 12 TIME: 6 
SID: 640 PROCESSING: 20220510_094800.WAV SPECIES: 97 DETECTIONS: 5 TIME: 6 
SID: 641 PROCESSING: 20220510_094000.WAV SPECIES: 97 DETECTIONS: 16 TIME: 6 
SID: 642 PROCESSING: 20220510_083300.WAV SPECIES: 97 DETECTIONS: 16 TIME: 6 
SID: 643 PROCESSING: 20220510_021800.WAV SPECIES: 97 DETECTIONS: 0 TIME: 6 
SID: 644 PROCESSING: 20220510_081000.WAV SPECIES: 97 DETECTIONS: 17 TIME: 6 
SID: 645 PROCESSING: 20220510_105600.WAV SPECIES: 97 DETECTIONS: 10 TIME: 6 
SID: 646 PROCESSING: 20220510_084100.WAV SPECIES: 97 DETECTIONS: 18 TIME: 6 
SID: 647 PROCESSING: 20220510_080900.WAV SPECIES: 97 DETECTIONS: 19 TIME: 6 
SID: 648 PROCESSING: 20220510_031500.WAV SPECIES: 97 DETECTIONS: 13 TIME: 6 
SID: 649 PROCESSING: 20220510_004900.WAV SPECIES: 97 DETECTIONS: 0 TIME: 6 
SID: 650 PROCESSING: 20220510_004100.WAV SPECIES: 97 DETECTIONS: 0 TIME: 6 
SID: 651 PROCESSING: 20220510_091900.WAV SPECIES: 97 DETECTIONS: 11 TIME: 6 
SID: 652 PROCESSING: 20220510_070600.WAV SPECIES: 97 DETECTIONS: 13 TIME: 6 
SID: 653 PROCESSING: 20220510_115900.WAV SPECIES: 97 DETECTIONS: 13 TIME: 6 
SID: 654 PROCESSING: 20220510_024100.WAV SPECIES: 97 DETECTIONS: 0 TIME: 6 
SID: 655 PROCESSING: 20220510_084700.WAV SPECIES: 97 DETECTIONS: 13 TIME: 6 
SID: 656 PROCESSING: 20220510_101600.WAV SPECIES: 97 DETECTIONS: 11 TIME: 6 
SID: 657 PROCESSING: 20220510_094600.WAV SPECIES: 97 DETECTIONS: 7 TIME: 6 
SID: 658 PROCESSING: 20220510_043700.WAV SPECIES: 97 DETECTIONS: 6 TIME: 6 
SID: 659 PROCESSING: 20220510_103300.WAV SPECIES: 97 DETECTIONS: 18 TIME: 6 
SID: 660 PROCESSING: 20220510_062600.WAV SPECIES: 97 DETECTIONS: 3 TIME: 6 
SID: 661 PROCESSING: 20220510_072100.WAV SPECIES: 97 DETECTIONS: 11 TIME: 6 
SID: 662 PROCESSING: 20220510_090900.WAV SPECIES: 97 DETECTIONS: 16 TIME: 6 
SID: 663 PROCESSING: 20220510_085900.WAV SPECIES: 97 DETECTIONS: 1 TIME: 6 
SID: 664 PROCESSING: 20220510_061700.WAV SPECIES: 97 DETECTIONS: 8 TIME: 6 
SID: 665 PROCESSING: 20220510_100500.WAV SPECIES: 97 DETECTIONS: 12 TIME: 6 
SID: 666 PROCESSING: 20220510_094400.WAV SPECIES: 97 DETECTIONS: 9 TIME: 6 
SID: 667 PROCESSING: 20220510_115400.WAV SPECIES: 97 DETECTIONS: 19 TIME: 6 
SID: 668 PROCESSING: 20220510_060100.WAV SPECIES: 97 DETECTIONS: 25 TIME: 6 
SID: 669 PROCESSING: 20220510_111300.WAV SPECIES: 97 DETECTIONS: 18 TIME: 6 
SID: 670 PROCESSING: 20220510_075100.WAV SPECIES: 97 DETECTIONS: 13 TIME: 8 
SID: 671 PROCESSING: 20220510_052500.WAV SPECIES: 97 DETECTIONS: 1 TIME: 7 
SID: 672 PROCESSING: 20220510_030000.WAV SPECIES: 97 DETECTIONS: 17 TIME: 7 
SID: 673 PROCESSING: 20220510_042000.WAV SPECIES: 97 DETECTIONS: 0 TIME: 6 
SID: 674 PROCESSING: 20220510_105000.WAV SPECIES: 97 DETECTIONS: 14 TIME: 6 
SID: 675 PROCESSING: 20220510_024800.WAV SPECIES: 97 DETECTIONS: 0 TIME: 6 
SID: 676 PROCESSING: 20220510_015700.WAV SPECIES: 97 DETECTIONS: 0 TIME: 6 
SID: 677 PROCESSING: 20220510_034400.WAV SPECIES: 97 DETECTIONS: 6 TIME: 6 
SID: 678 PROCESSING: 20220510_025100.WAV SPECIES: 97 DETECTIONS: 0 TIME: 6 
SID: 679 PROCESSING: 20220510_010100.WAV SPECIES: 97 DETECTIONS: 0 TIME: 6 
SID: 680 PROCESSING: 20220510_050000.WAV SPECIES: 97 DETECTIONS: 6 TIME: 11 
SID: 681 PROCESSING: 20220510_110600.WAV SPECIES: 97 DETECTIONS: 16 TIME: 10 
SID: 682 PROCESSING: 20220510_014800.WAV SPECIES: 97 DETECTIONS: 0 TIME: 6 
SID: 683 PROCESSING: 20220510_115000.WAV SPECIES: 97 DETECTIONS: 3 TIME: 10 
SID: 684 PROCESSING: 20220510_104900.WAV SPECIES: 97 DETECTIONS: 10 TIME: 6 
SID: 685 PROCESSING: 20220510_000300.WAV SPECIES: 97 DETECTIONS: 1 TIME: 6 
SID: 686 PROCESSING: 20220510_082500.WAV SPECIES: 97 DETECTIONS: 14 TIME: 8 
SID: 687 PROCESSING: 20220510_102400.WAV SPECIES: 97 DETECTIONS: 19 TIME: 6 
SID: 688 PROCESSING: 20220510_041700.WAV SPECIES: 97 DETECTIONS: 8 TIME: 11 
SID: 689 PROCESSING: 20220510_013100.WAV SPECIES: 97 DETECTIONS: 0 TIME: 11 
SID: 690 PROCESSING: 20220510_050700.WAV SPECIES: 97 DETECTIONS: 2 TIME: 11 
SID: 691 PROCESSING: 20220510_084800.WAV SPECIES: 97 DETECTIONS: 16 TIME: 11 
SID: 692 PROCESSING: 20220510_115100.WAV SPECIES: 97 DETECTIONS: 12 TIME: 11 
SID: 693 PROCESSING: 20220510_112500.WAV SPECIES: 97 DETECTIONS: 13 TIME: 11 
SID: 694 PROCESSING: 20220510_063700.WAV SPECIES: 97 DETECTIONS: 20 TIME: 11 
SID: 695 PROCESSING: 20220510_053000.WAV SPECIES: 97 DETECTIONS: 0 TIME: 11 
SID: 696 PROCESSING: 20220510_055200.WAV SPECIES: 97 DETECTIONS: 20 TIME: 11 
SID: 697 PROCESSING: 20220510_065500.WAV SPECIES: 97 DETECTIONS: 16 TIME: 11 
SID: 698 PROCESSING: 20220510_060600.WAV SPECIES: 97 DETECTIONS: 22 TIME: 8 
SID: 699 PROCESSING: 20220510_000400.WAV SPECIES: 97 DETECTIONS: 1 TIME: 6 
SID: 700 PROCESSING: 20220510_011400.WAV SPECIES: 97 DETECTIONS: 0 TIME: 7 
SID: 701 PROCESSING: 20220510_074100.WAV SPECIES: 97 DETECTIONS: 18 TIME: 6 
SID: 702 PROCESSING: 20220510_054500.WAV SPECIES: 97 DETECTIONS: 1 TIME: 6 
SID: 703 PROCESSING: 20220510_000100.WAV SPECIES: 97 DETECTIONS: 1 TIME: 6 
SID: 704 PROCESSING: 20220510_072000.WAV SPECIES: 97 DETECTIONS: 12 TIME: 6 
SID: 705 PROCESSING: 20220510_000200.WAV SPECIES: 97 DETECTIONS: 0 TIME: 6 
SID: 706 PROCESSING: 20220510_061300.WAV SPECIES: 97 DETECTIONS: 8 TIME: 6 
SID: 707 PROCESSING: 20220510_003200.WAV SPECIES: 97 DETECTIONS: 0 TIME: 6 
SID: 708 PROCESSING: 20220510_083200.WAV SPECIES: 97 DETECTIONS: 15 TIME: 6 
SID: 709 PROCESSING: 20220510_082000.WAV SPECIES: 97 DETECTIONS: 16 TIME: 6 
SID: 710 PROCESSING: 20220510_083000.WAV SPECIES: 97 DETECTIONS: 21 TIME: 6 
SID: 711 PROCESSING: 20220510_023400.WAV SPECIES: 97 DETECTIONS: 7 TIME: 6 
SID: 712 PROCESSING: 20220510_020200.WAV SPECIES: 97 DETECTIONS: 2 TIME: 6 
SID: 713 PROCESSING: 20220510_005100.WAV SPECIES: 97 DETECTIONS: 0 TIME: 6 
SID: 714 PROCESSING: 20220510_100300.WAV SPECIES: 97 DETECTIONS: 14 TIME: 6 
SID: 715 PROCESSING: 20220510_070700.WAV SPECIES: 97 DETECTIONS: 18 TIME: 6 
SID: 716 PROCESSING: 20220510_040900.WAV SPECIES: 97 DETECTIONS: 3 TIME: 6 
SID: 717 PROCESSING: 20220510_101300.WAV SPECIES: 97 DETECTIONS: 21 TIME: 6 
SID: 718 PROCESSING: 20220510_093600.WAV SPECIES: 97 DETECTIONS: 14 TIME: 6 
SID: 719 PROCESSING: 20220510_021900.WAV SPECIES: 97 DETECTIONS: 0 TIME: 5 
