FILES IN DATASET: 719 
LOADING SNAPSHOT BirdNET_Soundscape_Model.pkl ... DONE! 
BUILDING BirdNET MODEL... DONE! 
IMPORTING MODEL PARAMS... DONE! 
COMPILING THEANO TEST FUNCTION FUNCTION... DONE! 
LOADING eBIRD GRID DATA... DONE! 13800 GRID CELLS 
SID: 1 PROCESSING: 20220509_002700.WAV SPECIES: 97 DETECTIONS: 0 TIME: 6 
SID: 2 PROCESSING: 20220509_101700.WAV SPECIES: 97 DETECTIONS: 13 TIME: 5 
SID: 3 PROCESSING: 20220509_055900.WAV SPECIES: 97 DETECTIONS: 40 TIME: 5 
SID: 4 PROCESSING: 20220509_021500.WAV SPECIES: 97 DETECTIONS: 0 TIME: 5 
SID: 5 PROCESSING: 20220509_031200.WAV SPECIES: 97 DETECTIONS: 0 TIME: 5 
SID: 6 PROCESSING: 20220509_093200.WAV SPECIES: 97 DETECTIONS: 19 TIME: 5 
SID: 7 PROCESSING: 20220509_111500.WAV SPECIES: 97 DETECTIONS: 21 TIME: 5 
SID: 8 PROCESSING: 20220509_000300.WAV SPECIES: 97 DETECTIONS: 1 TIME: 5 
SID: 9 PROCESSING: 20220509_050300.WAV SPECIES: 97 DETECTIONS: 0 TIME: 5 
SID: 10 PROCESSING: 20220509_055200.WAV SPECIES: 97 DETECTIONS: 23 TIME: 5 
SID: 11 PROCESSING: 20220509_070900.WAV SPECIES: 97 DETECTIONS: 23 TIME: 5 
SID: 12 PROCESSING: 20220509_024500.WAV SPECIES: 97 DETECTIONS: 1 TIME: 5 
SID: 13 PROCESSING: 20220509_110800.WAV SPECIES: 97 DETECTIONS: 19 TIME: 5 
SID: 14 PROCESSING: 20220509_084500.WAV SPECIES: 97 