FILES IN DATASET: 1 
LOADING SNAPSHOT BirdNET_Soundscape_Model.pkl ... DONE! 
BUILDING BirdNET MODEL... DONE! 
IMPORTING MODEL PARAMS... DONE! 
COMPILING THEANO TEST FUNCTION FUNCTION... DONE! 
LOADING eBIRD GRID DATA... DONE! 13800 GRID CELLS 
SID: 1 PROCESSING: 20220505_000100.WAV SPECIES: 93 DETECTIONS: 359 TIME: 636 
FILES IN DATASET: 1 
LOADING SNAPSHOT BirdNET_Soundscape_Model.pkl ... DONE! 
BUILDING BirdNET MODEL... DONE! 
IMPORTING MODEL PARAMS... DONE! 
COMPILING THEANO TEST FUNCTION FUNCTION... DONE! 
LOADING eBIRD GRID DATA... DONE! 13800 GRID CELLS 
SID: 1 PROCESSING: 20220505_020002.WAV SPECIES: 93 DETECTIONS: 7306 TIME: 3301 
FILES IN DATASET: 1 
LOADING SNAPSHOT BirdNET_Soundscape_Model.pkl ... DONE! 
BUILDING BirdNET MODEL... DONE! 
IMPORTING MODEL PARAMS... DONE! 
COMPILING THEANO TEST FUNCTION FUNCTION... DONE! 
LOADING eBIRD GRID DATA... DONE! 13800 GRID CELLS 
SID: 1 PROCESSING: 20220506_000100.WAV SPECIES: 93 DETECTIONS: 33 TIME: 647 
FILES IN DATASET: 1 
LOADING SNAPSHOT BirdNET_Soundscape_Model.pkl ... DONE! 
BUILDING BirdNET MODEL... DONE! 
IMPORTING MODEL PARAMS... DONE! 
COMPILING THEANO TEST FUNCTION FUNCTION... DONE! 
LOADING eBIRD GRID DATA... DONE! 13800 GRID CELLS 
SID: 1 PROCESSING: 20220506_020002.WAV SPECIES: 93 