FILES IN DATASET: 1 
LOADING SNAPSHOT BirdNET_Soundscape_Model.pkl ... DONE! 
BUILDING BirdNET MODEL... DONE! 
IMPORTING MODEL PARAMS... DONE! 
COMPILING THEANO TEST FUNCTION FUNCTION... DONE! 
LOADING eBIRD GRID DATA... DONE! 13800 GRID CELLS 
SID: 1 PROCESSING: 20220505_000100.WAV SPECIES: 93 DETECTIONS: 90 TIME: 758 
FILES IN DATASET: 1 
LOADING SNAPSHOT BirdNET_Soundscape_Model.pkl ... DONE! 
BUILDING BirdNET MODEL... DONE! 
IMPORTING MODEL PARAMS... DONE! 
COMPILING THEANO TEST FUNCTION FUNCTION... DONE! 
LOADING eBIRD GRID DATA... DONE! 13800 GRID CELLS 
SID: 1 PROCESSING: 20220505_020001.WAV SPECIES: 93 DETECTIONS: 4851 TIME: 3652 
FILES IN DATASET: 1 
LOADING SNAPSHOT BirdNET_Soundscape_Model.pkl ... DONE! 
BUILDING BirdNET MODEL... DONE! 
IMPORTING MODEL PARAMS... DONE! 
COMPILING THEANO TEST FUNCTION FUNCTION... DONE! 
LOADING eBIRD GRID DATA... DONE! 13800 GRID CELLS 
SID: 1 PROCESSING: 20220506_000100.WAV SPECIES: 93 DETECTIONS: 52 TIME: 726 
FILES IN DATASET: 1 
LOADING SNAPSHOT BirdNET_Soundscape_Model.pkl ... DONE! 
BUILDING BirdNET MODEL... DONE! 
IMPORTING MODEL PARAMS... DONE! 
COMPILING THEANO TEST FUNCTION FUNCTION... DONE! 
LOADING eBIRD GRID DATA... DONE! 13800 GRID CELLS 
SID: 1 PROCESSING: 20220506_020001.WAV SPECIES: 93 DETECTIONS: 3408 TIME: 3661 
FILES IN DATASET: 1 
LOADING SNAPSHOT BirdNET_Soundscape_Model.pkl ... DONE! 
BUILDING BirdNET MODEL... DONE! 
IMPORTING MODEL PARAMS... DONE! 
COMPILING THEANO TEST FUNCTION FUNCTION... INFO (theano.gof.compilelock): Waiting for existing lock by process '2577149' (I am process '1769388')
INFO (theano.gof.compilelock): To manually release the lock, delete /scratch/vl1019/.theano/compiledir_Linux-4.18-el8_4.x86_64-x86_64-with-redhat-8.4-Ootpa-x86_64-3.7.13-64/lock_dir
DONE! 
LOADING eBIRD GRID DATA... DONE! 13800 GRID CELLS 
SID: 1 PROCESSING: 20220507_000100.WAV SPECIES: 93 DETECTIONS: 109 TIME: 725 
FILES IN DATASET: 1 
LOADING SNAPSHOT BirdNET_Soundscape_Model.pkl ... DONE! 
BUILDING BirdNET MODEL... DONE! 
IMPORTING MODEL PARAMS... DONE! 
COMPILING THEANO TEST FUNCTION FUNCTION... DONE! 
LOADING eBIRD GRID DATA... DONE! 13800 GRID CELLS 
SID: 1 PROCESSING: 20220507_020001.WAV SPECIES: 93 DETECTIONS: 3067 TIME: 3693 
FILES IN DATASET: 1 
LOADING SNAPSHOT BirdNET_Soundscape_Model.pkl ... DONE! 
BUILDING BirdNET MODEL... DONE! 
IMPORTING MODEL PARAMS... DONE! 
COMPILING THEANO TEST FUNCTION FUNCTION... INFO (theano.gof.compilelock): Waiting for existing lock by process '1204035' (I am process '1775543')
INFO (theano.gof.compilelock): To manually release the lock, delete /scratch/vl1019/.theano/compiledir_Linux-4.18-el8_4.x86_64-x86_64-with-redhat-8.4-Ootpa-x86_64-3.7.13-64/lock_dir
INFO (theano.gof.compilelock): Waiting for existing lock by process '9169' (I am process '1775543')
INFO (theano.gof.compilelock): To manually release the lock, delete /scratch/vl1019/.theano/compiledir_Linux-4.18-el8_4.x86_64-x86_64-with-redhat-8.4-Ootpa-x86_64-3.7.13-64/lock_dir
DONE! 
LOADING eBIRD GRID DATA... DONE! 13800 GRID CELLS 
SID: 1 PROCESSING: 20220508_000100.WAV SPECIES: 97 DETECTIONS: 18 TIME: 730 
FILES IN DATASET: 1 
LOADING SNAPSHOT BirdNET_Soundscape_Model.pkl ... DONE! 
BUILDING BirdNET MODEL... DONE! 
IMPORTING MODEL PARAMS... DONE! 
COMPILING THEANO TEST FUNCTION FUNCTION... DONE! 
LOADING eBIRD GRID DATA... DONE! 13800 GRID CELLS 
SID: 1 PROCESSING: 20220508_020001.WAV SPECIES: 97 DETECTIONS: 5708 TIME: 3720 
FILES IN DATASET: 1 
LOADING SNAPSHOT BirdNET_Soundscape_Model.pkl ... DONE! 
BUILDING BirdNET MODEL... DONE! 
IMPORTING MODEL PARAMS... DONE! 
COMPILING THEANO TEST FUNCTION FUNCTION... DONE! 
LOADING eBIRD GRID DATA... DONE! 13800 GRID CELLS 
SID: 1 PROCESSING: 20220509_000100.WAV SPECIES: 97 DETECTIONS: 41 TIME: 734 
FILES IN DATASET: 1 
LOADING SNAPSHOT BirdNET_Soundscape_Model.pkl ... DONE! 
BUILDING BirdNET MODEL... DONE! 
IMPORTING MODEL PARAMS... DONE! 
COMPILING THEANO TEST FUNCTION FUNCTION... DONE! 
LOADING eBIRD GRID DATA... DONE! 13800 GRID CELLS 
SID: 1 PROCESSING: 20220509_020001.WAV SPECIES: 97 DETECTIONS: 6868 TIME: 3717 
FILES IN DATASET: 1 
LOADING SNAPSHOT BirdNET_Soundscape_Model.pkl ... DONE! 
BUILDING BirdNET MODEL... DONE! 
IMPORTING MODEL PARAMS... DONE! 
COMPILING THEANO TEST FUNCTION FUNCTION... INFO (theano.gof.compilelock): Waiting for existing lock by process '305785' (I am process '1788208')
INFO (theano.gof.compilelock): To manually release the lock, delete /scratch/vl1019/.theano/compiledir_Linux-4.18-el8_4.x86_64-x86_64-with-redhat-8.4-Ootpa-x86_64-3.7.13-64/lock_dir
DONE! 
LOADING eBIRD GRID DATA... DONE! 13800 GRID CELLS 
SID: 1 PROCESSING: 20220510_000100.WAV SPECIES: 97 DETECTIONS: 92 TIME: 708 
FILES IN DATASET: 1 
LOADING SNAPSHOT BirdNET_Soundscape_Model.pkl ... DONE! 
BUILDING BirdNET MODEL... DONE! 
IMPORTING MODEL PARAMS... DONE! 
COMPILING THEANO TEST FUNCTION FUNCTION... DONE! 
LOADING eBIRD GRID DATA... DONE! 13800 GRID CELLS 
SID: 1 PROCESSING: 20220510_020001.WAV SPECIES: 97 DETECTIONS: 5805 TIME: 3728 
FILES IN DATASET: 1 
LOADING SNAPSHOT BirdNET_Soundscape_Model.pkl ... DONE! 
BUILDING BirdNET MODEL... DONE! 
IMPORTING MODEL PARAMS... DONE! 
COMPILING THEANO TEST FUNCTION FUNCTION... DONE! 
LOADING eBIRD GRID DATA... DONE! 13800 GRID CELLS 
SID: 1 PROCESSING: 20220511_000100.WAV SPECIES: 97 DETECTIONS: 24 TIME: 741 
FILES IN DATASET: 1 
LOADING SNAPSHOT BirdNET_Soundscape_Model.pkl ... DONE! 
BUILDING BirdNET MODEL... DONE! 
IMPORTING MODEL PARAMS... DONE! 
COMPILING THEANO TEST FUNCTION FUNCTION... DONE! 
LOADING eBIRD GRID DATA... DONE! 13800 GRID CELLS 
SID: 1 PROCESSING: 20220511_020001.WAV SPECIES: 97 DETECTIONS: 5565 TIME: 3675 
FILES IN DATASET: 1 
LOADING SNAPSHOT BirdNET_Soundscape_Model.pkl ... DONE! 
BUILDING BirdNET MODEL... DONE! 
IMPORTING MODEL PARAMS... DONE! 
COMPILING THEANO TEST FUNCTION FUNCTION... INFO (theano.gof.compilelock): Waiting for existing lock by process '1857884' (I am process '1803991')
INFO (theano.gof.compilelock): To manually release the lock, delete /scratch/vl1019/.theano/compiledir_Linux-4.18-el8_4.x86_64-x86_64-with-redhat-8.4-Ootpa-x86_64-3.7.13-64/lock_dir
DONE! 
LOADING eBIRD GRID DATA... DONE! 13800 GRID CELLS 
SID: 1 PROCESSING: 20220512_000100.WAV SPECIES: 97 DETECTIONS: 500 TIME: 760 
FILES IN DATASET: 1 
LOADING SNAPSHOT BirdNET_Soundscape_Model.pkl ... DONE! 
BUILDING BirdNET MODEL... DONE! 
IMPORTING MODEL PARAMS... DONE! 
COMPILING THEANO TEST FUNCTION FUNCTION... DONE! 
LOADING eBIRD GRID DATA... DONE! 13800 GRID CELLS 
SID: 1 PROCESSING: 20220512_020001.WAV SPECIES: 97 DETECTIONS: 6197 TIME: 3855 
FILES IN DATASET: 1 
LOADING SNAPSHOT BirdNET_Soundscape_Model.pkl ... DONE! 
BUILDING BirdNET MODEL... DONE! 
IMPORTING MODEL PARAMS... DONE! 
COMPILING THEANO TEST FUNCTION FUNCTION... DONE! 
LOADING eBIRD GRID DATA... DONE! 13800 GRID CELLS 
SID: 1 PROCESSING: 20220513_000100.WAV SPECIES: 97 DETECTIONS: 49 TIME: 749 
FILES IN DATASET: 1 
LOADING SNAPSHOT BirdNET_Soundscape_Model.pkl ... DONE! 
BUILDING BirdNET MODEL... DONE! 
IMPORTING MODEL PARAMS... DONE! 
COMPILING THEANO TEST FUNCTION FUNCTION... DONE! 
LOADING eBIRD GRID DATA... DONE! 13800 GRID CELLS 
SID: 1 PROCESSING: 20220513_020001.WAV SPECIES: 97 DETECTIONS: 7188 TIME: 3817 
