FILES IN DATASET: 719 
LOADING SNAPSHOT BirdNET_Soundscape_Model.pkl ... DONE! 
BUILDING BirdNET MODEL... DONE! 
IMPORTING MODEL PARAMS... DONE! 
COMPILING THEANO TEST FUNCTION FUNCTION... INFO (theano.gof.compilelock): Waiting for existing lock by process '463783' (I am process '4089401')
INFO (theano.gof.compilelock): To manually release the lock, delete /scratch/vl1019/.theano/compiledir_Linux-4.18-el8_4.x86_64-x86_64-with-redhat-8.4-Ootpa-x86_64-3.7.13-64/lock_dir
INFO (theano.gof.compilelock): Waiting for existing lock by process '2170768' (I am process '4089401')
INFO (theano.gof.compilelock): To manually release the lock, delete /scratch/vl1019/.theano/compiledir_Linux-4.18-el8_4.x86_64-x86_64-with-redhat-8.4-Ootpa-x86_64-3.7.13-64/lock_dir
INFO (theano.gof.compilelock): Waiting for existing lock by process '463884' (I am process '4089401')
INFO (theano.gof.compilelock): To manually release the lock, delete /scratch/vl1019/.theano/compiledir_Linux-4.18-el8_4.x86_64-x86_64-with-redhat-8.4-Ootpa-x86_64-3.7.13-64/lock_dir
INFO (theano.gof.compilelock): Waiting for existing lock by process '831325' (I am process '4089401')
INFO (theano.gof.compilelock): To manually release the lock, delete /scratch/vl1019/.theano/compiledir_Linux-4.18-el8_4.x86_64-x86_64-with-redhat-8.4-Ootpa-x86_64-3.7.13-64/lock_dir
INFO (theano.gof.compilelock): Waiting for existing lock by process '2974222' (I am process '4089401')
INFO (theano.gof.compilelock): To manually release the lock, delete /scratch/vl1019/.theano/compiledir_Linux-4.18-el8_4.x86_64-x86_64-with-redhat-8.4-Ootpa-x86_64-3.7.13-64/lock_dir
INFO (theano.gof.compilelock): Waiting for existing lock by process '1542709' (I am process '4089401')
INFO (theano.gof.compilelock): To manually release the lock, delete /scratch/vl1019/.theano/compiledir_Linux-4.18-el8_4.x86_64-x86_64-with-redhat-8.4-Ootpa-x86_64-3.7.13-64/lock_dir
INFO (theano.gof.compilelock): Waiting for existing lock by unknown process (I am process '4089401')
INFO (theano.gof.compilelock): To manually release the lock, delete /scratch/vl1019/.theano/compiledir_Linux-4.18-el8_4.x86_64-x86_64-with-redhat-8.4-Ootpa-x86_64-3.7.13-64/lock_dir
INFO (theano.gof.compilelock): Waiting for existing lock by process '831187' (I am process '4089401')
INFO (theano.gof.compilelock): To manually release the lock, delete /scratch/vl1019/.theano/compiledir_Linux-4.18-el8_4.x86_64-x86_64-with-redhat-8.4-Ootpa-x86_64-3.7.13-64/lock_dir
INFO (theano.gof.compilelock): Waiting for existing lock by process '831639' (I am process '4089401')
INFO (theano.gof.compilelock): To manually release the lock, delete /scratch/vl1019/.theano/compiledir_Linux-4.18-el8_4.x86_64-x86_64-with-redhat-8.4-Ootpa-x86_64-3.7.13-64/lock_dir
INFO (theano.gof.compilelock): Waiting for existing lock by process '1543025' (I am process '4089401')
INFO (theano.gof.compilelock): To manually release the lock, delete /scratch/vl1019/.theano/compiledir_Linux-4.18-el8_4.x86_64-x86_64-with-redhat-8.4-Ootpa-x86_64-3.7.13-64/lock_dir
INFO (theano.gof.compilelock): Waiting for existing lock by process '2974536' (I am process '4089401')
INFO (theano.gof.compilelock): To manually release the lock, delete /scratch/vl1019/.theano/compiledir_Linux-4.18-el8_4.x86_64-x86_64-with-redhat-8.4-Ootpa-x86_64-3.7.13-64/lock_dir
DONE! 
LOADING eBIRD GRID DATA... DONE! 13800 GRID CELLS 
SID: 1 PROCESSING: 20220511_020000.WAV SPECIES: 97 DETECTIONS: 0 TIME: 6 
SID: 2 PROCESSING: 20220511_025600.WAV SPECIES: 97 DETECTIONS: 0 TIME: 5 
SID: 3 PROCESSING: 20220511_061400.WAV SPECIES: 97 DETECTIONS: 21 TIME: 5 
SID: 4 PROCESSING: 20220511_091300.WAV SPECIES: 97 DETECTIONS: 13 TIME: 5 
SID: 5 PROCESSING: 20220511_082300.WAV SPECIES: 97 DETECTIONS: 25 TIME: 5 
SID: 6 PROCESSING: 20220511_111900.WAV SPECIES: 97 DETECTIONS: 12 TIME: 5 
SID: 7 PROCESSING: 20220511_052100.WAV SPECIES: 97 DETECTIONS: 0 TIME: 5 
SID: 8 PROCESSING: 20220511_115300.WAV SPECIES: 97 DETECTIONS: 3 TIME: 5 
SID: 9 PROCESSING: 20220511_053300.WAV SPECIES: 97 DETECTIONS: 0 TIME: 5 
SID: 10 PROCESSING: 20220511_000100.WAV SPECIES: 97 DETECTIONS: 0 TIME: 5 
SID: 11 PROCESSING: 20220511_060800.WAV SPECIES: 97 DETECTIONS: 27 TIME: 5 
SID: 12 PROCESSING: 20220511_054500.WAV SPECIES: 97 DETECTIONS: 13 TIME: 5 
SID: 13 PROCESSING: 20220511_024400.WAV SPECIES: 97 DETECTIONS: 0 TIME: 5 
SID: 14 PROCESSING: 20220511_103000.WAV SPECIES: 97 DETECTIONS: 14 TIME: 5 
SID: 15 PROCESSING: 20220511_090500.WAV SPECIES: 97 DETECTIONS: 10 TIME: 5 
SID: 16 PROCESSING: 20220511_013300.WAV SPECIES: 97 DETECTIONS: 0 TIME: 5 
SID: 17 PROCESSING: 20220511_050000.WAV SPECIES: 97 DETECTIONS: 0 TIME: 5 
SID: 18 PROCESSING: 20220511_021400.WAV SPECIES: 97 DETECTIONS: 0 TIME: 5 
SID: 19 PROCESSING: 20220511_072800.WAV SPECIES: 97 DETECTIONS: 13 TIME: 5 
SID: 20 PROCESSING: 20220511_053400.WAV SPECIES: 97 DETECTIONS: 0 TIME: 5 
SID: 21 PROCESSING: 20220511_112800.WAV SPECIES: 97 DETECTIONS: 20 TIME: 6 
SID: 22 PROCESSING: 20220511_104200.WAV SPECIES: 97 DETECTIONS: 17 TIME: 5 
SID: 23 PROCESSING: 20220511_015300.WAV SPECIES: 97 DETECTIONS: 0 TIME: 5 
SID: 24 PROCESSING: 20220511_084100.WAV SPECIES: 97 DETECTIONS: 8 TIME: 5 
SID: 25 PROCESSING: 20220511_072500.WAV SPECIES: 97 DETECTIONS: 21 TIME: 5 
SID: 26 PROCESSING: 20220511_043700.WAV SPECIES: 97 DETECTIONS: 0 TIME: 5 
SID: 27 PROCESSING: 20220511_003300.WAV SPECIES: 97 DETECTIONS: 0 TIME: 6 
SID: 28 PROCESSING: 20220511_091500.WAV SPECIES: 97 DETECTIONS: 19 TIME: 5 
SID: 29 PROCESSING: 20220511_041000.WAV SPECIES: 97 DETECTIONS: 0 TIME: 5 
SID: 30 PROCESSING: 20220511_110700.WAV SPECIES: 97 DETECTIONS: 16 TIME: 6 
SID: 31 PROCESSING: 20220511_040000.WAV SPECIES: 97 DETECTIONS: 0 TIME: 6 
SID: 32 PROCESSING: 20220511_060400.WAV SPECIES: 97 DETECTIONS: 20 TIME: 6 
SID: 33 PROCESSING: 20220511_085700.WAV SPECIES: 97 DETECTIONS: 5 TIME: 5 
SID: 34 PROCESSING: 20220511_004700.WAV SPECIES: 97 DETECTIONS: 0 TIME: 5 
SID: 35 PROCESSING: 20220511_051400.WAV SPECIES: 97 DETECTIONS: 0 TIME: 5 
SID: 36 PROCESSING: 20220511_065900.WAV SPECIES: 97 DETECTIONS: 23 TIME: 5 
SID: 37 PROCESSING: 20220511_083700.WAV SPECIES: 97 DETECTIONS: 18 TIME: 5 
SID: 38 PROCESSING: 20220511_112300.WAV SPECIES: 97 DETECTIONS: 28 TIME: 6 
SID: 39 PROCESSING: 20220511_081300.WAV SPECIES: 97 DETECTIONS: 16 TIME: 5 
SID: 40 PROCESSING: 20220511_001400.WAV SPECIES: 97 DETECTIONS: 1 TIME: 5 
SID: 41 PROCESSING: 20220511_003800.WAV SPECIES: 97 DETECTIONS: 0 TIME: 5 
SID: 42 PROCESSING: 20220511_034300.WAV SPECIES: 97 DETECTIONS: 0 TIME: 5 
SID: 43 PROCESSING: 20220511_005300.WAV SPECIES: 97 DETECTIONS: 0 TIME: 5 
SID: 44 PROCESSING: 20220511_055900.WAV SPECIES: 97 DETECTIONS: 25 TIME: 5 
SID: 45 PROCESSING: 20220511_103200.WAV SPECIES: 97 DETECTIONS: 18 TIME: 6 
SID: 46 PROCESSING: 20220511_004300.WAV SPECIES: 97 DETECTIONS: 0 TIME: 5 
SID: 47 PROCESSING: 20220511_022700.WAV SPECIES: 97 DETECTIONS: 0 TIME: 5 
SID: 48 PROCESSING: 20220511_000300.WAV SPECIES: 97 DETECTIONS: 2 TIME: 5 
SID: 49 PROCESSING: 20220511_011100.WAV SPECIES: 97 DETECTIONS: 0 TIME: 5 
SID: 50 PROCESSING: 20220511_051200.WAV SPECIES: 97 DETECTIONS: 1 TIME: 5 
SID: 51 PROCESSING: 20220511_100600.WAV SPECIES: 97 DETECTIONS: 6 TIME: 5 
SID: 52 PROCESSING: 20220511_075600.WAV SPECIES: 97 DETECTIONS: 13 TIME: 5 
SID: 53 PROCESSING: 20220511_044900.WAV SPECIES: 97 DETECTIONS: 0 TIME: 5 
SID: 54 PROCESSING: 20220511_044600.WAV SPECIES: 97 DETECTIONS: 0 TIME: 5 
SID: 55 PROCESSING: 20220511_093000.WAV SPECIES: 97 DETECTIONS: 15 TIME: 5 
SID: 56 PROCESSING: 20220511_022600.WAV SPECIES: 97 DETECTIONS: 0 TIME: 5 
SID: 57 PROCESSING: 20220511_001200.WAV SPECIES: 97 DETECTIONS: 0 TIME: 6 
SID: 58 PROCESSING: 20220511_083400.WAV SPECIES: 97 DETECTIONS: 12 TIME: 5 
SID: 59 PROCESSING: 20220511_070000.WAV SPECIES: 97 DETECTIONS: 31 TIME: 5 
SID: 60 PROCESSING: 20220511_113900.WAV SPECIES: 97 DETECTIONS: 14 TIME: 5 
SID: 61 PROCESSING: 20220511_041100.WAV SPECIES: 97 DETECTIONS: 0 TIME: 5 
SID: 62 PROCESSING: 20220511_062300.WAV SPECIES: 97 DETECTIONS: 21 TIME: 5 
SID: 63 PROCESSING: 20220511_095700.WAV SPECIES: 97 DETECTIONS: 14 TIME: 6 
SID: 64 PROCESSING: 20220511_111800.WAV SPECIES: 97 DETECTIONS: 4 TIME: 5 
SID: 65 PROCESSING: 20220511_061300.WAV SPECIES: 97 DETECTIONS: 30 TIME: 5 
SID: 66 PROCESSING: 20220511_041200.WAV SPECIES: 97 DETECTIONS: 0 TIME: 6 
SID: 67 PROCESSING: 20220511_094100.WAV SPECIES: 97 DETECTIONS: 26 TIME: 6 
SID: 68 PROCESSING: 20220511_062000.WAV SPECIES: 97 DETECTIONS: 24 TIME: 5 
SID: 69 PROCESSING: 20220511_070900.WAV SPECIES: 97 DETECTIONS: 28 TIME: 6 
SID: 70 PROCESSING: 20220511_101500.WAV SPECIES: 97 DETECTIONS: 14 TIME: 5 
SID: 71 PROCESSING: 20220511_081500.WAV SPECIES: 97 DETECTIONS: 23 TIME: 5 
SID: 72 PROCESSING: 20220511_094800.WAV SPECIES: 97 DETECTIONS: 23 TIME: 6 
SID: 73 PROCESSING: 20220511_050900.WAV SPECIES: 97 DETECTIONS: 0 TIME: 5 
SID: 74 PROCESSING: 20220511_022900.WAV SPECIES: 97 DETECTIONS: 0 TIME: 5 
SID: 75 PROCESSING: 20220511_052900.WAV SPECIES: 97 DETECTIONS: 0 TIME: 5 
SID: 76 PROCESSING: 20220511_112700.WAV SPECIES: 97 DETECTIONS: 24 TIME: 5 
SID: 77 PROCESSING: 20220511_012000.WAV SPECIES: 97 DETECTIONS: 0 TIME: 5 
SID: 78 PROCESSING: 20220511_101600.WAV SPECIES: 97 DETECTIONS: 9 TIME: 5 
SID: 79 PROCESSING: 20220511_113200.WAV SPECIES: 97 DETECTIONS: 25 TIME: 5 
SID: 80 PROCESSING: 20220511_002500.WAV SPECIES: 97 DETECTIONS: 0 TIME: 5 
SID: 81 PROCESSING: 20220511_021100.WAV SPECIES: 97 DETECTIONS: 0 TIME: 5 
SID: 82 PROCESSING: 20220511_050200.WAV SPECIES: 97 DETECTIONS: 0 TIME: 5 
SID: 83 PROCESSING: 20220511_115700.WAV SPECIES: 97 DETECTIONS: 19 TIME: 5 
SID: 84 PROCESSING: 20220511_105700.WAV SPECIES: 97 DETECTIONS: 14 TIME: 5 
SID: 85 PROCESSING: 20220511_063500.WAV SPECIES: 97 DETECTIONS: 15 TIME: 5 
SID: 86 PROCESSING: 20220511_115400.WAV SPECIES: 97 DETECTIONS: 1 TIME: 5 
SID: 87 PROCESSING: 20220511_033800.WAV SPECIES: 97 DETECTIONS: 0 TIME: 6 
SID: 88 PROCESSING: 20220511_021700.WAV SPECIES: 97 DETECTIONS: 0 TIME: 5 
SID: 89 PROCESSING: 20220511_093600.WAV SPECIES: 97 DETECTIONS: 17 TIME: 6 
SID: 90 PROCESSING: 20220511_102500.WAV SPECIES: 97 DETECTIONS: 20 TIME: 5 
SID: 91 PROCESSING: 20220511_040900.WAV SPECIES: 97 DETECTIONS: 0 TIME: 5 
SID: 92 PROCESSING: 20220511_075000.WAV SPECIES: 97 DETECTIONS: 19 TIME: 6 
SID: 93 PROCESSING: 20220511_051500.WAV SPECIES: 97 DETECTIONS: 0 TIME: 5 
SID: 94 PROCESSING: 20220511_115200.WAV SPECIES: 97 DETECTIONS: 5 TIME: 5 
SID: 95 PROCESSING: 20220511_052000.WAV SPECIES: 97 DETECTIONS: 0 TIME: 5 
SID: 96 PROCESSING: 20220511_041700.WAV SPECIES: 97 DETECTIONS: 0 TIME: 5 
SID: 97 PROCESSING: 20220511_065000.WAV SPECIES: 97 DETECTIONS: 25 TIME: 5 
SID: 98 PROCESSING: 20220511_035400.WAV SPECIES: 97 DETECTIONS: 2 TIME: 6 
SID: 99 PROCESSING: 20220511_091900.WAV SPECIES: 97 DETECTIONS: 18 TIME: 6 
SID: 100 PROCESSING: 20220511_030000.WAV SPECIES: 97 DETECTIONS: 0 TIME: 5 
SID: 101 PROCESSING: 20220511_055800.WAV SPECIES: 97 DETECTIONS: 13 TIME: 5 
SID: 102 PROCESSING: 20220511_092800.WAV SPECIES: 97 DETECTIONS: 18 TIME: 6 
SID: 103 PROCESSING: 20220511_005500.WAV SPECIES: 97 DETECTIONS: 0 TIME: 5 
SID: 104 PROCESSING: 20220511_034100.WAV SPECIES: 97 DETECTIONS: 0 TIME: 5 
SID: 105 PROCESSING: 20220511_024000.WAV SPECIES: 97 DETECTIONS: 0 TIME: 5 
SID: 106 PROCESSING: 20220511_034600.WAV SPECIES: 97 DETECTIONS: 0 TIME: 5 
SID: 107 PROCESSING: 20220511_111700.WAV SPECIES: 97 DETECTIONS: 12 TIME: 5 
SID: 108 PROCESSING: 20220511_044500.WAV SPECIES: 97 DETECTIONS: 0 TIME: 6 
SID: 109 PROCESSING: 20220511_081600.WAV SPECIES: 97 DETECTIONS: 19 TIME: 5 
SID: 110 PROCESSING: 20220511_094200.WAV SPECIES: 97 DETECTIONS: 20 TIME: 5 
SID: 111 PROCESSING: 20220511_032500.WAV SPECIES: 97 DETECTIONS: 0 TIME: 5 
SID: 112 PROCESSING: 20220511_051900.WAV SPECIES: 97 DETECTIONS: 0 TIME: 5 
SID: 113 PROCESSING: 20220511_012800.WAV SPECIES: 97 DETECTIONS: 0 TIME: 5 
SID: 114 PROCESSING: 20220511_050300.WAV SPECIES: 97 DETECTIONS: 0 TIME: 6 
SID: 115 PROCESSING: 20220511_071100.WAV SPECIES: 97 DETECTIONS: 10 TIME: 6 
SID: 116 PROCESSING: 20220511_073000.WAV SPECIES: 97 DETECTIONS: 13 TIME: 5 
SID: 117 PROCESSING: 20220511_043000.WAV SPECIES: 97 DETECTIONS: 0 TIME: 5 
SID: 118 PROCESSING: 20220511_014000.WAV SPECIES: 97 DETECTIONS: 0 TIME: 6 
SID: 119 PROCESSING: 20220511_060700.WAV SPECIES: 97 DETECTIONS: 32 TIME: 5 
SID: 120 PROCESSING: 20220511_075400.WAV SPECIES: 97 DETECTIONS: 19 TIME: 5 
SID: 121 PROCESSING: 20220511_071500.WAV SPECIES: 97 DETECTIONS: 24 TIME: 6 
SID: 122 PROCESSING: 20220511_043500.WAV SPECIES: 97 DETECTIONS: 0 TIME: 6 
SID: 123 PROCESSING: 20220511_040100.WAV SPECIES: 97 DETECTIONS: 0 TIME: 5 
SID: 124 PROCESSING: 20220511_095500.WAV SPECIES: 97 DETECTIONS: 17 TIME: 5 
SID: 125 PROCESSING: 20220511_020700.WAV SPECIES: 97 DETECTIONS: 0 TIME: 5 
SID: 126 PROCESSING: 20220511_032200.WAV SPECIES: 97 DETECTIONS: 0 TIME: 5 
SID: 127 PROCESSING: 20220511_104900.WAV SPECIES: 97 DETECTIONS: 9 TIME: 5 
SID: 128 PROCESSING: 20220511_114000.WAV SPECIES: 97 DETECTIONS: 8 TIME: 5 
SID: 129 PROCESSING: 20220511_065700.WAV SPECIES: 97 DETECTIONS: 9 TIME: 5 
SID: 130 PROCESSING: 20220511_000800.WAV SPECIES: 97 DETECTIONS: 1 TIME: 5 
SID: 131 PROCESSING: 20220511_010800.WAV SPECIES: 97 DETECTIONS: 0 TIME: 5 
SID: 132 PROCESSING: 20220511_030200.WAV SPECIES: 97 DETECTIONS: 0 TIME: 5 
SID: 133 PROCESSING: 20220511_093400.WAV SPECIES: 97 DETECTIONS: 16 TIME: 5 
SID: 134 PROCESSING: 20220511_045300.WAV SPECIES: 97 DETECTIONS: 0 TIME: 5 
SID: 135 PROCESSING: 20220511_004200.WAV SPECIES: 97 DETECTIONS: 0 TIME: 5 
SID: 136 PROCESSING: 20220511_014900.WAV SPECIES: 97 DETECTIONS: 0 TIME: 5 
SID: 137 PROCESSING: 20220511_002700.WAV SPECIES: 97 DETECTIONS: 0 TIME: 5 
SID: 138 PROCESSING: 20220511_110900.WAV SPECIES: 97 DETECTIONS: 23 TIME: 5 
SID: 139 PROCESSING: 20220511_060100.WAV SPECIES: 97 