FILES IN DATASET: 719 
LOADING SNAPSHOT BirdNET_Soundscape_Model.pkl ... DONE! 
BUILDING BirdNET MODEL... DONE! 
IMPORTING MODEL PARAMS... DONE! 
COMPILING THEANO TEST FUNCTION FUNCTION... DONE! 
LOADING eBIRD GRID DATA... DONE! 13800 GRID CELLS 
SID: 1 PROCESSING: 20220510_001100.WAV SPECIES: 97 DETECTIONS: 0 TIME: 8 
SID: 2 PROCESSING: 20220510_113000.WAV SPECIES: 97 DETECTIONS: 5 TIME: 8 
SID: 3 PROCESSING: 20220510_092500.WAV SPECIES: 97 DETECTIONS: 23 TIME: 8 
SID: 4 PROCESSING: 20220510_043400.WAV SPECIES: 97 DETECTIONS: 0 TIME: 8 
SID: 5 PROCESSING: 20220510_114600.WAV SPECIES: 97 DETECTIONS: 10 TIME: 8 
SID: 6 PROCESSING: 20220510_002600.WAV SPECIES: 97 DETECTIONS: 0 TIME: 8 
SID: 7 PROCESSING: 20220510_093000.WAV SPECIES: 97 DETECTIONS: 9 TIME: 8 
SID: 8 PROCESSING: 20220510_031700.WAV SPECIES: 97 DETECTIONS: 0 TIME: 8 
SID: 9 PROCESSING: 20220510_005800.WAV SPECIES: 97 DETECTIONS: 0 TIME: 8 
SID: 10 PROCESSING: 20220510_044500.WAV SPECIES: 97 DETECTIONS: 0 TIME: 8 
SID: 11 PROCESSING: 20220510_041600.WAV SPECIES: 97 DETECTIONS: 0 TIME: 8 
SID: 12 PROCESSING: 20220510_063000.WAV SPECIES: 97 DETECTIONS: 22 TIME: 8 
SID: 13 PROCESSING: 20220510_075800.WAV SPECIES: 97 DETECTIONS: 14 TIME: 8 
SID: 14 PROCESSING: 20220510_032700.WAV SPECIES: 97 DETECTIONS: 0 TIME: 8 
SID: 15 PROCESSING: 20220510_103500.WAV SPECIES: 97 DETECTIONS: 16 TIME: 7 
SID: 16 PROCESSING: 20220510_003300.WAV SPECIES: 97 DETECTIONS: 0 TIME: 7 
SID: 17 PROCESSING: 20220510_000700.WAV SPECIES: 97 DETECTIONS: 0 TIME: 8 
SID: 18 PROCESSING: 20220510_025000.WAV SPECIES: 97 DETECTIONS: 0 TIME: 8 
SID: 19 PROCESSING: 20220510_075700.WAV SPECIES: 97 DETECTIONS: 16 TIME: 8 
SID: 20 PROCESSING: 20220510_071100.WAV SPECIES: 97 DETECTIONS: 12 TIME: 8 
SID: 21 PROCESSING: 20220510_112000.WAV SPECIES: 97 DETECTIONS: 18 TIME: 8 
SID: 22 PROCESSING: 20220510_050400.WAV SPECIES: 97 DETECTIONS: 0 TIME: 8 
SID: 23 PROCESSING: 20220510_023500.WAV SPECIES: 97 DETECTIONS: 0 TIME: 8 
SID: 24 PROCESSING: 20220510_014900.WAV SPECIES: 97 DETECTIONS: 1 TIME: 8 
SID: 25 PROCESSING: 20220510_033000.WAV SPECIES: 97 DETECTIONS: 0 TIME: 8 
SID: 26 PROCESSING: 20220510_110200.WAV SPECIES: 97 DETECTIONS: 8 TIME: 8 
SID: 27 PROCESSING: 20220510_040700.WAV SPECIES: 97 DETECTIONS: 0 TIME: 8 
SID: 28 PROCESSING: 20220510_064000.WAV SPECIES: 97 DETECTIONS: 15 TIME: 8 
SID: 29 PROCESSING: 20220510_083500.WAV SPECIES: 97 DETECTIONS: 15 TIME: 8 
SID: 30 PROCESSING: 20220510_114700.WAV SPECIES: 97 DETECTIONS: 14 TIME: 8 
SID: 31 PROCESSING: 20220510_024000.WAV SPECIES: 97 DETECTIONS: 0 TIME: 8 
SID: 32 PROCESSING: 20220510_072600.WAV SPECIES: 97 DETECTIONS: 17 TIME: 8 
SID: 33 PROCESSING: 20220510_091100.WAV SPECIES: 97 DETECTIONS: 18 TIME: 8 
SID: 34 PROCESSING: 20220510_104600.WAV SPECIES: 97 DETECTIONS: 14 TIME: 8 
SID: 35 PROCESSING: 20220510_014200.WAV SPECIES: 97 DETECTIONS: 9 TIME: 7 
SID: 36 PROCESSING: 20220510_111000.WAV SPECIES: 97 DETECTIONS: 6 TIME: 7 
SID: 37 PROCESSING: 20220510_070800.WAV SPECIES: 97 DETECTIONS: 12 TIME: 8 
SID: 38 PROCESSING: 20220510_054700.WAV SPECIES: 97 DETECTIONS: 11 TIME: 8 
SID: 39 PROCESSING: 20220510_091300.WAV SPECIES: 97 DETECTIONS: 17 TIME: 8 
SID: 40 PROCESSING: 20220510_093200.WAV SPECIES: 97 DETECTIONS: 17 TIME: 8 
SID: 41 PROCESSING: 20220510_055800.WAV SPECIES: 97 