FILES IN DATASET: 1 
LOADING SNAPSHOT BirdNET_Soundscape_Model.pkl ... DONE! 
BUILDING BirdNET MODEL... DONE! 
IMPORTING MODEL PARAMS... DONE! 
COMPILING THEANO TEST FUNCTION FUNCTION... INFO (theano.gof.compilelock): Waiting for existing lock by unknown process (I am process '1774525')
INFO (theano.gof.compilelock): To manually release the lock, delete /scratch/vl1019/.theano/compiledir_Linux-4.18-el8_4.x86_64-x86_64-with-redhat-8.4-Ootpa-x86_64-3.7.13-64/lock_dir
INFO (theano.gof.compilelock): Waiting for existing lock by unknown process (I am process '1774525')
INFO (theano.gof.compilelock): To manually release the lock, delete /scratch/vl1019/.theano/compiledir_Linux-4.18-el8_4.x86_64-x86_64-with-redhat-8.4-Ootpa-x86_64-3.7.13-64/lock_dir
DONE! 
LOADING eBIRD GRID DATA... DONE! 13800 GRID CELLS 
SID: 1 PROCESSING: 20220505_000100.WAV SPECIES: 93 DETECTIONS: 335 TIME: 638 
FILES IN DATASET: 1 
LOADING SNAPSHOT BirdNET_Soundscape_Model.pkl ... DONE! 
BUILDING BirdNET MODEL... DONE! 
IMPORTING MODEL PARAMS... DONE! 
COMPILING THEANO TEST FUNCTION FUNCTION... DONE! 
LOADING eBIRD GRID DATA... DONE! 13800 GRID CELLS 
SID: 1 PROCESSING: 20220505_020001.WAV SPECIES: 93 DETECTIONS: 4597 TIME: 3291 
FILES IN DATASET: 1 
LOADING SNAPSHOT BirdNET_Soundscape_Model.pkl ... DONE! 
BUILDING BirdNET MODEL... DONE! 
IMPORTING MODEL PARAMS... DONE! 
COMPILING THEANO TEST FUNCTION FUNCTION... DONE! 
LOADING eBIRD GRID DATA... DONE! 13800 GRID CELLS 
SID: 1 PROCESSING: 20220506_000100.WAV SPECIES: 93 DETECTIONS: 48 TIME: 651 
FILES IN DATASET: 1 
LOADING SNAPSHOT BirdNET_Soundscape_Model.pkl ... DONE! 
BUILDING BirdNET MODEL... DONE! 
IMPORTING MODEL PARAMS... DONE! 
COMPILING THEANO TEST FUNCTION FUNCTION... DONE! 
LOADING eBIRD GRID DATA... DONE! 13800 GRID CELLS 
SID: 1 PROCESSING: 20220506_020001.WAV SPECIES: 93 DETECTIONS: 4828 TIME: 3274 
FILES IN DATASET: 1 
LOADING SNAPSHOT BirdNET_Soundscape_Model.pkl ... DONE! 
BUILDING BirdNET MODEL... DONE! 
IMPORTING MODEL PARAMS... DONE! 
COMPILING THEANO TEST FUNCTION FUNCTION... DONE! 
LOADING eBIRD GRID DATA... DONE! 13800 GRID CELLS 
SID: 1 PROCESSING: 20220507_000100.WAV SPECIES: 93 DETECTIONS: 88 TIME: 644 
FILES IN DATASET: 1 
LOADING SNAPSHOT BirdNET_Soundscape_Model.pkl ... DONE! 
BUILDING BirdNET MODEL... DONE! 
IMPORTING MODEL PARAMS... DONE! 
COMPILING THEANO TEST FUNCTION FUNCTION... DONE! 
LOADING eBIRD GRID DATA... DONE! 13800 GRID CELLS 
SID: 1 PROCESSING: 20220507_020001.WAV SPECIES: 93 DETECTIONS: 4070 TIME: 3270 
FILES IN DATASET: 1 
LOADING SNAPSHOT BirdNET_Soundscape_Model.pkl ... DONE! 
BUILDING BirdNET MODEL... DONE! 
IMPORTING MODEL PARAMS... DONE! 
COMPILING THEANO TEST FUNCTION FUNCTION... DONE! 
LOADING eBIRD GRID DATA... DONE! 13800 GRID CELLS 
SID: 1 PROCESSING: 20220508_000100.WAV SPECIES: 97 DETECTIONS: 153 TIME: 652 
FILES IN DATASET: 1 
LOADING SNAPSHOT BirdNET_Soundscape_Model.pkl ... DONE! 
BUILDING BirdNET MODEL... DONE! 
IMPORTING MODEL PARAMS... DONE! 
COMPILING THEANO TEST FUNCTION FUNCTION... DONE! 
LOADING eBIRD GRID DATA... DONE! 13800 GRID CELLS 
SID: 1 PROCESSING: 20220508_020001.WAV SPECIES: 97 DETECTIONS: 4934 TIME: 3289 
FILES IN DATASET: 1 
LOADING SNAPSHOT BirdNET_Soundscape_Model.pkl ... DONE! 
BUILDING BirdNET MODEL... DONE! 
IMPORTING MODEL PARAMS... DONE! 
COMPILING THEANO TEST FUNCTION FUNCTION... DONE! 
LOADING eBIRD GRID DATA... DONE! 13800 GRID CELLS 
SID: 1 PROCESSING: 20220509_000100.WAV SPECIES: 97 DETECTIONS: 84 TIME: 637 
FILES IN DATASET: 1 
LOADING SNAPSHOT BirdNET_Soundscape_Model.pkl ... DONE! 
BUILDING BirdNET MODEL... DONE! 
IMPORTING MODEL PARAMS... DONE! 
COMPILING THEANO TEST FUNCTION FUNCTION... DONE! 
LOADING eBIRD GRID DATA... DONE! 13800 GRID CELLS 
SID: 1 PROCESSING: 20220509_020001.WAV SPECIES: 97 DETECTIONS: 6216 TIME: 3286 
FILES IN DATASET: 1 
LOADING SNAPSHOT BirdNET_Soundscape_Model.pkl ... DONE! 
BUILDING BirdNET MODEL... DONE! 
IMPORTING MODEL PARAMS... DONE! 
COMPILING THEANO TEST FUNCTION FUNCTION... DONE! 
LOADING eBIRD GRID DATA... DONE! 13800 GRID CELLS 
SID: 1 PROCESSING: 20220510_000100.WAV SPECIES: 97 DETECTIONS: 32 TIME: 644 
FILES IN DATASET: 1 
LOADING SNAPSHOT BirdNET_Soundscape_Model.pkl ... DONE! 
BUILDING BirdNET MODEL... DONE! 
IMPORTING MODEL PARAMS... DONE! 
COMPILING THEANO TEST FUNCTION FUNCTION... DONE! 
LOADING eBIRD GRID DATA... DONE! 13800 GRID CELLS 
SID: 1 PROCESSING: 20220510_020001.WAV SPECIES: 97 DETECTIONS: 5745 TIME: 3289 
FILES IN DATASET: 1 
LOADING SNAPSHOT BirdNET_Soundscape_Model.pkl ... DONE! 
BUILDING BirdNET MODEL... DONE! 
IMPORTING MODEL PARAMS... DONE! 
COMPILING THEANO TEST FUNCTION FUNCTION... DONE! 
LOADING eBIRD GRID DATA... DONE! 13800 GRID CELLS 
SID: 1 PROCESSING: 20220511_000100.WAV SPECIES: 97 DETECTIONS: 29 TIME: 642 
FILES IN DATASET: 1 
LOADING SNAPSHOT BirdNET_Soundscape_Model.pkl ... DONE! 
BUILDING BirdNET MODEL... DONE! 
IMPORTING MODEL PARAMS... DONE! 
COMPILING THEANO TEST FUNCTION FUNCTION... DONE! 
LOADING eBIRD GRID DATA... DONE! 13800 GRID CELLS 
SID: 1 PROCESSING: 20220511_020001.WAV SPECIES: 97 DETECTIONS: 5294 TIME: 3277 
FILES IN DATASET: 1 
LOADING SNAPSHOT BirdNET_Soundscape_Model.pkl ... DONE! 
BUILDING BirdNET MODEL... DONE! 
IMPORTING MODEL PARAMS... DONE! 
COMPILING THEANO TEST FUNCTION FUNCTION... DONE! 
LOADING eBIRD GRID DATA... DONE! 13800 GRID CELLS 
SID: 1 PROCESSING: 20220512_000100.WAV SPECIES: 97 DETECTIONS: 77 TIME: 642 
FILES IN DATASET: 1 
LOADING SNAPSHOT BirdNET_Soundscape_Model.pkl ... DONE! 
BUILDING BirdNET MODEL... DONE! 
IMPORTING MODEL PARAMS... DONE! 
COMPILING THEANO TEST FUNCTION FUNCTION... DONE! 
LOADING eBIRD GRID DATA... DONE! 13800 GRID CELLS 
SID: 1 PROCESSING: 20220512_020001.WAV SPECIES: 97 DETECTIONS: 5305 TIME: 3267 
FILES IN DATASET: 1 
LOADING SNAPSHOT BirdNET_Soundscape_Model.pkl ... DONE! 
BUILDING BirdNET MODEL... DONE! 
IMPORTING MODEL PARAMS... DONE! 
COMPILING THEANO TEST FUNCTION FUNCTION... INFO (theano.gof.compilelock): Waiting for existing lock by unknown process (I am process '1848263')
INFO (theano.gof.compilelock): To manually release the lock, delete /scratch/vl1019/.theano/compiledir_Linux-4.18-el8_4.x86_64-x86_64-with-redhat-8.4-Ootpa-x86_64-3.7.13-64/lock_dir
DONE! 
LOADING eBIRD GRID DATA... DONE! 13800 GRID CELLS 
SID: 1 PROCESSING: 20220513_000100.WAV SPECIES: 97 DETECTIONS: 46 TIME: 645 
FILES IN DATASET: 1 
LOADING SNAPSHOT BirdNET_Soundscape_Model.pkl ... DONE! 
BUILDING BirdNET MODEL... DONE! 
IMPORTING MODEL PARAMS... DONE! 
COMPILING THEANO TEST FUNCTION FUNCTION... INFO (theano.gof.compilelock): Waiting for existing lock by process '326316' (I am process '1849862')
INFO (theano.gof.compilelock): To manually release the lock, delete /scratch/vl1019/.theano/compiledir_Linux-4.18-el8_4.x86_64-x86_64-with-redhat-8.4-Ootpa-x86_64-3.7.13-64/lock_dir
INFO (theano.gof.compilelock): Waiting for existing lock by process '55964' (I am process '1849862')
INFO (theano.gof.compilelock): To manually release the lock, delete /scratch/vl1019/.theano/compiledir_Linux-4.18-el8_4.x86_64-x86_64-with-redhat-8.4-Ootpa-x86_64-3.7.13-64/lock_dir
INFO (theano.gof.compilelock): Waiting for existing lock by process '2580847' (I am process '1849862')
INFO (theano.gof.compilelock): To manually release the lock, delete /scratch/vl1019/.theano/compiledir_Linux-4.18-el8_4.x86_64-x86_64-with-redhat-8.4-Ootpa-x86_64-3.7.13-64/lock_dir
INFO (theano.gof.compilelock): Waiting for existing lock by process '1234707' (I am process '1849862')
INFO (theano.gof.compilelock): To manually release the lock, delete /scratch/vl1019/.theano/compiledir_Linux-4.18-el8_4.x86_64-x86_64-with-redhat-8.4-Ootpa-x86_64-3.7.13-64/lock_dir
INFO (theano.gof.compilelock): Waiting for existing lock by process '1849902' (I am process '1849862')
INFO (theano.gof.compilelock): To manually release the lock, delete /scratch/vl1019/.theano/compiledir_Linux-4.18-el8_4.x86_64-x86_64-with-redhat-8.4-Ootpa-x86_64-3.7.13-64/lock_dir
INFO (theano.gof.compilelock): Waiting for existing lock by process '2621756' (I am process '1849862')
INFO (theano.gof.compilelock): To manually release the lock, delete /scratch/vl1019/.theano/compiledir_Linux-4.18-el8_4.x86_64-x86_64-with-redhat-8.4-Ootpa-x86_64-3.7.13-64/lock_dir
INFO (theano.gof.compilelock): Waiting for existing lock by process '2621696' (I am process '1849862')
INFO (theano.gof.compilelock): To manually release the lock, delete /scratch/vl1019/.theano/compiledir_Linux-4.18-el8_4.x86_64-x86_64-with-redhat-8.4-Ootpa-x86_64-3.7.13-64/lock_dir
DONE! 
LOADING eBIRD GRID DATA... DONE! 13800 GRID CELLS 
SID: 1 PROCESSING: 20220513_020001.WAV SPECIES: 97 DETECTIONS: 5607 TIME: 3326 
