FILES IN DATASET: 719 
LOADING SNAPSHOT BirdNET_Soundscape_Model.pkl ... DONE! 
BUILDING BirdNET MODEL... DONE! 
IMPORTING MODEL PARAMS... DONE! 
COMPILING THEANO TEST FUNCTION FUNCTION... DONE! 
LOADING eBIRD GRID DATA... DONE! 13800 GRID CELLS 
SID: 1 PROCESSING: 20220507_044700.WAV SPECIES: 93 DETECTIONS: 0 TIME: 5 
SID: 2 PROCESSING: 20220507_044300.WAV SPECIES: 93 DETECTIONS: 0 TIME: 5 
SID: 3 PROCESSING: 20220507_093500.WAV SPECIES: 93 DETECTIONS: 29 TIME: 5 
SID: 4 PROCESSING: 20220507_014400.WAV SPECIES: 93 DETECTIONS: 0 TIME: 5 
SID: 5 PROCESSING: 20220507_031400.WAV SPECIES: 93 DETECTIONS: 0 TIME: 5 
SID: 6 PROCESSING: 20220507_092900.WAV SPECIES: 93 DETECTIONS: 14 TIME: 5 
SID: 7 PROCESSING: 20220507_003400.WAV SPECIES: 93 DETECTIONS: 0 TIME: 5 
SID: 8 PROCESSING: 20220507_033000.WAV SPECIES: 93 DETECTIONS: 0 TIME: 5 
SID: 9 PROCESSING: 20220507_113000.WAV SPECIES: 93 DETECTIONS: 23 TIME: 5 
SID: 10 PROCESSING: 20220507_004500.WAV SPECIES: 93 DETECTIONS: 0 TIME: 5 
SID: 11 PROCESSING: 20220507_075800.WAV SPECIES: 93 DETECTIONS: 28 TIME: 5 
SID: 12 PROCESSING: 20220507_015300.WAV SPECIES: 93 DETECTIONS: 0 TIME: 5 
SID: 13 PROCESSING: 20220507_021500.WAV SPECIES: 93 DETECTIONS: 0 TIME: 5 
SID: 14 PROCESSING: 20220507_011300.WAV SPECIES: 93 DETECTIONS: 0 TIME: 5 
SID: 15 PROCESSING: 20220507_003200.WAV SPECIES: 93 DETECTIONS: 1 TIME: 5 
SID: 16 PROCESSING: 20220507_005300.WAV SPECIES: 93 DETECTIONS: 0 TIME: 5 
SID: 17 PROCESSING: 20220507_030700.WAV SPECIES: 93 DETECTIONS: 0 TIME: 5 
SID: 18 PROCESSING: 20220507_082700.WAV SPECIES: 93 DETECTIONS: 21 TIME: 5 
SID: 19 PROCESSING: 20220507_072300.WAV SPECIES: 93 DETECTIONS: 26 TIME: 5 
SID: 20 PROCESSING: 20220507_100700.WAV SPECIES: 93 DETECTIONS: 4 TIME: 5 
SID: 21 PROCESSING: 20220507_054900.WAV SPECIES: 93 DETECTIONS: 4 TIME: 5 
SID: 22 PROCESSING: 20220507_024600.WAV SPECIES: 93 DETECTIONS: 0 TIME: 5 
SID: 23 PROCESSING: 20220507_093800.WAV SPECIES: 93 DETECTIONS: 30 TIME: 5 
SID: 24 PROCESSING: 20220507_001000.WAV SPECIES: 93 DETECTIONS: 1 TIME: 5 
SID: 25 PROCESSING: 20220507_011500.WAV SPECIES: 93 DETECTIONS: 0 TIME: 5 
SID: 26 PROCESSING: 20220507_004200.WAV SPECIES: 93 DETECTIONS: 0 TIME: 5 
SID: 27 PROCESSING: 20220507_061900.WAV SPECIES: 93 DETECTIONS: 11 TIME: 5 
SID: 28 PROCESSING: 20220507_083700.WAV SPECIES: 93 DETECTIONS: 10 TIME: 5 
SID: 29 PROCESSING: 20220507_062900.WAV SPECIES: 93 DETECTIONS: 10 TIME: 5 
SID: 30 PROCESSING: 20220507_020300.WAV SPECIES: 93 DETECTIONS: 0 TIME: 5 
SID: 31 PROCESSING: 20220507_020400.WAV SPECIES: 93 DETECTIONS: 0 TIME: 5 
SID: 32 PROCESSING: 20220507_064700.WAV SPECIES: 93 DETECTIONS: 28 TIME: 5 
SID: 33 PROCESSING: 20220507_110100.WAV SPECIES: 93 DETECTIONS: 19 TIME: 5 
SID: 34 PROCESSING: 20220507_111900.WAV SPECIES: 93 DETECTIONS: 26 TIME: 5 
SID: 35 PROCESSING: 20220507_015100.WAV SPECIES: 93 DETECTIONS: 0 TIME: 5 
SID: 36 PROCESSING: 20220507_074400.WAV SPECIES: 93 DETECTIONS: 33 TIME: 5 
SID: 37 PROCESSING: 20220507_025700.WAV SPECIES: 93 DETECTIONS: 0 TIME: 5 
SID: 38 PROCESSING: 20220507_090100.WAV SPECIES: 93 DETECTIONS: 32 TIME: 5 
SID: 39 PROCESSING: 20220507_001700.WAV SPECIES: 93 DETECTIONS: 0 TIME: 5 
SID: 40 PROCESSING: 20220507_095400.WAV SPECIES: 93 DETECTIONS: 8 TIME: 5 
SID: 41 PROCESSING: 20220507_082000.WAV SPECIES: 93 DETECTIONS: 21 TIME: 5 
SID: 42 PROCESSING: 20220507_005900.WAV SPECIES: 93 DETECTIONS: 0 TIME: 5 
SID: 43 PROCESSING: 20220507_000200.WAV SPECIES: 93 DETECTIONS: 3 TIME: 5 
SID: 44 PROCESSING: 20220507_023400.WAV SPECIES: 93 DETECTIONS: 0 TIME: 5 
SID: 45 PROCESSING: 20220507_085100.WAV SPECIES: 93 DETECTIONS: 15 TIME: 5 
SID: 46 PROCESSING: 20220507_065500.WAV SPECIES: 93 DETECTIONS: 31 TIME: 5 
SID: 47 PROCESSING: 20220507_112200.WAV SPECIES: 93 DETECTIONS: 26 TIME: 5 
SID: 48 PROCESSING: 20220507_055500.WAV SPECIES: 93 DETECTIONS: 20 TIME: 5 
SID: 49 PROCESSING: 20220507_043100.WAV SPECIES: 93 DETECTIONS: 0 TIME: 5 
SID: 50 PROCESSING: 20220507_041500.WAV SPECIES: 93 DETECTIONS: 0 TIME: 5 
SID: 51 PROCESSING: 20220507_024000.WAV SPECIES: 93 DETECTIONS: 0 TIME: 5 
SID: 52 PROCESSING: 20220507_025200.WAV SPECIES: 93 DETECTIONS: 0 TIME: 5 
SID: 53 PROCESSING: 20220507_063300.WAV SPECIES: 93 DETECTIONS: 43 TIME: 5 
SID: 54 PROCESSING: 20220507_091900.WAV SPECIES: 93 DETECTIONS: 27 TIME: 5 
SID: 55 PROCESSING: 20220507_022200.WAV SPECIES: 93 DETECTIONS: 0 TIME: 5 
SID: 56 PROCESSING: 20220507_002000.WAV SPECIES: 93 DETECTIONS: 0 TIME: 5 
SID: 57 PROCESSING: 20220507_023600.WAV SPECIES: 93 DETECTIONS: 0 TIME: 5 
SID: 58 PROCESSING: 20220507_023200.WAV SPECIES: 93 DETECTIONS: 0 TIME: 5 
SID: 59 PROCESSING: 20220507_041900.WAV SPECIES: 93 DETECTIONS: 1 TIME: 5 
SID: 60 PROCESSING: 20220507_094200.WAV SPECIES: 93 DETECTIONS: 32 TIME: 5 
SID: 61 PROCESSING: 20220507_002600.WAV SPECIES: 93 DETECTIONS: 0 TIME: 5 
SID: 62 PROCESSING: 20220507_021400.WAV SPECIES: 93 DETECTIONS: 0 TIME: 5 
SID: 63 PROCESSING: 20220507_062100.WAV SPECIES: 93 DETECTIONS: 15 TIME: 5 
SID: 64 PROCESSING: 20220507_060400.WAV SPECIES: 93 DETECTIONS: 23 TIME: 5 
SID: 65 PROCESSING: 20220507_061100.WAV SPECIES: 93 DETECTIONS: 37 TIME: 5 
SID: 66 PROCESSING: 20220507_035800.WAV SPECIES: 93 DETECTIONS: 0 TIME: 5 
SID: 67 PROCESSING: 20220507_061500.WAV SPECIES: 93 DETECTIONS: 40 TIME: 5 
SID: 68 PROCESSING: 20220507_025100.WAV SPECIES: 93 DETECTIONS: 0 TIME: 5 
SID: 69 PROCESSING: 20220507_060600.WAV SPECIES: 93 