FILES IN DATASET: 1 
LOADING SNAPSHOT BirdNET_Soundscape_Model.pkl ... DONE! 
BUILDING BirdNET MODEL... DONE! 
IMPORTING MODEL PARAMS... DONE! 
COMPILING THEANO TEST FUNCTION FUNCTION... DONE! 
LOADING eBIRD GRID DATA... DONE! 13800 GRID CELLS 
SID: 1 PROCESSING: 20220505_000100.WAV SPECIES: 93 DETECTIONS: 16 TIME: 633 
FILES IN DATASET: 1 
LOADING SNAPSHOT BirdNET_Soundscape_Model.pkl ... DONE! 
BUILDING BirdNET MODEL... DONE! 
IMPORTING MODEL PARAMS... DONE! 
COMPILING THEANO TEST FUNCTION FUNCTION... DONE! 
LOADING eBIRD GRID DATA... DONE! 13800 GRID CELLS 
SID: 1 PROCESSING: 20220505_020001.WAV SPECIES: 93 DETECTIONS: 4653 TIME: 3346 
FILES IN DATASET: 1 
LOADING SNAPSHOT BirdNET_Soundscape_Model.pkl ... DONE! 
BUILDING BirdNET MODEL... DONE! 
IMPORTING MODEL PARAMS... DONE! 
COMPILING THEANO TEST FUNCTION FUNCTION... DONE! 
LOADING eBIRD GRID DATA... DONE! 13800 GRID CELLS 
SID: 1 PROCESSING: 20220506_000100.WAV SPECIES: 93 DETECTIONS: 9 TIME: 633 
FILES IN DATASET: 1 
LOADING SNAPSHOT BirdNET_Soundscape_Model.pkl ... DONE! 
BUILDING BirdNET MODEL... DONE! 
IMPORTING MODEL PARAMS... DONE! 
COMPILING THEANO TEST FUNCTION FUNCTION... DONE! 
LOADING eBIRD GRID DATA... DONE! 13800 GRID CELLS 
SID: 1 PROCESSING: 20220506_020001.WAV SPECIES: 93 DETECTIONS: 5447 TIME: 3279 
FILES IN DATASET: 1 
LOADING SNAPSHOT BirdNET_Soundscape_Model.pkl ... DONE! 
BUILDING BirdNET MODEL... DONE! 
IMPORTING MODEL PARAMS... DONE! 
COMPILING THEANO TEST FUNCTION FUNCTION... DONE! 
LOADING eBIRD GRID DATA... DONE! 13800 GRID CELLS 
SID: 1 PROCESSING: 20220507_000100.WAV SPECIES: 93 DETECTIONS: 30 TIME: 640 
FILES IN DATASET: 1 
LOADING SNAPSHOT BirdNET_Soundscape_Model.pkl ... DONE! 
BUILDING BirdNET MODEL... DONE! 
IMPORTING MODEL PARAMS... DONE! 
COMPILING THEANO TEST FUNCTION FUNCTION... DONE! 
LOADING eBIRD GRID DATA... DONE! 13800 GRID CELLS 
SID: 1 PROCESSING: 20220507_020001.WAV SPECIES: 93 DETECTIONS: 5348 TIME: 3328 
FILES IN DATASET: 1 
LOADING SNAPSHOT BirdNET_Soundscape_Model.pkl ... DONE! 
BUILDING BirdNET MODEL... DONE! 
IMPORTING MODEL PARAMS... DONE! 
COMPILING THEANO TEST FUNCTION FUNCTION... INFO (theano.gof.compilelock): Waiting for existing lock by process '17064' (I am process '3110731')
INFO (theano.gof.compilelock): To manually release the lock, delete /scratch/vl1019/.theano/compiledir_Linux-4.18-el8_4.x86_64-x86_64-with-redhat-8.4-Ootpa-x86_64-3.7.13-64/lock_dir
DONE! 
LOADING eBIRD GRID DATA... DONE! 13800 GRID CELLS 
SID: 1 PROCESSING: 20220508_000100.WAV SPECIES: 97 DETECTIONS: 57 TIME: 687 
FILES IN DATASET: 1 
LOADING SNAPSHOT BirdNET_Soundscape_Model.pkl ... DONE! 
BUILDING BirdNET MODEL... DONE! 
IMPORTING MODEL PARAMS... DONE! 
COMPILING THEANO TEST FUNCTION FUNCTION... DONE! 
LOADING eBIRD GRID DATA... DONE! 13800 GRID CELLS 
SID: 1 PROCESSING: 20220508_020001.WAV SPECIES: 97 DETECTIONS: 5379 TIME: 3204 
FILES IN DATASET: 1 
LOADING SNAPSHOT BirdNET_Soundscape_Model.pkl ... DONE! 
BUILDING BirdNET MODEL... DONE! 
IMPORTING MODEL PARAMS... DONE! 
COMPILING THEANO TEST FUNCTION FUNCTION... DONE! 
LOADING eBIRD GRID DATA... DONE! 13800 GRID CELLS 
SID: 1 PROCESSING: 20220509_000100.WAV SPECIES: 97 DETECTIONS: 55 TIME: 713 
FILES IN DATASET: 1 
LOADING SNAPSHOT BirdNET_Soundscape_Model.pkl ... DONE! 
BUILDING BirdNET MODEL... DONE! 
IMPORTING MODEL PARAMS... DONE! 
COMPILING THEANO TEST FUNCTION FUNCTION... DONE! 
LOADING eBIRD GRID DATA... DONE! 13800 GRID CELLS 
SID: 1 PROCESSING: 20220509_020001.WAV SPECIES: 97 DETECTIONS: 5591 TIME: 3146 
FILES IN DATASET: 1 
LOADING SNAPSHOT BirdNET_Soundscape_Model.pkl ... DONE! 
BUILDING BirdNET MODEL... DONE! 
IMPORTING MODEL PARAMS... DONE! 
COMPILING THEANO TEST FUNCTION FUNCTION... DONE! 
LOADING eBIRD GRID DATA... DONE! 13800 GRID CELLS 
SID: 1 PROCESSING: 20220510_000100.WAV SPECIES: 97 DETECTIONS: 16 TIME: 619 
FILES IN DATASET: 1 
LOADING SNAPSHOT BirdNET_Soundscape_Model.pkl ... DONE! 
BUILDING BirdNET MODEL... DONE! 
IMPORTING MODEL PARAMS... DONE! 
COMPILING THEANO TEST FUNCTION FUNCTION... DONE! 
LOADING eBIRD GRID DATA... DONE! 13800 GRID CELLS 
SID: 1 PROCESSING: 20220510_020001.WAV SPECIES: 97 DETECTIONS: 5485 TIME: 3129 
FILES IN DATASET: 1 
LOADING SNAPSHOT BirdNET_Soundscape_Model.pkl ... DONE! 
BUILDING BirdNET MODEL... DONE! 
IMPORTING MODEL PARAMS... DONE! 
COMPILING THEANO TEST FUNCTION FUNCTION... DONE! 
LOADING eBIRD GRID DATA... DONE! 13800 GRID CELLS 
SID: 1 PROCESSING: 20220511_000100.WAV SPECIES: 97 DETECTIONS: 51 TIME: 669 
FILES IN DATASET: 1 
LOADING SNAPSHOT BirdNET_Soundscape_Model.pkl ... DONE! 
BUILDING BirdNET MODEL... DONE! 
IMPORTING MODEL PARAMS... DONE! 
COMPILING THEANO TEST FUNCTION FUNCTION... DONE! 
LOADING eBIRD GRID DATA... DONE! 13800 GRID CELLS 
SID: 1 PROCESSING: 20220511_020001.WAV SPECIES: 97 DETECTIONS: 5495 TIME: 3592 
FILES IN DATASET: 1 
LOADING SNAPSHOT BirdNET_Soundscape_Model.pkl ... DONE! 
BUILDING BirdNET MODEL... DONE! 
IMPORTING MODEL PARAMS... DONE! 
COMPILING THEANO TEST FUNCTION FUNCTION... DONE! 
LOADING eBIRD GRID DATA... DONE! 13800 GRID CELLS 
SID: 1 PROCESSING: 20220512_000100.WAV SPECIES: 97 DETECTIONS: 22 TIME: 959 
FILES IN DATASET: 1 
LOADING SNAPSHOT BirdNET_Soundscape_Model.pkl ... DONE! 
BUILDING BirdNET MODEL... DONE! 
IMPORTING MODEL PARAMS... DONE! 
COMPILING THEANO TEST FUNCTION FUNCTION... INFO (theano.gof.compilelock): Waiting for existing lock by process '2632824' (I am process '3136439')
INFO (theano.gof.compilelock): To manually release the lock, delete /scratch/vl1019/.theano/compiledir_Linux-4.18-el8_4.x86_64-x86_64-with-redhat-8.4-Ootpa-x86_64-3.7.13-64/lock_dir
DONE! 
LOADING eBIRD GRID DATA... DONE! 13800 GRID CELLS 
SID: 1 PROCESSING: 20220512_020001.WAV SPECIES: 97 DETECTIONS: 4451 TIME: 3451 
FILES IN DATASET: 1 
LOADING SNAPSHOT BirdNET_Soundscape_Model.pkl ... DONE! 
BUILDING BirdNET MODEL... DONE! 
IMPORTING MODEL PARAMS... DONE! 
COMPILING THEANO TEST FUNCTION FUNCTION... INFO (theano.gof.compilelock): Waiting for existing lock by process '81401' (I am process '3141763')
INFO (theano.gof.compilelock): To manually release the lock, delete /scratch/vl1019/.theano/compiledir_Linux-4.18-el8_4.x86_64-x86_64-with-redhat-8.4-Ootpa-x86_64-3.7.13-64/lock_dir
DONE! 
LOADING eBIRD GRID DATA... DONE! 13800 GRID CELLS 
SID: 1 PROCESSING: 20220513_000100.WAV SPECIES: 97 DETECTIONS: 18 TIME: 748 
FILES IN DATASET: 1 
LOADING SNAPSHOT BirdNET_Soundscape_Model.pkl ... DONE! 
BUILDING BirdNET MODEL... DONE! 
IMPORTING MODEL PARAMS... DONE! 
COMPILING THEANO TEST FUNCTION FUNCTION... DONE! 
LOADING eBIRD GRID DATA... DONE! 13800 GRID CELLS 
SID: 1 PROCESSING: 20220513_020001.WAV SPECIES: 97 DETECTIONS: 4777 TIME: 3430 
