FILES IN DATASET: 2 
LOADING SNAPSHOT BirdNET_Soundscape_Model.pkl ... DONE! 
BUILDING BirdNET MODEL... DONE! 
IMPORTING MODEL PARAMS... DONE! 
COMPILING THEANO TEST FUNCTION FUNCTION... INFO (theano.gof.compilelock): Waiting for existing lock by process '3459948' (I am process '2094045')
INFO (theano.gof.compilelock): To manually release the lock, delete /scratch/vl1019/.theano/compiledir_Linux-4.18-el8_4.x86_64-x86_64-with-redhat-8.4-Ootpa-x86_64-3.7.13-64/lock_dir
INFO (theano.gof.compilelock): Waiting for existing lock by process '1538622' (I am process '2094045')
INFO (theano.gof.compilelock): To manually release the lock, delete /scratch/vl1019/.theano/compiledir_Linux-4.18-el8_4.x86_64-x86_64-with-redhat-8.4-Ootpa-x86_64-3.7.13-64/lock_dir
INFO (theano.gof.compilelock): Waiting for existing lock by process '823683' (I am process '2094045')
INFO (theano.gof.compilelock): To manually release the lock, delete /scratch/vl1019/.theano/compiledir_Linux-4.18-el8_4.x86_64-x86_64-with-redhat-8.4-Ootpa-x86_64-3.7.13-64/lock_dir
INFO (theano.gof.compilelock): Waiting for existing lock by process '2166369' (I am process '2094045')
INFO (theano.gof.compilelock): To manually release the lock, delete /scratch/vl1019/.theano/compiledir_Linux-4.18-el8_4.x86_64-x86_64-with-redhat-8.4-Ootpa-x86_64-3.7.13-64/lock_dir
INFO (theano.gof.compilelock): Waiting for existing lock by process '823762' (I am process '2094045')
INFO (theano.gof.compilelock): To manually release the lock, delete /scratch/vl1019/.theano/compiledir_Linux-4.18-el8_4.x86_64-x86_64-with-redhat-8.4-Ootpa-x86_64-3.7.13-64/lock_dir
INFO (theano.gof.compilelock): Waiting for existing lock by process '4064492' (I am process '2094045')
INFO (theano.gof.compilelock): To manually release the lock, delete /scratch/vl1019/.theano/compiledir_Linux-4.18-el8_4.x86_64-x86_64-with-redhat-8.4-Ootpa-x86_64-3.7.13-64/lock_dir
INFO (theano.gof.compilelock): Waiting for existing lock by process '2968804' (I am process '2094045')
INFO (theano.gof.compilelock): To manually release the lock, delete /scratch/vl1019/.theano/compiledir_Linux-4.18-el8_4.x86_64-x86_64-with-redhat-8.4-Ootpa-x86_64-3.7.13-64/lock_dir
INFO (theano.gof.compilelock): Waiting for existing lock by unknown process (I am process '2094045')
INFO (theano.gof.compilelock): To manually release the lock, delete /scratch/vl1019/.theano/compiledir_Linux-4.18-el8_4.x86_64-x86_64-with-redhat-8.4-Ootpa-x86_64-3.7.13-64/lock_dir
INFO (theano.gof.compilelock): Waiting for existing lock by process '823888' (I am process '2094045')
INFO (theano.gof.compilelock): To manually release the lock, delete /scratch/vl1019/.theano/compiledir_Linux-4.18-el8_4.x86_64-x86_64-with-redhat-8.4-Ootpa-x86_64-3.7.13-64/lock_dir
INFO (theano.gof.compilelock): Waiting for existing lock by unknown process (I am process '2094045')
INFO (theano.gof.compilelock): To manually release the lock, delete /scratch/vl1019/.theano/compiledir_Linux-4.18-el8_4.x86_64-x86_64-with-redhat-8.4-Ootpa-x86_64-3.7.13-64/lock_dir
INFO (theano.gof.compilelock): Waiting for existing lock by process '3459948' (I am process '2094045')
INFO (theano.gof.compilelock): To manually release the lock, delete /scratch/vl1019/.theano/compiledir_Linux-4.18-el8_4.x86_64-x86_64-with-redhat-8.4-Ootpa-x86_64-3.7.13-64/lock_dir
INFO (theano.gof.compilelock): Waiting for existing lock by process '1603491' (I am process '2094045')
INFO (theano.gof.compilelock): To manually release the lock, delete /scratch/vl1019/.theano/compiledir_Linux-4.18-el8_4.x86_64-x86_64-with-redhat-8.4-Ootpa-x86_64-3.7.13-64/lock_dir
INFO (theano.gof.compilelock): Waiting for existing lock by process '450876' (I am process '2094045')
INFO (theano.gof.compilelock): To manually release the lock, delete /scratch/vl1019/.theano/compiledir_Linux-4.18-el8_4.x86_64-x86_64-with-redhat-8.4-Ootpa-x86_64-3.7.13-64/lock_dir
INFO (theano.gof.compilelock): Waiting for existing lock by process '2969142' (I am process '2094045')
INFO (theano.gof.compilelock): To manually release the lock, delete /scratch/vl1019/.theano/compiledir_Linux-4.18-el8_4.x86_64-x86_64-with-redhat-8.4-Ootpa-x86_64-3.7.13-64/lock_dir
INFO (theano.gof.compilelock): Waiting for existing lock by process '824065' (I am process '2094045')
INFO (theano.gof.compilelock): To manually release the lock, delete /scratch/vl1019/.theano/compiledir_Linux-4.18-el8_4.x86_64-x86_64-with-redhat-8.4-Ootpa-x86_64-3.7.13-64/lock_dir
INFO (theano.gof.compilelock): Waiting for existing lock by process '450879' (I am process '2094045')
INFO (theano.gof.compilelock): To manually release the lock, delete /scratch/vl1019/.theano/compiledir_Linux-4.18-el8_4.x86_64-x86_64-with-redhat-8.4-Ootpa-x86_64-3.7.13-64/lock_dir
INFO (theano.gof.compilelock): Waiting for existing lock by process '4064783' (I am process '2094045')
INFO (theano.gof.compilelock): To manually release the lock, delete /scratch/vl1019/.theano/compiledir_Linux-4.18-el8_4.x86_64-x86_64-with-redhat-8.4-Ootpa-x86_64-3.7.13-64/lock_dir
INFO (theano.gof.compilelock): Waiting for existing lock by process '2969240' (I am process '2094045')
INFO (theano.gof.compilelock): To manually release the lock, delete /scratch/vl1019/.theano/compiledir_Linux-4.18-el8_4.x86_64-x86_64-with-redhat-8.4-Ootpa-x86_64-3.7.13-64/lock_dir
INFO (theano.gof.compilelock): Waiting for existing lock by process '2969240' (I am process '2094045')
INFO (theano.gof.compilelock): To manually release the lock, delete /scratch/vl1019/.theano/compiledir_Linux-4.18-el8_4.x86_64-x86_64-with-redhat-8.4-Ootpa-x86_64-3.7.13-64/lock_dir
DONE! 
LOADING eBIRD GRID DATA... DONE! 13800 GRID CELLS 
SID: 1 PROCESSING: 20220512_000100.WAV SPECIES: 97 DETECTIONS: 52 TIME: 706 
SID: 2 PROCESSING: 20220512_020002.WAV SPECIES: 97 