FILES IN DATASET: 629 
LOADING SNAPSHOT BirdNET_Soundscape_Model.pkl ... DONE! 
BUILDING BirdNET MODEL... DONE! 
IMPORTING MODEL PARAMS... DONE! 
COMPILING THEANO TEST FUNCTION FUNCTION... DONE! 
LOADING eBIRD GRID DATA... DONE! 13800 GRID CELLS 
SID: 1 PROCESSING: 20220513_003000.WAV SPECIES: 97 DETECTIONS: 0 TIME: 6 
SID: 2 PROCESSING: 20220513_045100.WAV SPECIES: 97 DETECTIONS: 3 TIME: 5 
SID: 3 PROCESSING: 20220513_005900.WAV SPECIES: 97 DETECTIONS: 0 TIME: 5 
SID: 4 PROCESSING: 20220513_100700.WAV SPECIES: 97 DETECTIONS: 16 TIME: 5 
SID: 5 PROCESSING: 20220513_002300.WAV SPECIES: 97 DETECTIONS: 0 TIME: 5 
SID: 6 PROCESSING: 20220513_021800.WAV SPECIES: 97 DETECTIONS: 0 TIME: 5 
SID: 7 PROCESSING: 20220513_044900.WAV SPECIES: 97 DETECTIONS: 3 TIME: 5 
SID: 8 PROCESSING: 20220513_083400.WAV SPECIES: 97 DETECTIONS: 10 TIME: 5 
SID: 9 PROCESSING: 20220513_044400.WAV SPECIES: 97 DETECTIONS: 3 TIME: 5 
SID: 10 PROCESSING: 20220513_022700.WAV SPECIES: 97 DETECTIONS: 0 TIME: 5 
SID: 11 PROCESSING: 20220513_025100.WAV SPECIES: 97 DETECTIONS: 0 TIME: 5 
SID: 12 PROCESSING: 20220513_074900.WAV SPECIES: 97 DETECTIONS: 19 TIME: 5 
SID: 13 PROCESSING: 20220513_091000.WAV SPECIES: 97 DETECTIONS: 11 TIME: 5 
SID: 14 PROCESSING: 20220513_060800.WAV SPECIES: 97 DETECTIONS: 32 TIME: 5 
SID: 15 PROCESSING: 20220513_082500.WAV SPECIES: 97 DETECTIONS: 12 TIME: 5 
SID: 16 PROCESSING: 20220513_075700.WAV SPECIES: 97 DETECTIONS: 16 TIME: 5 
SID: 17 PROCESSING: 20220513_074000.WAV SPECIES: 97 DETECTIONS: 19 TIME: 5 
SID: 18 PROCESSING: 20220513_012100.WAV SPECIES: 97 DETECTIONS: 0 TIME: 5 
SID: 19 PROCESSING: 20220513_041900.WAV SPECIES: 97 DETECTIONS: 2 TIME: 5 
SID: 20 PROCESSING: 20220513_074400.WAV SPECIES: 97 DETECTIONS: 15 TIME: 5 
SID: 21 PROCESSING: 20220513_065400.WAV SPECIES: 97 DETECTIONS: 17 TIME: 5 
SID: 22 PROCESSING: 20220513_032900.WAV SPECIES: 97 DETECTIONS: 2 TIME: 5 
SID: 23 PROCESSING: 20220513_091600.WAV SPECIES: 97 DETECTIONS: 14 TIME: 5 
SID: 24 PROCESSING: 20220513_081500.WAV SPECIES: 97 DETECTIONS: 17 TIME: 5 
SID: 25 PROCESSING: 20220513_031300.WAV SPECIES: 97 DETECTIONS: 1 TIME: 5 
SID: 26 PROCESSING: 20220513_073700.WAV SPECIES: 97 DETECTIONS: 12 TIME: 5 
SID: 27 PROCESSING: 20220513_000800.WAV SPECIES: 97 DETECTIONS: 1 TIME: 5 
SID: 28 PROCESSING: 20220513_092100.WAV SPECIES: 97 DETECTIONS: 15 TIME: 5 
SID: 29 PROCESSING: 20220513_075400.WAV SPECIES: 97 DETECTIONS: 27 TIME: 5 
SID: 30 PROCESSING: 20220513_042400.WAV SPECIES: 97 DETECTIONS: 0 TIME: 5 
SID: 31 PROCESSING: 20220513_081000.WAV SPECIES: 97 DETECTIONS: 23 TIME: 5 
SID: 32 PROCESSING: 20220513_093900.WAV SPECIES: 97 DETECTIONS: 28 TIME: 5 
SID: 33 PROCESSING: 20220513_064600.WAV SPECIES: 97 DETECTIONS: 18 TIME: 5 
SID: 34 PROCESSING: 20220513_094800.WAV SPECIES: 97 DETECTIONS: 19 TIME: 5 
SID: 35 PROCESSING: 20220513_100200.WAV SPECIES: 97 DETECTIONS: 26 TIME: 5 
SID: 36 PROCESSING: 20220513_002700.WAV SPECIES: 97 DETECTIONS: 0 TIME: 5 
SID: 37 PROCESSING: 20220513_020600.WAV SPECIES: 97 DETECTIONS: 0 TIME: 5 
SID: 38 PROCESSING: 20220513_081100.WAV SPECIES: 97 DETECTIONS: 14 TIME: 5 
SID: 39 PROCESSING: 20220513_094900.WAV SPECIES: 97 DETECTIONS: 20 TIME: 5 
SID: 40 PROCESSING: 20220513_084200.WAV SPECIES: 97 DETECTIONS: 12 TIME: 5 
SID: 41 PROCESSING: 20220513_045400.WAV SPECIES: 97 DETECTIONS: 4 TIME: 5 
SID: 42 PROCESSING: 20220513_001700.WAV SPECIES: 97 DETECTIONS: 0 TIME: 5 
SID: 43 PROCESSING: 20220513_095900.WAV SPECIES: 97 DETECTIONS: 17 TIME: 5 
SID: 44 PROCESSING: 20220513_055400.WAV SPECIES: 97 DETECTIONS: 20 TIME: 5 
SID: 45 PROCESSING: 20220513_051600.WAV SPECIES: 97 DETECTIONS: 0 TIME: 5 
SID: 46 PROCESSING: 20220513_070900.WAV SPECIES: 97 DETECTIONS: 22 TIME: 5 
SID: 47 PROCESSING: 20220513_024300.WAV SPECIES: 97 DETECTIONS: 1 TIME: 5 
SID: 48 PROCESSING: 20220513_051500.WAV SPECIES: 97 DETECTIONS: 2 TIME: 5 
SID: 49 PROCESSING: 20220513_063200.WAV SPECIES: 97 DETECTIONS: 21 TIME: 5 
SID: 50 PROCESSING: 20220513_053000.WAV SPECIES: 97 DETECTIONS: 0 TIME: 5 
SID: 51 PROCESSING: 20220513_100300.WAV SPECIES: 97 DETECTIONS: 17 TIME: 5 
SID: 52 PROCESSING: 20220513_041700.WAV SPECIES: 97 DETECTIONS: 1 TIME: 5 
SID: 53 PROCESSING: 20220513_060200.WAV SPECIES: 97 DETECTIONS: 22 TIME: 5 
SID: 54 PROCESSING: 20220513_074100.WAV SPECIES: 97 DETECTIONS: 24 TIME: 5 
SID: 55 PROCESSING: 20220513_004100.WAV SPECIES: 97 DETECTIONS: 0 TIME: 5 
SID: 56 PROCESSING: 20220513_075800.WAV SPECIES: 97 DETECTIONS: 5 TIME: 5 
SID: 57 PROCESSING: 20220513_093100.WAV SPECIES: 97 DETECTIONS: 17 TIME: 5 
SID: 58 PROCESSING: 20220513_052100.WAV SPECIES: 97 DETECTIONS: 0 TIME: 5 
SID: 59 PROCESSING: 20220513_074600.WAV SPECIES: 97 DETECTIONS: 21 TIME: 5 
SID: 60 PROCESSING: 20220513_035200.WAV SPECIES: 97 DETECTIONS: 2 TIME: 5 
SID: 61 PROCESSING: 20220513_022900.WAV SPECIES: 97 DETECTIONS: 0 TIME: 5 
SID: 62 PROCESSING: 20220513_000400.WAV SPECIES: 97 DETECTIONS: 0 TIME: 5 
SID: 63 PROCESSING: 20220513_083800.WAV SPECIES: 97 DETECTIONS: 25 TIME: 5 
SID: 64 PROCESSING: 20220513_014900.WAV SPECIES: 97 DETECTIONS: 0 TIME: 5 
SID: 65 PROCESSING: 20220513_053300.WAV SPECIES: 97 DETECTIONS: 0 TIME: 5 
SID: 66 PROCESSING: 20220513_081700.WAV SPECIES: 97 DETECTIONS: 0 TIME: 5 
SID: 67 PROCESSING: 20220513_101100.WAV SPECIES: 97 DETECTIONS: 26 TIME: 5 
SID: 68 PROCESSING: 20220513_083200.WAV SPECIES: 97 DETECTIONS: 8 TIME: 5 
SID: 69 PROCESSING: 20220513_092400.WAV SPECIES: 97 DETECTIONS: 11 TIME: 5 
SID: 70 PROCESSING: 20220513_012300.WAV SPECIES: 97 DETECTIONS: 0 TIME: 5 
SID: 71 PROCESSING: 20220513_072500.WAV SPECIES: 97 DETECTIONS: 22 TIME: 5 
SID: 72 PROCESSING: 20220513_094500.WAV SPECIES: 97 DETECTIONS: 11 TIME: 5 
SID: 73 PROCESSING: 20220513_070300.WAV SPECIES: 97 DETECTIONS: 23 TIME: 5 
SID: 74 PROCESSING: 20220513_080500.WAV SPECIES: 97 DETECTIONS: 17 TIME: 5 
SID: 75 PROCESSING: 20220513_084600.WAV SPECIES: 97 DETECTIONS: 20 TIME: 5 
SID: 76 PROCESSING: 20220513_044800.WAV SPECIES: 97 DETECTIONS: 4 TIME: 5 
SID: 77 PROCESSING: 20220513_084700.WAV SPECIES: 97 DETECTIONS: 15 TIME: 5 
SID: 78 PROCESSING: 20220513_034400.WAV SPECIES: 97 DETECTIONS: 0 TIME: 5 
SID: 79 PROCESSING: 20220513_064000.WAV SPECIES: 97 DETECTIONS: 20 TIME: 5 
SID: 80 PROCESSING: 20220513_033500.WAV SPECIES: 97 DETECTIONS: 0 TIME: 5 
SID: 81 PROCESSING: 20220513_043700.WAV SPECIES: 97 DETECTIONS: 3 TIME: 5 
SID: 82 PROCESSING: 20220513_052200.WAV SPECIES: 97 DETECTIONS: 1 TIME: 5 
SID: 83 PROCESSING: 20220513_040400.WAV SPECIES: 97 DETECTIONS: 0 TIME: 5 
SID: 84 PROCESSING: 20220513_035800.WAV SPECIES: 97 DETECTIONS: 0 TIME: 5 
SID: 85 PROCESSING: 20220513_102200.WAV SPECIES: 97 DETECTIONS: 19 TIME: 5 
SID: 86 PROCESSING: 20220513_082900.WAV SPECIES: 97 DETECTIONS: 11 TIME: 5 
SID: 87 PROCESSING: 20220513_050600.WAV SPECIES: 97 DETECTIONS: 0 TIME: 5 
SID: 88 PROCESSING: 20220513_092500.WAV SPECIES: 97 DETECTIONS: 15 TIME: 5 
SID: 89 PROCESSING: 20220513_003400.WAV SPECIES: 97 DETECTIONS: 0 TIME: 5 
SID: 90 PROCESSING: 20220513_094100.WAV SPECIES: 97 DETECTIONS: 30 TIME: 5 
SID: 91 PROCESSING: 20220513_012600.WAV SPECIES: 97 DETECTIONS: 0 TIME: 5 
SID: 92 PROCESSING: 20220513_002800.WAV SPECIES: 97 DETECTIONS: 0 TIME: 5 
SID: 93 PROCESSING: 20220513_030300.WAV SPECIES: 97 DETECTIONS: 0 TIME: 5 
SID: 94 PROCESSING: 20220513_031500.WAV SPECIES: 97 DETECTIONS: 0 TIME: 5 
SID: 95 PROCESSING: 20220513_085200.WAV SPECIES: 97 DETECTIONS: 11 TIME: 5 
SID: 96 PROCESSING: 20220513_043400.WAV SPECIES: 97 DETECTIONS: 1 TIME: 5 
SID: 97 PROCESSING: 20220513_002500.WAV SPECIES: 97 DETECTIONS: 0 TIME: 5 
SID: 98 PROCESSING: 20220513_095600.WAV SPECIES: 97 DETECTIONS: 18 TIME: 5 
SID: 99 PROCESSING: 20220513_090900.WAV SPECIES: 97 DETECTIONS: 20 TIME: 5 
SID: 100 PROCESSING: 20220513_030000.WAV SPECIES: 97 DETECTIONS: 0 TIME: 5 
SID: 101 PROCESSING: 20220513_025700.WAV SPECIES: 97 DETECTIONS: 0 TIME: 5 
SID: 102 PROCESSING: 20220513_075300.WAV SPECIES: 97 DETECTIONS: 22 TIME: 5 
SID: 103 PROCESSING: 20220513_000700.WAV SPECIES: 97 DETECTIONS: 0 TIME: 5 
SID: 104 PROCESSING: 20220513_001300.WAV SPECIES: 97 DETECTIONS: 0 TIME: 5 
SID: 105 PROCESSING: 20220513_020400.WAV SPECIES: 97 DETECTIONS: 0 TIME: 5 
SID: 106 PROCESSING: 20220513_063400.WAV SPECIES: 97 DETECTIONS: 16 TIME: 5 
SID: 107 PROCESSING: 20220513_083700.WAV SPECIES: 97 DETECTIONS: 27 TIME: 5 
SID: 108 PROCESSING: 20220513_092000.WAV SPECIES: 97 DETECTIONS: 12 TIME: 5 
SID: 109 PROCESSING: 20220513_085600.WAV SPECIES: 97 DETECTIONS: 6 TIME: 5 
SID: 110 PROCESSING: 20220513_053700.WAV SPECIES: 97 DETECTIONS: 13 TIME: 5 
SID: 111 PROCESSING: 20220513_001500.WAV SPECIES: 97 DETECTIONS: 0 TIME: 5 
SID: 112 PROCESSING: 20220513_014000.WAV SPECIES: 97 DETECTIONS: 0 TIME: 5 
SID: 113 PROCESSING: 20220513_004300.WAV SPECIES: 97 DETECTIONS: 0 TIME: 5 
SID: 114 PROCESSING: 20220513_051000.WAV SPECIES: 97 DETECTIONS: 1 TIME: 5 
SID: 115 PROCESSING: 20220513_044700.WAV SPECIES: 97 DETECTIONS: 5 TIME: 5 
SID: 116 PROCESSING: 20220513_035500.WAV SPECIES: 97 DETECTIONS: 0 TIME: 5 
SID: 117 PROCESSING: 20220513_013800.WAV SPECIES: 97 DETECTIONS: 0 TIME: 5 
SID: 118 PROCESSING: 20220513_035400.WAV SPECIES: 97 DETECTIONS: 0 TIME: 5 
SID: 119 PROCESSING: 20220513_084800.WAV SPECIES: 97 DETECTIONS: 17 TIME: 5 
SID: 120 PROCESSING: 20220513_020300.WAV SPECIES: 97 DETECTIONS: 0 TIME: 5 
SID: 121 PROCESSING: 20220513_013500.WAV SPECIES: 97 DETECTIONS: 0 TIME: 5 
SID: 122 PROCESSING: 20220513_000900.WAV SPECIES: 97 DETECTIONS: 0 TIME: 5 
SID: 123 PROCESSING: 20220513_030700.WAV SPECIES: 97 DETECTIONS: 0 TIME: 5 
SID: 124 PROCESSING: 20220513_072100.WAV SPECIES: 97 DETECTIONS: 22 TIME: 5 
SID: 125 PROCESSING: 20220513_075000.WAV SPECIES: 97 DETECTIONS: 22 TIME: 5 
SID: 126 PROCESSING: 20220513_085000.WAV SPECIES: 97 DETECTIONS: 7 TIME: 5 
SID: 127 PROCESSING: 20220513_074700.WAV SPECIES: 97 DETECTIONS: 23 TIME: 5 
SID: 128 PROCESSING: 20220513_000300.WAV SPECIES: 97 DETECTIONS: 0 TIME: 5 
SID: 129 PROCESSING: 20220513_082700.WAV SPECIES: 97 DETECTIONS: 6 TIME: 5 
SID: 130 PROCESSING: 20220513_052000.WAV SPECIES: 97 DETECTIONS: 0 TIME: 5 
SID: 131 PROCESSING: 20220513_095500.WAV SPECIES: 97 DETECTIONS: 26 TIME: 5 
SID: 132 PROCESSING: 20220513_042600.WAV SPECIES: 97 DETECTIONS: 1 TIME: 5 
SID: 133 PROCESSING: 20220513_040000.WAV SPECIES: 97 DETECTIONS: 1 TIME: 5 
SID: 134 PROCESSING: 20220513_080800.WAV SPECIES: 97 DETECTIONS: 35 TIME: 5 
SID: 135 PROCESSING: 20220513_013900.WAV SPECIES: 97 DETECTIONS: 0 TIME: 5 
SID: 136 PROCESSING: 20220513_044600.WAV SPECIES: 97 DETECTIONS: 2 TIME: 5 
SID: 137 PROCESSING: 20220513_025600.WAV SPECIES: 97 DETECTIONS: 0 TIME: 5 
SID: 138 PROCESSING: 20220513_001900.WAV SPECIES: 97 DETECTIONS: 0 TIME: 5 
SID: 139 PROCESSING: 20220513_100000.WAV SPECIES: 97 DETECTIONS: 16 TIME: 5 
SID: 140 PROCESSING: 20220513_031400.WAV SPECIES: 97 DETECTIONS: 0 TIME: 5 
SID: 141 PROCESSING: 20220513_062200.WAV SPECIES: 97 DETECTIONS: 28 TIME: 5 
SID: 142 PROCESSING: 20220513_102700.WAV SPECIES: 97 DETECTIONS: 29 TIME: 5 
SID: 143 PROCESSING: 20220513_062800.WAV SPECIES: 97 DETECTIONS: 16 TIME: 5 
SID: 144 PROCESSING: 20220513_043500.WAV SPECIES: 97 DETECTIONS: 1 TIME: 5 
SID: 145 PROCESSING: 20220513_075200.WAV SPECIES: 97 DETECTIONS: 23 TIME: 5 
SID: 146 PROCESSING: 20220513_085800.WAV SPECIES: 97 DETECTIONS: 10 TIME: 5 
SID: 147 PROCESSING: 20220513_024800.WAV SPECIES: 97 DETECTIONS: 0 TIME: 5 
SID: 148 PROCESSING: 20220513_035700.WAV SPECIES: 97 DETECTIONS: 1 TIME: 5 
SID: 149 PROCESSING: 20220513_042200.WAV SPECIES: 97 DETECTIONS: 0 TIME: 5 
SID: 150 PROCESSING: 20220513_091700.WAV SPECIES: 97 DETECTIONS: 12 TIME: 5 
SID: 151 PROCESSING: 20220513_052300.WAV SPECIES: 97 DETECTIONS: 0 TIME: 5 
SID: 152 PROCESSING: 20220513_014700.WAV SPECIES: 97 DETECTIONS: 0 TIME: 5 
SID: 153 PROCESSING: 20220513_082600.WAV SPECIES: 97 DETECTIONS: 6 TIME: 5 
SID: 154 PROCESSING: 20220513_064800.WAV SPECIES: 97 DETECTIONS: 8 TIME: 5 
SID: 155 PROCESSING: 20220513_071300.WAV SPECIES: 97 DETECTIONS: 18 TIME: 5 
SID: 156 PROCESSING: 20220513_033100.WAV SPECIES: 97 DETECTIONS: 4 TIME: 5 
SID: 157 PROCESSING: 20220513_023300.WAV SPECIES: 97 DETECTIONS: 0 TIME: 5 
SID: 158 PROCESSING: 20220513_041200.WAV SPECIES: 97 DETECTIONS: 2 TIME: 5 
SID: 159 PROCESSING: 20220513_040700.WAV SPECIES: 97 DETECTIONS: 0 TIME: 5 
SID: 160 PROCESSING: 20220513_030200.WAV SPECIES: 97 DETECTIONS: 0 TIME: 5 
SID: 161 PROCESSING: 20220513_010400.WAV SPECIES: 97 DETECTIONS: 0 TIME: 5 
SID: 162 PROCESSING: 20220513_083100.WAV SPECIES: 97 DETECTIONS: 14 TIME: 5 
SID: 163 PROCESSING: 20220513_085500.WAV SPECIES: 97 DETECTIONS: 6 TIME: 5 
SID: 164 PROCESSING: 20220513_023100.WAV SPECIES: 97 DETECTIONS: 0 TIME: 5 
SID: 165 PROCESSING: 20220513_011800.WAV SPECIES: 97 DETECTIONS: 1 TIME: 5 
SID: 166 PROCESSING: 20220513_072600.WAV SPECIES: 97 DETECTIONS: 19 TIME: 5 
SID: 167 PROCESSING: 20220513_012500.WAV SPECIES: 97 DETECTIONS: 0 TIME: 5 
SID: 168 PROCESSING: 20220513_040500.WAV SPECIES: 97 DETECTIONS: 0 TIME: 5 
SID: 169 PROCESSING: 20220513_012000.WAV SPECIES: 97 DETECTIONS: 3 TIME: 5 
SID: 170 PROCESSING: 20220513_004000.WAV SPECIES: 97 DETECTIONS: 0 TIME: 5 
SID: 171 PROCESSING: 20220513_022000.WAV SPECIES: 97 DETECTIONS: 0 TIME: 5 
SID: 172 PROCESSING: 20220513_081800.WAV SPECIES: 97 DETECTIONS: 7 TIME: 5 
SID: 173 PROCESSING: 20220513_003100.WAV SPECIES: 97 DETECTIONS: 0 TIME: 5 
SID: 174 PROCESSING: 20220513_003700.WAV SPECIES: 97 DETECTIONS: 0 TIME: 5 
SID: 175 PROCESSING: 20220513_063100.WAV SPECIES: 97 DETECTIONS: 12 TIME: 5 
SID: 176 PROCESSING: 20220513_084400.WAV SPECIES: 97 DETECTIONS: 33 TIME: 5 
SID: 177 PROCESSING: 20220513_004800.WAV SPECIES: 97 DETECTIONS: 0 TIME: 5 
SID: 178 PROCESSING: 20220513_020900.WAV SPECIES: 97 DETECTIONS: 0 TIME: 5 
SID: 179 PROCESSING: 20220513_010900.WAV SPECIES: 97 DETECTIONS: 0 TIME: 5 
SID: 180 PROCESSING: 20220513_100400.WAV SPECIES: 97 DETECTIONS: 25 TIME: 5 
SID: 181 PROCESSING: 20220513_093700.WAV SPECIES: 97 DETECTIONS: 27 TIME: 5 
SID: 182 PROCESSING: 20220513_055300.WAV SPECIES: 97 DETECTIONS: 17 TIME: 5 
SID: 183 PROCESSING: 20220513_102900.WAV SPECIES: 97 DETECTIONS: 0 TIME: 3 
SID: 184 PROCESSING: 20220513_063600.WAV SPECIES: 97 DETECTIONS: 19 TIME: 5 
SID: 185 PROCESSING: 20220513_101500.WAV SPECIES: 97 DETECTIONS: 13 TIME: 5 
SID: 186 PROCESSING: 20220513_094400.WAV SPECIES: 97 DETECTIONS: 22 TIME: 5 
SID: 187 PROCESSING: 20220513_050400.WAV SPECIES: 97 DETECTIONS: 0 TIME: 5 
SID: 188 PROCESSING: 20220513_072200.WAV SPECIES: 97 DETECTIONS: 31 TIME: 5 
SID: 189 PROCESSING: 20220513_084000.WAV SPECIES: 97 DETECTIONS: 15 TIME: 5 
SID: 190 PROCESSING: 20220513_002200.WAV SPECIES: 97 DETECTIONS: 0 TIME: 5 
SID: 191 PROCESSING: 20220513_033300.WAV SPECIES: 97 DETECTIONS: 0 TIME: 5 
SID: 192 PROCESSING: 20220513_080100.WAV SPECIES: 97 DETECTIONS: 5 TIME: 5 
SID: 193 PROCESSING: 20220513_032300.WAV SPECIES: 97 DETECTIONS: 1 TIME: 5 
SID: 194 PROCESSING: 20220513_045900.WAV SPECIES: 97 DETECTIONS: 0 TIME: 5 
SID: 195 PROCESSING: 20220513_050300.WAV SPECIES: 97 DETECTIONS: 0 TIME: 5 
SID: 196 PROCESSING: 20220513_054900.WAV SPECIES: 97 DETECTIONS: 14 TIME: 5 
SID: 197 PROCESSING: 20220513_071600.WAV SPECIES: 97 DETECTIONS: 23 TIME: 5 
SID: 198 PROCESSING: 20220513_064700.WAV SPECIES: 97 DETECTIONS: 2 TIME: 5 
SID: 199 PROCESSING: 20220513_024500.WAV SPECIES: 97 DETECTIONS: 0 TIME: 5 
SID: 200 PROCESSING: 20220513_070000.WAV SPECIES: 97 DETECTIONS: 31 TIME: 5 
SID: 201 PROCESSING: 20220513_080200.WAV SPECIES: 97 DETECTIONS: 9 TIME: 5 
SID: 202 PROCESSING: 20220513_032000.WAV SPECIES: 97 DETECTIONS: 2 TIME: 5 
SID: 203 PROCESSING: 20220513_010800.WAV SPECIES: 97 DETECTIONS: 0 TIME: 5 
SID: 204 PROCESSING: 20220513_002600.WAV SPECIES: 97 DETECTIONS: 1 TIME: 5 
SID: 205 PROCESSING: 20220513_023400.WAV SPECIES: 97 DETECTIONS: 0 TIME: 5 
SID: 206 PROCESSING: 20220513_095200.WAV SPECIES: 97 DETECTIONS: 25 TIME: 5 
SID: 207 PROCESSING: 20220513_070100.WAV SPECIES: 97 DETECTIONS: 20 TIME: 5 
SID: 208 PROCESSING: 20220513_070800.WAV SPECIES: 97 DETECTIONS: 25 TIME: 5 
SID: 209 PROCESSING: 20220513_044200.WAV SPECIES: 97 DETECTIONS: 2 TIME: 5 
SID: 210 PROCESSING: 20220513_063000.WAV SPECIES: 97 DETECTIONS: 8 TIME: 5 
SID: 211 PROCESSING: 20220513_060700.WAV SPECIES: 97 DETECTIONS: 33 TIME: 5 
SID: 212 PROCESSING: 20220513_045600.WAV SPECIES: 97 DETECTIONS: 1 TIME: 5 
SID: 213 PROCESSING: 20220513_061600.WAV SPECIES: 97 DETECTIONS: 14 TIME: 5 
SID: 214 PROCESSING: 20220513_015900.WAV SPECIES: 97 DETECTIONS: 1 TIME: 5 
SID: 215 PROCESSING: 20220513_003200.WAV SPECIES: 97 DETECTIONS: 0 TIME: 5 
SID: 216 PROCESSING: 20220513_010200.WAV SPECIES: 97 DETECTIONS: 0 TIME: 5 
SID: 217 PROCESSING: 20220513_044000.WAV SPECIES: 97 DETECTIONS: 0 TIME: 5 
SID: 218 PROCESSING: 20220513_054000.WAV SPECIES: 97 DETECTIONS: 21 TIME: 5 
SID: 219 PROCESSING: 20220513_024900.WAV SPECIES: 97 DETECTIONS: 0 TIME: 5 
SID: 220 PROCESSING: 20220513_032600.WAV SPECIES: 97 DETECTIONS: 1 TIME: 5 
SID: 221 PROCESSING: 20220513_025000.WAV SPECIES: 97 DETECTIONS: 1 TIME: 5 
SID: 222 PROCESSING: 20220513_101700.WAV SPECIES: 97 DETECTIONS: 11 TIME: 5 
SID: 223 PROCESSING: 20220513_005400.WAV SPECIES: 97 DETECTIONS: 0 TIME: 5 
SID: 224 PROCESSING: 20220513_024700.WAV SPECIES: 97 DETECTIONS: 0 TIME: 5 
SID: 225 PROCESSING: 20220513_082800.WAV SPECIES: 97 DETECTIONS: 18 TIME: 5 
SID: 226 PROCESSING: 20220513_031800.WAV SPECIES: 97 DETECTIONS: 0 TIME: 5 
SID: 227 PROCESSING: 20220513_092900.WAV SPECIES: 97 DETECTIONS: 13 TIME: 5 
SID: 228 PROCESSING: 20220513_032100.WAV SPECIES: 97 DETECTIONS: 4 TIME: 5 
SID: 229 PROCESSING: 20220513_093300.WAV SPECIES: 97 DETECTIONS: 21 TIME: 5 
SID: 230 PROCESSING: 20220513_064300.WAV SPECIES: 97 DETECTIONS: 26 TIME: 5 
SID: 231 PROCESSING: 20220513_035100.WAV SPECIES: 97 DETECTIONS: 2 TIME: 5 
SID: 232 PROCESSING: 20220513_062700.WAV SPECIES: 97 DETECTIONS: 17 TIME: 5 
SID: 233 PROCESSING: 20220513_034600.WAV SPECIES: 97 DETECTIONS: 3 TIME: 5 
SID: 234 PROCESSING: 20220513_032400.WAV SPECIES: 97 DETECTIONS: 0 TIME: 5 
SID: 235 PROCESSING: 20220513_053200.WAV SPECIES: 97 DETECTIONS: 3 TIME: 5 
SID: 236 PROCESSING: 20220513_095100.WAV SPECIES: 97 DETECTIONS: 25 TIME: 5 
SID: 237 PROCESSING: 20220513_001000.WAV SPECIES: 97 DETECTIONS: 0 TIME: 5 
SID: 238 PROCESSING: 20220513_052800.WAV SPECIES: 97 DETECTIONS: 0 TIME: 5 
SID: 239 PROCESSING: 20220513_031200.WAV SPECIES: 97 DETECTIONS: 0 TIME: 5 
SID: 240 PROCESSING: 20220513_021100.WAV SPECIES: 97 DETECTIONS: 0 TIME: 5 
SID: 241 PROCESSING: 20220513_073000.WAV SPECIES: 97 DETECTIONS: 25 TIME: 5 
SID: 242 PROCESSING: 20220513_101900.WAV SPECIES: 97 DETECTIONS: 18 TIME: 5 
SID: 243 PROCESSING: 20220513_091500.WAV SPECIES: 97 DETECTIONS: 15 TIME: 5 
SID: 244 PROCESSING: 20220513_023700.WAV SPECIES: 97 DETECTIONS: 0 TIME: 5 
SID: 245 PROCESSING: 20220513_102000.WAV SPECIES: 97 DETECTIONS: 9 TIME: 5 
SID: 246 PROCESSING: 20220513_000600.WAV SPECIES: 97 DETECTIONS: 0 TIME: 5 
SID: 247 PROCESSING: 20220513_082200.WAV SPECIES: 97 DETECTIONS: 8 TIME: 5 
SID: 248 PROCESSING: 20220513_084900.WAV SPECIES: 97 DETECTIONS: 11 TIME: 5 
SID: 249 PROCESSING: 20220513_031600.WAV SPECIES: 97 DETECTIONS: 0 TIME: 5 
SID: 250 PROCESSING: 20220513_005000.WAV SPECIES: 97 DETECTIONS: 0 TIME: 5 
SID: 251 PROCESSING: 20220513_081300.WAV SPECIES: 97 DETECTIONS: 15 TIME: 5 
SID: 252 PROCESSING: 20220513_073100.WAV SPECIES: 97 DETECTIONS: 24 TIME: 5 
SID: 253 PROCESSING: 20220513_062400.WAV SPECIES: 97 DETECTIONS: 17 TIME: 5 
SID: 254 PROCESSING: 20220513_041100.WAV SPECIES: 97 DETECTIONS: 0 TIME: 5 
SID: 255 PROCESSING: 20220513_004200.WAV SPECIES: 97 DETECTIONS: 0 TIME: 5 
SID: 256 PROCESSING: 20220513_041800.WAV SPECIES: 97 DETECTIONS: 2 TIME: 5 
SID: 257 PROCESSING: 20220513_063300.WAV SPECIES: 97 DETECTIONS: 23 TIME: 5 
SID: 258 PROCESSING: 20220513_054400.WAV SPECIES: 97 DETECTIONS: 20 TIME: 5 
SID: 259 PROCESSING: 20220513_082300.WAV SPECIES: 97 DETECTIONS: 3 TIME: 5 
SID: 260 PROCESSING: 20220513_011500.WAV SPECIES: 97 DETECTIONS: 0 TIME: 5 
SID: 261 PROCESSING: 20220513_100900.WAV SPECIES: 97 DETECTIONS: 10 TIME: 5 
SID: 262 PROCESSING: 20220513_035600.WAV SPECIES: 97 DETECTIONS: 0 TIME: 5 
SID: 263 PROCESSING: 20220513_001400.WAV SPECIES: 97 DETECTIONS: 0 TIME: 5 
SID: 264 PROCESSING: 20220513_043200.WAV SPECIES: 97 DETECTIONS: 1 TIME: 5 
SID: 265 PROCESSING: 20220513_045500.WAV SPECIES: 97 DETECTIONS: 0 TIME: 5 
SID: 266 PROCESSING: 20220513_081600.WAV SPECIES: 97 DETECTIONS: 14 TIME: 5 
SID: 267 PROCESSING: 20220513_051800.WAV SPECIES: 97 DETECTIONS: 0 TIME: 5 
SID: 268 PROCESSING: 20220513_061700.WAV SPECIES: 97 DETECTIONS: 16 TIME: 5 
SID: 269 PROCESSING: 20220513_052600.WAV SPECIES: 97 DETECTIONS: 0 TIME: 5 
SID: 270 PROCESSING: 20220513_061500.WAV SPECIES: 97 DETECTIONS: 5 TIME: 5 
SID: 271 PROCESSING: 20220513_012200.WAV SPECIES: 97 DETECTIONS: 0 TIME: 5 
SID: 272 PROCESSING: 20220513_060100.WAV SPECIES: 97 DETECTIONS: 17 TIME: 5 
SID: 273 PROCESSING: 20220513_081900.WAV SPECIES: 97 DETECTIONS: 23 TIME: 5 
SID: 274 PROCESSING: 20220513_021200.WAV SPECIES: 97 DETECTIONS: 0 TIME: 5 
SID: 275 PROCESSING: 20220513_083600.WAV SPECIES: 97 DETECTIONS: 11 TIME: 5 
SID: 276 PROCESSING: 20220513_074200.WAV SPECIES: 97 DETECTIONS: 23 TIME: 5 
SID: 277 PROCESSING: 20220513_035000.WAV SPECIES: 97 DETECTIONS: 0 TIME: 5 
SID: 278 PROCESSING: 20220513_055700.WAV SPECIES: 97 DETECTIONS: 19 TIME: 5 
SID: 279 PROCESSING: 20220513_004900.WAV SPECIES: 97 DETECTIONS: 0 TIME: 5 
SID: 280 PROCESSING: 20220513_035900.WAV SPECIES: 97 DETECTIONS: 0 TIME: 5 
SID: 281 PROCESSING: 20220513_081200.WAV SPECIES: 97 DETECTIONS: 17 TIME: 5 
SID: 282 PROCESSING: 20220513_032200.WAV SPECIES: 97 DETECTIONS: 3 TIME: 5 
SID: 283 PROCESSING: 20220513_080400.WAV SPECIES: 97 DETECTIONS: 21 TIME: 5 
SID: 284 PROCESSING: 20220513_064100.WAV SPECIES: 97 DETECTIONS: 24 TIME: 5 
SID: 285 PROCESSING: 20220513_045200.WAV SPECIES: 97 DETECTIONS: 4 TIME: 5 
SID: 286 PROCESSING: 20220513_062500.WAV SPECIES: 97 DETECTIONS: 15 TIME: 5 
SID: 287 PROCESSING: 20220513_013000.WAV SPECIES: 97 DETECTIONS: 0 TIME: 5 
SID: 288 PROCESSING: 20220513_061000.WAV SPECIES: 97 DETECTIONS: 30 TIME: 5 
SID: 289 PROCESSING: 20220513_050200.WAV SPECIES: 97 DETECTIONS: 0 TIME: 5 
SID: 290 PROCESSING: 20220513_064200.WAV SPECIES: 97 DETECTIONS: 19 TIME: 5 
SID: 291 PROCESSING: 20220513_081400.WAV SPECIES: 97 DETECTIONS: 24 TIME: 5 
SID: 292 PROCESSING: 20220513_084300.WAV SPECIES: 97 DETECTIONS: 22 TIME: 5 
SID: 293 PROCESSING: 20220513_051900.WAV SPECIES: 97 DETECTIONS: 0 TIME: 5 
SID: 294 PROCESSING: 20220513_003900.WAV SPECIES: 97 DETECTIONS: 0 TIME: 5 
SID: 295 PROCESSING: 20220513_060600.WAV SPECIES: 97 DETECTIONS: 28 TIME: 5 
SID: 296 PROCESSING: 20220513_034100.WAV SPECIES: 97 DETECTIONS: 0 TIME: 5 
SID: 297 PROCESSING: 20220513_011200.WAV SPECIES: 97 DETECTIONS: 0 TIME: 5 
SID: 298 PROCESSING: 20220513_015700.WAV SPECIES: 97 DETECTIONS: 0 TIME: 5 
SID: 299 PROCESSING: 20220513_055600.WAV SPECIES: 97 DETECTIONS: 22 TIME: 5 
SID: 300 PROCESSING: 20220513_060300.WAV SPECIES: 97 DETECTIONS: 28 TIME: 5 
SID: 301 PROCESSING: 20220513_102400.WAV SPECIES: 97 DETECTIONS: 33 TIME: 5 
SID: 302 PROCESSING: 20220513_024100.WAV SPECIES: 97 DETECTIONS: 0 TIME: 5 
SID: 303 PROCESSING: 20220513_010100.WAV SPECIES: 97 DETECTIONS: 0 TIME: 5 
SID: 304 PROCESSING: 20220513_051700.WAV SPECIES: 97 DETECTIONS: 0 TIME: 5 
SID: 305 PROCESSING: 20220513_042800.WAV SPECIES: 97 DETECTIONS: 1 TIME: 5 
SID: 306 PROCESSING: 20220513_003800.WAV SPECIES: 97 DETECTIONS: 0 TIME: 5 
SID: 307 PROCESSING: 20220513_023000.WAV SPECIES: 97 DETECTIONS: 0 TIME: 5 
SID: 308 PROCESSING: 20220513_010700.WAV SPECIES: 97 DETECTIONS: 7 TIME: 5 
SID: 309 PROCESSING: 20220513_011000.WAV SPECIES: 97 DETECTIONS: 0 TIME: 5 
SID: 310 PROCESSING: 20220513_025200.WAV SPECIES: 97 DETECTIONS: 0 TIME: 5 
SID: 311 PROCESSING: 20220513_013400.WAV SPECIES: 97 DETECTIONS: 3 TIME: 5 
SID: 312 PROCESSING: 20220513_054800.WAV SPECIES: 97 DETECTIONS: 22 TIME: 5 
SID: 313 PROCESSING: 20220513_023800.WAV SPECIES: 97 DETECTIONS: 0 TIME: 5 
SID: 314 PROCESSING: 20220513_102100.WAV SPECIES: 97 DETECTIONS: 22 TIME: 5 
SID: 315 PROCESSING: 20220513_092600.WAV SPECIES: 97 DETECTIONS: 16 TIME: 5 
SID: 316 PROCESSING: 20220513_005200.WAV SPECIES: 97 DETECTIONS: 0 TIME: 5 
SID: 317 PROCESSING: 20220513_010000.WAV SPECIES: 97 DETECTIONS: 0 TIME: 5 
SID: 318 PROCESSING: 20220513_052400.WAV SPECIES: 97 DETECTIONS: 1 TIME: 5 
SID: 319 PROCESSING: 20220513_092800.WAV SPECIES: 97 DETECTIONS: 16 TIME: 5 
SID: 320 PROCESSING: 20220513_041400.WAV SPECIES: 97 DETECTIONS: 3 TIME: 5 
SID: 321 PROCESSING: 20220513_080900.WAV SPECIES: 97 DETECTIONS: 24 TIME: 5 
SID: 322 PROCESSING: 20220513_085100.WAV SPECIES: 97 DETECTIONS: 17 TIME: 5 
SID: 323 PROCESSING: 20220513_001600.WAV SPECIES: 97 DETECTIONS: 1 TIME: 5 
SID: 324 PROCESSING: 20220513_044300.WAV SPECIES: 97 DETECTIONS: 1 TIME: 5 
SID: 325 PROCESSING: 20220513_054200.WAV SPECIES: 97 DETECTIONS: 19 TIME: 5 
SID: 326 PROCESSING: 20220513_071700.WAV SPECIES: 97 DETECTIONS: 27 TIME: 5 
SID: 327 PROCESSING: 20220513_011300.WAV SPECIES: 97 DETECTIONS: 0 TIME: 5 
SID: 328 PROCESSING: 20220513_002100.WAV SPECIES: 97 DETECTIONS: 0 TIME: 5 
SID: 329 PROCESSING: 20220513_040100.WAV SPECIES: 97 DETECTIONS: 2 TIME: 5 
SID: 330 PROCESSING: 20220513_031700.WAV SPECIES: 97 DETECTIONS: 0 TIME: 5 
SID: 331 PROCESSING: 20220513_073900.WAV SPECIES: 97 DETECTIONS: 10 TIME: 5 
SID: 332 PROCESSING: 20220513_043600.WAV SPECIES: 97 DETECTIONS: 0 TIME: 5 
SID: 333 PROCESSING: 20220513_055200.WAV SPECIES: 97 DETECTIONS: 15 TIME: 5 
SID: 334 PROCESSING: 20220513_061800.WAV SPECIES: 97 DETECTIONS: 25 TIME: 5 
SID: 335 PROCESSING: 20220513_095400.WAV SPECIES: 97 DETECTIONS: 23 TIME: 5 
SID: 336 PROCESSING: 20220513_031900.WAV SPECIES: 97 DETECTIONS: 1 TIME: 5 
SID: 337 PROCESSING: 20220513_075600.WAV SPECIES: 97 DETECTIONS: 26 TIME: 5 
SID: 338 PROCESSING: 20220513_055800.WAV SPECIES: 97 DETECTIONS: 19 TIME: 5 
SID: 339 PROCESSING: 20220513_080700.WAV SPECIES: 97 DETECTIONS: 17 TIME: 5 
SID: 340 PROCESSING: 20220513_023200.WAV SPECIES: 97 DETECTIONS: 0 TIME: 5 
SID: 341 PROCESSING: 20220513_040200.WAV SPECIES: 97 DETECTIONS: 4 TIME: 5 
SID: 342 PROCESSING: 20220513_042100.WAV SPECIES: 97 DETECTIONS: 2 TIME: 5 
SID: 343 PROCESSING: 20220513_003600.WAV SPECIES: 97 DETECTIONS: 0 TIME: 5 
SID: 344 PROCESSING: 20220513_020200.WAV SPECIES: 97 DETECTIONS: 0 TIME: 5 
SID: 345 PROCESSING: 20220513_100100.WAV SPECIES: 97 DETECTIONS: 21 TIME: 5 
SID: 346 PROCESSING: 20220513_062600.WAV SPECIES: 97 DETECTIONS: 22 TIME: 5 
SID: 347 PROCESSING: 20220513_021300.WAV SPECIES: 97 DETECTIONS: 0 TIME: 5 
SID: 348 PROCESSING: 20220513_052900.WAV SPECIES: 97 DETECTIONS: 1 TIME: 5 
SID: 349 PROCESSING: 20220513_001800.WAV SPECIES: 97 DETECTIONS: 0 TIME: 5 
SID: 350 PROCESSING: 20220513_083900.WAV SPECIES: 97 DETECTIONS: 18 TIME: 5 
SID: 351 PROCESSING: 20220513_060400.WAV SPECIES: 97 DETECTIONS: 40 TIME: 5 
SID: 352 PROCESSING: 20220513_025300.WAV SPECIES: 97 DETECTIONS: 0 TIME: 5 
SID: 353 PROCESSING: 20220513_031000.WAV SPECIES: 97 DETECTIONS: 0 TIME: 5 
SID: 354 PROCESSING: 20220513_093600.WAV SPECIES: 97 DETECTIONS: 8 TIME: 5 
SID: 355 PROCESSING: 20220513_015300.WAV SPECIES: 97 DETECTIONS: 0 TIME: 5 
SID: 356 PROCESSING: 20220513_005100.WAV SPECIES: 97 DETECTIONS: 0 TIME: 5 
SID: 357 PROCESSING: 20220513_060500.WAV SPECIES: 97 DETECTIONS: 31 TIME: 5 
SID: 358 PROCESSING: 20220513_095800.WAV SPECIES: 97 DETECTIONS: 27 TIME: 5 
SID: 359 PROCESSING: 20220513_001100.WAV SPECIES: 97 DETECTIONS: 0 TIME: 5 
SID: 360 PROCESSING: 20220513_064500.WAV SPECIES: 97 DETECTIONS: 21 TIME: 5 
SID: 361 PROCESSING: 20220513_070700.WAV SPECIES: 97 DETECTIONS: 22 TIME: 5 
SID: 362 PROCESSING: 20220513_101000.WAV SPECIES: 97 DETECTIONS: 11 TIME: 5 
SID: 363 PROCESSING: 20220513_062100.WAV SPECIES: 97 DETECTIONS: 29 TIME: 5 
SID: 364 PROCESSING: 20220513_044500.WAV SPECIES: 97 DETECTIONS: 0 TIME: 5 
SID: 365 PROCESSING: 20220513_034900.WAV SPECIES: 97 DETECTIONS: 1 TIME: 5 
SID: 366 PROCESSING: 20220513_014100.WAV SPECIES: 97 DETECTIONS: 0 TIME: 5 
SID: 367 PROCESSING: 20220513_023500.WAV SPECIES: 97 DETECTIONS: 1 TIME: 5 
SID: 368 PROCESSING: 20220513_053500.WAV SPECIES: 97 DETECTIONS: 0 TIME: 5 
SID: 369 PROCESSING: 20220513_084500.WAV SPECIES: 97 DETECTIONS: 22 TIME: 5 
SID: 370 PROCESSING: 20220513_064900.WAV SPECIES: 97 DETECTIONS: 15 TIME: 5 
SID: 371 PROCESSING: 20220513_071500.WAV SPECIES: 97 DETECTIONS: 26 TIME: 5 
SID: 372 PROCESSING: 20220513_061100.WAV SPECIES: 97 DETECTIONS: 26 TIME: 5 
SID: 373 PROCESSING: 20220513_053900.WAV SPECIES: 97 DETECTIONS: 22 TIME: 5 
SID: 374 PROCESSING: 20220513_065700.WAV SPECIES: 97 DETECTIONS: 20 TIME: 5 
SID: 375 PROCESSING: 20220513_051300.WAV SPECIES: 97 DETECTIONS: 0 TIME: 5 
SID: 376 PROCESSING: 20220513_061200.WAV SPECIES: 97 DETECTIONS: 9 TIME: 5 
SID: 377 PROCESSING: 20220513_022800.WAV SPECIES: 97 DETECTIONS: 0 TIME: 5 
SID: 378 PROCESSING: 20220513_043100.WAV SPECIES: 97 DETECTIONS: 3 TIME: 5 
SID: 379 PROCESSING: 20220513_055500.WAV SPECIES: 97 DETECTIONS: 20 TIME: 5 
SID: 380 PROCESSING: 20220513_004500.WAV SPECIES: 97 DETECTIONS: 1 TIME: 5 
SID: 381 PROCESSING: 20220513_091200.WAV SPECIES: 97 DETECTIONS: 15 TIME: 5 
SID: 382 PROCESSING: 20220513_022500.WAV SPECIES: 97 DETECTIONS: 0 TIME: 5 
SID: 383 PROCESSING: 20220513_033200.WAV SPECIES: 97 DETECTIONS: 0 TIME: 5 
SID: 384 PROCESSING: 20220513_012400.WAV SPECIES: 97 DETECTIONS: 0 TIME: 5 
SID: 385 PROCESSING: 20220513_090800.WAV SPECIES: 97 DETECTIONS: 14 TIME: 5 
SID: 386 PROCESSING: 20220513_101600.WAV SPECIES: 97 DETECTIONS: 12 TIME: 5 
SID: 387 PROCESSING: 20220513_092700.WAV SPECIES: 97 DETECTIONS: 20 TIME: 5 
SID: 388 PROCESSING: 20220513_043800.WAV SPECIES: 97 DETECTIONS: 0 TIME: 5 
SID: 389 PROCESSING: 20220513_051400.WAV SPECIES: 97 DETECTIONS: 1 TIME: 5 
SID: 390 PROCESSING: 20220513_042500.WAV SPECIES: 97 DETECTIONS: 2 TIME: 5 
SID: 391 PROCESSING: 20220513_095000.WAV SPECIES: 97 DETECTIONS: 21 TIME: 5 
SID: 392 PROCESSING: 20220513_055000.WAV SPECIES: 97 DETECTIONS: 13 TIME: 5 
SID: 393 PROCESSING: 20220513_001200.WAV SPECIES: 97 DETECTIONS: 0 TIME: 5 
SID: 394 PROCESSING: 20220513_021500.WAV SPECIES: 97 DETECTIONS: 0 TIME: 5 
SID: 395 PROCESSING: 20220513_101300.WAV SPECIES: 97 DETECTIONS: 19 TIME: 5 
SID: 396 PROCESSING: 20220513_032500.WAV SPECIES: 97 DETECTIONS: 0 TIME: 5 
SID: 397 PROCESSING: 20220513_061900.WAV SPECIES: 97 DETECTIONS: 17 TIME: 5 
SID: 398 PROCESSING: 20220513_013700.WAV SPECIES: 97 DETECTIONS: 0 TIME: 5 
SID: 399 PROCESSING: 20220513_010500.WAV SPECIES: 97 DETECTIONS: 0 TIME: 5 
SID: 400 PROCESSING: 20220513_072700.WAV SPECIES: 97 DETECTIONS: 15 TIME: 5 
SID: 401 PROCESSING: 20220513_015200.WAV SPECIES: 97 DETECTIONS: 0 TIME: 5 
SID: 402 PROCESSING: 20220513_085400.WAV SPECIES: 97 DETECTIONS: 6 TIME: 5 
SID: 403 PROCESSING: 20220513_020700.WAV SPECIES: 97 DETECTIONS: 0 TIME: 5 
SID: 404 PROCESSING: 20220513_011700.WAV SPECIES: 97 DETECTIONS: 0 TIME: 5 
SID: 405 PROCESSING: 20220513_094200.WAV SPECIES: 97 DETECTIONS: 15 TIME: 5 
SID: 406 PROCESSING: 20220513_065300.WAV SPECIES: 97 DETECTIONS: 22 TIME: 5 
SID: 407 PROCESSING: 20220513_024000.WAV SPECIES: 97 DETECTIONS: 0 TIME: 7 
SID: 408 PROCESSING: 20220513_070400.WAV SPECIES: 97 DETECTIONS: 23 TIME: 7 
SID: 409 PROCESSING: 20220513_021700.WAV SPECIES: 97 DETECTIONS: 0 TIME: 5 
SID: 410 PROCESSING: 20220513_102500.WAV SPECIES: 97 DETECTIONS: 27 TIME: 5 
SID: 411 PROCESSING: 20220513_043300.WAV SPECIES: 97 DETECTIONS: 0 TIME: 5 
SID: 412 PROCESSING: 20220513_034300.WAV SPECIES: 97 DETECTIONS: 4 TIME: 5 
SID: 413 PROCESSING: 20220513_042300.WAV SPECIES: 97 DETECTIONS: 0 TIME: 5 
SID: 414 PROCESSING: 20220513_053600.WAV SPECIES: 97 DETECTIONS: 1 TIME: 5 
SID: 415 PROCESSING: 20220513_003300.WAV SPECIES: 97 DETECTIONS: 0 TIME: 5 
SID: 416 PROCESSING: 20220513_093400.WAV SPECIES: 97 DETECTIONS: 10 TIME: 5 
SID: 417 PROCESSING: 20220513_005700.WAV SPECIES: 97 DETECTIONS: 0 TIME: 5 
SID: 418 PROCESSING: 20220513_004600.WAV SPECIES: 97 DETECTIONS: 1 TIME: 5 
SID: 419 PROCESSING: 20220513_071900.WAV SPECIES: 97 DETECTIONS: 22 TIME: 5 
SID: 420 PROCESSING: 20220513_050000.WAV SPECIES: 97 DETECTIONS: 1 TIME: 5 
SID: 421 PROCESSING: 20220513_030900.WAV SPECIES: 97 DETECTIONS: 0 TIME: 5 
SID: 422 PROCESSING: 20220513_024200.WAV SPECIES: 97 DETECTIONS: 2 TIME: 5 
SID: 423 PROCESSING: 20220513_065600.WAV SPECIES: 97 DETECTIONS: 20 TIME: 5 
SID: 424 PROCESSING: 20220513_102600.WAV SPECIES: 97 DETECTIONS: 18 TIME: 5 
SID: 425 PROCESSING: 20220513_090200.WAV SPECIES: 97 DETECTIONS: 18 TIME: 5 
SID: 426 PROCESSING: 20220513_034800.WAV SPECIES: 97 DETECTIONS: 2 TIME: 5 
SID: 427 PROCESSING: 20220513_070200.WAV SPECIES: 97 DETECTIONS: 29 TIME: 5 
SID: 428 PROCESSING: 20220513_011600.WAV SPECIES: 97 DETECTIONS: 0 TIME: 5 
SID: 429 PROCESSING: 20220513_073300.WAV SPECIES: 97 DETECTIONS: 22 TIME: 5 
SID: 430 PROCESSING: 20220513_015100.WAV SPECIES: 97 DETECTIONS: 0 TIME: 5 
SID: 431 PROCESSING: 20220513_072400.WAV SPECIES: 97 DETECTIONS: 19 TIME: 5 
SID: 432 PROCESSING: 20220513_013200.WAV SPECIES: 97 DETECTIONS: 0 TIME: 5 
SID: 433 PROCESSING: 20220513_044100.WAV SPECIES: 97 DETECTIONS: 4 TIME: 5 
SID: 434 PROCESSING: 20220513_051100.WAV SPECIES: 97 DETECTIONS: 4 TIME: 5 
SID: 435 PROCESSING: 20220513_034500.WAV SPECIES: 97 DETECTIONS: 5 TIME: 5 
SID: 436 PROCESSING: 20220513_065100.WAV SPECIES: 97 DETECTIONS: 21 TIME: 5 
SID: 437 PROCESSING: 20220513_065500.WAV SPECIES: 97 DETECTIONS: 26 TIME: 5 
SID: 438 PROCESSING: 20220513_071800.WAV SPECIES: 97 DETECTIONS: 24 TIME: 5 
SID: 439 PROCESSING: 20220513_055900.WAV SPECIES: 97 DETECTIONS: 21 TIME: 5 
SID: 440 PROCESSING: 20220513_090400.WAV SPECIES: 97 DETECTIONS: 20 TIME: 5 
SID: 441 PROCESSING: 20220513_022300.WAV SPECIES: 97 DETECTIONS: 0 TIME: 5 
SID: 442 PROCESSING: 20220513_014200.WAV SPECIES: 97 DETECTIONS: 0 TIME: 5 
SID: 443 PROCESSING: 20220513_080300.WAV SPECIES: 97 DETECTIONS: 20 TIME: 5 
SID: 444 PROCESSING: 20220513_093000.WAV SPECIES: 97 DETECTIONS: 20 TIME: 5 
SID: 445 PROCESSING: 20220513_023600.WAV SPECIES: 97 DETECTIONS: 0 TIME: 5 
SID: 446 PROCESSING: 20220513_080600.WAV SPECIES: 97 DETECTIONS: 15 TIME: 5 
SID: 447 PROCESSING: 20220513_091100.WAV SPECIES: 97 DETECTIONS: 10 TIME: 5 
SID: 448 PROCESSING: 20220513_082000.WAV SPECIES: 97 DETECTIONS: 9 TIME: 5 
SID: 449 PROCESSING: 20220513_090300.WAV SPECIES: 97 DETECTIONS: 19 TIME: 5 
SID: 450 PROCESSING: 20220513_084100.WAV SPECIES: 97 DETECTIONS: 18 TIME: 5 
SID: 451 PROCESSING: 20220513_085700.WAV SPECIES: 97 DETECTIONS: 13 TIME: 5 
SID: 452 PROCESSING: 20220513_020800.WAV SPECIES: 97 DETECTIONS: 0 TIME: 5 
SID: 453 PROCESSING: 20220513_070500.WAV SPECIES: 97 DETECTIONS: 24 TIME: 5 
SID: 454 PROCESSING: 20220513_005500.WAV SPECIES: 97 DETECTIONS: 0 TIME: 5 
SID: 455 PROCESSING: 20220513_091400.WAV SPECIES: 97 DETECTIONS: 13 TIME: 5 
SID: 456 PROCESSING: 20220513_002900.WAV SPECIES: 97 DETECTIONS: 0 TIME: 5 
SID: 457 PROCESSING: 20220513_064400.WAV SPECIES: 97 DETECTIONS: 21 TIME: 5 
SID: 458 PROCESSING: 20220513_004400.WAV SPECIES: 97 DETECTIONS: 0 TIME: 5 
SID: 459 PROCESSING: 20220513_025800.WAV SPECIES: 97 DETECTIONS: 0 TIME: 5 
SID: 460 PROCESSING: 20220513_073800.WAV SPECIES: 97 DETECTIONS: 30 TIME: 5 
SID: 461 PROCESSING: 20220513_015400.WAV SPECIES: 97 DETECTIONS: 0 TIME: 5 
SID: 462 PROCESSING: 20220513_100800.WAV SPECIES: 97 DETECTIONS: 16 TIME: 5 
SID: 463 PROCESSING: 20220513_000200.WAV SPECIES: 97 DETECTIONS: 0 TIME: 5 
SID: 464 PROCESSING: 20220513_030600.WAV SPECIES: 97 DETECTIONS: 0 TIME: 5 
SID: 465 PROCESSING: 20220513_040300.WAV SPECIES: 97 DETECTIONS: 2 TIME: 5 
SID: 466 PROCESSING: 20220513_033700.WAV SPECIES: 97 DETECTIONS: 0 TIME: 5 
SID: 467 PROCESSING: 20220513_054100.WAV SPECIES: 97 DETECTIONS: 19 TIME: 5 
SID: 468 PROCESSING: 20220513_060900.WAV SPECIES: 97 DETECTIONS: 36 TIME: 5 
SID: 469 PROCESSING: 20220513_021900.WAV SPECIES: 97 DETECTIONS: 0 TIME: 5 
SID: 470 PROCESSING: 20220513_095300.WAV SPECIES: 97 DETECTIONS: 31 TIME: 5 
SID: 471 PROCESSING: 20220513_094000.WAV SPECIES: 97 DETECTIONS: 25 TIME: 5 
SID: 472 PROCESSING: 20220513_025400.WAV SPECIES: 97 DETECTIONS: 0 TIME: 5 
SID: 473 PROCESSING: 20220513_022400.WAV SPECIES: 97 DETECTIONS: 0 TIME: 5 
SID: 474 PROCESSING: 20220513_102800.WAV SPECIES: 97 DETECTIONS: 7 TIME: 5 
SID: 475 PROCESSING: 20220513_102300.WAV SPECIES: 97 DETECTIONS: 19 TIME: 5 
SID: 476 PROCESSING: 20220513_073600.WAV SPECIES: 97 DETECTIONS: 13 TIME: 5 
SID: 477 PROCESSING: 20220513_053400.WAV SPECIES: 97 DETECTIONS: 1 TIME: 5 
SID: 478 PROCESSING: 20220513_052500.WAV SPECIES: 97 DETECTIONS: 0 TIME: 5 
SID: 479 PROCESSING: 20220513_062000.WAV SPECIES: 97 DETECTIONS: 25 TIME: 5 
SID: 480 PROCESSING: 20220513_093800.WAV SPECIES: 97 DETECTIONS: 22 TIME: 5 
SID: 481 PROCESSING: 20220513_094600.WAV SPECIES: 97 DETECTIONS: 20 TIME: 5 
SID: 482 PROCESSING: 20220513_063500.WAV SPECIES: 97 DETECTIONS: 18 TIME: 5 
SID: 483 PROCESSING: 20220513_065900.WAV SPECIES: 97 DETECTIONS: 23 TIME: 5 
SID: 484 PROCESSING: 20220513_074500.WAV SPECIES: 97 DETECTIONS: 11 TIME: 5 
SID: 485 PROCESSING: 20220513_060000.WAV SPECIES: 97 DETECTIONS: 15 TIME: 5 
SID: 486 PROCESSING: 20220513_020000.WAV SPECIES: 97 DETECTIONS: 0 TIME: 5 
SID: 487 PROCESSING: 20220513_033800.WAV SPECIES: 97 DETECTIONS: 0 TIME: 5 
SID: 488 PROCESSING: 20220513_090000.WAV SPECIES: 97 DETECTIONS: 19 TIME: 5 
SID: 489 PROCESSING: 20220513_083500.WAV SPECIES: 97 DETECTIONS: 18 TIME: 5 
SID: 490 PROCESSING: 20220513_014500.WAV SPECIES: 97 DETECTIONS: 0 TIME: 5 
SID: 491 PROCESSING: 20220513_054500.WAV SPECIES: 97 DETECTIONS: 17 TIME: 5 
SID: 492 PROCESSING: 20220513_041500.WAV SPECIES: 97 DETECTIONS: 5 TIME: 5 
SID: 493 PROCESSING: 20220513_054300.WAV SPECIES: 97 DETECTIONS: 20 TIME: 5 
SID: 494 PROCESSING: 20220513_032800.WAV SPECIES: 97 DETECTIONS: 0 TIME: 5 
SID: 495 PROCESSING: 20220513_003500.WAV SPECIES: 97 DETECTIONS: 1 TIME: 5 
SID: 496 PROCESSING: 20220513_045300.WAV SPECIES: 97 DETECTIONS: 7 TIME: 5 
SID: 497 PROCESSING: 20220513_025500.WAV SPECIES: 97 DETECTIONS: 0 TIME: 5 
SID: 498 PROCESSING: 20220513_100500.WAV SPECIES: 97 DETECTIONS: 27 TIME: 5 
SID: 499 PROCESSING: 20220513_091800.WAV SPECIES: 97 DETECTIONS: 14 TIME: 5 
SID: 500 PROCESSING: 20220513_033900.WAV SPECIES: 97 DETECTIONS: 0 TIME: 5 
SID: 501 PROCESSING: 20220513_045000.WAV SPECIES: 97 DETECTIONS: 1 TIME: 5 
SID: 502 PROCESSING: 20220513_025900.WAV SPECIES: 97 DETECTIONS: 0 TIME: 5 
SID: 503 PROCESSING: 20220513_072300.WAV SPECIES: 97 DETECTIONS: 29 TIME: 5 
SID: 504 PROCESSING: 20220513_010600.WAV SPECIES: 97 DETECTIONS: 0 TIME: 5 
SID: 505 PROCESSING: 20220513_032700.WAV SPECIES: 97 DETECTIONS: 2 TIME: 5 
SID: 506 PROCESSING: 20220513_045700.WAV SPECIES: 97 DETECTIONS: 0 TIME: 5 
SID: 507 PROCESSING: 20220513_034700.WAV SPECIES: 97 DETECTIONS: 1 TIME: 5 
SID: 508 PROCESSING: 20220513_082400.WAV SPECIES: 97 DETECTIONS: 9 TIME: 5 
SID: 509 PROCESSING: 20220513_000100.WAV SPECIES: 97 DETECTIONS: 0 TIME: 5 
SID: 510 PROCESSING: 20220513_002000.WAV SPECIES: 97 DETECTIONS: 0 TIME: 5 
SID: 511 PROCESSING: 20220513_095700.WAV SPECIES: 97 DETECTIONS: 30 TIME: 5 
SID: 512 PROCESSING: 20220513_042000.WAV SPECIES: 97 DETECTIONS: 1 TIME: 5 
SID: 513 PROCESSING: 20220513_045800.WAV SPECIES: 97 DETECTIONS: 0 TIME: 5 
SID: 514 PROCESSING: 20220513_041600.WAV SPECIES: 97 DETECTIONS: 3 TIME: 5 
SID: 515 PROCESSING: 20220513_075500.WAV SPECIES: 97 DETECTIONS: 20 TIME: 5 
SID: 516 PROCESSING: 20220513_090700.WAV SPECIES: 97 DETECTIONS: 20 TIME: 5 
SID: 517 PROCESSING: 20220513_011400.WAV SPECIES: 97 DETECTIONS: 0 TIME: 5 
SID: 518 PROCESSING: 20220513_021000.WAV SPECIES: 97 DETECTIONS: 0 TIME: 5 
SID: 519 PROCESSING: 20220513_080000.WAV SPECIES: 97 DETECTIONS: 8 TIME: 5 
SID: 520 PROCESSING: 20220513_075900.WAV SPECIES: 97 DETECTIONS: 4 TIME: 5 
SID: 521 PROCESSING: 20220513_015000.WAV SPECIES: 97 DETECTIONS: 0 TIME: 5 
SID: 522 PROCESSING: 20220513_062300.WAV SPECIES: 97 DETECTIONS: 29 TIME: 5 
SID: 523 PROCESSING: 20220513_014800.WAV SPECIES: 97 DETECTIONS: 0 TIME: 5 
SID: 524 PROCESSING: 20220513_094700.WAV SPECIES: 97 DETECTIONS: 19 TIME: 5 
SID: 525 PROCESSING: 20220513_063900.WAV SPECIES: 97 DETECTIONS: 17 TIME: 5 
SID: 526 PROCESSING: 20220513_071100.WAV SPECIES: 97 DETECTIONS: 19 TIME: 5 
SID: 527 PROCESSING: 20220513_014400.WAV SPECIES: 97 DETECTIONS: 0 TIME: 5 
SID: 528 PROCESSING: 20220513_073500.WAV SPECIES: 97 DETECTIONS: 7 TIME: 5 
SID: 529 PROCESSING: 20220513_020500.WAV SPECIES: 97 DETECTIONS: 0 TIME: 5 
SID: 530 PROCESSING: 20220513_020100.WAV SPECIES: 97 DETECTIONS: 0 TIME: 5 
SID: 531 PROCESSING: 20220513_024600.WAV SPECIES: 97 DETECTIONS: 0 TIME: 5 
SID: 532 PROCESSING: 20220513_033000.WAV SPECIES: 97 DETECTIONS: 3 TIME: 5 
SID: 533 PROCESSING: 20220513_083300.WAV SPECIES: 97 DETECTIONS: 15 TIME: 5 
SID: 534 PROCESSING: 20220513_093500.WAV SPECIES: 97 DETECTIONS: 6 TIME: 5 
SID: 535 PROCESSING: 20220513_005300.WAV SPECIES: 97 DETECTIONS: 0 TIME: 5 
SID: 536 PROCESSING: 20220513_063800.WAV SPECIES: 97 DETECTIONS: 24 TIME: 5 
SID: 537 PROCESSING: 20220513_061300.WAV SPECIES: 97 DETECTIONS: 6 TIME: 5 
SID: 538 PROCESSING: 20220513_021400.WAV SPECIES: 97 DETECTIONS: 0 TIME: 5 
SID: 539 PROCESSING: 20220513_094300.WAV SPECIES: 97 DETECTIONS: 20 TIME: 5 
SID: 540 PROCESSING: 20220513_005600.WAV SPECIES: 97 DETECTIONS: 0 TIME: 5 
SID: 541 PROCESSING: 20220513_091900.WAV SPECIES: 97 DETECTIONS: 18 TIME: 5 
SID: 542 PROCESSING: 20220513_023900.WAV SPECIES: 97 DETECTIONS: 0 TIME: 5 
SID: 543 PROCESSING: 20220513_033400.WAV SPECIES: 97 DETECTIONS: 0 TIME: 5 
SID: 544 PROCESSING: 20220513_041300.WAV SPECIES: 97 DETECTIONS: 2 TIME: 5 
SID: 545 PROCESSING: 20220513_022100.WAV SPECIES: 97 DETECTIONS: 0 TIME: 5 
SID: 546 PROCESSING: 20220513_022200.WAV SPECIES: 97 DETECTIONS: 0 TIME: 5 
SID: 547 PROCESSING: 20220513_042700.WAV SPECIES: 97 DETECTIONS: 1 TIME: 5 
SID: 548 PROCESSING: 20220513_090100.WAV SPECIES: 97 DETECTIONS: 25 TIME: 5 
SID: 549 PROCESSING: 20220513_011900.WAV SPECIES: 97 DETECTIONS: 0 TIME: 5 
SID: 550 PROCESSING: 20220513_030500.WAV SPECIES: 97 DETECTIONS: 0 TIME: 5 
SID: 551 PROCESSING: 20220513_040900.WAV SPECIES: 97 DETECTIONS: 1 TIME: 5 
SID: 552 PROCESSING: 20220513_053100.WAV SPECIES: 97 DETECTIONS: 0 TIME: 5 
SID: 553 PROCESSING: 20220513_035300.WAV SPECIES: 97 DETECTIONS: 0 TIME: 5 
SID: 554 PROCESSING: 20220513_062900.WAV SPECIES: 97 DETECTIONS: 12 TIME: 5 
SID: 555 PROCESSING: 20220513_050500.WAV SPECIES: 97 DETECTIONS: 0 TIME: 5 
SID: 556 PROCESSING: 20220513_012900.WAV SPECIES: 97 DETECTIONS: 0 TIME: 5 
SID: 557 PROCESSING: 20220513_012800.WAV SPECIES: 97 DETECTIONS: 0 TIME: 5 
SID: 558 PROCESSING: 20220513_072900.WAV SPECIES: 97 DETECTIONS: 20 TIME: 5 
SID: 559 PROCESSING: 20220513_054600.WAV SPECIES: 97 DETECTIONS: 19 TIME: 5 
SID: 560 PROCESSING: 20220513_015800.WAV SPECIES: 97 DETECTIONS: 0 TIME: 5 
SID: 561 PROCESSING: 20220513_085900.WAV SPECIES: 97 DETECTIONS: 17 TIME: 5 
SID: 562 PROCESSING: 20220513_071200.WAV SPECIES: 97 DETECTIONS: 24 TIME: 5 
SID: 563 PROCESSING: 20220513_073200.WAV SPECIES: 97 DETECTIONS: 19 TIME: 5 
SID: 564 PROCESSING: 20220513_050800.WAV SPECIES: 97 DETECTIONS: 3 TIME: 5 
SID: 565 PROCESSING: 20220513_041000.WAV SPECIES: 97 DETECTIONS: 1 TIME: 5 
SID: 566 PROCESSING: 20220513_033600.WAV SPECIES: 97 DETECTIONS: 0 TIME: 5 
SID: 567 PROCESSING: 20220513_051200.WAV SPECIES: 97 DETECTIONS: 2 TIME: 5 
SID: 568 PROCESSING: 20220513_065000.WAV SPECIES: 97 DETECTIONS: 28 TIME: 5 
SID: 569 PROCESSING: 20220513_000500.WAV SPECIES: 97 DETECTIONS: 0 TIME: 5 
SID: 570 PROCESSING: 20220513_050100.WAV SPECIES: 97 DETECTIONS: 0 TIME: 5 
SID: 571 PROCESSING: 20220513_004700.WAV SPECIES: 97 DETECTIONS: 0 TIME: 5 
SID: 572 PROCESSING: 20220513_074800.WAV SPECIES: 97 DETECTIONS: 16 TIME: 5 
SID: 573 PROCESSING: 20220513_013300.WAV SPECIES: 97 DETECTIONS: 1 TIME: 5 
SID: 574 PROCESSING: 20220513_054700.WAV SPECIES: 97 DETECTIONS: 20 TIME: 5 
SID: 575 PROCESSING: 20220513_050700.WAV SPECIES: 97 DETECTIONS: 1 TIME: 5 
SID: 576 PROCESSING: 20220513_075100.WAV SPECIES: 97 DETECTIONS: 16 TIME: 5 
SID: 577 PROCESSING: 20220513_065800.WAV SPECIES: 97 DETECTIONS: 21 TIME: 5 
SID: 578 PROCESSING: 20220513_101200.WAV SPECIES: 97 DETECTIONS: 11 TIME: 5 
SID: 579 PROCESSING: 20220513_050900.WAV SPECIES: 97 DETECTIONS: 0 TIME: 5 
SID: 580 PROCESSING: 20220513_072800.WAV SPECIES: 97 DETECTIONS: 19 TIME: 5 
SID: 581 PROCESSING: 20220513_093200.WAV SPECIES: 97 DETECTIONS: 19 TIME: 5 
SID: 582 PROCESSING: 20220513_055100.WAV SPECIES: 97 DETECTIONS: 15 TIME: 5 
SID: 583 PROCESSING: 20220513_073400.WAV SPECIES: 97 DETECTIONS: 13 TIME: 5 
SID: 584 PROCESSING: 20220513_013100.WAV SPECIES: 97 DETECTIONS: 0 TIME: 5 
SID: 585 PROCESSING: 20220513_083000.WAV SPECIES: 97 DETECTIONS: 15 TIME: 5 
SID: 586 PROCESSING: 20220513_091300.WAV SPECIES: 97 DETECTIONS: 12 TIME: 5 
SID: 587 PROCESSING: 20220513_042900.WAV SPECIES: 97 DETECTIONS: 1 TIME: 5 
SID: 588 PROCESSING: 20220513_031100.WAV SPECIES: 97 DETECTIONS: 1 TIME: 5 
SID: 589 PROCESSING: 20220513_010300.WAV SPECIES: 97 DETECTIONS: 0 TIME: 5 
SID: 590 PROCESSING: 20220513_092300.WAV SPECIES: 97 DETECTIONS: 10 TIME: 5 
SID: 591 PROCESSING: 20220513_071400.WAV SPECIES: 97 DETECTIONS: 17 TIME: 5 
SID: 592 PROCESSING: 20220513_030800.WAV SPECIES: 97 DETECTIONS: 0 TIME: 5 
SID: 593 PROCESSING: 20220513_070600.WAV SPECIES: 97 DETECTIONS: 11 TIME: 5 
SID: 594 PROCESSING: 20220513_092200.WAV SPECIES: 97 DETECTIONS: 9 TIME: 5 
SID: 595 PROCESSING: 20220513_024400.WAV SPECIES: 97 DETECTIONS: 0 TIME: 5 
SID: 596 PROCESSING: 20220513_101400.WAV SPECIES: 97 DETECTIONS: 16 TIME: 5 
SID: 597 PROCESSING: 20220513_100600.WAV SPECIES: 97 DETECTIONS: 18 TIME: 5 
SID: 598 PROCESSING: 20220513_072000.WAV SPECIES: 97 DETECTIONS: 28 TIME: 5 
SID: 599 PROCESSING: 20220513_074300.WAV SPECIES: 97 DETECTIONS: 21 TIME: 5 
SID: 600 PROCESSING: 20220513_021600.WAV SPECIES: 97 DETECTIONS: 0 TIME: 5 
SID: 601 PROCESSING: 20220513_030400.WAV SPECIES: 97 DETECTIONS: 1 TIME: 5 
SID: 602 PROCESSING: 20220513_040800.WAV SPECIES: 97 DETECTIONS: 0 TIME: 5 
SID: 603 PROCESSING: 20220513_090500.WAV SPECIES: 97 DETECTIONS: 25 TIME: 5 
SID: 604 PROCESSING: 20220513_043000.WAV SPECIES: 97 DETECTIONS: 0 TIME: 5 
SID: 605 PROCESSING: 20220513_063700.WAV SPECIES: 97 DETECTIONS: 22 TIME: 5 
SID: 606 PROCESSING: 20220513_034200.WAV SPECIES: 97 DETECTIONS: 0 TIME: 5 
SID: 607 PROCESSING: 20220513_005800.WAV SPECIES: 97 DETECTIONS: 0 TIME: 5 
SID: 608 PROCESSING: 20220513_053800.WAV SPECIES: 97 DETECTIONS: 11 TIME: 5 
SID: 609 PROCESSING: 20220513_101800.WAV SPECIES: 97 DETECTIONS: 16 TIME: 5 
SID: 610 PROCESSING: 20220513_065200.WAV SPECIES: 97 DETECTIONS: 17 TIME: 5 
SID: 611 PROCESSING: 20220513_011100.WAV SPECIES: 97 DETECTIONS: 0 TIME: 5 
SID: 612 PROCESSING: 20220513_090600.WAV SPECIES: 97 DETECTIONS: 27 TIME: 5 
SID: 613 PROCESSING: 20220513_013600.WAV SPECIES: 97 DETECTIONS: 1 TIME: 5 
SID: 614 PROCESSING: 20220513_034000.WAV SPECIES: 97 DETECTIONS: 0 TIME: 5 
SID: 615 PROCESSING: 20220513_015500.WAV SPECIES: 97 DETECTIONS: 0 TIME: 5 
SID: 616 PROCESSING: 20220513_082100.WAV SPECIES: 97 DETECTIONS: 6 TIME: 5 
SID: 617 PROCESSING: 20220513_012700.WAV SPECIES: 97 DETECTIONS: 0 TIME: 5 
SID: 618 PROCESSING: 20220513_085300.WAV SPECIES: 97 DETECTIONS: 9 TIME: 5 
SID: 619 PROCESSING: 20220513_014600.WAV SPECIES: 97 DETECTIONS: 0 TIME: 5 
SID: 620 PROCESSING: 20220513_052700.WAV SPECIES: 97 DETECTIONS: 0 TIME: 5 
SID: 621 PROCESSING: 20220513_040600.WAV SPECIES: 97 DETECTIONS: 0 TIME: 5 
SID: 622 PROCESSING: 20220513_014300.WAV SPECIES: 97 DETECTIONS: 0 TIME: 5 
SID: 623 PROCESSING: 20220513_022600.WAV SPECIES: 97 DETECTIONS: 2 TIME: 5 
SID: 624 PROCESSING: 20220513_043900.WAV SPECIES: 97 DETECTIONS: 1 TIME: 5 
SID: 625 PROCESSING: 20220513_030100.WAV SPECIES: 97 DETECTIONS: 1 TIME: 5 
SID: 626 PROCESSING: 20220513_061400.WAV SPECIES: 97 DETECTIONS: 6 TIME: 5 
SID: 627 PROCESSING: 20220513_015600.WAV SPECIES: 97 DETECTIONS: 0 TIME: 5 
SID: 628 PROCESSING: 20220513_071000.WAV SPECIES: 97 DETECTIONS: 25 TIME: 5 
SID: 629 PROCESSING: 20220513_002400.WAV SPECIES: 97 DETECTIONS: 0 TIME: 5 
