FILES IN DATASET: 1 
LOADING SNAPSHOT BirdNET_Soundscape_Model.pkl ... DONE! 
BUILDING BirdNET MODEL... DONE! 
IMPORTING MODEL PARAMS... DONE! 
COMPILING THEANO TEST FUNCTION FUNCTION... INFO (theano.gof.compilelock): Waiting for existing lock by unknown process (I am process '2205433')
INFO (theano.gof.compilelock): To manually release the lock, delete /home/vl1019/.theano/compiledir_Linux-4.18-el8_4.x86_64-x86_64-with-glibc2.27-x86_64-3.9.12-64/lock_dir
INFO (theano.gof.compilelock): Waiting for existing lock by process '4136906' (I am process '2205433')
INFO (theano.gof.compilelock): To manually release the lock, delete /home/vl1019/.theano/compiledir_Linux-4.18-el8_4.x86_64-x86_64-with-glibc2.27-x86_64-3.9.12-64/lock_dir
INFO (theano.gof.compilelock): Waiting for existing lock by unknown process (I am process '2205433')
INFO (theano.gof.compilelock): To manually release the lock, delete /home/vl1019/.theano/compiledir_Linux-4.18-el8_4.x86_64-x86_64-with-glibc2.27-x86_64-3.9.12-64/lock_dir
INFO (theano.gof.compilelock): Waiting for existing lock by process '482920' (I am process '2205433')
INFO (theano.gof.compilelock): To manually release the lock, delete /home/vl1019/.theano/compiledir_Linux-4.18-el8_4.x86_64-x86_64-with-glibc2.27-x86_64-3.9.12-64/lock_dir
INFO (theano.gof.compilelock): Waiting for existing lock by unknown process (I am process '2205433')
INFO (theano.gof.compilelock): To manually release the lock, delete /home/vl1019/.theano/compiledir_Linux-4.18-el8_4.x86_64-x86_64-with-glibc2.27-x86_64-3.9.12-64/lock_dir
INFO (theano.gof.compilelock): Waiting for existing lock by process '3207981' (I am process '2205433')
INFO (theano.gof.compilelock): To manually release the lock, delete /home/vl1019/.theano/compiledir_Linux-4.18-el8_4.x86_64-x86_64-with-glibc2.27-x86_64-3.9.12-64/lock_dir
INFO (theano.gof.compilelock): Waiting for existing lock by process '3207982' (I am process '2205433')
INFO (theano.gof.compilelock): To manually release the lock, delete /home/vl1019/.theano/compiledir_Linux-4.18-el8_4.x86_64-x86_64-with-glibc2.27-x86_64-3.9.12-64/lock_dir
INFO (theano.gof.compilelock): Waiting for existing lock by process '2618318' (I am process '2205433')
INFO (theano.gof.compilelock): To manually release the lock, delete /home/vl1019/.theano/compiledir_Linux-4.18-el8_4.x86_64-x86_64-with-glibc2.27-x86_64-3.9.12-64/lock_dir
INFO (theano.gof.compilelock): Waiting for existing lock by process '446010' (I am process '2205433')
INFO (theano.gof.compilelock): To manually release the lock, delete /home/vl1019/.theano/compiledir_Linux-4.18-el8_4.x86_64-x86_64-with-glibc2.27-x86_64-3.9.12-64/lock_dir
DONE! 
LOADING eBIRD GRID DATA... DONE! 13800 GRID CELLS 
SID: 1 PROCESSING: 20220512_000100.WAV SPECIES: 97 DETECTIONS: 214 TIME: 646 
