FILES IN DATASET: 1 
LOADING SNAPSHOT BirdNET_Soundscape_Model.pkl ... DONE! 
BUILDING BirdNET MODEL... DONE! 
IMPORTING MODEL PARAMS... DONE! 
COMPILING THEANO TEST FUNCTION FUNCTION... INFO (theano.gof.compilelock): Waiting for existing lock by process '3318257' (I am process '3624343')
INFO (theano.gof.compilelock): To manually release the lock, delete /home/vl1019/.theano/compiledir_Linux-4.18-el8_4.x86_64-x86_64-with-redhat-8.4-Ootpa-x86_64-3.7.13-64/lock_dir
DONE! 
LOADING eBIRD GRID DATA... DONE! 13800 GRID CELLS 
SID: 1 PROCESSING: 20220505_000100.WAV SPECIES: 93 DETECTIONS: 52 TIME: 645 
FILES IN DATASET: 1 
LOADING SNAPSHOT BirdNET_Soundscape_Model.pkl ... DONE! 
BUILDING BirdNET MODEL... DONE! 
IMPORTING MODEL PARAMS... DONE! 
COMPILING THEANO TEST FUNCTION FUNCTION... DONE! 
LOADING eBIRD GRID DATA... DONE! 13800 GRID CELLS 
SID: 1 PROCESSING: 20220505_020001.WAV SPECIES: 93 /opt/slurm/data/slurmd/job20200266/slurm_script: line 18: 3625415 Killed                  python analyze.py --i /scratch/vl1019/LARN_SONS_2022/AUDIOMOTH_ESPACES_BOISES/12/2022-05-05/20220505_020001.WAV --o /scratch/vl1019/LARN_SONS_2022/BirdNET/AUDIOMOTH_ESPACES_BOISES/12 --lat 47.34 --lon -2.20 --week 16 --min_conf 0.1
FILES IN DATASET: 1 
LOADING SNAPSHOT BirdNET_Soundscape_Model.pkl ... DONE! 
BUILDING BirdNET MODEL... DONE! 
IMPORTING MODEL PARAMS... DONE! 
COMPILING THEANO TEST FUNCTION FUNCTION... DONE! 
LOADING eBIRD GRID DATA... DONE! 13800 GRID CELLS 
SID: 1 PROCESSING: 20220506_000100.WAV SPECIES: 93 DETECTIONS: 53 TIME: 640 
FILES IN DATASET: 1 
LOADING SNAPSHOT BirdNET_Soundscape_Model.pkl ... DONE! 
BUILDING BirdNET MODEL... DONE! 
IMPORTING MODEL PARAMS... DONE! 
COMPILING THEANO TEST FUNCTION FUNCTION... DONE! 
LOADING eBIRD GRID DATA... DONE! 13800 GRID CELLS 
SID: 1 PROCESSING: 20220506_020001.WAV SPECIES: 93 /opt/slurm/data/slurmd/job20200266/slurm_script: line 20: 3626932 Killed                  python analyze.py --i /scratch/vl1019/LARN_SONS_2022/AUDIOMOTH_ESPACES_BOISES/12/2022-05-06/20220506_020001.WAV --o /scratch/vl1019/LARN_SONS_2022/BirdNET/AUDIOMOTH_ESPACES_BOISES/12 --lat 47.34 --lon -2.20 --week 16 --min_conf 0.1
FILES IN DATASET: 1 
LOADING SNAPSHOT BirdNET_Soundscape_Model.pkl ... DONE! 
BUILDING BirdNET MODEL... DONE! 
IMPORTING MODEL PARAMS... DONE! 
COMPILING THEANO TEST FUNCTION FUNCTION... DONE! 
LOADING eBIRD GRID DATA... DONE! 13800 GRID CELLS 
SID: 1 PROCESSING: 20220507_000100.WAV SPECIES: 93 DETECTIONS: 87 TIME: 719 
FILES IN DATASET: 1 
LOADING SNAPSHOT BirdNET_Soundscape_Model.pkl ... DONE! 
BUILDING BirdNET MODEL... DONE! 
IMPORTING MODEL PARAMS... DONE! 
COMPILING THEANO TEST FUNCTION FUNCTION... DONE! 
LOADING eBIRD GRID DATA... DONE! 13800 GRID CELLS 
SID: 1 PROCESSING: 20220507_020001.WAV SPECIES: 93 /opt/slurm/data/slurmd/job20200266/slurm_script: line 22: 3632593 Killed                  python analyze.py --i /scratch/vl1019/LARN_SONS_2022/AUDIOMOTH_ESPACES_BOISES/12/2022-05-07/20220507_020001.WAV --o /scratch/vl1019/LARN_SONS_2022/BirdNET/AUDIOMOTH_ESPACES_BOISES/12 --lat 47.34 --lon -2.20 --week 16 --min_conf 0.1
FILES IN DATASET: 1 
LOADING SNAPSHOT BirdNET_Soundscape_Model.pkl ... DONE! 
BUILDING BirdNET MODEL... DONE! 
IMPORTING MODEL PARAMS... DONE! 
COMPILING THEANO TEST FUNCTION FUNCTION... DONE! 
LOADING eBIRD GRID DATA... DONE! 13800 GRID CELLS 
SID: 1 PROCESSING: 20220508_000100.WAV SPECIES: 97 DETECTIONS: 119 TIME: 710 
FILES IN DATASET: 1 
LOADING SNAPSHOT BirdNET_Soundscape_Model.pkl ... DONE! 
BUILDING BirdNET MODEL... DONE! 
IMPORTING MODEL PARAMS... DONE! 
COMPILING THEANO TEST FUNCTION FUNCTION... INFO (theano.gof.compilelock): Waiting for existing lock by unknown process (I am process '3636961')
INFO (theano.gof.compilelock): To manually release the lock, delete /home/vl1019/.theano/compiledir_Linux-4.18-el8_4.x86_64-x86_64-with-redhat-8.4-Ootpa-x86_64-3.7.13-64/lock_dir
DONE! 
LOADING eBIRD GRID DATA... DONE! 13800 GRID CELLS 
SID: 1 PROCESSING: 20220508_020001.WAV SPECIES: 97 /opt/slurm/data/slurmd/job20200266/slurm_script: line 24: 3636961 Killed                  python analyze.py --i /scratch/vl1019/LARN_SONS_2022/AUDIOMOTH_ESPACES_BOISES/12/2022-05-08/20220508_020001.WAV --o /scratch/vl1019/LARN_SONS_2022/BirdNET/AUDIOMOTH_ESPACES_BOISES/12 --lat 47.34 --lon -2.20 --week 17 --min_conf 0.1
FILES IN DATASET: 1 
LOADING SNAPSHOT BirdNET_Soundscape_Model.pkl ... DONE! 
BUILDING BirdNET MODEL... DONE! 
IMPORTING MODEL PARAMS... DONE! 
COMPILING THEANO TEST FUNCTION FUNCTION... DONE! 
LOADING eBIRD GRID DATA... DONE! 13800 GRID CELLS 
SID: 1 PROCESSING: 20220509_000100.WAV SPECIES: 97 DETECTIONS: 74 TIME: 692 
FILES IN DATASET: 1 
LOADING SNAPSHOT BirdNET_Soundscape_Model.pkl ... DONE! 
BUILDING BirdNET MODEL... DONE! 
IMPORTING MODEL PARAMS... DONE! 
COMPILING THEANO TEST FUNCTION FUNCTION... INFO (theano.gof.compilelock): Waiting for existing lock by process '2530172' (I am process '3640470')
INFO (theano.gof.compilelock): To manually release the lock, delete /home/vl1019/.theano/compiledir_Linux-4.18-el8_4.x86_64-x86_64-with-redhat-8.4-Ootpa-x86_64-3.7.13-64/lock_dir
INFO (theano.gof.compilelock): Waiting for existing lock by process '2587525' (I am process '3640470')
INFO (theano.gof.compilelock): To manually release the lock, delete /home/vl1019/.theano/compiledir_Linux-4.18-el8_4.x86_64-x86_64-with-redhat-8.4-Ootpa-x86_64-3.7.13-64/lock_dir
DONE! 
LOADING eBIRD GRID DATA... DONE! 13800 GRID CELLS 
SID: 1 PROCESSING: 20220509_020001.WAV SPECIES: 97 /opt/slurm/data/slurmd/job20200266/slurm_script: line 26: 3640470 Killed                  python analyze.py --i /scratch/vl1019/LARN_SONS_2022/AUDIOMOTH_ESPACES_BOISES/12/2022-05-09/20220509_020001.WAV --o /scratch/vl1019/LARN_SONS_2022/BirdNET/AUDIOMOTH_ESPACES_BOISES/12 --lat 47.34 --lon -2.20 --week 17 --min_conf 0.1
FILES IN DATASET: 1 
LOADING SNAPSHOT BirdNET_Soundscape_Model.pkl ... DONE! 
BUILDING BirdNET MODEL... DONE! 
IMPORTING MODEL PARAMS... DONE! 
COMPILING THEANO TEST FUNCTION FUNCTION... INFO (theano.gof.compilelock): Waiting for existing lock by process '2171746' (I am process '3641121')
INFO (theano.gof.compilelock): To manually release the lock, delete /home/vl1019/.theano/compiledir_Linux-4.18-el8_4.x86_64-x86_64-with-redhat-8.4-Ootpa-x86_64-3.7.13-64/lock_dir
DONE! 
LOADING eBIRD GRID DATA... DONE! 13800 GRID CELLS 
SID: 1 PROCESSING: 20220510_000100.WAV SPECIES: 97 DETECTIONS: 33 TIME: 654 
FILES IN DATASET: 1 
LOADING SNAPSHOT BirdNET_Soundscape_Model.pkl ... DONE! 
BUILDING BirdNET MODEL... DONE! 
IMPORTING MODEL PARAMS... DONE! 
COMPILING THEANO TEST FUNCTION FUNCTION... INFO (theano.gof.compilelock): Waiting for existing lock by process '2638044' (I am process '3642063')
INFO (theano.gof.compilelock): To manually release the lock, delete /home/vl1019/.theano/compiledir_Linux-4.18-el8_4.x86_64-x86_64-with-redhat-8.4-Ootpa-x86_64-3.7.13-64/lock_dir
INFO (theano.gof.compilelock): Waiting for existing lock by unknown process (I am process '3642063')
INFO (theano.gof.compilelock): To manually release the lock, delete /home/vl1019/.theano/compiledir_Linux-4.18-el8_4.x86_64-x86_64-with-redhat-8.4-Ootpa-x86_64-3.7.13-64/lock_dir
DONE! 
LOADING eBIRD GRID DATA... DONE! 13800 GRID CELLS 
SID: 1 PROCESSING: 20220510_020001.WAV SPECIES: 97 /opt/slurm/data/slurmd/job20200266/slurm_script: line 28: 3642063 Killed                  python analyze.py --i /scratch/vl1019/LARN_SONS_2022/AUDIOMOTH_ESPACES_BOISES/12/2022-05-10/20220510_020001.WAV --o /scratch/vl1019/LARN_SONS_2022/BirdNET/AUDIOMOTH_ESPACES_BOISES/12 --lat 47.34 --lon -2.20 --week 17 --min_conf 0.1
FILES IN DATASET: 1 
LOADING SNAPSHOT BirdNET_Soundscape_Model.pkl ... DONE! 
BUILDING BirdNET MODEL... DONE! 
IMPORTING MODEL PARAMS... DONE! 
COMPILING THEANO TEST FUNCTION FUNCTION... DONE! 
LOADING eBIRD GRID DATA... DONE! 13800 GRID CELLS 
SID: 1 PROCESSING: 20220511_000100.WAV SPECIES: 97 DETECTIONS: 16 TIME: 697 
FILES IN DATASET: 1 
LOADING SNAPSHOT BirdNET_Soundscape_Model.pkl ... DONE! 
BUILDING BirdNET MODEL... DONE! 
IMPORTING MODEL PARAMS... DONE! 
COMPILING THEANO TEST FUNCTION FUNCTION... INFO (theano.gof.compilelock): Waiting for existing lock by process '802241' (I am process '3643684')
INFO (theano.gof.compilelock): To manually release the lock, delete /home/vl1019/.theano/compiledir_Linux-4.18-el8_4.x86_64-x86_64-with-redhat-8.4-Ootpa-x86_64-3.7.13-64/lock_dir
INFO (theano.gof.compilelock): Waiting for existing lock by process '3458781' (I am process '3643684')
INFO (theano.gof.compilelock): To manually release the lock, delete /home/vl1019/.theano/compiledir_Linux-4.18-el8_4.x86_64-x86_64-with-redhat-8.4-Ootpa-x86_64-3.7.13-64/lock_dir
DONE! 
LOADING eBIRD GRID DATA... DONE! 13800 GRID CELLS 
SID: 1 PROCESSING: 20220511_020001.WAV SPECIES: 97 /opt/slurm/data/slurmd/job20200266/slurm_script: line 30: 3643684 Killed                  python analyze.py --i /scratch/vl1019/LARN_SONS_2022/AUDIOMOTH_ESPACES_BOISES/12/2022-05-11/20220511_020001.WAV --o /scratch/vl1019/LARN_SONS_2022/BirdNET/AUDIOMOTH_ESPACES_BOISES/12 --lat 47.34 --lon -2.20 --week 17 --min_conf 0.1
FILES IN DATASET: 1 
LOADING SNAPSHOT BirdNET_Soundscape_Model.pkl ... DONE! 
BUILDING BirdNET MODEL... DONE! 
IMPORTING MODEL PARAMS... DONE! 
COMPILING THEANO TEST FUNCTION FUNCTION... INFO (theano.gof.compilelock): Waiting for existing lock by process '2901648' (I am process '3644167')
INFO (theano.gof.compilelock): To manually release the lock, delete /home/vl1019/.theano/compiledir_Linux-4.18-el8_4.x86_64-x86_64-with-redhat-8.4-Ootpa-x86_64-3.7.13-64/lock_dir
DONE! 
LOADING eBIRD GRID DATA... DONE! 13800 GRID CELLS 
SID: 1 PROCESSING: 20220512_000100.WAV SPECIES: 97 DETECTIONS: 41 TIME: 687 
FILES IN DATASET: 1 
LOADING SNAPSHOT BirdNET_Soundscape_Model.pkl ... DONE! 
BUILDING BirdNET MODEL... DONE! 
IMPORTING MODEL PARAMS... DONE! 
COMPILING THEANO TEST FUNCTION FUNCTION... INFO (theano.gof.compilelock): Waiting for existing lock by process '3644951' (I am process '3645209')
INFO (theano.gof.compilelock): To manually release the lock, delete /home/vl1019/.theano/compiledir_Linux-4.18-el8_4.x86_64-x86_64-with-redhat-8.4-Ootpa-x86_64-3.7.13-64/lock_dir
DONE! 
LOADING eBIRD GRID DATA... DONE! 13800 GRID CELLS 
SID: 1 PROCESSING: 20220512_020001.WAV SPECIES: 97 /opt/slurm/data/slurmd/job20200266/slurm_script: line 32: 3645209 Killed                  python analyze.py --i /scratch/vl1019/LARN_SONS_2022/AUDIOMOTH_ESPACES_BOISES/12/2022-05-12/20220512_020001.WAV --o /scratch/vl1019/LARN_SONS_2022/BirdNET/AUDIOMOTH_ESPACES_BOISES/12 --lat 47.34 --lon -2.20 --week 17 --min_conf 0.1
FILES IN DATASET: 1 
LOADING SNAPSHOT BirdNET_Soundscape_Model.pkl ... DONE! 
BUILDING BirdNET MODEL... DONE! 
IMPORTING MODEL PARAMS... DONE! 
COMPILING THEANO TEST FUNCTION FUNCTION... DONE! 
LOADING eBIRD GRID DATA... DONE! 13800 GRID CELLS 
SID: 1 PROCESSING: 20220513_000100.WAV SPECIES: 97 DETECTIONS: 43 TIME: 696 
FILES IN DATASET: 1 
LOADING SNAPSHOT BirdNET_Soundscape_Model.pkl ... DONE! 
BUILDING BirdNET MODEL... DONE! 
IMPORTING MODEL PARAMS... DONE! 
COMPILING THEANO TEST FUNCTION FUNCTION... DONE! 
LOADING eBIRD GRID DATA... DONE! 13800 GRID CELLS 
SID: 1 PROCESSING: 20220513_020001.WAV SPECIES: 97 /opt/slurm/data/slurmd/job20200266/slurm_script: line 34: 3646776 Killed                  python analyze.py --i /scratch/vl1019/LARN_SONS_2022/AUDIOMOTH_ESPACES_BOISES/12/2022-05-13/20220513_020001.WAV --o /scratch/vl1019/LARN_SONS_2022/BirdNET/AUDIOMOTH_ESPACES_BOISES/12 --lat 47.34 --lon -2.20 --week 17 --min_conf 0.1
slurmstepd: error: Detected 9 oom-kill event(s) in StepId=20200266.batch. Some of your processes may have been killed by the cgroup out-of-memory handler.
