FILES IN DATASET: 719 
LOADING SNAPSHOT BirdNET_Soundscape_Model.pkl ... DONE! 
BUILDING BirdNET MODEL... DONE! 
IMPORTING MODEL PARAMS... DONE! 
COMPILING THEANO TEST FUNCTION FUNCTION... DONE! 
LOADING eBIRD GRID DATA... DONE! 13800 GRID CELLS 
SID: 1 PROCESSING: 20220512_051100.WAV SPECIES: 97 DETECTIONS: 2 TIME: 7 
SID: 2 PROCESSING: 20220512_055200.WAV SPECIES: 97 DETECTIONS: 30 TIME: 5 
SID: 3 PROCESSING: 20220512_001500.WAV SPECIES: 97 DETECTIONS: 0 TIME: 5 
SID: 4 PROCESSING: 20220512_101200.WAV SPECIES: 97 DETECTIONS: 30 TIME: 5 
SID: 5 PROCESSING: 20220512_034900.WAV SPECIES: 97 DETECTIONS: 0 TIME: 5 
SID: 6 PROCESSING: 20220512_112000.WAV SPECIES: 97 DETECTIONS: 34 TIME: 5 
SID: 7 PROCESSING: 20220512_085000.WAV SPECIES: 97 DETECTIONS: 27 TIME: 5 
SID: 8 PROCESSING: 20220512_072600.WAV SPECIES: 97 DETECTIONS: 35 TIME: 5 
SID: 9 PROCESSING: 20220512_005500.WAV SPECIES: 97 DETECTIONS: 8 TIME: 5 
SID: 10 PROCESSING: 20220512_074100.WAV SPECIES: 97 DETECTIONS: 32 TIME: 5 
SID: 11 PROCESSING: 20220512_062700.WAV SPECIES: 97 DETECTIONS: 35 TIME: 5 
SID: 12 PROCESSING: 20220512_081000.WAV SPECIES: 97 DETECTIONS: 12 TIME: 5 
SID: 13 PROCESSING: 20220512_093900.WAV SPECIES: 97 DETECTIONS: 31 TIME: 5 
SID: 14 PROCESSING: 20220512_034800.WAV SPECIES: 97 DETECTIONS: 0 TIME: 5 
SID: 15 PROCESSING: 20220512_044200.WAV SPECIES: 97 DETECTIONS: 0 TIME: 5 
SID: 16 PROCESSING: 20220512_025600.WAV SPECIES: 97 DETECTIONS: 0 TIME: 5 
SID: 17 PROCESSING: 20220512_003200.WAV SPECIES: 97 DETECTIONS: 0 TIME: 5 
SID: 18 PROCESSING: 20220512_100200.WAV SPECIES: 97 DETECTIONS: 30 TIME: 5 
SID: 19 PROCESSING: 20220512_111400.WAV SPECIES: 97 DETECTIONS: 30 TIME: 5 
SID: 20 PROCESSING: 20220512_030200.WAV SPECIES: 97 DETECTIONS: 2 TIME: 5 
SID: 21 PROCESSING: 20220512_072800.WAV SPECIES: 97 DETECTIONS: 39 TIME: 5 
SID: 22 PROCESSING: 20220512_111700.WAV SPECIES: 97 DETECTIONS: 47 TIME: 5 
SID: 23 PROCESSING: 20220512_001700.WAV SPECIES: 97 DETECTIONS: 0 TIME: 5 
SID: 24 PROCESSING: 20220512_105400.WAV SPECIES: 97 DETECTIONS: 20 TIME: 5 
SID: 25 PROCESSING: 20220512_062500.WAV SPECIES: 97 DETECTIONS: 38 TIME: 5 
SID: 26 PROCESSING: 20220512_071700.WAV SPECIES: 97 DETECTIONS: 25 TIME: 5 
SID: 27 PROCESSING: 20220512_041600.WAV SPECIES: 97 DETECTIONS: 0 TIME: 5 
SID: 28 PROCESSING: 20220512_065300.WAV SPECIES: 97 DETECTIONS: 36 TIME: 5 
SID: 29 PROCESSING: 20220512_073100.WAV SPECIES: 97 DETECTIONS: 26 TIME: 5 
SID: 30 PROCESSING: 20220512_085600.WAV SPECIES: 97 DETECTIONS: 29 TIME: 5 
SID: 31 PROCESSING: 20220512_095200.WAV SPECIES: 97 DETECTIONS: 35 TIME: 5 
SID: 32 PROCESSING: 20220512_113400.WAV SPECIES: 97 DETECTIONS: 19 TIME: 5 
SID: 33 PROCESSING: 20220512_033200.WAV SPECIES: 97 DETECTIONS: 0 TIME: 5 
SID: 34 PROCESSING: 20220512_093100.WAV SPECIES: 97 DETECTIONS: 24 TIME: 5 
SID: 35 PROCESSING: 20220512_112900.WAV SPECIES: 97 DETECTIONS: 28 TIME: 5 
SID: 36 PROCESSING: 20220512_115300.WAV SPECIES: 97 DETECTIONS: 27 TIME: 5 
SID: 37 PROCESSING: 20220512_074600.WAV SPECIES: 97 DETECTIONS: 17 TIME: 5 
SID: 38 PROCESSING: 20220512_050400.WAV SPECIES: 97 DETECTIONS: 2 TIME: 5 
SID: 39 PROCESSING: 20220512_064800.WAV SPECIES: 97 DETECTIONS: 32 TIME: 5 
SID: 40 PROCESSING: 20220512_003500.WAV SPECIES: 97 DETECTIONS: 7 TIME: 5 
SID: 41 PROCESSING: 20220512_090900.WAV SPECIES: 97 DETECTIONS: 29 TIME: 5 
SID: 42 PROCESSING: 20220512_002500.WAV SPECIES: 97 DETECTIONS: 0 TIME: 5 
SID: 43 PROCESSING: 20220512_043000.WAV SPECIES: 97 DETECTIONS: 0 TIME: 5 
SID: 44 PROCESSING: 20220512_074400.WAV SPECIES: 97 DETECTIONS: 31 TIME: 5 
SID: 45 PROCESSING: 20220512_103300.WAV SPECIES: 97 DETECTIONS: 8 TIME: 5 
SID: 46 PROCESSING: 20220512_033500.WAV SPECIES: 97 DETECTIONS: 0 TIME: 5 
SID: 47 PROCESSING: 20220512_021900.WAV SPECIES: 97 DETECTIONS: 0 TIME: 5 
SID: 48 PROCESSING: 20220512_072400.WAV SPECIES: 97 DETECTIONS: 22 TIME: 5 
SID: 49 PROCESSING: 20220512_075000.WAV SPECIES: 97 DETECTIONS: 31 TIME: 5 
SID: 50 PROCESSING: 20220512_101300.WAV SPECIES: 97 DETECTIONS: 25 TIME: 5 
SID: 51 PROCESSING: 20220512_074800.WAV SPECIES: 97 DETECTIONS: 31 TIME: 5 
SID: 52 PROCESSING: 20220512_104600.WAV SPECIES: 97 DETECTIONS: 10 TIME: 5 
SID: 53 PROCESSING: 20220512_042800.WAV SPECIES: 97 DETECTIONS: 0 TIME: 5 
SID: 54 PROCESSING: 20220512_102500.WAV SPECIES: 97 DETECTIONS: 16 TIME: 5 
SID: 55 PROCESSING: 20220512_032700.WAV SPECIES: 97 DETECTIONS: 0 TIME: 5 
SID: 56 PROCESSING: 20220512_085700.WAV SPECIES: 97 DETECTIONS: 32 TIME: 5 
SID: 57 PROCESSING: 20220512_110800.WAV SPECIES: 97 DETECTIONS: 35 TIME: 5 
SID: 58 PROCESSING: 20220512_092700.WAV SPECIES: 97 DETECTIONS: 22 TIME: 5 
SID: 59 PROCESSING: 20220512_041200.WAV SPECIES: 97 DETECTIONS: 0 TIME: 5 
SID: 60 PROCESSING: 20220512_052700.WAV SPECIES: 97 DETECTIONS: 0 TIME: 5 
SID: 61 PROCESSING: 20220512_050600.WAV SPECIES: 97 DETECTIONS: 0 TIME: 5 
SID: 62 PROCESSING: 20220512_012800.WAV SPECIES: 97 DETECTIONS: 0 TIME: 5 
SID: 63 PROCESSING: 20220512_073900.WAV SPECIES: 97 DETECTIONS: 18 TIME: 5 
SID: 64 PROCESSING: 20220512_062900.WAV SPECIES: 97 DETECTIONS: 42 TIME: 5 
SID: 65 PROCESSING: 20220512_013900.WAV SPECIES: 97 DETECTIONS: 0 TIME: 5 
SID: 66 PROCESSING: 20220512_012100.WAV SPECIES: 97 DETECTIONS: 0 TIME: 5 
SID: 67 PROCESSING: 20220512_104700.WAV SPECIES: 97 DETECTIONS: 15 TIME: 5 
SID: 68 PROCESSING: 20220512_105600.WAV SPECIES: 97 DETECTIONS: 20 TIME: 5 
SID: 69 PROCESSING: 20220512_033700.WAV SPECIES: 97 DETECTIONS: 0 TIME: 5 
SID: 70 PROCESSING: 20220512_035600.WAV SPECIES: 97 DETECTIONS: 0 TIME: 5 
SID: 71 PROCESSING: 20220512_015000.WAV SPECIES: 97 DETECTIONS: 0 TIME: 5 
SID: 72 PROCESSING: 20220512_091800.WAV SPECIES: 97 DETECTIONS: 30 TIME: 5 
SID: 73 PROCESSING: 20220512_081900.WAV SPECIES: 97 DETECTIONS: 29 TIME: 5 
SID: 74 PROCESSING: 20220512_105300.WAV SPECIES: 97 DETECTIONS: 17 TIME: 5 
SID: 75 PROCESSING: 20220512_035500.WAV SPECIES: 97 DETECTIONS: 0 TIME: 5 
SID: 76 PROCESSING: 20220512_080700.WAV SPECIES: 97 DETECTIONS: 26 TIME: 5 
SID: 77 PROCESSING: 20220512_102700.WAV SPECIES: 97 DETECTIONS: 11 TIME: 5 
SID: 78 PROCESSING: 20220512_033400.WAV SPECIES: 97 DETECTIONS: 1 TIME: 5 
SID: 79 PROCESSING: 20220512_031600.WAV SPECIES: 97 DETECTIONS: 0 TIME: 5 
SID: 80 PROCESSING: 20220512_001900.WAV SPECIES: 97 DETECTIONS: 0 TIME: 5 
SID: 81 PROCESSING: 20220512_092500.WAV SPECIES: 97 DETECTIONS: 28 TIME: 5 
SID: 82 PROCESSING: 20220512_031900.WAV SPECIES: 97 DETECTIONS: 0 TIME: 5 
SID: 83 PROCESSING: 20220512_042100.WAV SPECIES: 97 DETECTIONS: 0 TIME: 5 
SID: 84 PROCESSING: 20220512_084100.WAV SPECIES: 97 DETECTIONS: 29 TIME: 5 
SID: 85 PROCESSING: 20220512_011900.WAV SPECIES: 97 DETECTIONS: 0 TIME: 5 
SID: 86 PROCESSING: 20220512_094800.WAV SPECIES: 97 DETECTIONS: 28 TIME: 5 
SID: 87 PROCESSING: 20220512_101700.WAV SPECIES: 97 DETECTIONS: 14 TIME: 5 
SID: 88 PROCESSING: 20220512_001400.WAV SPECIES: 97 DETECTIONS: 0 TIME: 5 
SID: 89 PROCESSING: 20220512_003600.WAV SPECIES: 97 DETECTIONS: 3 TIME: 5 
SID: 90 PROCESSING: 20220512_102100.WAV SPECIES: 97 DETECTIONS: 22 TIME: 5 
SID: 91 PROCESSING: 20220512_105200.WAV SPECIES: 97 DETECTIONS: 19 TIME: 5 
SID: 92 PROCESSING: 20220512_082000.WAV SPECIES: 97 DETECTIONS: 28 TIME: 5 
SID: 93 PROCESSING: 20220512_034400.WAV SPECIES: 97 DETECTIONS: 0 TIME: 5 
SID: 94 PROCESSING: 20220512_030700.WAV SPECIES: 97 DETECTIONS: 2 TIME: 5 
SID: 95 PROCESSING: 20220512_101100.WAV SPECIES: 97 DETECTIONS: 23 TIME: 5 
SID: 96 PROCESSING: 20220512_015100.WAV SPECIES: 97 DETECTIONS: 0 TIME: 5 
SID: 97 PROCESSING: 20220512_075600.WAV SPECIES: 97 DETECTIONS: 25 TIME: 5 
SID: 98 PROCESSING: 20220512_040500.WAV SPECIES: 97 DETECTIONS: 0 TIME: 5 
SID: 99 PROCESSING: 20220512_114100.WAV SPECIES: 97 DETECTIONS: 31 TIME: 5 
SID: 100 PROCESSING: 20220512_090700.WAV SPECIES: 97 DETECTIONS: 29 TIME: 5 
SID: 101 PROCESSING: 20220512_063200.WAV SPECIES: 97 DETECTIONS: 35 TIME: 5 
SID: 102 PROCESSING: 20220512_000100.WAV SPECIES: 97 DETECTIONS: 0 TIME: 5 
SID: 103 PROCESSING: 20220512_053400.WAV SPECIES: 97 DETECTIONS: 1 TIME: 5 
SID: 104 PROCESSING: 20220512_042600.WAV SPECIES: 97 DETECTIONS: 0 TIME: 5 
SID: 105 PROCESSING: 20220512_001300.WAV SPECIES: 97 DETECTIONS: 1 TIME: 5 
SID: 106 PROCESSING: 20220512_055000.WAV SPECIES: 97 DETECTIONS: 18 TIME: 5 
SID: 107 PROCESSING: 20220512_054500.WAV SPECIES: 97 DETECTIONS: 13 TIME: 5 
SID: 108 PROCESSING: 20220512_041700.WAV SPECIES: 97 DETECTIONS: 0 TIME: 5 
SID: 109 PROCESSING: 20220512_104500.WAV SPECIES: 97 DETECTIONS: 18 TIME: 5 
SID: 110 PROCESSING: 20220512_084800.WAV SPECIES: 97 DETECTIONS: 28 TIME: 5 
SID: 111 PROCESSING: 20220512_061600.WAV SPECIES: 97 DETECTIONS: 39 TIME: 5 
SID: 112 PROCESSING: 20220512_104900.WAV SPECIES: 97 DETECTIONS: 27 TIME: 5 
SID: 113 PROCESSING: 20220512_112200.WAV SPECIES: 97 DETECTIONS: 20 TIME: 5 
SID: 114 PROCESSING: 20220512_011500.WAV SPECIES: 97 DETECTIONS: 0 TIME: 5 
SID: 115 PROCESSING: 20220512_064500.WAV SPECIES: 97 DETECTIONS: 39 TIME: 5 
SID: 116 PROCESSING: 20220512_080200.WAV SPECIES: 97 DETECTIONS: 40 TIME: 5 
SID: 117 PROCESSING: 20220512_072200.WAV SPECIES: 97 DETECTIONS: 29 TIME: 5 
SID: 118 PROCESSING: 20220512_054800.WAV SPECIES: 97 DETECTIONS: 13 TIME: 5 
SID: 119 PROCESSING: 20220512_083600.WAV SPECIES: 97 DETECTIONS: 4 TIME: 5 
SID: 120 PROCESSING: 20220512_072300.WAV SPECIES: 97 DETECTIONS: 31 TIME: 5 
SID: 121 PROCESSING: 20220512_054600.WAV SPECIES: 97 DETECTIONS: 18 TIME: 5 
SID: 122 PROCESSING: 20220512_010300.WAV SPECIES: 97 DETECTIONS: 5 TIME: 5 
SID: 123 PROCESSING: 20220512_114500.WAV SPECIES: 97 DETECTIONS: 20 TIME: 5 
SID: 124 PROCESSING: 20220512_070600.WAV SPECIES: 97 DETECTIONS: 26 TIME: 5 
SID: 125 PROCESSING: 20220512_034700.WAV SPECIES: 97 DETECTIONS: 0 TIME: 5 
SID: 126 PROCESSING: 20220512_022700.WAV SPECIES: 97 DETECTIONS: 0 TIME: 5 
SID: 127 PROCESSING: 20220512_091500.WAV SPECIES: 97 DETECTIONS: 26 TIME: 5 
SID: 128 PROCESSING: 20220512_031400.WAV SPECIES: 97 DETECTIONS: 0 TIME: 5 
SID: 129 PROCESSING: 20220512_073800.WAV SPECIES: 97 DETECTIONS: 20 TIME: 5 
SID: 130 PROCESSING: 20220512_111800.WAV SPECIES: 97 DETECTIONS: 41 TIME: 5 
SID: 131 PROCESSING: 20220512_021500.WAV SPECIES: 97 DETECTIONS: 0 TIME: 5 
SID: 132 PROCESSING: 20220512_003400.WAV SPECIES: 97 DETECTIONS: 7 TIME: 5 
SID: 133 PROCESSING: 20220512_035000.WAV SPECIES: 97 DETECTIONS: 0 TIME: 5 
SID: 134 PROCESSING: 20220512_004500.WAV SPECIES: 97 DETECTIONS: 2 TIME: 5 
SID: 135 PROCESSING: 20220512_063700.WAV SPECIES: 97 DETECTIONS: 33 TIME: 5 
SID: 136 PROCESSING: 20220512_080300.WAV SPECIES: 97 DETECTIONS: 30 TIME: 5 
SID: 137 PROCESSING: 20220512_065500.WAV SPECIES: 97 DETECTIONS: 36 TIME: 5 
SID: 138 PROCESSING: 20220512_054200.WAV SPECIES: 97 DETECTIONS: 10 TIME: 5 
SID: 139 PROCESSING: 20220512_010400.WAV SPECIES: 97 DETECTIONS: 2 TIME: 5 
SID: 140 PROCESSING: 20220512_090200.WAV SPECIES: 97 DETECTIONS: 25 TIME: 5 
SID: 141 PROCESSING: 20220512_055100.WAV SPECIES: 97 DETECTIONS: 26 TIME: 5 
SID: 142 PROCESSING: 20220512_072500.WAV SPECIES: 97 DETECTIONS: 33 TIME: 5 
SID: 143 PROCESSING: 20220512_003800.WAV SPECIES: 97 DETECTIONS: 5 TIME: 5 
SID: 144 PROCESSING: 20220512_003300.WAV SPECIES: 97 DETECTIONS: 6 TIME: 5 
SID: 145 PROCESSING: 20220512_093700.WAV SPECIES: 97 DETECTIONS: 32 TIME: 5 
SID: 146 PROCESSING: 20220512_103600.WAV SPECIES: 97 DETECTIONS: 18 TIME: 5 
SID: 147 PROCESSING: 20220512_005200.WAV SPECIES: 97 DETECTIONS: 11 TIME: 5 
SID: 148 PROCESSING: 20220512_095000.WAV SPECIES: 97 DETECTIONS: 32 TIME: 5 
SID: 149 PROCESSING: 20220512_104200.WAV SPECIES: 97 DETECTIONS: 19 TIME: 5 
SID: 150 PROCESSING: 20220512_034200.WAV SPECIES: 97 DETECTIONS: 0 TIME: 5 
SID: 151 PROCESSING: 20220512_051900.WAV SPECIES: 97 DETECTIONS: 1 TIME: 5 
SID: 152 PROCESSING: 20220512_020600.WAV SPECIES: 97 DETECTIONS: 0 TIME: 5 
SID: 153 PROCESSING: 20220512_033800.WAV SPECIES: 97 DETECTIONS: 0 TIME: 5 
SID: 154 PROCESSING: 20220512_100700.WAV SPECIES: 97 DETECTIONS: 29 TIME: 5 
SID: 155 PROCESSING: 20220512_012500.WAV SPECIES: 97 DETECTIONS: 0 TIME: 5 
SID: 156 PROCESSING: 20220512_092400.WAV SPECIES: 97 DETECTIONS: 28 TIME: 5 
SID: 157 PROCESSING: 20220512_110000.WAV SPECIES: 97 DETECTIONS: 23 TIME: 5 
SID: 158 PROCESSING: 20220512_021300.WAV SPECIES: 97 DETECTIONS: 0 TIME: 5 
SID: 159 PROCESSING: 20220512_105100.WAV SPECIES: 97 DETECTIONS: 21 TIME: 5 
SID: 160 PROCESSING: 20220512_005600.WAV SPECIES: 97 DETECTIONS: 10 TIME: 5 
SID: 161 PROCESSING: 20220512_043500.WAV SPECIES: 97 DETECTIONS: 0 TIME: 5 
SID: 162 PROCESSING: 20220512_073500.WAV SPECIES: 97 DETECTIONS: 32 TIME: 5 
SID: 163 PROCESSING: 20220512_014100.WAV SPECIES: 97 DETECTIONS: 0 TIME: 5 
SID: 164 PROCESSING: 20220512_103800.WAV SPECIES: 97 DETECTIONS: 26 TIME: 5 
SID: 165 PROCESSING: 20220512_055300.WAV SPECIES: 97 DETECTIONS: 28 TIME: 5 
SID: 166 PROCESSING: 20220512_093500.WAV SPECIES: 97 DETECTIONS: 31 TIME: 5 
SID: 167 PROCESSING: 20220512_052100.WAV SPECIES: 97 DETECTIONS: 0 TIME: 5 
SID: 168 PROCESSING: 20220512_011700.WAV SPECIES: 97 DETECTIONS: 3 TIME: 5 
SID: 169 PROCESSING: 20220512_112700.WAV SPECIES: 97 DETECTIONS: 18 TIME: 5 
SID: 170 PROCESSING: 20220512_031800.WAV SPECIES: 97 DETECTIONS: 0 TIME: 5 
SID: 171 PROCESSING: 20220512_025000.WAV SPECIES: 97 DETECTIONS: 3 TIME: 5 
SID: 172 PROCESSING: 20220512_012900.WAV SPECIES: 97 DETECTIONS: 0 TIME: 5 
SID: 173 PROCESSING: 20220512_030000.WAV SPECIES: 97 DETECTIONS: 8 TIME: 5 
SID: 174 PROCESSING: 20220512_052200.WAV SPECIES: 97 DETECTIONS: 0 TIME: 5 
SID: 175 PROCESSING: 20220512_043600.WAV SPECIES: 97 DETECTIONS: 0 TIME: 5 
SID: 176 PROCESSING: 20220512_013200.WAV SPECIES: 97 DETECTIONS: 0 TIME: 5 
SID: 177 PROCESSING: 20220512_115900.WAV SPECIES: 97 DETECTIONS: 31 TIME: 5 
SID: 178 PROCESSING: 20220512_062600.WAV SPECIES: 97 DETECTIONS: 48 TIME: 5 
SID: 179 PROCESSING: 20220512_055800.WAV SPECIES: 97 DETECTIONS: 18 TIME: 5 
SID: 180 PROCESSING: 20220512_072900.WAV SPECIES: 97 DETECTIONS: 31 TIME: 5 
SID: 181 PROCESSING: 20220512_034500.WAV SPECIES: 97 DETECTIONS: 0 TIME: 5 
SID: 182 PROCESSING: 20220512_102600.WAV SPECIES: 97 DETECTIONS: 16 TIME: 5 
SID: 183 PROCESSING: 20220512_010200.WAV SPECIES: 97 DETECTIONS: 8 TIME: 5 
SID: 184 PROCESSING: 20220512_081800.WAV SPECIES: 97 DETECTIONS: 32 TIME: 5 
SID: 185 PROCESSING: 20220512_085100.WAV SPECIES: 97 DETECTIONS: 26 TIME: 5 
SID: 186 PROCESSING: 20220512_043800.WAV SPECIES: 97 DETECTIONS: 1 TIME: 5 
SID: 187 PROCESSING: 20220512_094600.WAV SPECIES: 97 DETECTIONS: 23 TIME: 5 
SID: 188 PROCESSING: 20220512_041300.WAV SPECIES: 97 DETECTIONS: 0 TIME: 5 
SID: 189 PROCESSING: 20220512_082200.WAV SPECIES: 97 DETECTIONS: 28 TIME: 5 
SID: 190 PROCESSING: 20220512_100900.WAV SPECIES: 97 DETECTIONS: 31 TIME: 5 
SID: 191 PROCESSING: 20220512_050000.WAV SPECIES: 97 DETECTIONS: 0 TIME: 5 
SID: 192 PROCESSING: 20220512_103200.WAV SPECIES: 97 DETECTIONS: 6 TIME: 5 
SID: 193 PROCESSING: 20220512_070800.WAV SPECIES: 97 DETECTIONS: 35 TIME: 5 
SID: 194 PROCESSING: 20220512_085200.WAV SPECIES: 97 DETECTIONS: 27 TIME: 5 
SID: 195 PROCESSING: 20220512_061100.WAV SPECIES: 97 DETECTIONS: 39 TIME: 5 
SID: 196 PROCESSING: 20220512_013600.WAV SPECIES: 97 DETECTIONS: 0 TIME: 5 
SID: 197 PROCESSING: 20220512_002700.WAV SPECIES: 97 DETECTIONS: 2 TIME: 5 
SID: 198 PROCESSING: 20220512_044800.WAV SPECIES: 97 DETECTIONS: 0 TIME: 5 
SID: 199 PROCESSING: 20220512_093300.WAV SPECIES: 97 DETECTIONS: 31 TIME: 5 
SID: 200 PROCESSING: 20220512_085400.WAV SPECIES: 97 DETECTIONS: 15 TIME: 5 
SID: 201 PROCESSING: 20220512_003900.WAV SPECIES: 97 DETECTIONS: 3 TIME: 5 
SID: 202 PROCESSING: 20220512_091200.WAV SPECIES: 97 DETECTIONS: 30 TIME: 5 
SID: 203 PROCESSING: 20220512_005100.WAV SPECIES: 97 DETECTIONS: 4 TIME: 5 
SID: 204 PROCESSING: 20220512_025400.WAV SPECIES: 97 DETECTIONS: 0 TIME: 5 
SID: 205 PROCESSING: 20220512_075800.WAV SPECIES: 97 DETECTIONS: 23 TIME: 5 
SID: 206 PROCESSING: 20220512_011000.WAV SPECIES: 97 DETECTIONS: 4 TIME: 5 
SID: 207 PROCESSING: 20220512_090400.WAV SPECIES: 97 DETECTIONS: 33 TIME: 5 
SID: 208 PROCESSING: 20220512_055900.WAV SPECIES: 97 DETECTIONS: 14 TIME: 5 
SID: 209 PROCESSING: 20220512_045800.WAV SPECIES: 97 DETECTIONS: 0 TIME: 5 
SID: 210 PROCESSING: 20220512_053300.WAV SPECIES: 97 DETECTIONS: 1 TIME: 5 
SID: 211 PROCESSING: 20220512_062400.WAV SPECIES: 97 DETECTIONS: 40 TIME: 5 
SID: 212 PROCESSING: 20220512_094900.WAV SPECIES: 97 DETECTIONS: 29 TIME: 5 
SID: 213 PROCESSING: 20220512_114800.WAV SPECIES: 97 DETECTIONS: 31 TIME: 5 
SID: 214 PROCESSING: 20220512_061000.WAV SPECIES: 97 DETECTIONS: 40 TIME: 5 
SID: 215 PROCESSING: 20220512_020300.WAV SPECIES: 97 DETECTIONS: 0 TIME: 5 
SID: 216 PROCESSING: 20220512_084900.WAV SPECIES: 97 DETECTIONS: 19 TIME: 5 
SID: 217 PROCESSING: 20220512_004300.WAV SPECIES: 97 DETECTIONS: 0 TIME: 5 
SID: 218 PROCESSING: 20220512_033300.WAV SPECIES: 97 DETECTIONS: 0 TIME: 5 
SID: 219 PROCESSING: 20220512_013800.WAV SPECIES: 97 DETECTIONS: 0 TIME: 5 
SID: 220 PROCESSING: 20220512_071000.WAV SPECIES: 97 DETECTIONS: 27 TIME: 5 
SID: 221 PROCESSING: 20220512_063100.WAV SPECIES: 97 DETECTIONS: 36 TIME: 5 
SID: 222 PROCESSING: 20220512_060800.WAV SPECIES: 97 DETECTIONS: 24 TIME: 5 
SID: 223 PROCESSING: 20220512_113700.WAV SPECIES: 97 DETECTIONS: 20 TIME: 5 
SID: 224 PROCESSING: 20220512_010500.WAV SPECIES: 97 DETECTIONS: 0 TIME: 5 
SID: 225 PROCESSING: 20220512_093000.WAV SPECIES: 97 DETECTIONS: 26 TIME: 5 
SID: 226 PROCESSING: 20220512_003000.WAV SPECIES: 97 DETECTIONS: 0 TIME: 5 
SID: 227 PROCESSING: 20220512_022600.WAV SPECIES: 97 DETECTIONS: 0 TIME: 5 
SID: 228 PROCESSING: 20220512_043300.WAV SPECIES: 97 DETECTIONS: 2 TIME: 5 
SID: 229 PROCESSING: 20220512_023100.WAV SPECIES: 97 DETECTIONS: 0 TIME: 5 
SID: 230 PROCESSING: 20220512_094500.WAV SPECIES: 97 DETECTIONS: 39 TIME: 5 
SID: 231 PROCESSING: 20220512_082600.WAV SPECIES: 97 DETECTIONS: 32 TIME: 5 
SID: 232 PROCESSING: 20220512_115400.WAV SPECIES: 97 DETECTIONS: 29 TIME: 5 
SID: 233 PROCESSING: 20220512_090000.WAV SPECIES: 97 DETECTIONS: 34 TIME: 5 
SID: 234 PROCESSING: 20220512_065900.WAV SPECIES: 97 DETECTIONS: 31 TIME: 5 
SID: 235 PROCESSING: 20220512_064000.WAV SPECIES: 97 DETECTIONS: 32 TIME: 5 
SID: 236 PROCESSING: 20220512_002800.WAV SPECIES: 97 DETECTIONS: 0 TIME: 5 
SID: 237 PROCESSING: 20220512_055500.WAV SPECIES: 97 DETECTIONS: 24 TIME: 5 
SID: 238 PROCESSING: 20220512_011100.WAV SPECIES: 97 DETECTIONS: 1 TIME: 5 
SID: 239 PROCESSING: 20220512_114400.WAV SPECIES: 97 DETECTIONS: 29 TIME: 5 
SID: 240 PROCESSING: 20220512_024000.WAV SPECIES: 97 DETECTIONS: 0 TIME: 5 
SID: 241 PROCESSING: 20220512_100800.WAV SPECIES: 97 DETECTIONS: 34 TIME: 5 
SID: 242 PROCESSING: 20220512_053500.WAV SPECIES: 97 DETECTIONS: 0 TIME: 5 
SID: 243 PROCESSING: 20220512_074500.WAV SPECIES: 97 DETECTIONS: 34 TIME: 5 
SID: 244 PROCESSING: 20220512_041400.WAV SPECIES: 97 DETECTIONS: 0 TIME: 5 
SID: 245 PROCESSING: 20220512_083300.WAV SPECIES: 97 DETECTIONS: 22 TIME: 5 
SID: 246 PROCESSING: 20220512_052300.WAV SPECIES: 97 DETECTIONS: 0 TIME: 5 
SID: 247 PROCESSING: 20220512_074300.WAV SPECIES: 97 DETECTIONS: 30 TIME: 5 
SID: 248 PROCESSING: 20220512_015800.WAV SPECIES: 97 DETECTIONS: 0 TIME: 5 
SID: 249 PROCESSING: 20220512_102200.WAV SPECIES: 97 DETECTIONS: 30 TIME: 5 
SID: 250 PROCESSING: 20220512_032900.WAV SPECIES: 97 DETECTIONS: 0 TIME: 5 
SID: 251 PROCESSING: 20220512_051200.WAV SPECIES: 97 DETECTIONS: 0 TIME: 5 
SID: 252 PROCESSING: 20220512_012300.WAV SPECIES: 97 DETECTIONS: 0 TIME: 5 
SID: 253 PROCESSING: 20220512_015300.WAV SPECIES: 97 DETECTIONS: 0 TIME: 5 
SID: 254 PROCESSING: 20220512_023600.WAV SPECIES: 97 DETECTIONS: 2 TIME: 5 
SID: 255 PROCESSING: 20220512_101400.WAV SPECIES: 97 DETECTIONS: 25 TIME: 5 
SID: 256 PROCESSING: 20220512_103100.WAV SPECIES: 97 DETECTIONS: 18 TIME: 5 
SID: 257 PROCESSING: 20220512_045900.WAV SPECIES: 97 DETECTIONS: 0 TIME: 5 
SID: 258 PROCESSING: 20220512_022200.WAV SPECIES: 97 DETECTIONS: 0 TIME: 5 
SID: 259 PROCESSING: 20220512_094200.WAV SPECIES: 97 DETECTIONS: 39 TIME: 5 
SID: 260 PROCESSING: 20220512_014200.WAV SPECIES: 97 DETECTIONS: 0 TIME: 5 
SID: 261 PROCESSING: 20220512_055400.WAV SPECIES: 97 DETECTIONS: 32 TIME: 5 
SID: 262 PROCESSING: 20220512_090300.WAV SPECIES: 97 DETECTIONS: 33 TIME: 5 
SID: 263 PROCESSING: 20220512_045500.WAV SPECIES: 97 DETECTIONS: 0 TIME: 5 
SID: 264 PROCESSING: 20220512_100300.WAV SPECIES: 97 DETECTIONS: 23 TIME: 5 
SID: 265 PROCESSING: 20220512_054300.WAV SPECIES: 97 DETECTIONS: 1 TIME: 5 
SID: 266 PROCESSING: 20220512_094000.WAV SPECIES: 97 DETECTIONS: 33 TIME: 5 
SID: 267 PROCESSING: 20220512_075500.WAV SPECIES: 97 DETECTIONS: 26 TIME: 5 
SID: 268 PROCESSING: 20220512_072700.WAV SPECIES: 97 DETECTIONS: 30 TIME: 5 
SID: 269 PROCESSING: 20220512_074700.WAV SPECIES: 97 DETECTIONS: 23 TIME: 5 
SID: 270 PROCESSING: 20220512_021400.WAV SPECIES: 97 DETECTIONS: 0 TIME: 5 
SID: 271 PROCESSING: 20220512_025200.WAV SPECIES: 97 DETECTIONS: 3 TIME: 5 
SID: 272 PROCESSING: 20220512_064400.WAV SPECIES: 97 DETECTIONS: 36 TIME: 5 
SID: 273 PROCESSING: 20220512_093200.WAV SPECIES: 97 DETECTIONS: 27 TIME: 5 
SID: 274 PROCESSING: 20220512_024500.WAV SPECIES: 97 DETECTIONS: 0 TIME: 5 
SID: 275 PROCESSING: 20220512_062800.WAV SPECIES: 97 DETECTIONS: 42 TIME: 5 
SID: 276 PROCESSING: 20220512_110200.WAV SPECIES: 97 DETECTIONS: 19 TIME: 5 
SID: 277 PROCESSING: 20220512_010800.WAV SPECIES: 97 DETECTIONS: 8 TIME: 5 
SID: 278 PROCESSING: 20220512_020700.WAV SPECIES: 97 DETECTIONS: 0 TIME: 5 
SID: 279 PROCESSING: 20220512_065600.WAV SPECIES: 97 DETECTIONS: 32 TIME: 5 
SID: 280 PROCESSING: 20220512_030600.WAV SPECIES: 97 DETECTIONS: 1 TIME: 5 
SID: 281 PROCESSING: 20220512_001800.WAV SPECIES: 97 DETECTIONS: 0 TIME: 5 
SID: 282 PROCESSING: 20220512_050500.WAV SPECIES: 97 DETECTIONS: 1 TIME: 5 
SID: 283 PROCESSING: 20220512_113800.WAV SPECIES: 97 DETECTIONS: 28 TIME: 5 
SID: 284 PROCESSING: 20220512_051500.WAV SPECIES: 97 DETECTIONS: 0 TIME: 5 
SID: 285 PROCESSING: 20220512_012400.WAV SPECIES: 97 DETECTIONS: 0 TIME: 5 
SID: 286 PROCESSING: 20220512_044900.WAV SPECIES: 97 DETECTIONS: 0 TIME: 5 
SID: 287 PROCESSING: 20220512_024900.WAV SPECIES: 97 DETECTIONS: 0 TIME: 5 
SID: 288 PROCESSING: 20220512_014300.WAV SPECIES: 97 DETECTIONS: 0 TIME: 5 
SID: 289 PROCESSING: 20220512_054100.WAV SPECIES: 97 DETECTIONS: 6 TIME: 5 
SID: 290 PROCESSING: 20220512_031700.WAV SPECIES: 97 DETECTIONS: 0 TIME: 5 
SID: 291 PROCESSING: 20220512_081300.WAV SPECIES: 97 DETECTIONS: 24 TIME: 5 
SID: 292 PROCESSING: 20220512_012200.WAV SPECIES: 97 DETECTIONS: 0 TIME: 5 
SID: 293 PROCESSING: 20220512_073700.WAV SPECIES: 97 DETECTIONS: 30 TIME: 5 
SID: 294 PROCESSING: 20220512_000700.WAV SPECIES: 97 DETECTIONS: 0 TIME: 5 
SID: 295 PROCESSING: 20220512_115100.WAV SPECIES: 97 DETECTIONS: 19 TIME: 5 
SID: 296 PROCESSING: 20220512_075200.WAV SPECIES: 97 DETECTIONS: 24 TIME: 5 
SID: 297 PROCESSING: 20220512_111600.WAV SPECIES: 97 DETECTIONS: 24 TIME: 5 
SID: 298 PROCESSING: 20220512_075700.WAV SPECIES: 97 DETECTIONS: 27 TIME: 5 
SID: 299 PROCESSING: 20220512_110100.WAV SPECIES: 97 DETECTIONS: 23 TIME: 5 
SID: 300 PROCESSING: 20220512_104800.WAV SPECIES: 97 DETECTIONS: 33 TIME: 5 
SID: 301 PROCESSING: 20220512_102300.WAV SPECIES: 97 DETECTIONS: 26 TIME: 5 
SID: 302 PROCESSING: 20220512_044400.WAV SPECIES: 97 DETECTIONS: 0 TIME: 5 
SID: 303 PROCESSING: 20220512_061800.WAV SPECIES: 97 DETECTIONS: 39 TIME: 5 
SID: 304 PROCESSING: 20220512_054000.WAV SPECIES: 97 DETECTIONS: 7 TIME: 5 
SID: 305 PROCESSING: 20220512_115600.WAV SPECIES: 97 DETECTIONS: 34 TIME: 5 
SID: 306 PROCESSING: 20220512_041900.WAV SPECIES: 97 DETECTIONS: 0 TIME: 5 
SID: 307 PROCESSING: 20220512_052800.WAV SPECIES: 97 DETECTIONS: 0 TIME: 5 
SID: 308 PROCESSING: 20220512_084000.WAV SPECIES: 97 DETECTIONS: 29 TIME: 5 
SID: 309 PROCESSING: 20220512_031500.WAV SPECIES: 97 DETECTIONS: 0 TIME: 5 
SID: 310 PROCESSING: 20220512_050100.WAV SPECIES: 97 DETECTIONS: 0 TIME: 5 
SID: 311 PROCESSING: 20220512_112100.WAV SPECIES: 97 DETECTIONS: 36 TIME: 5 
SID: 312 PROCESSING: 20220512_110900.WAV SPECIES: 97 DETECTIONS: 34 TIME: 5 
SID: 313 PROCESSING: 20220512_070400.WAV SPECIES: 97 DETECTIONS: 35 TIME: 5 
SID: 314 PROCESSING: 20220512_104300.WAV SPECIES: 97 DETECTIONS: 18 TIME: 5 
SID: 315 PROCESSING: 20220512_022000.WAV SPECIES: 97 DETECTIONS: 0 TIME: 5 
SID: 316 PROCESSING: 20220512_071900.WAV SPECIES: 97 DETECTIONS: 23 TIME: 5 
SID: 317 PROCESSING: 20220512_035400.WAV SPECIES: 97 DETECTIONS: 0 TIME: 5 
SID: 318 PROCESSING: 20220512_014800.WAV SPECIES: 97 DETECTIONS: 0 TIME: 5 
SID: 319 PROCESSING: 20220512_080800.WAV SPECIES: 97 DETECTIONS: 39 TIME: 5 
SID: 320 PROCESSING: 20220512_040200.WAV SPECIES: 97 DETECTIONS: 0 TIME: 5 
SID: 321 PROCESSING: 20220512_035200.WAV SPECIES: 97 DETECTIONS: 0 TIME: 5 
SID: 322 PROCESSING: 20220512_113300.WAV SPECIES: 97 DETECTIONS: 23 TIME: 5 
SID: 323 PROCESSING: 20220512_065000.WAV SPECIES: 97 DETECTIONS: 31 TIME: 5 
SID: 324 PROCESSING: 20220512_062300.WAV SPECIES: 97 DETECTIONS: 31 TIME: 5 
SID: 325 PROCESSING: 20220512_091300.WAV SPECIES: 97 DETECTIONS: 28 TIME: 5 
SID: 326 PROCESSING: 20220512_003700.WAV SPECIES: 97 DETECTIONS: 5 TIME: 5 
SID: 327 PROCESSING: 20220512_071100.WAV SPECIES: 97 DETECTIONS: 45 TIME: 5 
SID: 328 PROCESSING: 20220512_072000.WAV SPECIES: 97 DETECTIONS: 27 TIME: 5 
SID: 329 PROCESSING: 20220512_051400.WAV SPECIES: 97 DETECTIONS: 0 TIME: 5 
SID: 330 PROCESSING: 20220512_070500.WAV SPECIES: 97 DETECTIONS: 27 TIME: 5 
SID: 331 PROCESSING: 20220512_111200.WAV SPECIES: 97 DETECTIONS: 24 TIME: 5 
SID: 332 PROCESSING: 20220512_085500.WAV SPECIES: 97 DETECTIONS: 35 TIME: 5 
SID: 333 PROCESSING: 20220512_103500.WAV SPECIES: 97 DETECTIONS: 13 TIME: 5 
SID: 334 PROCESSING: 20220512_060400.WAV SPECIES: 97 DETECTIONS: 4 TIME: 5 
SID: 335 PROCESSING: 20220512_072100.WAV SPECIES: 97 DETECTIONS: 24 TIME: 5 
SID: 336 PROCESSING: 20220512_061200.WAV SPECIES: 97 DETECTIONS: 37 TIME: 5 
SID: 337 PROCESSING: 20220512_010900.WAV SPECIES: 97 DETECTIONS: 2 TIME: 5 
SID: 338 PROCESSING: 20220512_113100.WAV SPECIES: 97 DETECTIONS: 18 TIME: 5 
SID: 339 PROCESSING: 20220512_025100.WAV SPECIES: 97 DETECTIONS: 0 TIME: 5 
SID: 340 PROCESSING: 20220512_040100.WAV SPECIES: 97 DETECTIONS: 2 TIME: 5 
SID: 341 PROCESSING: 20220512_014400.WAV SPECIES: 97 DETECTIONS: 0 TIME: 5 
SID: 342 PROCESSING: 20220512_023000.WAV SPECIES: 97 DETECTIONS: 0 TIME: 5 
SID: 343 PROCESSING: 20220512_053100.WAV SPECIES: 97 DETECTIONS: 2 TIME: 5 
SID: 344 PROCESSING: 20220512_110400.WAV SPECIES: 97 DETECTIONS: 23 TIME: 5 
SID: 345 PROCESSING: 20220512_033600.WAV SPECIES: 97 DETECTIONS: 0 TIME: 5 
SID: 346 PROCESSING: 20220512_094300.WAV SPECIES: 97 DETECTIONS: 43 TIME: 5 
SID: 347 PROCESSING: 20220512_053800.WAV SPECIES: 97 DETECTIONS: 1 TIME: 5 
SID: 348 PROCESSING: 20220512_102800.WAV SPECIES: 97 DETECTIONS: 21 TIME: 5 
SID: 349 PROCESSING: 20220512_080000.WAV SPECIES: 97 DETECTIONS: 28 TIME: 5 
SID: 350 PROCESSING: 20220512_071300.WAV SPECIES: 97 DETECTIONS: 30 TIME: 5 
SID: 351 PROCESSING: 20220512_095800.WAV SPECIES: 97 DETECTIONS: 30 TIME: 5 
SID: 352 PROCESSING: 20220512_031300.WAV SPECIES: 97 DETECTIONS: 0 TIME: 5 
SID: 353 PROCESSING: 20220512_032800.WAV SPECIES: 97 DETECTIONS: 0 TIME: 5 
SID: 354 PROCESSING: 20220512_061500.WAV SPECIES: 97 DETECTIONS: 47 TIME: 5 
SID: 355 PROCESSING: 20220512_013100.WAV SPECIES: 97 DETECTIONS: 0 TIME: 5 
SID: 356 PROCESSING: 20220512_044000.WAV SPECIES: 97 DETECTIONS: 1 TIME: 5 
SID: 357 PROCESSING: 20220512_070900.WAV SPECIES: 97 DETECTIONS: 35 TIME: 5 
SID: 358 PROCESSING: 20220512_013400.WAV SPECIES: 97 DETECTIONS: 0 TIME: 5 
SID: 359 PROCESSING: 20220512_075400.WAV SPECIES: 97 DETECTIONS: 26 TIME: 5 
SID: 360 PROCESSING: 20220512_005800.WAV SPECIES: 97 DETECTIONS: 9 TIME: 5 
SID: 361 PROCESSING: 20220512_022500.WAV SPECIES: 97 DETECTIONS: 0 TIME: 5 
SID: 362 PROCESSING: 20220512_082900.WAV SPECIES: 97 DETECTIONS: 31 TIME: 5 
SID: 363 PROCESSING: 20220512_101500.WAV SPECIES: 97 DETECTIONS: 20 TIME: 5 
SID: 364 PROCESSING: 20220512_083500.WAV SPECIES: 97 DETECTIONS: 17 TIME: 5 
SID: 365 PROCESSING: 20220512_015400.WAV SPECIES: 97 DETECTIONS: 0 TIME: 5 
SID: 366 PROCESSING: 20220512_062100.WAV SPECIES: 97 DETECTIONS: 35 TIME: 5 
SID: 367 PROCESSING: 20220512_033900.WAV SPECIES: 97 DETECTIONS: 0 TIME: 5 
SID: 368 PROCESSING: 20220512_071600.WAV SPECIES: 97 DETECTIONS: 30 TIME: 5 
SID: 369 PROCESSING: 20220512_011400.WAV SPECIES: 97 DETECTIONS: 0 TIME: 5 
SID: 370 PROCESSING: 20220512_090800.WAV SPECIES: 97 DETECTIONS: 32 TIME: 5 
SID: 371 PROCESSING: 20220512_015500.WAV SPECIES: 97 DETECTIONS: 0 TIME: 5 
SID: 372 PROCESSING: 20220512_052900.WAV SPECIES: 97 DETECTIONS: 1 TIME: 5 
SID: 373 PROCESSING: 20220512_084400.WAV SPECIES: 97 DETECTIONS: 37 TIME: 5 
SID: 374 PROCESSING: 20220512_035300.WAV SPECIES: 97 DETECTIONS: 0 TIME: 5 
SID: 375 PROCESSING: 20220512_073400.WAV SPECIES: 97 DETECTIONS: 30 TIME: 5 
SID: 376 PROCESSING: 20220512_114900.WAV SPECIES: 97 DETECTIONS: 27 TIME: 5 
SID: 377 PROCESSING: 20220512_035800.WAV SPECIES: 97 DETECTIONS: 0 TIME: 5 
SID: 378 PROCESSING: 20220512_021700.WAV SPECIES: 97 DETECTIONS: 0 TIME: 5 
SID: 379 PROCESSING: 20220512_035700.WAV SPECIES: 97 DETECTIONS: 0 TIME: 5 
SID: 380 PROCESSING: 20220512_065400.WAV SPECIES: 97 DETECTIONS: 31 TIME: 5 
SID: 381 PROCESSING: 20220512_030500.WAV SPECIES: 97 DETECTIONS: 5 TIME: 5 
SID: 382 PROCESSING: 20220512_024700.WAV SPECIES: 97 DETECTIONS: 0 TIME: 5 
SID: 383 PROCESSING: 20220512_055700.WAV SPECIES: 97 DETECTIONS: 22 TIME: 5 
SID: 384 PROCESSING: 20220512_063300.WAV SPECIES: 97 DETECTIONS: 33 TIME: 5 
SID: 385 PROCESSING: 20220512_074900.WAV SPECIES: 97 DETECTIONS: 26 TIME: 5 
SID: 386 PROCESSING: 20220512_023500.WAV SPECIES: 97 DETECTIONS: 4 TIME: 6 
SID: 387 PROCESSING: 20220512_001200.WAV SPECIES: 97 DETECTIONS: 0 TIME: 5 
SID: 388 PROCESSING: 20220512_050300.WAV SPECIES: 97 DETECTIONS: 1 TIME: 5 
SID: 389 PROCESSING: 20220512_054900.WAV SPECIES: 97 DETECTIONS: 17 TIME: 5 
SID: 390 PROCESSING: 20220512_095900.WAV SPECIES: 97 DETECTIONS: 29 TIME: 5 
SID: 391 PROCESSING: 20220512_092000.WAV SPECIES: 97 DETECTIONS: 24 TIME: 5 
SID: 392 PROCESSING: 20220512_002000.WAV SPECIES: 97 DETECTIONS: 1 TIME: 5 
SID: 393 PROCESSING: 20220512_042300.WAV SPECIES: 97 DETECTIONS: 1 TIME: 5 
SID: 394 PROCESSING: 20220512_053200.WAV SPECIES: 97 DETECTIONS: 1 TIME: 5 
SID: 395 PROCESSING: 20220512_092900.WAV SPECIES: 97 DETECTIONS: 23 TIME: 5 
SID: 396 PROCESSING: 20220512_060900.WAV SPECIES: 97 DETECTIONS: 27 TIME: 5 
SID: 397 PROCESSING: 20220512_004600.WAV SPECIES: 97 DETECTIONS: 1 TIME: 5 
SID: 398 PROCESSING: 20220512_095100.WAV SPECIES: 97 DETECTIONS: 37 TIME: 5 
SID: 399 PROCESSING: 20220512_024800.WAV SPECIES: 97 DETECTIONS: 1 TIME: 5 
SID: 400 PROCESSING: 20220512_033100.WAV SPECIES: 97 DETECTIONS: 0 TIME: 5 
SID: 401 PROCESSING: 20220512_095300.WAV SPECIES: 97 DETECTIONS: 42 TIME: 5 
SID: 402 PROCESSING: 20220512_111900.WAV SPECIES: 97 DETECTIONS: 36 TIME: 5 
SID: 403 PROCESSING: 20220512_041500.WAV SPECIES: 97 DETECTIONS: 0 TIME: 5 
SID: 404 PROCESSING: 20220512_081500.WAV SPECIES: 97 DETECTIONS: 31 TIME: 5 
SID: 405 PROCESSING: 20220512_015600.WAV SPECIES: 97 DETECTIONS: 0 TIME: 5 
SID: 406 PROCESSING: 20220512_071400.WAV SPECIES: 97 DETECTIONS: 29 TIME: 5 
SID: 407 PROCESSING: 20220512_113200.WAV SPECIES: 97 DETECTIONS: 21 TIME: 5 
SID: 408 PROCESSING: 20220512_063500.WAV SPECIES: 97 DETECTIONS: 26 TIME: 5 
SID: 409 PROCESSING: 20220512_110600.WAV SPECIES: 97 DETECTIONS: 34 TIME: 5 
SID: 410 PROCESSING: 20220512_011200.WAV SPECIES: 97 DETECTIONS: 0 TIME: 5 
SID: 411 PROCESSING: 20220512_000900.WAV SPECIES: 97 DETECTIONS: 0 TIME: 5 
SID: 412 PROCESSING: 20220512_083900.WAV SPECIES: 97 DETECTIONS: 23 TIME: 5 
SID: 413 PROCESSING: 20220512_010700.WAV SPECIES: 97 DETECTIONS: 2 TIME: 5 
SID: 414 PROCESSING: 20220512_025700.WAV SPECIES: 97 DETECTIONS: 1 TIME: 5 
SID: 415 PROCESSING: 20220512_064200.WAV SPECIES: 97 DETECTIONS: 31 TIME: 5 
SID: 416 PROCESSING: 20220512_092300.WAV SPECIES: 97 DETECTIONS: 22 TIME: 5 
SID: 417 PROCESSING: 20220512_032400.WAV SPECIES: 97 DETECTIONS: 1 TIME: 5 
SID: 418 PROCESSING: 20220512_065800.WAV SPECIES: 97 DETECTIONS: 36 TIME: 5 
SID: 419 PROCESSING: 20220512_050900.WAV SPECIES: 97 DETECTIONS: 0 TIME: 5 
SID: 420 PROCESSING: 20220512_052600.WAV SPECIES: 97 DETECTIONS: 0 TIME: 5 
SID: 421 PROCESSING: 20220512_063000.WAV SPECIES: 97 DETECTIONS: 43 TIME: 5 
SID: 422 PROCESSING: 20220512_020800.WAV SPECIES: 97 DETECTIONS: 0 TIME: 5 
SID: 423 PROCESSING: 20220512_020000.WAV SPECIES: 97 DETECTIONS: 0 TIME: 5 
SID: 424 PROCESSING: 20220512_075900.WAV SPECIES: 97 DETECTIONS: 31 TIME: 5 
SID: 425 PROCESSING: 20220512_032100.WAV SPECIES: 97 DETECTIONS: 5 TIME: 5 
SID: 426 PROCESSING: 20220512_052400.WAV SPECIES: 97 DETECTIONS: 0 TIME: 5 
SID: 427 PROCESSING: 20220512_023800.WAV SPECIES: 97 DETECTIONS: 0 TIME: 5 
SID: 428 PROCESSING: 20220512_051000.WAV SPECIES: 97 DETECTIONS: 0 TIME: 5 
SID: 429 PROCESSING: 20220512_111100.WAV SPECIES: 97 DETECTIONS: 32 TIME: 5 
SID: 430 PROCESSING: 20220512_062000.WAV SPECIES: 97 DETECTIONS: 35 TIME: 5 
SID: 431 PROCESSING: 20220512_091600.WAV SPECIES: 97 DETECTIONS: 27 TIME: 5 
SID: 432 PROCESSING: 20220512_115500.WAV SPECIES: 97 DETECTIONS: 34 TIME: 5 
SID: 433 PROCESSING: 20220512_034000.WAV SPECIES: 97 DETECTIONS: 0 TIME: 5 
SID: 434 PROCESSING: 20220512_060200.WAV SPECIES: 97 DETECTIONS: 23 TIME: 5 
SID: 435 PROCESSING: 20220512_022800.WAV SPECIES: 97 DETECTIONS: 0 TIME: 5 
SID: 436 PROCESSING: 20220512_040700.WAV SPECIES: 97 DETECTIONS: 0 TIME: 5 
SID: 437 PROCESSING: 20220512_115800.WAV SPECIES: 97 DETECTIONS: 32 TIME: 5 
SID: 438 PROCESSING: 20220512_084600.WAV SPECIES: 97 DETECTIONS: 23 TIME: 5 
SID: 439 PROCESSING: 20220512_080600.WAV SPECIES: 97 DETECTIONS: 33 TIME: 5 
SID: 440 PROCESSING: 20220512_034600.WAV SPECIES: 97 DETECTIONS: 0 TIME: 5 
SID: 441 PROCESSING: 20220512_112500.WAV SPECIES: 97 DETECTIONS: 40 TIME: 5 
SID: 442 PROCESSING: 20220512_021100.WAV SPECIES: 97 DETECTIONS: 0 TIME: 5 
SID: 443 PROCESSING: 20220512_092800.WAV SPECIES: 97 DETECTIONS: 23 TIME: 5 
SID: 444 PROCESSING: 20220512_103700.WAV SPECIES: 97 DETECTIONS: 34 TIME: 5 
SID: 445 PROCESSING: 20220512_065200.WAV SPECIES: 97 DETECTIONS: 23 TIME: 5 
SID: 446 PROCESSING: 20220512_044700.WAV SPECIES: 97 DETECTIONS: 2 TIME: 5 
SID: 447 PROCESSING: 20220512_110300.WAV SPECIES: 97 DETECTIONS: 17 TIME: 5 
SID: 448 PROCESSING: 20220512_105000.WAV SPECIES: 97 DETECTIONS: 20 TIME: 5 
SID: 449 PROCESSING: 20220512_024400.WAV SPECIES: 97 DETECTIONS: 0 TIME: 5 
SID: 450 PROCESSING: 20220512_115000.WAV SPECIES: 97 DETECTIONS: 18 TIME: 5 
SID: 451 PROCESSING: 20220512_014700.WAV SPECIES: 97 DETECTIONS: 0 TIME: 5 
SID: 452 PROCESSING: 20220512_040300.WAV SPECIES: 97 DETECTIONS: 0 TIME: 5 
SID: 453 PROCESSING: 20220512_014000.WAV SPECIES: 97 DETECTIONS: 0 TIME: 5 
SID: 454 PROCESSING: 20220512_005300.WAV SPECIES: 97 DETECTIONS: 2 TIME: 5 
SID: 455 PROCESSING: 20220512_045600.WAV SPECIES: 97 DETECTIONS: 0 TIME: 5 
SID: 456 PROCESSING: 20220512_042700.WAV SPECIES: 97 DETECTIONS: 0 TIME: 5 
SID: 457 PROCESSING: 20220512_081100.WAV SPECIES: 97 DETECTIONS: 17 TIME: 5 
SID: 458 PROCESSING: 20220512_032200.WAV SPECIES: 97 DETECTIONS: 1 TIME: 5 
SID: 459 PROCESSING: 20220512_074200.WAV SPECIES: 97 DETECTIONS: 29 TIME: 5 
SID: 460 PROCESSING: 20220512_002600.WAV SPECIES: 97 DETECTIONS: 0 TIME: 5 
SID: 461 PROCESSING: 20220512_083700.WAV SPECIES: 97 DETECTIONS: 30 TIME: 5 
SID: 462 PROCESSING: 20220512_070300.WAV SPECIES: 97 DETECTIONS: 28 TIME: 5 
SID: 463 PROCESSING: 20220512_091700.WAV SPECIES: 97 DETECTIONS: 27 TIME: 5 
SID: 464 PROCESSING: 20220512_093400.WAV SPECIES: 97 DETECTIONS: 29 TIME: 5 
SID: 465 PROCESSING: 20220512_032300.WAV SPECIES: 97 DETECTIONS: 0 TIME: 5 
SID: 466 PROCESSING: 20220512_061300.WAV SPECIES: 97 DETECTIONS: 37 TIME: 5 
SID: 467 PROCESSING: 20220512_005000.WAV SPECIES: 97 DETECTIONS: 3 TIME: 5 
SID: 468 PROCESSING: 20220512_103900.WAV SPECIES: 97 DETECTIONS: 22 TIME: 5 
SID: 469 PROCESSING: 20220512_045200.WAV SPECIES: 97 DETECTIONS: 0 TIME: 5 
SID: 470 PROCESSING: 20220512_094400.WAV SPECIES: 97 DETECTIONS: 42 TIME: 5 
SID: 471 PROCESSING: 20220512_051800.WAV SPECIES: 97 DETECTIONS: 0 TIME: 5 
SID: 472 PROCESSING: 20220512_010600.WAV SPECIES: 97 DETECTIONS: 0 TIME: 5 
SID: 473 PROCESSING: 20220512_060300.WAV SPECIES: 97 DETECTIONS: 16 TIME: 5 
SID: 474 PROCESSING: 20220512_083400.WAV SPECIES: 97 DETECTIONS: 20 TIME: 5 
SID: 475 PROCESSING: 20220512_114300.WAV SPECIES: 97 DETECTIONS: 19 TIME: 5 
SID: 476 PROCESSING: 20220512_031100.WAV SPECIES: 97 DETECTIONS: 0 TIME: 5 
SID: 477 PROCESSING: 20220512_015900.WAV SPECIES: 97 DETECTIONS: 0 TIME: 5 
SID: 478 PROCESSING: 20220512_014900.WAV SPECIES: 97 DETECTIONS: 0 TIME: 5 
SID: 479 PROCESSING: 20220512_060700.WAV SPECIES: 97 DETECTIONS: 27 TIME: 5 
SID: 480 PROCESSING: 20220512_103000.WAV SPECIES: 97 DETECTIONS: 22 TIME: 5 
SID: 481 PROCESSING: 20220512_112300.WAV SPECIES: 97 DETECTIONS: 32 TIME: 5 
SID: 482 PROCESSING: 20220512_020500.WAV SPECIES: 97 DETECTIONS: 0 TIME: 5 
SID: 483 PROCESSING: 20220512_112400.WAV SPECIES: 97 DETECTIONS: 35 TIME: 5 
SID: 484 PROCESSING: 20220512_030400.WAV SPECIES: 97 DETECTIONS: 4 TIME: 5 
SID: 485 PROCESSING: 20220512_021000.WAV SPECIES: 97 DETECTIONS: 2 TIME: 5 
SID: 486 PROCESSING: 20220512_023200.WAV SPECIES: 97 DETECTIONS: 0 TIME: 5 
SID: 487 PROCESSING: 20220512_042900.WAV SPECIES: 97 DETECTIONS: 0 TIME: 5 
SID: 488 PROCESSING: 20220512_064700.WAV SPECIES: 97 DETECTIONS: 32 TIME: 5 
SID: 489 PROCESSING: 20220512_051600.WAV SPECIES: 97 DETECTIONS: 0 TIME: 5 
SID: 490 PROCESSING: 20220512_023300.WAV SPECIES: 97 DETECTIONS: 0 TIME: 5 
SID: 491 PROCESSING: 20220512_035900.WAV SPECIES: 97 DETECTIONS: 0 TIME: 5 
SID: 492 PROCESSING: 20220512_080400.WAV SPECIES: 97 DETECTIONS: 31 TIME: 5 
SID: 493 PROCESSING: 20220512_065100.WAV SPECIES: 97 DETECTIONS: 38 TIME: 5 
SID: 494 PROCESSING: 20220512_071200.WAV SPECIES: 97 DETECTIONS: 29 TIME: 5 
SID: 495 PROCESSING: 20220512_104100.WAV SPECIES: 97 DETECTIONS: 16 TIME: 5 
SID: 496 PROCESSING: 20220512_053600.WAV SPECIES: 97 DETECTIONS: 2 TIME: 5 
SID: 497 PROCESSING: 20220512_104000.WAV SPECIES: 97 DETECTIONS: 25 TIME: 5 
SID: 498 PROCESSING: 20220512_112600.WAV SPECIES: 97 DETECTIONS: 28 TIME: 5 
SID: 499 PROCESSING: 20220512_101000.WAV SPECIES: 97 DETECTIONS: 22 TIME: 5 
SID: 500 PROCESSING: 20220512_071500.WAV SPECIES: 97 DETECTIONS: 29 TIME: 5 
SID: 501 PROCESSING: 20220512_111000.WAV SPECIES: 97 DETECTIONS: 31 TIME: 5 
SID: 502 PROCESSING: 20220512_013000.WAV SPECIES: 97 DETECTIONS: 0 TIME: 5 
SID: 503 PROCESSING: 20220512_023700.WAV SPECIES: 97 DETECTIONS: 0 TIME: 5 
SID: 504 PROCESSING: 20220512_020200.WAV SPECIES: 97 DETECTIONS: 0 TIME: 5 
SID: 505 PROCESSING: 20220512_004100.WAV SPECIES: 97 DETECTIONS: 2 TIME: 5 
SID: 506 PROCESSING: 20220512_073300.WAV SPECIES: 97 DETECTIONS: 38 TIME: 5 
SID: 507 PROCESSING: 20220512_020100.WAV SPECIES: 97 DETECTIONS: 0 TIME: 5 
SID: 508 PROCESSING: 20220512_003100.WAV SPECIES: 97 DETECTIONS: 0 TIME: 5 
SID: 509 PROCESSING: 20220512_035100.WAV SPECIES: 97 DETECTIONS: 0 TIME: 5 
SID: 510 PROCESSING: 20220512_100100.WAV SPECIES: 97 DETECTIONS: 16 TIME: 5 
SID: 511 PROCESSING: 20220512_091400.WAV SPECIES: 97 DETECTIONS: 25 TIME: 5 
SID: 512 PROCESSING: 20220512_005400.WAV SPECIES: 97 DETECTIONS: 10 TIME: 5 
SID: 513 PROCESSING: 20220512_002900.WAV SPECIES: 97 DETECTIONS: 0 TIME: 5 
SID: 514 PROCESSING: 20220512_115200.WAV SPECIES: 97 DETECTIONS: 22 TIME: 5 
SID: 515 PROCESSING: 20220512_085900.WAV SPECIES: 97 DETECTIONS: 29 TIME: 5 
SID: 516 PROCESSING: 20220512_053700.WAV SPECIES: 97 DETECTIONS: 1 TIME: 5 
SID: 517 PROCESSING: 20220512_110500.WAV SPECIES: 97 DETECTIONS: 32 TIME: 5 
SID: 518 PROCESSING: 20220512_051700.WAV SPECIES: 97 DETECTIONS: 0 TIME: 5 
SID: 519 PROCESSING: 20220512_024600.WAV SPECIES: 97 DETECTIONS: 1 TIME: 5 
SID: 520 PROCESSING: 20220512_084200.WAV SPECIES: 97 DETECTIONS: 28 TIME: 5 
SID: 521 PROCESSING: 20220512_044300.WAV SPECIES: 97 DETECTIONS: 1 TIME: 5 
SID: 522 PROCESSING: 20220512_011300.WAV SPECIES: 97 DETECTIONS: 0 TIME: 5 
SID: 523 PROCESSING: 20220512_055600.WAV SPECIES: 97 DETECTIONS: 25 TIME: 5 
SID: 524 PROCESSING: 20220512_000600.WAV SPECIES: 97 DETECTIONS: 0 TIME: 5 
SID: 525 PROCESSING: 20220512_000300.WAV SPECIES: 97 DETECTIONS: 0 TIME: 5 
SID: 526 PROCESSING: 20220512_102000.WAV SPECIES: 97 DETECTIONS: 20 TIME: 5 
SID: 527 PROCESSING: 20220512_080500.WAV SPECIES: 97 DETECTIONS: 39 TIME: 5 
SID: 528 PROCESSING: 20220512_070100.WAV SPECIES: 97 DETECTIONS: 31 TIME: 5 
SID: 529 PROCESSING: 20220512_050200.WAV SPECIES: 97 DETECTIONS: 1 TIME: 5 
SID: 530 PROCESSING: 20220512_043100.WAV SPECIES: 97 DETECTIONS: 0 TIME: 5 
SID: 531 PROCESSING: 20220512_054400.WAV SPECIES: 97 DETECTIONS: 8 TIME: 5 
SID: 532 PROCESSING: 20220512_092200.WAV SPECIES: 97 DETECTIONS: 26 TIME: 5 
SID: 533 PROCESSING: 20220512_032600.WAV SPECIES: 97 DETECTIONS: 0 TIME: 5 
SID: 534 PROCESSING: 20220512_085800.WAV SPECIES: 97 DETECTIONS: 30 TIME: 5 
SID: 535 PROCESSING: 20220512_113500.WAV SPECIES: 97 DETECTIONS: 11 TIME: 5 
SID: 536 PROCESSING: 20220512_084300.WAV SPECIES: 97 DETECTIONS: 31 TIME: 5 
SID: 537 PROCESSING: 20220512_051300.WAV SPECIES: 97 DETECTIONS: 0 TIME: 5 
SID: 538 PROCESSING: 20220512_015200.WAV SPECIES: 97 DETECTIONS: 0 TIME: 5 
SID: 539 PROCESSING: 20220512_020400.WAV SPECIES: 97 DETECTIONS: 0 TIME: 5 
SID: 540 PROCESSING: 20220512_033000.WAV SPECIES: 97 DETECTIONS: 0 TIME: 5 
SID: 541 PROCESSING: 20220512_004800.WAV SPECIES: 97 DETECTIONS: 8 TIME: 5 
SID: 542 PROCESSING: 20220512_113900.WAV SPECIES: 97 DETECTIONS: 30 TIME: 5 
SID: 543 PROCESSING: 20220512_020900.WAV SPECIES: 97 DETECTIONS: 1 TIME: 5 
SID: 544 PROCESSING: 20220512_102900.WAV SPECIES: 97 DETECTIONS: 21 TIME: 5 
SID: 545 PROCESSING: 20220512_064300.WAV SPECIES: 97 DETECTIONS: 35 TIME: 5 
SID: 546 PROCESSING: 20220512_083800.WAV SPECIES: 97 DETECTIONS: 39 TIME: 5 
SID: 547 PROCESSING: 20220512_105700.WAV SPECIES: 97 DETECTIONS: 7 TIME: 5 
SID: 548 PROCESSING: 20220512_014600.WAV SPECIES: 97 DETECTIONS: 0 TIME: 5 
SID: 549 PROCESSING: 20220512_085300.WAV SPECIES: 97 DETECTIONS: 31 TIME: 5 
SID: 550 PROCESSING: 20220512_092600.WAV SPECIES: 97 DETECTIONS: 26 TIME: 5 
SID: 551 PROCESSING: 20220512_073000.WAV SPECIES: 97 DETECTIONS: 23 TIME: 5 
SID: 552 PROCESSING: 20220512_025800.WAV SPECIES: 97 DETECTIONS: 3 TIME: 5 
SID: 553 PROCESSING: 20220512_044500.WAV SPECIES: 97 DETECTIONS: 0 TIME: 5 
SID: 554 PROCESSING: 20220512_060000.WAV SPECIES: 97 DETECTIONS: 23 TIME: 5 
SID: 555 PROCESSING: 20220512_005700.WAV SPECIES: 97 DETECTIONS: 6 TIME: 5 
SID: 556 PROCESSING: 20220512_081600.WAV SPECIES: 97 DETECTIONS: 28 TIME: 5 
SID: 557 PROCESSING: 20220512_060600.WAV SPECIES: 97 DETECTIONS: 17 TIME: 5 
SID: 558 PROCESSING: 20220512_114000.WAV SPECIES: 97 DETECTIONS: 41 TIME: 5 
SID: 559 PROCESSING: 20220512_050800.WAV SPECIES: 97 DETECTIONS: 1 TIME: 5 
SID: 560 PROCESSING: 20220512_064900.WAV SPECIES: 97 DETECTIONS: 28 TIME: 5 
SID: 561 PROCESSING: 20220512_030100.WAV SPECIES: 97 DETECTIONS: 13 TIME: 5 
SID: 562 PROCESSING: 20220512_011600.WAV SPECIES: 97 DETECTIONS: 0 TIME: 5 
SID: 563 PROCESSING: 20220512_064600.WAV SPECIES: 97 DETECTIONS: 37 TIME: 5 
SID: 564 PROCESSING: 20220512_094700.WAV SPECIES: 97 DETECTIONS: 23 TIME: 5 
SID: 565 PROCESSING: 20220512_114600.WAV SPECIES: 97 DETECTIONS: 23 TIME: 5 
SID: 566 PROCESSING: 20220512_030800.WAV SPECIES: 97 DETECTIONS: 0 TIME: 5 
SID: 567 PROCESSING: 20220512_082400.WAV SPECIES: 97 DETECTIONS: 40 TIME: 5 
SID: 568 PROCESSING: 20220512_041100.WAV SPECIES: 97 DETECTIONS: 0 TIME: 5 
SID: 569 PROCESSING: 20220512_012000.WAV SPECIES: 97 DETECTIONS: 1 TIME: 5 
SID: 570 PROCESSING: 20220512_083100.WAV SPECIES: 97 DETECTIONS: 33 TIME: 5 
SID: 571 PROCESSING: 20220512_081400.WAV SPECIES: 97 DETECTIONS: 29 TIME: 5 
SID: 572 PROCESSING: 20220512_004000.WAV SPECIES: 97 DETECTIONS: 3 TIME: 5 
SID: 573 PROCESSING: 20220512_082100.WAV SPECIES: 97 DETECTIONS: 26 TIME: 5 
SID: 574 PROCESSING: 20220512_063800.WAV SPECIES: 97 DETECTIONS: 35 TIME: 5 
SID: 575 PROCESSING: 20220512_095400.WAV SPECIES: 97 DETECTIONS: 42 TIME: 5 
SID: 576 PROCESSING: 20220512_040600.WAV SPECIES: 97 DETECTIONS: 1 TIME: 5 
SID: 577 PROCESSING: 20220512_000800.WAV SPECIES: 97 DETECTIONS: 0 TIME: 5 
SID: 578 PROCESSING: 20220512_053900.WAV SPECIES: 97 DETECTIONS: 1 TIME: 5 
SID: 579 PROCESSING: 20220512_043700.WAV SPECIES: 97 DETECTIONS: 0 TIME: 5 
SID: 580 PROCESSING: 20220512_002400.WAV SPECIES: 97 DETECTIONS: 0 TIME: 5 
SID: 581 PROCESSING: 20220512_002200.WAV SPECIES: 97 DETECTIONS: 0 TIME: 5 
SID: 582 PROCESSING: 20220512_010000.WAV SPECIES: 97 DETECTIONS: 0 TIME: 5 
SID: 583 PROCESSING: 20220512_004700.WAV SPECIES: 97 DETECTIONS: 16 TIME: 5 
SID: 584 PROCESSING: 20220512_082300.WAV SPECIES: 97 DETECTIONS: 46 TIME: 5 
SID: 585 PROCESSING: 20220512_030900.WAV SPECIES: 97 DETECTIONS: 0 TIME: 5 
SID: 586 PROCESSING: 20220512_043400.WAV SPECIES: 97 DETECTIONS: 0 TIME: 5 
SID: 587 PROCESSING: 20220512_013500.WAV SPECIES: 97 DETECTIONS: 0 TIME: 5 
SID: 588 PROCESSING: 20220512_005900.WAV SPECIES: 97 DETECTIONS: 2 TIME: 5 
SID: 589 PROCESSING: 20220512_021600.WAV SPECIES: 97 DETECTIONS: 0 TIME: 5 
SID: 590 PROCESSING: 20220512_024200.WAV SPECIES: 97 DETECTIONS: 0 TIME: 5 
SID: 591 PROCESSING: 20220512_025900.WAV SPECIES: 97 DETECTIONS: 8 TIME: 5 
SID: 592 PROCESSING: 20220512_050700.WAV SPECIES: 97 DETECTIONS: 1 TIME: 5 
SID: 593 PROCESSING: 20220512_000200.WAV SPECIES: 97 DETECTIONS: 0 TIME: 5 
SID: 594 PROCESSING: 20220512_093600.WAV SPECIES: 97 DETECTIONS: 36 TIME: 5 
SID: 595 PROCESSING: 20220512_114700.WAV SPECIES: 97 DETECTIONS: 25 TIME: 5 
SID: 596 PROCESSING: 20220512_045700.WAV SPECIES: 97 DETECTIONS: 0 TIME: 5 
SID: 597 PROCESSING: 20220512_045400.WAV SPECIES: 97 DETECTIONS: 0 TIME: 5 
SID: 598 PROCESSING: 20220512_075300.WAV SPECIES: 97 DETECTIONS: 26 TIME: 5 
SID: 599 PROCESSING: 20220512_015700.WAV SPECIES: 97 DETECTIONS: 1 TIME: 5 
SID: 600 PROCESSING: 20220512_094100.WAV SPECIES: 97 DETECTIONS: 40 TIME: 5 
SID: 601 PROCESSING: 20220512_083000.WAV SPECIES: 97 DETECTIONS: 24 TIME: 5 
SID: 602 PROCESSING: 20220512_053000.WAV SPECIES: 97 DETECTIONS: 1 TIME: 5 
SID: 603 PROCESSING: 20220512_100000.WAV SPECIES: 97 DETECTIONS: 28 TIME: 5 
SID: 604 PROCESSING: 20220512_002100.WAV SPECIES: 97 DETECTIONS: 0 TIME: 5 
SID: 605 PROCESSING: 20220512_043900.WAV SPECIES: 97 DETECTIONS: 0 TIME: 5 
SID: 606 PROCESSING: 20220512_052500.WAV SPECIES: 97 DETECTIONS: 0 TIME: 5 
SID: 607 PROCESSING: 20220512_091000.WAV SPECIES: 97 DETECTIONS: 31 TIME: 5 
SID: 608 PROCESSING: 20220512_092100.WAV SPECIES: 97 DETECTIONS: 24 TIME: 5 
SID: 609 PROCESSING: 20220512_032000.WAV SPECIES: 97 DETECTIONS: 0 TIME: 5 
SID: 610 PROCESSING: 20220512_041800.WAV SPECIES: 97 DETECTIONS: 0 TIME: 5 
SID: 611 PROCESSING: 20220512_095700.WAV SPECIES: 97 DETECTIONS: 29 TIME: 5 
SID: 612 PROCESSING: 20220512_031200.WAV SPECIES: 97 DETECTIONS: 4 TIME: 5 
SID: 613 PROCESSING: 20220512_044100.WAV SPECIES: 97 DETECTIONS: 0 TIME: 5 
SID: 614 PROCESSING: 20220512_042200.WAV SPECIES: 97 DETECTIONS: 0 TIME: 5 
SID: 615 PROCESSING: 20220512_104400.WAV SPECIES: 97 DETECTIONS: 18 TIME: 5 
SID: 616 PROCESSING: 20220512_060500.WAV SPECIES: 97 DETECTIONS: 12 TIME: 5 
SID: 617 PROCESSING: 20220512_000400.WAV SPECIES: 97 DETECTIONS: 0 TIME: 5 
SID: 618 PROCESSING: 20220512_004400.WAV SPECIES: 97 DETECTIONS: 1 TIME: 5 
SID: 619 PROCESSING: 20220512_022900.WAV SPECIES: 97 DETECTIONS: 0 TIME: 5 
SID: 620 PROCESSING: 20220512_010100.WAV SPECIES: 97 DETECTIONS: 0 TIME: 5 
SID: 621 PROCESSING: 20220512_013700.WAV SPECIES: 97 DETECTIONS: 0 TIME: 5 
SID: 622 PROCESSING: 20220512_012600.WAV SPECIES: 97 DETECTIONS: 1 TIME: 5 
SID: 623 PROCESSING: 20220512_084500.WAV SPECIES: 97 DETECTIONS: 35 TIME: 5 
SID: 624 PROCESSING: 20220512_054700.WAV SPECIES: 97 DETECTIONS: 13 TIME: 5 
SID: 625 PROCESSING: 20220512_061900.WAV SPECIES: 97 DETECTIONS: 43 TIME: 5 
SID: 626 PROCESSING: 20220512_070200.WAV SPECIES: 97 DETECTIONS: 35 TIME: 5 
SID: 627 PROCESSING: 20220512_100500.WAV SPECIES: 97 DETECTIONS: 33 TIME: 5 
SID: 628 PROCESSING: 20220512_014500.WAV SPECIES: 97 DETECTIONS: 1 TIME: 5 
SID: 629 PROCESSING: 20220512_064100.WAV SPECIES: 97 DETECTIONS: 31 TIME: 5 
SID: 630 PROCESSING: 20220512_100400.WAV SPECIES: 97 DETECTIONS: 33 TIME: 5 
SID: 631 PROCESSING: 20220512_004900.WAV SPECIES: 97 DETECTIONS: 5 TIME: 5 
SID: 632 PROCESSING: 20220512_045100.WAV SPECIES: 97 DETECTIONS: 0 TIME: 5 
SID: 633 PROCESSING: 20220512_075100.WAV SPECIES: 97 DETECTIONS: 37 TIME: 5 
SID: 634 PROCESSING: 20220512_082800.WAV SPECIES: 97 DETECTIONS: 33 TIME: 5 
SID: 635 PROCESSING: 20220512_081700.WAV SPECIES: 97 DETECTIONS: 25 TIME: 5 
SID: 636 PROCESSING: 20220512_065700.WAV SPECIES: 97 DETECTIONS: 48 TIME: 5 
SID: 637 PROCESSING: 20220512_115700.WAV SPECIES: 97 DETECTIONS: 37 TIME: 5 
SID: 638 PROCESSING: 20220512_061400.WAV SPECIES: 97 DETECTIONS: 45 TIME: 5 
SID: 639 PROCESSING: 20220512_091100.WAV SPECIES: 97 DETECTIONS: 28 TIME: 5 
SID: 640 PROCESSING: 20220512_045300.WAV SPECIES: 97 DETECTIONS: 0 TIME: 11 
SID: 641 PROCESSING: 20220512_082700.WAV SPECIES: 97 DETECTIONS: 34 TIME: 11 
SID: 642 PROCESSING: 20220512_101600.WAV SPECIES: 97 DETECTIONS: 23 TIME: 11 
SID: 643 PROCESSING: 20220512_102400.WAV SPECIES: 97 DETECTIONS: 35 TIME: 10 
SID: 644 PROCESSING: 20220512_105900.WAV SPECIES: 97 DETECTIONS: 28 TIME: 10 
SID: 645 PROCESSING: 20220512_081200.WAV SPECIES: 97 DETECTIONS: 29 TIME: 11 
SID: 646 PROCESSING: 20220512_105500.WAV SPECIES: 97 DETECTIONS: 16 TIME: 11 
SID: 647 PROCESSING: 20220512_073600.WAV SPECIES: 97 DETECTIONS: 25 TIME: 11 
SID: 648 PROCESSING: 20220512_111500.WAV SPECIES: 97 DETECTIONS: 22 TIME: 11 
SID: 649 PROCESSING: 20220512_042400.WAV SPECIES: 97 DETECTIONS: 0 TIME: 11 
SID: 650 PROCESSING: 20220512_043200.WAV SPECIES: 97 DETECTIONS: 1 TIME: 11 
SID: 651 PROCESSING: 20220512_022300.WAV SPECIES: 97 DETECTIONS: 0 TIME: 11 
SID: 652 PROCESSING: 20220512_040000.WAV SPECIES: 97 DETECTIONS: 0 TIME: 11 
SID: 653 PROCESSING: 20220512_013300.WAV SPECIES: 97 DETECTIONS: 0 TIME: 12 
SID: 654 PROCESSING: 20220512_082500.WAV SPECIES: 97 DETECTIONS: 41 TIME: 12 
SID: 655 PROCESSING: 20220512_090600.WAV SPECIES: 97 DETECTIONS: 26 TIME: 7 
SID: 656 PROCESSING: 20220512_091900.WAV SPECIES: 97 DETECTIONS: 34 TIME: 7 
SID: 657 PROCESSING: 20220512_080100.WAV SPECIES: 97 DETECTIONS: 37 TIME: 8 
SID: 658 PROCESSING: 20220512_001000.WAV SPECIES: 97 DETECTIONS: 0 TIME: 9 
SID: 659 PROCESSING: 20220512_032500.WAV SPECIES: 97 DETECTIONS: 0 TIME: 10 
SID: 660 PROCESSING: 20220512_084700.WAV SPECIES: 97 DETECTIONS: 29 TIME: 10 
SID: 661 PROCESSING: 20220512_000500.WAV SPECIES: 97 DETECTIONS: 1 TIME: 10 
SID: 662 PROCESSING: 20220512_034300.WAV SPECIES: 97 DETECTIONS: 0 TIME: 11 
SID: 663 PROCESSING: 20220512_101900.WAV SPECIES: 97 DETECTIONS: 26 TIME: 10 
SID: 664 PROCESSING: 20220512_093800.WAV SPECIES: 97 DETECTIONS: 30 TIME: 7 
SID: 665 PROCESSING: 20220512_063900.WAV SPECIES: 97 DETECTIONS: 30 TIME: 10 
SID: 666 PROCESSING: 20220512_021200.WAV SPECIES: 97 DETECTIONS: 0 TIME: 10 
SID: 667 PROCESSING: 20220512_030300.WAV SPECIES: 97 DETECTIONS: 3 TIME: 10 
SID: 668 PROCESSING: 20220512_063400.WAV SPECIES: 97 DETECTIONS: 27 TIME: 10 
SID: 669 PROCESSING: 20220512_025500.WAV SPECIES: 97 DETECTIONS: 1 TIME: 11 
SID: 670 PROCESSING: 20220512_060100.WAV SPECIES: 97 DETECTIONS: 17 TIME: 10 
SID: 671 PROCESSING: 20220512_101800.WAV SPECIES: 97 DETECTIONS: 16 TIME: 11 
SID: 672 PROCESSING: 20220512_024100.WAV SPECIES: 97 DETECTIONS: 0 TIME: 11 
SID: 673 PROCESSING: 20220512_070700.WAV SPECIES: 97 DETECTIONS: 27 TIME: 8 
SID: 674 PROCESSING: 20220512_040800.WAV SPECIES: 97 DETECTIONS: 0 TIME: 5 
SID: 675 PROCESSING: 20220512_045000.WAV SPECIES: 97 DETECTIONS: 0 TIME: 5 
SID: 676 PROCESSING: 20220512_001100.WAV SPECIES: 97 DETECTIONS: 0 TIME: 5 
SID: 677 PROCESSING: 20220512_023900.WAV SPECIES: 97 DETECTIONS: 0 TIME: 5 
SID: 678 PROCESSING: 20220512_042500.WAV SPECIES: 97 DETECTIONS: 0 TIME: 5 
SID: 679 PROCESSING: 20220512_042000.WAV SPECIES: 97 DETECTIONS: 0 TIME: 5 
SID: 680 PROCESSING: 20220512_073200.WAV SPECIES: 97 DETECTIONS: 23 TIME: 5 
SID: 681 PROCESSING: 20220512_031000.WAV SPECIES: 97 DETECTIONS: 0 TIME: 5 
SID: 682 PROCESSING: 20220512_113600.WAV SPECIES: 97 DETECTIONS: 12 TIME: 5 
SID: 683 PROCESSING: 20220512_114200.WAV SPECIES: 97 DETECTIONS: 25 TIME: 5 
SID: 684 PROCESSING: 20220512_040900.WAV SPECIES: 97 DETECTIONS: 0 TIME: 5 
SID: 685 PROCESSING: 20220512_024300.WAV SPECIES: 97 DETECTIONS: 0 TIME: 5 
SID: 686 PROCESSING: 20220512_021800.WAV SPECIES: 97 DETECTIONS: 0 TIME: 5 
SID: 687 PROCESSING: 20220512_004200.WAV SPECIES: 97 DETECTIONS: 5 TIME: 5 
SID: 688 PROCESSING: 20220512_105800.WAV SPECIES: 97 DETECTIONS: 17 TIME: 5 
SID: 689 PROCESSING: 20220512_025300.WAV SPECIES: 97 DETECTIONS: 0 TIME: 5 
SID: 690 PROCESSING: 20220512_041000.WAV SPECIES: 97 DETECTIONS: 0 TIME: 5 
SID: 691 PROCESSING: 20220512_113000.WAV SPECIES: 97 DETECTIONS: 26 TIME: 5 
SID: 692 PROCESSING: 20220512_074000.WAV SPECIES: 97 DETECTIONS: 30 TIME: 5 
SID: 693 PROCESSING: 20220512_002300.WAV SPECIES: 97 DETECTIONS: 0 TIME: 5 
SID: 694 PROCESSING: 20220512_090100.WAV SPECIES: 97 DETECTIONS: 33 TIME: 5 
SID: 695 PROCESSING: 20220512_061700.WAV SPECIES: 97 DETECTIONS: 36 TIME: 5 
SID: 696 PROCESSING: 20220512_103400.WAV SPECIES: 97 DETECTIONS: 16 TIME: 5 
SID: 697 PROCESSING: 20220512_044600.WAV SPECIES: 97 DETECTIONS: 0 TIME: 5 
SID: 698 PROCESSING: 20220512_052000.WAV SPECIES: 97 DETECTIONS: 0 TIME: 5 
SID: 699 PROCESSING: 20220512_023400.WAV SPECIES: 97 DETECTIONS: 3 TIME: 5 
SID: 700 PROCESSING: 20220512_080900.WAV SPECIES: 97 DETECTIONS: 32 TIME: 5 
SID: 701 PROCESSING: 20220512_001600.WAV SPECIES: 97 DETECTIONS: 0 TIME: 5 
SID: 702 PROCESSING: 20220512_012700.WAV SPECIES: 97 DETECTIONS: 0 TIME: 5 
SID: 703 PROCESSING: 20220512_111300.WAV SPECIES: 97 DETECTIONS: 26 TIME: 5 
SID: 704 PROCESSING: 20220512_063600.WAV SPECIES: 97 DETECTIONS: 26 TIME: 5 
SID: 705 PROCESSING: 20220512_071800.WAV SPECIES: 97 DETECTIONS: 42 TIME: 5 
SID: 706 PROCESSING: 20220512_062200.WAV SPECIES: 97 DETECTIONS: 33 TIME: 5 
SID: 707 PROCESSING: 20220512_022400.WAV SPECIES: 97 DETECTIONS: 0 TIME: 5 
SID: 708 PROCESSING: 20220512_112800.WAV SPECIES: 97 DETECTIONS: 27 TIME: 5 
SID: 709 PROCESSING: 20220512_095500.WAV SPECIES: 97 DETECTIONS: 32 TIME: 5 
SID: 710 PROCESSING: 20220512_070000.WAV SPECIES: 97 DETECTIONS: 30 TIME: 5 
SID: 711 PROCESSING: 20220512_040400.WAV SPECIES: 97 DETECTIONS: 0 TIME: 5 
SID: 712 PROCESSING: 20220512_110700.WAV SPECIES: 97 DETECTIONS: 33 TIME: 5 
SID: 713 PROCESSING: 20220512_011800.WAV SPECIES: 97 DETECTIONS: 0 TIME: 5 
SID: 714 PROCESSING: 20220512_100600.WAV SPECIES: 97 DETECTIONS: 21 TIME: 5 
SID: 715 PROCESSING: 20220512_022100.WAV SPECIES: 97 DETECTIONS: 0 TIME: 5 
SID: 716 PROCESSING: 20220512_083200.WAV SPECIES: 97 DETECTIONS: 34 TIME: 5 
SID: 717 PROCESSING: 20220512_090500.WAV SPECIES: 97 DETECTIONS: 29 TIME: 5 
SID: 718 PROCESSING: 20220512_095600.WAV SPECIES: 97 DETECTIONS: 32 TIME: 5 
SID: 719 PROCESSING: 20220512_034100.WAV SPECIES: 97 DETECTIONS: 0 TIME: 5 
