FILES IN DATASET: 719 
LOADING SNAPSHOT BirdNET_Soundscape_Model.pkl ... DONE! 
BUILDING BirdNET MODEL... DONE! 
IMPORTING MODEL PARAMS... DONE! 
COMPILING THEANO TEST FUNCTION FUNCTION... DONE! 
LOADING eBIRD GRID DATA... DONE! 13800 GRID CELLS 
SID: 1 PROCESSING: 20220506_010500.WAV SPECIES: 93 DETECTIONS: 1 TIME: 6 
SID: 2 PROCESSING: 20220506_024700.WAV SPECIES: 93 DETECTIONS: 0 TIME: 6 
SID: 3 PROCESSING: 20220506_045000.WAV SPECIES: 93 DETECTIONS: 0 TIME: 6 
SID: 4 PROCESSING: 20220506_021600.WAV SPECIES: 93 DETECTIONS: 0 TIME: 6 
SID: 5 PROCESSING: 20220506_111100.WAV SPECIES: 93 DETECTIONS: 24 TIME: 6 
SID: 6 PROCESSING: 20220506_043400.WAV SPECIES: 93 DETECTIONS: 1 TIME: 6 
SID: 7 PROCESSING: 20220506_080800.WAV SPECIES: 93 DETECTIONS: 29 TIME: 6 
SID: 8 PROCESSING: 20220506_031700.WAV SPECIES: 93 DETECTIONS: 0 TIME: 6 
SID: 9 PROCESSING: 20220506_075100.WAV SPECIES: 93 DETECTIONS: 36 TIME: 6 
SID: 10 PROCESSING: 20220506_074400.WAV SPECIES: 93 DETECTIONS: 21 TIME: 6 
SID: 11 PROCESSING: 20220506_061500.WAV SPECIES: 93 DETECTIONS: 21 TIME: 6 
SID: 12 PROCESSING: 20220506_020100.WAV SPECIES: 93 DETECTIONS: 0 TIME: 6 
SID: 13 PROCESSING: 20220506_093000.WAV SPECIES: 93 DETECTIONS: 29 TIME: 6 
SID: 14 PROCESSING: 20220506_043800.WAV SPECIES: 93 DETECTIONS: 0 TIME: 6 
SID: 15 PROCESSING: 20220506_100300.WAV SPECIES: 93 DETECTIONS: 27 TIME: 6 
SID: 16 PROCESSING: 20220506_114200.WAV SPECIES: 93 DETECTIONS: 24 TIME: 6 
SID: 17 PROCESSING: 20220506_032300.WAV SPECIES: 93 DETECTIONS: 0 TIME: 6 
SID: 18 PROCESSING: 20220506_025600.WAV SPECIES: 93 DETECTIONS: 0 TIME: 6 
SID: 19 PROCESSING: 20220506_081900.WAV SPECIES: 93 DETECTIONS: 23 TIME: 6 
SID: 20 PROCESSING: 20220506_043300.WAV SPECIES: 93 DETECTIONS: 0 TIME: 6 
SID: 21 PROCESSING: 20220506_112300.WAV SPECIES: 93 DETECTIONS: 33 TIME: 6 
SID: 22 PROCESSING: 20220506_000900.WAV SPECIES: 93 DETECTIONS: 0 TIME: 6 
SID: 23 PROCESSING: 20220506_085300.WAV SPECIES: 93 DETECTIONS: 31 TIME: 6 
SID: 24 PROCESSING: 20220506_020900.WAV SPECIES: 93 DETECTIONS: 0 TIME: 6 
SID: 25 PROCESSING: 20220506_000800.WAV SPECIES: 93 DETECTIONS: 0 TIME: 6 
SID: 26 PROCESSING: 20220506_040700.WAV SPECIES: 93 DETECTIONS: 0 TIME: 6 
SID: 27 PROCESSING: 20220506_045100.WAV SPECIES: 93 DETECTIONS: 0 TIME: 6 
SID: 28 PROCESSING: 20220506_042700.WAV SPECIES: 93 DETECTIONS: 0 TIME: 6 
SID: 29 PROCESSING: 20220506_031100.WAV SPECIES: 93 DETECTIONS: 0 TIME: 6 
SID: 30 PROCESSING: 20220506_103500.WAV SPECIES: 93 DETECTIONS: 13 TIME: 6 
SID: 31 PROCESSING: 20220506_035400.WAV SPECIES: 93 DETECTIONS: 0 TIME: 6 
SID: 32 PROCESSING: 20220506_025000.WAV SPECIES: 93 DETECTIONS: 0 TIME: 6 
SID: 33 PROCESSING: 20220506_064100.WAV SPECIES: 93 DETECTIONS: 30 TIME: 6 
SID: 34 PROCESSING: 20220506_081600.WAV SPECIES: 93 DETECTIONS: 24 TIME: 6 
SID: 35 PROCESSING: 20220506_003600.WAV SPECIES: 93 DETECTIONS: 0 TIME: 6 
SID: 36 PROCESSING: 20220506_102100.WAV SPECIES: 93 DETECTIONS: 37 TIME: 6 
SID: 37 PROCESSING: 20220506_093500.WAV SPECIES: 93 DETECTIONS: 28 TIME: 6 
SID: 38 PROCESSING: 20220506_021400.WAV SPECIES: 93 DETECTIONS: 0 TIME: 6 
SID: 39 PROCESSING: 20220506_023900.WAV SPECIES: 93 DETECTIONS: 0 TIME: 6 
SID: 40 PROCESSING: 20220506_050000.WAV SPECIES: 93 DETECTIONS: 0 TIME: 6 
SID: 41 PROCESSING: 20220506_064200.WAV SPECIES: 93 DETECTIONS: 38 TIME: 6 
SID: 42 PROCESSING: 20220506_054400.WAV SPECIES: 93 DETECTIONS: 0 TIME: 6 
SID: 43 PROCESSING: 20220506_051500.WAV SPECIES: 93 DETECTIONS: 0 TIME: 6 
SID: 44 PROCESSING: 20220506_092300.WAV SPECIES: 93 DETECTIONS: 38 TIME: 6 
SID: 45 PROCESSING: 20220506_111800.WAV SPECIES: 93 DETECTIONS: 18 TIME: 6 
SID: 46 PROCESSING: 20220506_113800.WAV SPECIES: 93 DETECTIONS: 23 TIME: 6 
SID: 47 PROCESSING: 20220506_032400.WAV SPECIES: 93 DETECTIONS: 0 TIME: 6 
SID: 48 PROCESSING: 20220506_034400.WAV SPECIES: 93 DETECTIONS: 0 TIME: 6 
SID: 49 PROCESSING: 20220506_015500.WAV SPECIES: 93 DETECTIONS: 0 TIME: 6 
SID: 50 PROCESSING: 20220506_013100.WAV SPECIES: 93 DETECTIONS: 0 TIME: 6 
SID: 51 PROCESSING: 20220506_114100.WAV SPECIES: 93 DETECTIONS: 14 TIME: 6 
SID: 52 PROCESSING: 20220506_061400.WAV SPECIES: 93 DETECTIONS: 30 TIME: 6 
SID: 53 PROCESSING: 20220506_030600.WAV SPECIES: 93 DETECTIONS: 0 TIME: 6 
SID: 54 PROCESSING: 20220506_085000.WAV SPECIES: 93 DETECTIONS: 31 TIME: 6 
SID: 55 PROCESSING: 20220506_004600.WAV SPECIES: 93 DETECTIONS: 1 TIME: 6 
SID: 56 PROCESSING: 20220506_091400.WAV SPECIES: 93 DETECTIONS: 17 TIME: 6 
SID: 57 PROCESSING: 20220506_064800.WAV SPECIES: 93 DETECTIONS: 34 TIME: 6 
SID: 58 PROCESSING: 20220506_061200.WAV SPECIES: 93 DETECTIONS: 31 TIME: 6 
SID: 59 PROCESSING: 20220506_033500.WAV SPECIES: 93 DETECTIONS: 0 TIME: 6 
SID: 60 PROCESSING: 20220506_011600.WAV SPECIES: 93 DETECTIONS: 0 TIME: 6 
SID: 61 PROCESSING: 20220506_092600.WAV SPECIES: 93 DETECTIONS: 40 TIME: 6 
SID: 62 PROCESSING: 20220506_001800.WAV SPECIES: 93 DETECTIONS: 0 TIME: 6 
SID: 63 PROCESSING: 20220506_100600.WAV SPECIES: 93 DETECTIONS: 28 TIME: 6 
SID: 64 PROCESSING: 20220506_095700.WAV SPECIES: 93 DETECTIONS: 31 TIME: 6 
SID: 65 PROCESSING: 20220506_092400.WAV SPECIES: 93 DETECTIONS: 23 TIME: 6 
SID: 66 PROCESSING: 20220506_112800.WAV SPECIES: 93 DETECTIONS: 25 TIME: 6 
SID: 67 PROCESSING: 20220506_092900.WAV SPECIES: 93 DETECTIONS: 31 TIME: 6 
SID: 68 PROCESSING: 20220506_054500.WAV SPECIES: 93 DETECTIONS: 0 TIME: 6 
SID: 69 PROCESSING: 20220506_010000.WAV SPECIES: 93 DETECTIONS: 0 TIME: 6 
SID: 70 PROCESSING: 20220506_013900.WAV SPECIES: 93 DETECTIONS: 0 TIME: 6 
SID: 71 PROCESSING: 20220506_013300.WAV SPECIES: 93 DETECTIONS: 1 TIME: 6 
SID: 72 PROCESSING: 20220506_014200.WAV SPECIES: 93 DETECTIONS: 0 TIME: 6 
SID: 73 PROCESSING: 20220506_085200.WAV SPECIES: 93 DETECTIONS: 31 TIME: 6 
SID: 74 PROCESSING: 20220506_034600.WAV SPECIES: 93 DETECTIONS: 0 TIME: 6 
SID: 75 PROCESSING: 20220506_102400.WAV SPECIES: 93 DETECTIONS: 19 TIME: 6 
SID: 76 PROCESSING: 20220506_103000.WAV SPECIES: 93 DETECTIONS: 19 TIME: 6 
SID: 77 PROCESSING: 20220506_084400.WAV SPECIES: 93 DETECTIONS: 38 TIME: 6 
SID: 78 PROCESSING: 20220506_111700.WAV SPECIES: 93 DETECTIONS: 24 TIME: 6 
SID: 79 PROCESSING: 20220506_030300.WAV SPECIES: 93 DETECTIONS: 0 TIME: 6 
SID: 80 PROCESSING: 20220506_041800.WAV SPECIES: 93 DETECTIONS: 1 TIME: 6 
SID: 81 PROCESSING: 20220506_083200.WAV SPECIES: 93 DETECTIONS: 23 TIME: 6 
SID: 82 PROCESSING: 20220506_110800.WAV SPECIES: 93 DETECTIONS: 18 TIME: 6 
SID: 83 PROCESSING: 20220506_110100.WAV SPECIES: 93 DETECTIONS: 21 TIME: 6 
SID: 84 PROCESSING: 20220506_031300.WAV SPECIES: 93 DETECTIONS: 0 TIME: 6 
SID: 85 PROCESSING: 20220506_080000.WAV SPECIES: 93 DETECTIONS: 32 TIME: 6 
SID: 86 PROCESSING: 20220506_085400.WAV SPECIES: 93 DETECTIONS: 29 TIME: 6 
SID: 87 PROCESSING: 20220506_025800.WAV SPECIES: 93 DETECTIONS: 0 TIME: 6 
SID: 88 PROCESSING: 20220506_074300.WAV SPECIES: 93 DETECTIONS: 30 TIME: 6 
SID: 89 PROCESSING: 20220506_064000.WAV SPECIES: 93 DETECTIONS: 27 TIME: 6 
SID: 90 PROCESSING: 20220506_040600.WAV SPECIES: 93 DETECTIONS: 5 TIME: 6 
SID: 91 PROCESSING: 20220506_030000.WAV SPECIES: 93 DETECTIONS: 0 TIME: 6 
SID: 92 PROCESSING: 20220506_091200.WAV SPECIES: 93 DETECTIONS: 17 TIME: 6 
SID: 93 PROCESSING: 20220506_075800.WAV SPECIES: 93 DETECTIONS: 23 TIME: 6 
SID: 94 PROCESSING: 20220506_084800.WAV SPECIES: 93 DETECTIONS: 32 TIME: 6 
SID: 95 PROCESSING: 20220506_083300.WAV SPECIES: 93 DETECTIONS: 7 TIME: 6 
SID: 96 PROCESSING: 20220506_093300.WAV SPECIES: 93 DETECTIONS: 27 TIME: 6 
SID: 97 PROCESSING: 20220506_082600.WAV SPECIES: 93 DETECTIONS: 31 TIME: 6 
SID: 98 PROCESSING: 20220506_063300.WAV SPECIES: 93 DETECTIONS: 22 TIME: 6 
SID: 99 PROCESSING: 20220506_010600.WAV SPECIES: 93 DETECTIONS: 0 TIME: 6 
SID: 100 PROCESSING: 20220506_084200.WAV SPECIES: 93 DETECTIONS: 30 TIME: 6 
SID: 101 PROCESSING: 20220506_024800.WAV SPECIES: 93 DETECTIONS: 0 TIME: 6 
SID: 102 PROCESSING: 20220506_030500.WAV SPECIES: 93 DETECTIONS: 0 TIME: 6 
SID: 103 PROCESSING: 20220506_031900.WAV SPECIES: 93 DETECTIONS: 0 TIME: 6 
SID: 104 PROCESSING: 20220506_055100.WAV SPECIES: 93 DETECTIONS: 25 TIME: 6 
SID: 105 PROCESSING: 20220506_105800.WAV SPECIES: 93 DETECTIONS: 34 TIME: 6 
SID: 106 PROCESSING: 20220506_064500.WAV SPECIES: 93 DETECTIONS: 31 TIME: 6 
SID: 107 PROCESSING: 20220506_115700.WAV SPECIES: 93 