FILES IN DATASET: 1 
LOADING SNAPSHOT BirdNET_Soundscape_Model.pkl ... DONE! 
BUILDING BirdNET MODEL... DONE! 
IMPORTING MODEL PARAMS... DONE! 
COMPILING THEANO TEST FUNCTION FUNCTION... INFO (theano.gof.compilelock): Waiting for existing lock by process '2513069' (I am process '652179')
INFO (theano.gof.compilelock): To manually release the lock, delete /home/vl1019/.theano/compiledir_Linux-4.18-el8_4.x86_64-x86_64-with-redhat-8.4-Ootpa-x86_64-3.7.13-64/lock_dir
INFO (theano.gof.compilelock): Waiting for existing lock by process '2357418' (I am process '652179')
INFO (theano.gof.compilelock): To manually release the lock, delete /home/vl1019/.theano/compiledir_Linux-4.18-el8_4.x86_64-x86_64-with-redhat-8.4-Ootpa-x86_64-3.7.13-64/lock_dir
DONE! 
LOADING eBIRD GRID DATA... DONE! 13800 GRID CELLS 
SID: 1 PROCESSING: 20220505_000100.WAV SPECIES: 93 DETECTIONS: 30 TIME: 610 
FILES IN DATASET: 1 
LOADING SNAPSHOT BirdNET_Soundscape_Model.pkl ... DONE! 
BUILDING BirdNET MODEL... DONE! 
IMPORTING MODEL PARAMS... DONE! 
COMPILING THEANO TEST FUNCTION FUNCTION... DONE! 
LOADING eBIRD GRID DATA... DONE! 13800 GRID CELLS 
SID: 1 PROCESSING: 20220505_020002.WAV SPECIES: 93 /opt/slurm/data/slurmd/job20200278/slurm_script: line 18: 653142 Killed                  python analyze.py --i /scratch/vl1019/LARN_SONS_2022/AUDIOMOTH_ESPACES_BOISES/24/2022-05-05/20220505_020002.WAV --o /scratch/vl1019/LARN_SONS_2022/BirdNET/AUDIOMOTH_ESPACES_BOISES/24 --lat 47.34 --lon -2.20 --week 16 --min_conf 0.1
FILES IN DATASET: 1 
LOADING SNAPSHOT BirdNET_Soundscape_Model.pkl ... DONE! 
BUILDING BirdNET MODEL... DONE! 
IMPORTING MODEL PARAMS... DONE! 
COMPILING THEANO TEST FUNCTION FUNCTION... INFO (theano.gof.compilelock): Waiting for existing lock by process '2515309' (I am process '653606')
INFO (theano.gof.compilelock): To manually release the lock, delete /home/vl1019/.theano/compiledir_Linux-4.18-el8_4.x86_64-x86_64-with-redhat-8.4-Ootpa-x86_64-3.7.13-64/lock_dir
DONE! 
LOADING eBIRD GRID DATA... DONE! 13800 GRID CELLS 
SID: 1 PROCESSING: 20220506_000100.WAV SPECIES: 93 DETECTIONS: 60 TIME: 605 
FILES IN DATASET: 1 
LOADING SNAPSHOT BirdNET_Soundscape_Model.pkl ... DONE! 
BUILDING BirdNET MODEL... DONE! 
IMPORTING MODEL PARAMS... DONE! 
COMPILING THEANO TEST FUNCTION FUNCTION... INFO (theano.gof.compilelock): Waiting for existing lock by process '4109956' (I am process '654497')
INFO (theano.gof.compilelock): To manually release the lock, delete /home/vl1019/.theano/compiledir_Linux-4.18-el8_4.x86_64-x86_64-with-redhat-8.4-Ootpa-x86_64-3.7.13-64/lock_dir
INFO (theano.gof.compilelock): Waiting for existing lock by process '2700165' (I am process '654497')
INFO (theano.gof.compilelock): To manually release the lock, delete /home/vl1019/.theano/compiledir_Linux-4.18-el8_4.x86_64-x86_64-with-redhat-8.4-Ootpa-x86_64-3.7.13-64/lock_dir
DONE! 
LOADING eBIRD GRID DATA... DONE! 13800 GRID CELLS 
SID: 1 PROCESSING: 20220506_020002.WAV SPECIES: 93 /opt/slurm/data/slurmd/job20200278/slurm_script: line 20: 654497 Killed                  python analyze.py --i /scratch/vl1019/LARN_SONS_2022/AUDIOMOTH_ESPACES_BOISES/24/2022-05-06/20220506_020002.WAV --o /scratch/vl1019/LARN_SONS_2022/BirdNET/AUDIOMOTH_ESPACES_BOISES/24 --lat 47.34 --lon -2.20 --week 16 --min_conf 0.1
FILES IN DATASET: 1 
LOADING SNAPSHOT BirdNET_Soundscape_Model.pkl ... DONE! 
BUILDING BirdNET MODEL... DONE! 
IMPORTING MODEL PARAMS... DONE! 
COMPILING THEANO TEST FUNCTION FUNCTION... DONE! 
LOADING eBIRD GRID DATA... DONE! 13800 GRID CELLS 
SID: 1 PROCESSING: 20220507_000100.WAV SPECIES: 93 DETECTIONS: 60 TIME: 629 
FILES IN DATASET: 1 
LOADING SNAPSHOT BirdNET_Soundscape_Model.pkl ... DONE! 
BUILDING BirdNET MODEL... DONE! 
IMPORTING MODEL PARAMS... DONE! 
COMPILING THEANO TEST FUNCTION FUNCTION... DONE! 
LOADING eBIRD GRID DATA... DONE! 13800 GRID CELLS 
SID: 1 PROCESSING: 20220507_020002.WAV SPECIES: 93 /opt/slurm/data/slurmd/job20200278/slurm_script: line 22: 655959 Killed                  python analyze.py --i /scratch/vl1019/LARN_SONS_2022/AUDIOMOTH_ESPACES_BOISES/24/2022-05-07/20220507_020002.WAV --o /scratch/vl1019/LARN_SONS_2022/BirdNET/AUDIOMOTH_ESPACES_BOISES/24 --lat 47.34 --lon -2.20 --week 16 --min_conf 0.1
FILES IN DATASET: 1 
LOADING SNAPSHOT BirdNET_Soundscape_Model.pkl ... DONE! 
BUILDING BirdNET MODEL... DONE! 
IMPORTING MODEL PARAMS... DONE! 
COMPILING THEANO TEST FUNCTION FUNCTION... DONE! 
LOADING eBIRD GRID DATA... DONE! 13800 GRID CELLS 
SID: 1 PROCESSING: 20220508_000100.WAV SPECIES: 97 DETECTIONS: 35 TIME: 606 
FILES IN DATASET: 1 
LOADING SNAPSHOT BirdNET_Soundscape_Model.pkl ... DONE! 
BUILDING BirdNET MODEL... DONE! 
IMPORTING MODEL PARAMS... DONE! 
COMPILING THEANO TEST FUNCTION FUNCTION... DONE! 
LOADING eBIRD GRID DATA... DONE! 13800 GRID CELLS 
SID: 1 PROCESSING: 20220508_020002.WAV SPECIES: 97 /opt/slurm/data/slurmd/job20200278/slurm_script: line 24: 657366 Killed                  python analyze.py --i /scratch/vl1019/LARN_SONS_2022/AUDIOMOTH_ESPACES_BOISES/24/2022-05-08/20220508_020002.WAV --o /scratch/vl1019/LARN_SONS_2022/BirdNET/AUDIOMOTH_ESPACES_BOISES/24 --lat 47.34 --lon -2.20 --week 17 --min_conf 0.1
FILES IN DATASET: 1 
LOADING SNAPSHOT BirdNET_Soundscape_Model.pkl ... DONE! 
BUILDING BirdNET MODEL... DONE! 
IMPORTING MODEL PARAMS... DONE! 
COMPILING THEANO TEST FUNCTION FUNCTION... DONE! 
LOADING eBIRD GRID DATA... DONE! 13800 GRID CELLS 
SID: 1 PROCESSING: 20220509_000100.WAV SPECIES: 97 DETECTIONS: 91 TIME: 619 
FILES IN DATASET: 1 
LOADING SNAPSHOT BirdNET_Soundscape_Model.pkl ... DONE! 
BUILDING BirdNET MODEL... DONE! 
IMPORTING MODEL PARAMS... DONE! 
COMPILING THEANO TEST FUNCTION FUNCTION... INFO (theano.gof.compilelock): Waiting for existing lock by process '2636349' (I am process '658910')
INFO (theano.gof.compilelock): To manually release the lock, delete /home/vl1019/.theano/compiledir_Linux-4.18-el8_4.x86_64-x86_64-with-redhat-8.4-Ootpa-x86_64-3.7.13-64/lock_dir
INFO (theano.gof.compilelock): Waiting for existing lock by process '797970' (I am process '658910')
INFO (theano.gof.compilelock): To manually release the lock, delete /home/vl1019/.theano/compiledir_Linux-4.18-el8_4.x86_64-x86_64-with-redhat-8.4-Ootpa-x86_64-3.7.13-64/lock_dir
DONE! 
LOADING eBIRD GRID DATA... DONE! 13800 GRID CELLS 
SID: 1 PROCESSING: 20220509_020002.WAV SPECIES: 97 /opt/slurm/data/slurmd/job20200278/slurm_script: line 26: 658910 Killed                  python analyze.py --i /scratch/vl1019/LARN_SONS_2022/AUDIOMOTH_ESPACES_BOISES/24/2022-05-09/20220509_020002.WAV --o /scratch/vl1019/LARN_SONS_2022/BirdNET/AUDIOMOTH_ESPACES_BOISES/24 --lat 47.34 --lon -2.20 --week 17 --min_conf 0.1
FILES IN DATASET: 1 
LOADING SNAPSHOT BirdNET_Soundscape_Model.pkl ... DONE! 
BUILDING BirdNET MODEL... DONE! 
IMPORTING MODEL PARAMS... DONE! 
COMPILING THEANO TEST FUNCTION FUNCTION... INFO (theano.gof.compilelock): Waiting for existing lock by process '2531625' (I am process '659406')
INFO (theano.gof.compilelock): To manually release the lock, delete /home/vl1019/.theano/compiledir_Linux-4.18-el8_4.x86_64-x86_64-with-redhat-8.4-Ootpa-x86_64-3.7.13-64/lock_dir
DONE! 
LOADING eBIRD GRID DATA... DONE! 13800 GRID CELLS 
SID: 1 PROCESSING: 20220510_000100.WAV SPECIES: 97 DETECTIONS: 28 TIME: 624 
FILES IN DATASET: 1 
LOADING SNAPSHOT BirdNET_Soundscape_Model.pkl ... DONE! 
BUILDING BirdNET MODEL... DONE! 
IMPORTING MODEL PARAMS... DONE! 
COMPILING THEANO TEST FUNCTION FUNCTION... DONE! 
LOADING eBIRD GRID DATA... DONE! 13800 GRID CELLS 
SID: 1 PROCESSING: 20220510_020002.WAV SPECIES: 97 /opt/slurm/data/slurmd/job20200278/slurm_script: line 28: 660445 Killed                  python analyze.py --i /scratch/vl1019/LARN_SONS_2022/AUDIOMOTH_ESPACES_BOISES/24/2022-05-10/20220510_020002.WAV --o /scratch/vl1019/LARN_SONS_2022/BirdNET/AUDIOMOTH_ESPACES_BOISES/24 --lat 47.34 --lon -2.20 --week 17 --min_conf 0.1
FILES IN DATASET: 1 
LOADING SNAPSHOT BirdNET_Soundscape_Model.pkl ... DONE! 
BUILDING BirdNET MODEL... DONE! 
IMPORTING MODEL PARAMS... DONE! 
COMPILING THEANO TEST FUNCTION FUNCTION... DONE! 
LOADING eBIRD GRID DATA... DONE! 13800 GRID CELLS 
SID: 1 PROCESSING: 20220511_000100.WAV SPECIES: 97 DETECTIONS: 13 TIME: 610 
FILES IN DATASET: 1 
LOADING SNAPSHOT BirdNET_Soundscape_Model.pkl ... DONE! 
BUILDING BirdNET MODEL... DONE! 
IMPORTING MODEL PARAMS... DONE! 
COMPILING THEANO TEST FUNCTION FUNCTION... DONE! 
LOADING eBIRD GRID DATA... DONE! 13800 GRID CELLS 
SID: 1 PROCESSING: 20220511_020002.WAV SPECIES: 97 /opt/slurm/data/slurmd/job20200278/slurm_script: line 30: 661820 Killed                  python analyze.py --i /scratch/vl1019/LARN_SONS_2022/AUDIOMOTH_ESPACES_BOISES/24/2022-05-11/20220511_020002.WAV --o /scratch/vl1019/LARN_SONS_2022/BirdNET/AUDIOMOTH_ESPACES_BOISES/24 --lat 47.34 --lon -2.20 --week 17 --min_conf 0.1
FILES IN DATASET: 1 
LOADING SNAPSHOT BirdNET_Soundscape_Model.pkl ... DONE! 
BUILDING BirdNET MODEL... DONE! 
IMPORTING MODEL PARAMS... DONE! 
COMPILING THEANO TEST FUNCTION FUNCTION... DONE! 
LOADING eBIRD GRID DATA... DONE! 13800 GRID CELLS 
SID: 1 PROCESSING: 20220512_000100.WAV SPECIES: 97 DETECTIONS: 13 TIME: 616 
FILES IN DATASET: 1 
LOADING SNAPSHOT BirdNET_Soundscape_Model.pkl ... DONE! 
BUILDING BirdNET MODEL... DONE! 
IMPORTING MODEL PARAMS... DONE! 
COMPILING THEANO TEST FUNCTION FUNCTION... DONE! 
LOADING eBIRD GRID DATA... DONE! 13800 GRID CELLS 
SID: 1 PROCESSING: 20220512_020002.WAV SPECIES: 97 /opt/slurm/data/slurmd/job20200278/slurm_script: line 32: 663234 Killed                  python analyze.py --i /scratch/vl1019/LARN_SONS_2022/AUDIOMOTH_ESPACES_BOISES/24/2022-05-12/20220512_020002.WAV --o /scratch/vl1019/LARN_SONS_2022/BirdNET/AUDIOMOTH_ESPACES_BOISES/24 --lat 47.34 --lon -2.20 --week 17 --min_conf 0.1
FILES IN DATASET: 1 
LOADING SNAPSHOT BirdNET_Soundscape_Model.pkl ... DONE! 
BUILDING BirdNET MODEL... DONE! 
IMPORTING MODEL PARAMS... DONE! 
COMPILING THEANO TEST FUNCTION FUNCTION... DONE! 
LOADING eBIRD GRID DATA... DONE! 13800 GRID CELLS 
SID: 1 PROCESSING: 20220513_000100.WAV SPECIES: 97 DETECTIONS: 47 TIME: 626 
FILES IN DATASET: 1 
LOADING SNAPSHOT BirdNET_Soundscape_Model.pkl ... DONE! 
BUILDING BirdNET MODEL... DONE! 
IMPORTING MODEL PARAMS... DONE! 
COMPILING THEANO TEST FUNCTION FUNCTION... DONE! 
LOADING eBIRD GRID DATA... DONE! 13800 GRID CELLS 
SID: 1 PROCESSING: 20220513_020002.WAV SPECIES: 97 /opt/slurm/data/slurmd/job20200278/slurm_script: line 34: 664680 Killed                  python analyze.py --i /scratch/vl1019/LARN_SONS_2022/AUDIOMOTH_ESPACES_BOISES/24/2022-05-13/20220513_020002.WAV --o /scratch/vl1019/LARN_SONS_2022/BirdNET/AUDIOMOTH_ESPACES_BOISES/24 --lat 47.34 --lon -2.20 --week 17 --min_conf 0.1
slurmstepd: error: Detected 9 oom-kill event(s) in StepId=20200278.batch. Some of your processes may have been killed by the cgroup out-of-memory handler.
