FILES IN DATASET: 719 
LOADING SNAPSHOT BirdNET_Soundscape_Model.pkl ... DONE! 
BUILDING BirdNET MODEL... DONE! 
IMPORTING MODEL PARAMS... DONE! 
COMPILING THEANO TEST FUNCTION FUNCTION... INFO (theano.gof.compilelock): Waiting for existing lock by process '833431' (I am process '2102612')
INFO (theano.gof.compilelock): To manually release the lock, delete /scratch/vl1019/.theano/compiledir_Linux-4.18-el8_4.x86_64-x86_64-with-redhat-8.4-Ootpa-x86_64-3.7.13-64/lock_dir
DONE! 
LOADING eBIRD GRID DATA... DONE! 13800 GRID CELLS 
SID: 1 PROCESSING: 20220505_002800.WAV SPECIES: 93 DETECTIONS: 0 TIME: 5 
SID: 2 PROCESSING: 20220505_073600.WAV SPECIES: 93 DETECTIONS: 36 TIME: 5 
SID: 3 PROCESSING: 20220505_092400.WAV SPECIES: 93 DETECTIONS: 13 TIME: 5 
SID: 4 PROCESSING: 20220505_031500.WAV SPECIES: 93 DETECTIONS: 0 TIME: 5 
SID: 5 PROCESSING: 20220505_085600.WAV SPECIES: 93 DETECTIONS: 35 TIME: 5 
SID: 6 PROCESSING: 20220505_062900.WAV SPECIES: 93 DETECTIONS: 22 TIME: 5 
SID: 7 PROCESSING: 20220505_031100.WAV SPECIES: 93 DETECTIONS: 0 TIME: 5 
SID: 8 PROCESSING: 20220505_050100.WAV SPECIES: 93 DETECTIONS: 0 TIME: 5 
SID: 9 PROCESSING: 20220505_021300.WAV SPECIES: 93 DETECTIONS: 2 TIME: 5 
SID: 10 PROCESSING: 20220505_062700.WAV SPECIES: 93 DETECTIONS: 24 TIME: 5 
SID: 11 PROCESSING: 20220505_052200.WAV SPECIES: 93 DETECTIONS: 1 TIME: 5 
SID: 12 PROCESSING: 20220505_040400.WAV SPECIES: 93 DETECTIONS: 0 TIME: 5 
SID: 13 PROCESSING: 20220505_034400.WAV SPECIES: 93 DETECTIONS: 0 TIME: 5 
SID: 14 PROCESSING: 20220505_053700.WAV SPECIES: 93 DETECTIONS: 0 TIME: 5 
SID: 15 PROCESSING: 20220505_111000.WAV SPECIES: 93 DETECTIONS: 18 TIME: 5 
SID: 16 PROCESSING: 20220505_084800.WAV SPECIES: 93 DETECTIONS: 32 TIME: 5 
SID: 17 PROCESSING: 20220505_082600.WAV SPECIES: 93 DETECTIONS: 11 TIME: 5 
SID: 18 PROCESSING: 20220505_061400.WAV SPECIES: 93 DETECTIONS: 11 TIME: 5 
SID: 19 PROCESSING: 20220505_091400.WAV SPECIES: 93 DETECTIONS: 29 TIME: 5 
SID: 20 PROCESSING: 20220505_085500.WAV SPECIES: 93 DETECTIONS: 29 TIME: 5 
SID: 21 PROCESSING: 20220505_100000.WAV SPECIES: 93 DETECTIONS: 34 TIME: 5 
SID: 22 PROCESSING: 20220505_064500.WAV SPECIES: 93 DETECTIONS: 35 TIME: 5 
SID: 23 PROCESSING: 20220505_021500.WAV SPECIES: 93 DETECTIONS: 0 TIME: 5 
SID: 24 PROCESSING: 20220505_070300.WAV SPECIES: 93 DETECTIONS: 27 TIME: 5 
SID: 25 PROCESSING: 20220505_034900.WAV SPECIES: 93 DETECTIONS: 0 TIME: 5 
SID: 26 PROCESSING: 20220505_033900.WAV SPECIES: 93 DETECTIONS: 2 TIME: 5 
SID: 27 PROCESSING: 20220505_072300.WAV SPECIES: 93 DETECTIONS: 18 TIME: 5 
SID: 28 PROCESSING: 20220505_082800.WAV SPECIES: 93 DETECTIONS: 22 TIME: 5 
SID: 29 PROCESSING: 20220505_040600.WAV SPECIES: 93 DETECTIONS: 0 TIME: 5 
SID: 30 PROCESSING: 20220505_011700.WAV SPECIES: 93 DETECTIONS: 2 TIME: 5 
SID: 31 PROCESSING: 20220505_045900.WAV SPECIES: 93 DETECTIONS: 0 TIME: 5 
SID: 32 PROCESSING: 20220505_065600.WAV SPECIES: 93 DETECTIONS: 31 TIME: 5 
SID: 33 PROCESSING: 20220505_101000.WAV SPECIES: 93 DETECTIONS: 36 TIME: 5 
SID: 34 PROCESSING: 20220505_062100.WAV SPECIES: 93 DETECTIONS: 9 TIME: 5 
SID: 35 PROCESSING: 20220505_062400.WAV SPECIES: 93 DETECTIONS: 14 TIME: 5 
SID: 36 PROCESSING: 20220505_001600.WAV SPECIES: 93 DETECTIONS: 0 TIME: 5 
SID: 37 PROCESSING: 20220505_082500.WAV SPECIES: 93 DETECTIONS: 25 TIME: 5 
SID: 38 PROCESSING: 20220505_024800.WAV SPECIES: 93 