FILES IN DATASET: 1 
LOADING SNAPSHOT BirdNET_Soundscape_Model.pkl ... DONE! 
BUILDING BirdNET MODEL... DONE! 
IMPORTING MODEL PARAMS... DONE! 
COMPILING THEANO TEST FUNCTION FUNCTION... DONE! 
LOADING eBIRD GRID DATA... DONE! 13800 GRID CELLS 
SID: 1 PROCESSING: 20220505_000100.WAV SPECIES: 93 DETECTIONS: 18 TIME: 719 
FILES IN DATASET: 1 
LOADING SNAPSHOT BirdNET_Soundscape_Model.pkl ... DONE! 
BUILDING BirdNET MODEL... DONE! 
IMPORTING MODEL PARAMS... DONE! 
COMPILING THEANO TEST FUNCTION FUNCTION... INFO (theano.gof.compilelock): Waiting for existing lock by process '2141011' (I am process '2698496')
INFO (theano.gof.compilelock): To manually release the lock, delete /home/vl1019/.theano/compiledir_Linux-4.18-el8_4.x86_64-x86_64-with-redhat-8.4-Ootpa-x86_64-3.7.13-64/lock_dir
DONE! 
LOADING eBIRD GRID DATA... DONE! 13800 GRID CELLS 
SID: 1 PROCESSING: 20220505_020002.WAV SPECIES: 93 /opt/slurm/data/slurmd/job20200275/slurm_script: line 18: 2698496 Killed                  python analyze.py --i /scratch/vl1019/LARN_SONS_2022/AUDIOMOTH_ESPACES_BOISES/21/2022-05-05/20220505_020002.WAV --o /scratch/vl1019/LARN_SONS_2022/BirdNET/AUDIOMOTH_ESPACES_BOISES/21 --lat 47.34 --lon -2.20 --week 16 --min_conf 0.1
FILES IN DATASET: 1 
LOADING SNAPSHOT BirdNET_Soundscape_Model.pkl ... DONE! 
BUILDING BirdNET MODEL... DONE! 
IMPORTING MODEL PARAMS... DONE! 
COMPILING THEANO TEST FUNCTION FUNCTION... INFO (theano.gof.compilelock): Waiting for existing lock by process '2141620' (I am process '2699035')
INFO (theano.gof.compilelock): To manually release the lock, delete /home/vl1019/.theano/compiledir_Linux-4.18-el8_4.x86_64-x86_64-with-redhat-8.4-Ootpa-x86_64-3.7.13-64/lock_dir
DONE! 
LOADING eBIRD GRID DATA... DONE! 13800 GRID CELLS 
SID: 1 PROCESSING: 20220506_000100.WAV SPECIES: 93 DETECTIONS: 26 TIME: 689 
FILES IN DATASET: 1 
LOADING SNAPSHOT BirdNET_Soundscape_Model.pkl ... DONE! 
BUILDING BirdNET MODEL... DONE! 
IMPORTING MODEL PARAMS... DONE! 
COMPILING THEANO TEST FUNCTION FUNCTION... INFO (theano.gof.compilelock): Waiting for existing lock by process '654497' (I am process '2700165')
INFO (theano.gof.compilelock): To manually release the lock, delete /home/vl1019/.theano/compiledir_Linux-4.18-el8_4.x86_64-x86_64-with-redhat-8.4-Ootpa-x86_64-3.7.13-64/lock_dir
INFO (theano.gof.compilelock): Waiting for existing lock by process '1953982' (I am process '2700165')
INFO (theano.gof.compilelock): To manually release the lock, delete /home/vl1019/.theano/compiledir_Linux-4.18-el8_4.x86_64-x86_64-with-redhat-8.4-Ootpa-x86_64-3.7.13-64/lock_dir
DONE! 
LOADING eBIRD GRID DATA... DONE! 13800 GRID CELLS 
SID: 1 PROCESSING: 20220506_020002.WAV SPECIES: 93 /opt/slurm/data/slurmd/job20200275/slurm_script: line 20: 2700165 Killed                  python analyze.py --i /scratch/vl1019/LARN_SONS_2022/AUDIOMOTH_ESPACES_BOISES/21/2022-05-06/20220506_020002.WAV --o /scratch/vl1019/LARN_SONS_2022/BirdNET/AUDIOMOTH_ESPACES_BOISES/21 --lat 47.34 --lon -2.20 --week 16 --min_conf 0.1
FILES IN DATASET: 1 
LOADING SNAPSHOT BirdNET_Soundscape_Model.pkl ... DONE! 
BUILDING BirdNET MODEL... DONE! 
IMPORTING MODEL PARAMS... DONE! 
COMPILING THEANO TEST FUNCTION FUNCTION... DONE! 
LOADING eBIRD GRID DATA... DONE! 13800 GRID CELLS 
SID: 1 PROCESSING: 20220507_000100.WAV SPECIES: 93 DETECTIONS: 50 TIME: 581 
FILES IN DATASET: 1 
LOADING SNAPSHOT BirdNET_Soundscape_Model.pkl ... DONE! 
BUILDING BirdNET MODEL... DONE! 
IMPORTING MODEL PARAMS... DONE! 
COMPILING THEANO TEST FUNCTION FUNCTION... DONE! 
LOADING eBIRD GRID DATA... DONE! 13800 GRID CELLS 
SID: 1 PROCESSING: 20220507_020002.WAV SPECIES: 93 /opt/slurm/data/slurmd/job20200275/slurm_script: line 22: 2701582 Killed                  python analyze.py --i /scratch/vl1019/LARN_SONS_2022/AUDIOMOTH_ESPACES_BOISES/21/2022-05-07/20220507_020002.WAV --o /scratch/vl1019/LARN_SONS_2022/BirdNET/AUDIOMOTH_ESPACES_BOISES/21 --lat 47.34 --lon -2.20 --week 16 --min_conf 0.1
FILES IN DATASET: 1 
LOADING SNAPSHOT BirdNET_Soundscape_Model.pkl ... DONE! 
BUILDING BirdNET MODEL... DONE! 
IMPORTING MODEL PARAMS... DONE! 
COMPILING THEANO TEST FUNCTION FUNCTION... DONE! 
LOADING eBIRD GRID DATA... DONE! 13800 GRID CELLS 
SID: 1 PROCESSING: 20220508_000100.WAV SPECIES: 97 DETECTIONS: 33 TIME: 616 
FILES IN DATASET: 1 
LOADING SNAPSHOT BirdNET_Soundscape_Model.pkl ... DONE! 
BUILDING BirdNET MODEL... DONE! 
IMPORTING MODEL PARAMS... DONE! 
COMPILING THEANO TEST FUNCTION FUNCTION... INFO (theano.gof.compilelock): Waiting for existing lock by process '1959257' (I am process '2721368')
INFO (theano.gof.compilelock): To manually release the lock, delete /home/vl1019/.theano/compiledir_Linux-4.18-el8_4.x86_64-x86_64-with-redhat-8.4-Ootpa-x86_64-3.7.13-64/lock_dir
DONE! 
LOADING eBIRD GRID DATA... DONE! 13800 GRID CELLS 
SID: 1 PROCESSING: 20220508_020002.WAV SPECIES: 97 /opt/slurm/data/slurmd/job20200275/slurm_script: line 24: 2721368 Killed                  python analyze.py --i /scratch/vl1019/LARN_SONS_2022/AUDIOMOTH_ESPACES_BOISES/21/2022-05-08/20220508_020002.WAV --o /scratch/vl1019/LARN_SONS_2022/BirdNET/AUDIOMOTH_ESPACES_BOISES/21 --lat 47.34 --lon -2.20 --week 17 --min_conf 0.1
FILES IN DATASET: 1 
LOADING SNAPSHOT BirdNET_Soundscape_Model.pkl ... DONE! 
BUILDING BirdNET MODEL... DONE! 
IMPORTING MODEL PARAMS... DONE! 
COMPILING THEANO TEST FUNCTION FUNCTION... DONE! 
LOADING eBIRD GRID DATA... DONE! 13800 GRID CELLS 
SID: 1 PROCESSING: 20220509_000100.WAV SPECIES: 97 DETECTIONS: 40 TIME: 658 
FILES IN DATASET: 1 
LOADING SNAPSHOT BirdNET_Soundscape_Model.pkl ... DONE! 
BUILDING BirdNET MODEL... DONE! 
IMPORTING MODEL PARAMS... DONE! 
COMPILING THEANO TEST FUNCTION FUNCTION... INFO (theano.gof.compilelock): Waiting for existing lock by unknown process (I am process '2723002')
INFO (theano.gof.compilelock): To manually release the lock, delete /home/vl1019/.theano/compiledir_Linux-4.18-el8_4.x86_64-x86_64-with-redhat-8.4-Ootpa-x86_64-3.7.13-64/lock_dir
DONE! 
LOADING eBIRD GRID DATA... DONE! 13800 GRID CELLS 
SID: 1 PROCESSING: 20220509_020002.WAV SPECIES: 97 /opt/slurm/data/slurmd/job20200275/slurm_script: line 26: 2723002 Killed                  python analyze.py --i /scratch/vl1019/LARN_SONS_2022/AUDIOMOTH_ESPACES_BOISES/21/2022-05-09/20220509_020002.WAV --o /scratch/vl1019/LARN_SONS_2022/BirdNET/AUDIOMOTH_ESPACES_BOISES/21 --lat 47.34 --lon -2.20 --week 17 --min_conf 0.1
FILES IN DATASET: 1 
LOADING SNAPSHOT BirdNET_Soundscape_Model.pkl ... DONE! 
BUILDING BirdNET MODEL... DONE! 
IMPORTING MODEL PARAMS... DONE! 
COMPILING THEANO TEST FUNCTION FUNCTION... INFO (theano.gof.compilelock): Waiting for existing lock by process '1792514' (I am process '2723562')
INFO (theano.gof.compilelock): To manually release the lock, delete /home/vl1019/.theano/compiledir_Linux-4.18-el8_4.x86_64-x86_64-with-redhat-8.4-Ootpa-x86_64-3.7.13-64/lock_dir
INFO (theano.gof.compilelock): Waiting for existing lock by process '798800' (I am process '2723562')
INFO (theano.gof.compilelock): To manually release the lock, delete /home/vl1019/.theano/compiledir_Linux-4.18-el8_4.x86_64-x86_64-with-redhat-8.4-Ootpa-x86_64-3.7.13-64/lock_dir
DONE! 
LOADING eBIRD GRID DATA... DONE! 13800 GRID CELLS 
SID: 1 PROCESSING: 20220510_000100.WAV SPECIES: 97 DETECTIONS: 24 TIME: 659 
FILES IN DATASET: 1 
LOADING SNAPSHOT BirdNET_Soundscape_Model.pkl ... DONE! 
BUILDING BirdNET MODEL... DONE! 
IMPORTING MODEL PARAMS... DONE! 
COMPILING THEANO TEST FUNCTION FUNCTION... DONE! 
LOADING eBIRD GRID DATA... DONE! 13800 GRID CELLS 
SID: 1 PROCESSING: 20220510_020002.WAV SPECIES: 97 /opt/slurm/data/slurmd/job20200275/slurm_script: line 28: 2724640 Killed                  python analyze.py --i /scratch/vl1019/LARN_SONS_2022/AUDIOMOTH_ESPACES_BOISES/21/2022-05-10/20220510_020002.WAV --o /scratch/vl1019/LARN_SONS_2022/BirdNET/AUDIOMOTH_ESPACES_BOISES/21 --lat 47.34 --lon -2.20 --week 17 --min_conf 0.1
FILES IN DATASET: 1 
LOADING SNAPSHOT BirdNET_Soundscape_Model.pkl ... DONE! 
BUILDING BirdNET MODEL... DONE! 
IMPORTING MODEL PARAMS... DONE! 
COMPILING THEANO TEST FUNCTION FUNCTION... DONE! 
LOADING eBIRD GRID DATA... DONE! 13800 GRID CELLS 
SID: 1 PROCESSING: 20220511_000100.WAV SPECIES: 97 DETECTIONS: 260 TIME: 654 
FILES IN DATASET: 1 
LOADING SNAPSHOT BirdNET_Soundscape_Model.pkl ... DONE! 
BUILDING BirdNET MODEL... DONE! 
IMPORTING MODEL PARAMS... DONE! 
COMPILING THEANO TEST FUNCTION FUNCTION... DONE! 
LOADING eBIRD GRID DATA... DONE! 13800 GRID CELLS 
SID: 1 PROCESSING: 20220511_020002.WAV SPECIES: 97 /opt/slurm/data/slurmd/job20200275/slurm_script: line 30: 2726183 Killed                  python analyze.py --i /scratch/vl1019/LARN_SONS_2022/AUDIOMOTH_ESPACES_BOISES/21/2022-05-11/20220511_020002.WAV --o /scratch/vl1019/LARN_SONS_2022/BirdNET/AUDIOMOTH_ESPACES_BOISES/21 --lat 47.34 --lon -2.20 --week 17 --min_conf 0.1
FILES IN DATASET: 1 
LOADING SNAPSHOT BirdNET_Soundscape_Model.pkl ... DONE! 
BUILDING BirdNET MODEL... DONE! 
IMPORTING MODEL PARAMS... DONE! 
COMPILING THEANO TEST FUNCTION FUNCTION... DONE! 
LOADING eBIRD GRID DATA... DONE! 13800 GRID CELLS 
SID: 1 PROCESSING: 20220512_000100.WAV SPECIES: 97 DETECTIONS: 94 TIME: 662 
FILES IN DATASET: 1 
LOADING SNAPSHOT BirdNET_Soundscape_Model.pkl ... DONE! 
BUILDING BirdNET MODEL... DONE! 
IMPORTING MODEL PARAMS... DONE! 
COMPILING THEANO TEST FUNCTION FUNCTION... DONE! 
LOADING eBIRD GRID DATA... DONE! 13800 GRID CELLS 
SID: 1 PROCESSING: 20220512_020002.WAV SPECIES: 97 /opt/slurm/data/slurmd/job20200275/slurm_script: line 32: 2727806 Killed                  python analyze.py --i /scratch/vl1019/LARN_SONS_2022/AUDIOMOTH_ESPACES_BOISES/21/2022-05-12/20220512_020002.WAV --o /scratch/vl1019/LARN_SONS_2022/BirdNET/AUDIOMOTH_ESPACES_BOISES/21 --lat 47.34 --lon -2.20 --week 17 --min_conf 0.1
FILES IN DATASET: 1 
LOADING SNAPSHOT BirdNET_Soundscape_Model.pkl ... DONE! 
BUILDING BirdNET MODEL... DONE! 
IMPORTING MODEL PARAMS... DONE! 
COMPILING THEANO TEST FUNCTION FUNCTION... DONE! 
LOADING eBIRD GRID DATA... DONE! 13800 GRID CELLS 
SID: 1 PROCESSING: 20220513_000100.WAV SPECIES: 97 DETECTIONS: 171 TIME: 669 
FILES IN DATASET: 1 
LOADING SNAPSHOT BirdNET_Soundscape_Model.pkl ... DONE! 
BUILDING BirdNET MODEL... DONE! 
IMPORTING MODEL PARAMS... DONE! 
COMPILING THEANO TEST FUNCTION FUNCTION... INFO (theano.gof.compilelock): Waiting for existing lock by process '3464580' (I am process '2729380')
INFO (theano.gof.compilelock): To manually release the lock, delete /home/vl1019/.theano/compiledir_Linux-4.18-el8_4.x86_64-x86_64-with-redhat-8.4-Ootpa-x86_64-3.7.13-64/lock_dir
DONE! 
LOADING eBIRD GRID DATA... DONE! 13800 GRID CELLS 
SID: 1 PROCESSING: 20220513_020002.WAV SPECIES: 97 /opt/slurm/data/slurmd/job20200275/slurm_script: line 34: 2729380 Killed                  python analyze.py --i /scratch/vl1019/LARN_SONS_2022/AUDIOMOTH_ESPACES_BOISES/21/2022-05-13/20220513_020002.WAV --o /scratch/vl1019/LARN_SONS_2022/BirdNET/AUDIOMOTH_ESPACES_BOISES/21 --lat 47.34 --lon -2.20 --week 17 --min_conf 0.1
slurmstepd: error: Detected 9 oom-kill event(s) in StepId=20200275.batch. Some of your processes may have been killed by the cgroup out-of-memory handler.
