FILES IN DATASET: 2 
LOADING SNAPSHOT BirdNET_Soundscape_Model.pkl ... DONE! 
BUILDING BirdNET MODEL... DONE! 
IMPORTING MODEL PARAMS... DONE! 
COMPILING THEANO TEST FUNCTION FUNCTION... INFO (theano.gof.compilelock): Waiting for existing lock by unknown process (I am process '2879351')
INFO (theano.gof.compilelock): To manually release the lock, delete /scratch/vl1019/.theano/compiledir_Linux-4.18-el8_4.x86_64-x86_64-with-redhat-8.4-Ootpa-x86_64-3.7.13-64/lock_dir
INFO (theano.gof.compilelock): Waiting for existing lock by process '3000972' (I am process '2879351')
INFO (theano.gof.compilelock): To manually release the lock, delete /scratch/vl1019/.theano/compiledir_Linux-4.18-el8_4.x86_64-x86_64-with-redhat-8.4-Ootpa-x86_64-3.7.13-64/lock_dir
INFO (theano.gof.compilelock): Waiting for existing lock by process '491531' (I am process '2879351')
INFO (theano.gof.compilelock): To manually release the lock, delete /scratch/vl1019/.theano/compiledir_Linux-4.18-el8_4.x86_64-x86_64-with-redhat-8.4-Ootpa-x86_64-3.7.13-64/lock_dir
INFO (theano.gof.compilelock): Waiting for existing lock by process '857910' (I am process '2879351')
INFO (theano.gof.compilelock): To manually release the lock, delete /scratch/vl1019/.theano/compiledir_Linux-4.18-el8_4.x86_64-x86_64-with-redhat-8.4-Ootpa-x86_64-3.7.13-64/lock_dir
INFO (theano.gof.compilelock): Waiting for existing lock by process '268010' (I am process '2879351')
INFO (theano.gof.compilelock): To manually release the lock, delete /scratch/vl1019/.theano/compiledir_Linux-4.18-el8_4.x86_64-x86_64-with-redhat-8.4-Ootpa-x86_64-3.7.13-64/lock_dir
INFO (theano.gof.compilelock): Waiting for existing lock by process '268010' (I am process '2879351')
INFO (theano.gof.compilelock): To manually release the lock, delete /scratch/vl1019/.theano/compiledir_Linux-4.18-el8_4.x86_64-x86_64-with-redhat-8.4-Ootpa-x86_64-3.7.13-64/lock_dir
INFO (theano.gof.compilelock): Waiting for existing lock by process '857991' (I am process '2879351')
INFO (theano.gof.compilelock): To manually release the lock, delete /scratch/vl1019/.theano/compiledir_Linux-4.18-el8_4.x86_64-x86_64-with-redhat-8.4-Ootpa-x86_64-3.7.13-64/lock_dir
INFO (theano.gof.compilelock): Waiting for existing lock by process '857829' (I am process '2879351')
INFO (theano.gof.compilelock): To manually release the lock, delete /scratch/vl1019/.theano/compiledir_Linux-4.18-el8_4.x86_64-x86_64-with-redhat-8.4-Ootpa-x86_64-3.7.13-64/lock_dir
INFO (theano.gof.compilelock): Waiting for existing lock by process '4105543' (I am process '2879351')
INFO (theano.gof.compilelock): To manually release the lock, delete /scratch/vl1019/.theano/compiledir_Linux-4.18-el8_4.x86_64-x86_64-with-redhat-8.4-Ootpa-x86_64-3.7.13-64/lock_dir
DONE! 
LOADING eBIRD GRID DATA... DONE! 13800 GRID CELLS 
SID: 1 PROCESSING: 20220509_020001.WAV SPECIES: 97 DETECTIONS: 3446 TIME: 3624 
SID: 2 PROCESSING: 20220509_000100.WAV SPECIES: 97 DETECTIONS: 7 TIME: 707 
