FILES IN DATASET: 1 
LOADING SNAPSHOT BirdNET_Soundscape_Model.pkl ... DONE! 
BUILDING BirdNET MODEL... DONE! 
IMPORTING MODEL PARAMS... DONE! 
COMPILING THEANO TEST FUNCTION FUNCTION... DONE! 
LOADING eBIRD GRID DATA... DONE! 13800 GRID CELLS 
SID: 1 PROCESSING: 20220505_000100.WAV SPECIES: 93 DETECTIONS: 359 TIME: 627 
FILES IN DATASET: 1 
LOADING SNAPSHOT BirdNET_Soundscape_Model.pkl ... DONE! 
BUILDING BirdNET MODEL... DONE! 
IMPORTING MODEL PARAMS... DONE! 
COMPILING THEANO TEST FUNCTION FUNCTION... DONE! 
LOADING eBIRD GRID DATA... DONE! 13800 GRID CELLS 
SID: 1 PROCESSING: 20220505_020002.WAV SPECIES: 93 /opt/slurm/data/slurmd/job20200258/slurm_script: line 18: 1511694 Killed                  python analyze.py --i /scratch/vl1019/LARN_SONS_2022/AUDIOMOTH_ESPACES_BOISES/4/2022-05-05/20220505_020002.WAV --o /scratch/vl1019/LARN_SONS_2022/BirdNET/AUDIOMOTH_ESPACES_BOISES/4 --lat 47.34 --lon -2.20 --week 16 --min_conf 0.1
FILES IN DATASET: 1 
LOADING SNAPSHOT BirdNET_Soundscape_Model.pkl ... DONE! 
BUILDING BirdNET MODEL... DONE! 
IMPORTING MODEL PARAMS... DONE! 
COMPILING THEANO TEST FUNCTION FUNCTION... INFO (theano.gof.compilelock): Waiting for existing lock by process '2697128' (I am process '1512827')
INFO (theano.gof.compilelock): To manually release the lock, delete /home/vl1019/.theano/compiledir_Linux-4.18-el8_4.x86_64-x86_64-with-redhat-8.4-Ootpa-x86_64-3.7.13-64/lock_dir
INFO (theano.gof.compilelock): Waiting for existing lock by process '2696767' (I am process '1512827')
INFO (theano.gof.compilelock): To manually release the lock, delete /home/vl1019/.theano/compiledir_Linux-4.18-el8_4.x86_64-x86_64-with-redhat-8.4-Ootpa-x86_64-3.7.13-64/lock_dir
DONE! 
LOADING eBIRD GRID DATA... DONE! 13800 GRID CELLS 
SID: 1 PROCESSING: 20220506_000100.WAV SPECIES: 93 DETECTIONS: 33 TIME: 635 
FILES IN DATASET: 1 
LOADING SNAPSHOT BirdNET_Soundscape_Model.pkl ... DONE! 
BUILDING BirdNET MODEL... DONE! 
IMPORTING MODEL PARAMS... DONE! 
COMPILING THEANO TEST FUNCTION FUNCTION... DONE! 
LOADING eBIRD GRID DATA... DONE! 13800 GRID CELLS 
SID: 1 PROCESSING: 20220506_020002.WAV SPECIES: 93 /opt/slurm/data/slurmd/job20200258/slurm_script: line 20: 1515362 Killed                  python analyze.py --i /scratch/vl1019/LARN_SONS_2022/AUDIOMOTH_ESPACES_BOISES/4/2022-05-06/20220506_020002.WAV --o /scratch/vl1019/LARN_SONS_2022/BirdNET/AUDIOMOTH_ESPACES_BOISES/4 --lat 47.34 --lon -2.20 --week 16 --min_conf 0.1
FILES IN DATASET: 1 
LOADING SNAPSHOT BirdNET_Soundscape_Model.pkl ... DONE! 
BUILDING BirdNET MODEL... DONE! 
IMPORTING MODEL PARAMS... DONE! 
COMPILING THEANO TEST FUNCTION FUNCTION... DONE! 
LOADING eBIRD GRID DATA... DONE! 13800 GRID CELLS 
SID: 1 PROCESSING: 20220507_000100.WAV SPECIES: 93 DETECTIONS: 29 TIME: 615 
FILES IN DATASET: 1 
LOADING SNAPSHOT BirdNET_Soundscape_Model.pkl ... DONE! 
BUILDING BirdNET MODEL... DONE! 
IMPORTING MODEL PARAMS... DONE! 
COMPILING THEANO TEST FUNCTION FUNCTION... DONE! 
LOADING eBIRD GRID DATA... DONE! 13800 GRID CELLS 
SID: 1 PROCESSING: 20220507_020002.WAV SPECIES: 93 /opt/slurm/data/slurmd/job20200258/slurm_script: line 22: 1519096 Killed                  python analyze.py --i /scratch/vl1019/LARN_SONS_2022/AUDIOMOTH_ESPACES_BOISES/4/2022-05-07/20220507_020002.WAV --o /scratch/vl1019/LARN_SONS_2022/BirdNET/AUDIOMOTH_ESPACES_BOISES/4 --lat 47.34 --lon -2.20 --week 16 --min_conf 0.1
FILES IN DATASET: 1 
LOADING SNAPSHOT BirdNET_Soundscape_Model.pkl ... DONE! 
BUILDING BirdNET MODEL... DONE! 
IMPORTING MODEL PARAMS... DONE! 
COMPILING THEANO TEST FUNCTION FUNCTION... DONE! 
LOADING eBIRD GRID DATA... DONE! 13800 GRID CELLS 
SID: 1 PROCESSING: 20220508_000100.WAV SPECIES: 97 DETECTIONS: 26 TIME: 623 
FILES IN DATASET: 1 
LOADING SNAPSHOT BirdNET_Soundscape_Model.pkl ... DONE! 
BUILDING BirdNET MODEL... DONE! 
IMPORTING MODEL PARAMS... DONE! 
COMPILING THEANO TEST FUNCTION FUNCTION... DONE! 
LOADING eBIRD GRID DATA... DONE! 13800 GRID CELLS 
SID: 1 PROCESSING: 20220508_020002.WAV SPECIES: 97 /opt/slurm/data/slurmd/job20200258/slurm_script: line 24: 1522682 Killed                  python analyze.py --i /scratch/vl1019/LARN_SONS_2022/AUDIOMOTH_ESPACES_BOISES/4/2022-05-08/20220508_020002.WAV --o /scratch/vl1019/LARN_SONS_2022/BirdNET/AUDIOMOTH_ESPACES_BOISES/4 --lat 47.34 --lon -2.20 --week 17 --min_conf 0.1
FILES IN DATASET: 1 
LOADING SNAPSHOT BirdNET_Soundscape_Model.pkl ... DONE! 
BUILDING BirdNET MODEL... DONE! 
IMPORTING MODEL PARAMS... DONE! 
COMPILING THEANO TEST FUNCTION FUNCTION... DONE! 
LOADING eBIRD GRID DATA... DONE! 13800 GRID CELLS 
SID: 1 PROCESSING: 20220509_000100.WAV SPECIES: 97 DETECTIONS: 48 TIME: 624 
FILES IN DATASET: 1 
LOADING SNAPSHOT BirdNET_Soundscape_Model.pkl ... DONE! 
BUILDING BirdNET MODEL... DONE! 
IMPORTING MODEL PARAMS... DONE! 
COMPILING THEANO TEST FUNCTION FUNCTION... DONE! 
LOADING eBIRD GRID DATA... DONE! 13800 GRID CELLS 
SID: 1 PROCESSING: 20220509_020002.WAV SPECIES: 97 /opt/slurm/data/slurmd/job20200258/slurm_script: line 26: 1526347 Killed                  python analyze.py --i /scratch/vl1019/LARN_SONS_2022/AUDIOMOTH_ESPACES_BOISES/4/2022-05-09/20220509_020002.WAV --o /scratch/vl1019/LARN_SONS_2022/BirdNET/AUDIOMOTH_ESPACES_BOISES/4 --lat 47.34 --lon -2.20 --week 17 --min_conf 0.1
FILES IN DATASET: 1 
LOADING SNAPSHOT BirdNET_Soundscape_Model.pkl ... DONE! 
BUILDING BirdNET MODEL... DONE! 
IMPORTING MODEL PARAMS... DONE! 
COMPILING THEANO TEST FUNCTION FUNCTION... DONE! 
LOADING eBIRD GRID DATA... DONE! 13800 GRID CELLS 
SID: 1 PROCESSING: 20220510_000100.WAV SPECIES: 97 DETECTIONS: 245 TIME: 615 
FILES IN DATASET: 1 
LOADING SNAPSHOT BirdNET_Soundscape_Model.pkl ... DONE! 
BUILDING BirdNET MODEL... DONE! 
IMPORTING MODEL PARAMS... DONE! 
COMPILING THEANO TEST FUNCTION FUNCTION... DONE! 
LOADING eBIRD GRID DATA... DONE! 13800 GRID CELLS 
SID: 1 PROCESSING: 20220510_020002.WAV SPECIES: 97 /opt/slurm/data/slurmd/job20200258/slurm_script: line 28: 1529953 Killed                  python analyze.py --i /scratch/vl1019/LARN_SONS_2022/AUDIOMOTH_ESPACES_BOISES/4/2022-05-10/20220510_020002.WAV --o /scratch/vl1019/LARN_SONS_2022/BirdNET/AUDIOMOTH_ESPACES_BOISES/4 --lat 47.34 --lon -2.20 --week 17 --min_conf 0.1
FILES IN DATASET: 1 
LOADING SNAPSHOT BirdNET_Soundscape_Model.pkl ... DONE! 
BUILDING BirdNET MODEL... DONE! 
IMPORTING MODEL PARAMS... DONE! 
COMPILING THEANO TEST FUNCTION FUNCTION... DONE! 
LOADING eBIRD GRID DATA... DONE! 13800 GRID CELLS 
SID: 1 PROCESSING: 20220511_000100.WAV SPECIES: 97 DETECTIONS: 13 TIME: 623 
FILES IN DATASET: 1 
LOADING SNAPSHOT BirdNET_Soundscape_Model.pkl ... DONE! 
BUILDING BirdNET MODEL... DONE! 
IMPORTING MODEL PARAMS... DONE! 
COMPILING THEANO TEST FUNCTION FUNCTION... DONE! 
LOADING eBIRD GRID DATA... DONE! 13800 GRID CELLS 
SID: 1 PROCESSING: 20220511_020002.WAV SPECIES: 97 /opt/slurm/data/slurmd/job20200258/slurm_script: line 30: 1533688 Killed                  python analyze.py --i /scratch/vl1019/LARN_SONS_2022/AUDIOMOTH_ESPACES_BOISES/4/2022-05-11/20220511_020002.WAV --o /scratch/vl1019/LARN_SONS_2022/BirdNET/AUDIOMOTH_ESPACES_BOISES/4 --lat 47.34 --lon -2.20 --week 17 --min_conf 0.1
FILES IN DATASET: 1 
LOADING SNAPSHOT BirdNET_Soundscape_Model.pkl ... DONE! 
BUILDING BirdNET MODEL... DONE! 
IMPORTING MODEL PARAMS... DONE! 
COMPILING THEANO TEST FUNCTION FUNCTION... DONE! 
LOADING eBIRD GRID DATA... DONE! 13800 GRID CELLS 
SID: 1 PROCESSING: 20220512_000100.WAV SPECIES: 97 DETECTIONS: 24 TIME: 624 
FILES IN DATASET: 1 
LOADING SNAPSHOT BirdNET_Soundscape_Model.pkl ... DONE! 
BUILDING BirdNET MODEL... DONE! 
IMPORTING MODEL PARAMS... DONE! 
COMPILING THEANO TEST FUNCTION FUNCTION... INFO (theano.gof.compilelock): Waiting for existing lock by unknown process (I am process '1537405')
INFO (theano.gof.compilelock): To manually release the lock, delete /home/vl1019/.theano/compiledir_Linux-4.18-el8_4.x86_64-x86_64-with-redhat-8.4-Ootpa-x86_64-3.7.13-64/lock_dir
DONE! 
LOADING eBIRD GRID DATA... DONE! 13800 GRID CELLS 
SID: 1 PROCESSING: 20220512_020002.WAV SPECIES: 97 /opt/slurm/data/slurmd/job20200258/slurm_script: line 32: 1537405 Killed                  python analyze.py --i /scratch/vl1019/LARN_SONS_2022/AUDIOMOTH_ESPACES_BOISES/4/2022-05-12/20220512_020002.WAV --o /scratch/vl1019/LARN_SONS_2022/BirdNET/AUDIOMOTH_ESPACES_BOISES/4 --lat 47.34 --lon -2.20 --week 17 --min_conf 0.1
FILES IN DATASET: 1 
LOADING SNAPSHOT BirdNET_Soundscape_Model.pkl ... DONE! 
BUILDING BirdNET MODEL... DONE! 
IMPORTING MODEL PARAMS... DONE! 
COMPILING THEANO TEST FUNCTION FUNCTION... INFO (theano.gof.compilelock): Waiting for existing lock by process '1801559' (I am process '1538620')
INFO (theano.gof.compilelock): To manually release the lock, delete /home/vl1019/.theano/compiledir_Linux-4.18-el8_4.x86_64-x86_64-with-redhat-8.4-Ootpa-x86_64-3.7.13-64/lock_dir
INFO (theano.gof.compilelock): Waiting for existing lock by process '803074' (I am process '1538620')
INFO (theano.gof.compilelock): To manually release the lock, delete /home/vl1019/.theano/compiledir_Linux-4.18-el8_4.x86_64-x86_64-with-redhat-8.4-Ootpa-x86_64-3.7.13-64/lock_dir
INFO (theano.gof.compilelock): Waiting for existing lock by process '2373880' (I am process '1538620')
INFO (theano.gof.compilelock): To manually release the lock, delete /home/vl1019/.theano/compiledir_Linux-4.18-el8_4.x86_64-x86_64-with-redhat-8.4-Ootpa-x86_64-3.7.13-64/lock_dir
DONE! 
LOADING eBIRD GRID DATA... DONE! 13800 GRID CELLS 
SID: 1 PROCESSING: 20220513_000100.WAV SPECIES: 97 DETECTIONS: 96 TIME: 600 
FILES IN DATASET: 1 
LOADING SNAPSHOT BirdNET_Soundscape_Model.pkl ... DONE! 
BUILDING BirdNET MODEL... DONE! 
IMPORTING MODEL PARAMS... DONE! 
COMPILING THEANO TEST FUNCTION FUNCTION... INFO (theano.gof.compilelock): Waiting for existing lock by unknown process (I am process '1541097')
INFO (theano.gof.compilelock): To manually release the lock, delete /home/vl1019/.theano/compiledir_Linux-4.18-el8_4.x86_64-x86_64-with-redhat-8.4-Ootpa-x86_64-3.7.13-64/lock_dir
DONE! 
LOADING eBIRD GRID DATA... DONE! 13800 GRID CELLS 
SID: 1 PROCESSING: 20220513_020002.WAV SPECIES: 97 /opt/slurm/data/slurmd/job20200258/slurm_script: line 34: 1541097 Killed                  python analyze.py --i /scratch/vl1019/LARN_SONS_2022/AUDIOMOTH_ESPACES_BOISES/4/2022-05-13/20220513_020002.WAV --o /scratch/vl1019/LARN_SONS_2022/BirdNET/AUDIOMOTH_ESPACES_BOISES/4 --lat 47.34 --lon -2.20 --week 17 --min_conf 0.1
slurmstepd: error: Detected 9 oom-kill event(s) in StepId=20200258.batch. Some of your processes may have been killed by the cgroup out-of-memory handler.
