FILES IN DATASET: 719 
LOADING SNAPSHOT BirdNET_Soundscape_Model.pkl ... DONE! 
BUILDING BirdNET MODEL... DONE! 
IMPORTING MODEL PARAMS... DONE! 
COMPILING THEANO TEST FUNCTION FUNCTION... INFO (theano.gof.compilelock): Waiting for existing lock by process '2975131' (I am process '4069743')
INFO (theano.gof.compilelock): To manually release the lock, delete /scratch/vl1019/.theano/compiledir_Linux-4.18-el8_4.x86_64-x86_64-with-redhat-8.4-Ootpa-x86_64-3.7.13-64/lock_dir
DONE! 
LOADING eBIRD GRID DATA... DONE! 13800 GRID CELLS 
SID: 1 PROCESSING: 20220512_051100.WAV SPECIES: 97 DETECTIONS: 1 TIME: 6 
SID: 2 PROCESSING: 20220512_055200.WAV SPECIES: 97 DETECTIONS: 11 TIME: 5 
SID: 3 PROCESSING: 20220512_001500.WAV SPECIES: 97 DETECTIONS: 0 TIME: 5 
SID: 4 PROCESSING: 20220512_101200.WAV SPECIES: 97 DETECTIONS: 26 TIME: 5 
SID: 5 PROCESSING: 20220512_034900.WAV SPECIES: 97 DETECTIONS: 1 TIME: 5 
SID: 6 PROCESSING: 20220512_112000.WAV SPECIES: 97 DETECTIONS: 21 TIME: 5 
SID: 7 PROCESSING: 20220512_085000.WAV SPECIES: 97 DETECTIONS: 16 TIME: 5 
SID: 8 PROCESSING: 20220512_072600.WAV SPECIES: 97 DETECTIONS: 21 TIME: 7 
SID: 9 PROCESSING: 20220512_005500.WAV SPECIES: 97 DETECTIONS: 0 TIME: 5 
SID: 10 PROCESSING: 20220512_074100.WAV SPECIES: 97 DETECTIONS: 31 TIME: 5 
SID: 11 PROCESSING: 20220512_062700.WAV SPECIES: 97 DETECTIONS: 19 TIME: 5 
SID: 12 PROCESSING: 20220512_081000.WAV SPECIES: 97 DETECTIONS: 18 TIME: 5 
SID: 13 PROCESSING: 20220512_093900.WAV SPECIES: 97 DETECTIONS: 9 TIME: 5 
SID: 14 PROCESSING: 20220512_034800.WAV SPECIES: 97 DETECTIONS: 0 TIME: 5 
SID: 15 PROCESSING: 20220512_044200.WAV SPECIES: 97 DETECTIONS: 0 TIME: 5 
SID: 16 PROCESSING: 20220512_025600.WAV SPECIES: 97 DETECTIONS: 0 TIME: 5 
SID: 17 PROCESSING: 20220512_003200.WAV SPECIES: 97 DETECTIONS: 0 TIME: 5 
SID: 18 PROCESSING: 20220512_100200.WAV SPECIES: 97 DETECTIONS: 6 TIME: 5 
SID: 19 PROCESSING: 20220512_111400.WAV SPECIES: 97 DETECTIONS: 28 TIME: 5 
SID: 20 PROCESSING: 20220512_030200.WAV SPECIES: 97 DETECTIONS: 0 TIME: 5 
SID: 21 PROCESSING: 20220512_072800.WAV SPECIES: 97 DETECTIONS: 20 TIME: 5 
SID: 22 PROCESSING: 20220512_111700.WAV SPECIES: 97 DETECTIONS: 25 TIME: 5 
SID: 23 PROCESSING: 20220512_001700.WAV SPECIES: 97 DETECTIONS: 0 TIME: 5 
SID: 24 PROCESSING: 20220512_105400.WAV SPECIES: 97 DETECTIONS: 13 TIME: 5 
SID: 25 PROCESSING: 20220512_062500.WAV SPECIES: 97 DETECTIONS: 25 TIME: 5 
SID: 26 PROCESSING: 20220512_071700.WAV SPECIES: 97 DETECTIONS: 25 TIME: 5 
SID: 27 PROCESSING: 20220512_041600.WAV SPECIES: 97 DETECTIONS: 0 TIME: 5 
SID: 28 PROCESSING: 20220512_065300.WAV SPECIES: 97 DETECTIONS: 22 TIME: 5 
SID: 29 PROCESSING: 20220512_073100.WAV SPECIES: 97 DETECTIONS: 21 TIME: 5 
SID: 30 PROCESSING: 20220512_085600.WAV SPECIES: 97 DETECTIONS: 27 TIME: 5 
SID: 31 PROCESSING: 20220512_095200.WAV SPECIES: 97 DETECTIONS: 7 TIME: 5 
SID: 32 PROCESSING: 20220512_113400.WAV SPECIES: 97 DETECTIONS: 37 TIME: 5 
SID: 33 PROCESSING: 20220512_033200.WAV SPECIES: 97 DETECTIONS: 0 TIME: 5 
SID: 34 PROCESSING: 20220512_093100.WAV SPECIES: 97 DETECTIONS: 9 TIME: 5 
SID: 35 PROCESSING: 20220512_112900.WAV SPECIES: 97 DETECTIONS: 10 TIME: 5 
SID: 36 PROCESSING: 20220512_115300.WAV SPECIES: 97 DETECTIONS: 7 TIME: 5 
SID: 37 PROCESSING: 20220512_074600.WAV SPECIES: 97 DETECTIONS: 26 TIME: 5 
SID: 38 PROCESSING: 20220512_050400.WAV SPECIES: 97 DETECTIONS: 0 TIME: 5 
SID: 39 PROCESSING: 20220512_064800.WAV SPECIES: 97 DETECTIONS: 19 TIME: 5 
SID: 40 PROCESSING: 20220512_003500.WAV SPECIES: 97 DETECTIONS: 0 TIME: 5 
SID: 41 PROCESSING: 20220512_090900.WAV SPECIES: 97 DETECTIONS: 17 TIME: 5 
SID: 42 PROCESSING: 20220512_002500.WAV SPECIES: 97 DETECTIONS: 0 TIME: 5 
SID: 43 PROCESSING: 20220512_043000.WAV SPECIES: 97 DETECTIONS: 0 TIME: 5 
SID: 44 PROCESSING: 20220512_074400.WAV SPECIES: 97 DETECTIONS: 36 TIME: 5 
SID: 45 PROCESSING: 20220512_103300.WAV SPECIES: 97 DETECTIONS: 14 TIME: 5 
SID: 46 PROCESSING: 20220512_033500.WAV SPECIES: 97 DETECTIONS: 0 TIME: 5 
SID: 47 PROCESSING: 20220512_021900.WAV SPECIES: 97 DETECTIONS: 7 TIME: 5 
SID: 48 PROCESSING: 20220512_072400.WAV SPECIES: 97 DETECTIONS: 18 TIME: 5 
SID: 49 PROCESSING: 20220512_075000.WAV SPECIES: 97 DETECTIONS: 27 TIME: 5 
SID: 50 PROCESSING: 20220512_101300.WAV SPECIES: 97 DETECTIONS: 17 TIME: 5 
SID: 51 PROCESSING: 20220512_074800.WAV SPECIES: 97 DETECTIONS: 30 TIME: 5 
SID: 52 PROCESSING: 20220512_104600.WAV SPECIES: 97 DETECTIONS: 15 TIME: 5 
SID: 53 PROCESSING: 20220512_042800.WAV SPECIES: 97 DETECTIONS: 0 TIME: 5 
SID: 54 PROCESSING: 20220512_102500.WAV SPECIES: 97 DETECTIONS: 8 TIME: 5 
SID: 55 PROCESSING: 20220512_032700.WAV SPECIES: 97 DETECTIONS: 0 TIME: 5 
SID: 56 PROCESSING: 20220512_085700.WAV SPECIES: 97 DETECTIONS: 24 TIME: 5 
SID: 57 PROCESSING: 20220512_110800.WAV SPECIES: 97 DETECTIONS: 21 TIME: 5 
SID: 58 PROCESSING: 20220512_092700.WAV SPECIES: 97 DETECTIONS: 16 TIME: 11 
SID: 59 PROCESSING: 20220512_041200.WAV SPECIES: 97 DETECTIONS: 0 TIME: 11 
SID: 60 PROCESSING: 20220512_052700.WAV SPECIES: 97 DETECTIONS: 0 TIME: 11 
SID: 61 PROCESSING: 20220512_050600.WAV SPECIES: 97 DETECTIONS: 0 TIME: 11 
SID: 62 PROCESSING: 20220512_012800.WAV SPECIES: 97 DETECTIONS: 1 TIME: 5 
SID: 63 PROCESSING: 20220512_073900.WAV SPECIES: 97 DETECTIONS: 26 TIME: 5 
SID: 64 PROCESSING: 20220512_062900.WAV SPECIES: 97 DETECTIONS: 20 TIME: 5 
SID: 65 PROCESSING: 20220512_013900.WAV SPECIES: 97 DETECTIONS: 0 TIME: 5 
SID: 66 PROCESSING: 20220512_012100.WAV SPECIES: 97 DETECTIONS: 0 TIME: 5 
SID: 67 PROCESSING: 20220512_104700.WAV SPECIES: 97 DETECTIONS: 19 TIME: 5 
SID: 68 PROCESSING: 20220512_105600.WAV SPECIES: 97 DETECTIONS: 13 TIME: 5 
SID: 69 PROCESSING: 20220512_033700.WAV SPECIES: 97 DETECTIONS: 0 TIME: 5 
SID: 70 PROCESSING: 20220512_035600.WAV SPECIES: 97 DETECTIONS: 0 TIME: 5 
SID: 71 PROCESSING: 20220512_015000.WAV SPECIES: 97 DETECTIONS: 0 TIME: 5 
SID: 72 PROCESSING: 20220512_091800.WAV SPECIES: 97 DETECTIONS: 15 TIME: 5 
SID: 73 PROCESSING: 20220512_081900.WAV SPECIES: 97 DETECTIONS: 14 TIME: 5 
SID: 74 PROCESSING: 20220512_105300.WAV SPECIES: 97 DETECTIONS: 12 TIME: 5 
SID: 75 PROCESSING: 20220512_035500.WAV SPECIES: 97 DETECTIONS: 0 TIME: 5 
SID: 76 PROCESSING: 20220512_080700.WAV SPECIES: 97 DETECTIONS: 26 TIME: 5 
SID: 77 PROCESSING: 20220512_102700.WAV SPECIES: 97 DETECTIONS: 14 TIME: 5 
SID: 78 PROCESSING: 20220512_033400.WAV SPECIES: 97 DETECTIONS: 0 TIME: 5 
SID: 79 PROCESSING: 20220512_031600.WAV SPECIES: 97 DETECTIONS: 0 TIME: 5 
SID: 80 PROCESSING: 20220512_001900.WAV SPECIES: 97 DETECTIONS: 1 TIME: 5 
SID: 81 PROCESSING: 20220512_092500.WAV SPECIES: 97 DETECTIONS: 16 TIME: 5 
SID: 82 PROCESSING: 20220512_031900.WAV SPECIES: 97 DETECTIONS: 0 TIME: 5 
SID: 83 PROCESSING: 20220512_042100.WAV SPECIES: 97 DETECTIONS: 0 TIME: 5 
SID: 84 PROCESSING: 20220512_084100.WAV SPECIES: 97 DETECTIONS: 28 TIME: 5 
SID: 85 PROCESSING: 20220512_011900.WAV SPECIES: 97 DETECTIONS: 0 